09:58:16.865 [TestNG-test=Cucumber Tests-2] INFO  - Browser initialized: chrome
09:58:16.865 [TestNG-test=Cucumber Tests-4] INFO  - Browser initialized: chrome
09:58:17.731 [TestNG-test=Cucumber Tests-3] INFO  - Browser initialized: chrome
09:58:22.697 [TestNG-test=Cucumber Tests-1] INFO  - Browser initialized: chrome
09:58:51.084 [TestNG-test=Cucumber Tests-2] INFO  - Navigated to URL: https://www.pepperfry.com
09:58:51.098 [TestNG-test=Cucumber Tests-2] INFO  - Initializing WebDriver and setting up the page objects
09:58:51.134 [TestNG-test=Cucumber Tests-2] INFO  - Starting test: searchBookshelvesTest
09:58:51.797 [TestNG-test=Cucumber Tests-3] INFO  - Navigated to URL: https://www.pepperfry.com
09:58:51.799 [TestNG-test=Cucumber Tests-3] INFO  - Initializing WebDriver and setting up the page objects
09:58:51.812 [TestNG-test=Cucumber Tests-3] INFO  - Starting test: selectGiftCardTest
09:58:52.376 [TestNG-test=Cucumber Tests-3] INFO  - Selected gift card successfully
09:58:52.444 [TestNG-test=Cucumber Tests-4] INFO  - Navigated to URL: https://www.pepperfry.com
09:58:52.445 [TestNG-test=Cucumber Tests-4] INFO  - Initializing the WebDriver and setting up the page objects
09:58:52.454 [TestNG-test=Cucumber Tests-4] INFO  - Starting test: searchStudyChairs
09:58:53.507 [TestNG-test=Cucumber Tests-2] INFO  - Search for 'bookshelves' performed successfully
09:58:53.511 [TestNG-test=Cucumber Tests-2] INFO  - Starting test: applyFilterTest
09:58:54.456 [TestNG-test=Cucumber Tests-4] INFO  - Search for 'study chairs' performed successfully
09:58:54.459 [TestNG-test=Cucumber Tests-4] INFO  - Starting test: applyFiltersTest
09:58:55.090 [TestNG-test=Cucumber Tests-3] INFO  - Starting test: fillGiftDetailsTest
09:58:56.414 [TestNG-test=Cucumber Tests-1] INFO  - Navigated to URL: https://www.pepperfry.com
09:58:56.418 [TestNG-test=Cucumber Tests-1] INFO  - Initializing WebDriver and setting up page objects
09:58:56.418 [TestNG-test=Cucumber Tests-2] INFO  - Price Filter applied successfully
09:58:56.422 [TestNG-test=Cucumber Tests-2] INFO  - Starting test: sortByLowestPriceTest
09:58:56.461 [TestNG-test=Cucumber Tests-1] INFO  - Starting test: MenuTest
09:58:58.138 [TestNG-test=Cucumber Tests-1] INFO  - Starting test: extractMenuItemsToExcel
09:58:59.256 [TestNG-test=Cucumber Tests-2] INFO  - Sort by Filter applied successfully
09:58:59.259 [TestNG-test=Cucumber Tests-2] INFO  - Starting test: extractBookshelfDetailsToExcelTest
09:58:59.356 [TestNG-test=Cucumber Tests-2] INFO  - Retrieved product names and prices successfully
09:58:59.356 [TestNG-test=Cucumber Tests-2] INFO  - Header added to excelData
09:58:59.742 [TestNG-test=Cucumber Tests-3] INFO  - All data filled successfully
09:58:59.744 [TestNG-test=Cucumber Tests-3] INFO  - Starting test: extractErrorMessagesToExcelTest
09:58:59.745 [TestNG-test=Cucumber Tests-3] INFO  - Retrieved error messages successfully
09:58:59.745 [TestNG-test=Cucumber Tests-3] INFO  - Header added to excelData succesfully
09:58:59.870 [TestNG-test=Cucumber Tests-1] INFO  - Retrieved sub menu data successfully
09:58:59.879 [TestNG-test=Cucumber Tests-2] INFO  - Data written to Excel file: Output_Excel/BookshelvesData.xlsx
09:58:59.880 [TestNG-test=Cucumber Tests-2] INFO  - Excel file verified successfully
09:58:59.885 [TestNG-test=Cucumber Tests-2] INFO  - Closing the WebDriver
09:58:59.896 [TestNG-test=Cucumber Tests-3] INFO  - Data written to Excel file: Output_Excel/GiftCardErrors.xlsx
09:58:59.896 [TestNG-test=Cucumber Tests-3] INFO  - Excel file verified successfully
09:59:00.523 [TestNG-test=Cucumber Tests-3] INFO  - Quiting the WebDriver
09:59:00.861 [TestNG-test=Cucumber Tests-1] INFO  - Data written to Excel file: Output_Excel/MenuData.xlsx
09:59:00.861 [TestNG-test=Cucumber Tests-1] INFO  - Excel file Verified Successfully
09:59:00.870 [TestNG-test=Cucumber Tests-1] INFO  - Quiting the WebDriver
09:59:04.920 [TestNG-test=Cucumber Tests-3] INFO  - Browser closed successfully
09:59:05.194 [TestNG-test=Cucumber Tests-1] INFO  - Browser closed successfully
09:59:06.251 [TestNG-test=Cucumber Tests-2] INFO  - Browser closed successfully
09:59:29.051 [TestNG-test=Cucumber Tests-4] INFO  - Price Filters applied successfully
09:59:29.056 [TestNG-test=Cucumber Tests-4] INFO  - Starting test: sortByCustomerRating
09:59:31.145 [TestNG-test=Cucumber Tests-4] INFO  - Sort By Filters applied successfully
09:59:31.148 [TestNG-test=Cucumber Tests-4] INFO  - Starting test: extractStudyChairsDetails
09:59:31.186 [TestNG-test=Cucumber Tests-4] INFO  - Product names and prices Retrieved successfully
09:59:31.186 [TestNG-test=Cucumber Tests-4] INFO  - Added Header to excelData
09:59:31.216 [TestNG-test=Cucumber Tests-4] INFO  - Written Data to Excel file: Output_Excel/StudyChairsData.xlsx
09:59:31.216 [TestNG-test=Cucumber Tests-4] INFO  - Successfully verified Excel file
09:59:31.218 [TestNG-test=Cucumber Tests-4] INFO  - Closing WebDriver
09:59:34.234 [TestNG-test=Cucumber Tests-4] INFO  - Browser closed successfully
