09:58:16.865 [TestNG-test=Cucumber Tests-2] INFO  - Browser initialized: chrome
09:58:16.865 [TestNG-test=Cucumber Tests-4] INFO  - Browser initialized: chrome
09:58:17.731 [TestNG-test=Cucumber Tests-3] INFO  - Browser initialized: chrome
09:58:22.697 [TestNG-test=Cucumber Tests-1] INFO  - Browser initialized: chrome
09:58:51.084 [TestNG-test=Cucumber Tests-2] INFO  - Navigated to URL: https://www.pepperfry.com
09:58:51.098 [TestNG-test=Cucumber Tests-2] INFO  - Initializing WebDriver and setting up the page objects
09:58:51.134 [TestNG-test=Cucumber Tests-2] INFO  - Starting test: searchBookshelvesTest
09:58:51.797 [TestNG-test=Cucumber Tests-3] INFO  - Navigated to URL: https://www.pepperfry.com
09:58:51.799 [TestNG-test=Cucumber Tests-3] INFO  - Initializing WebDriver and setting up the page objects
09:58:51.812 [TestNG-test=Cucumber Tests-3] INFO  - Starting test: selectGiftCardTest
09:58:52.376 [TestNG-test=Cucumber Tests-3] INFO  - Selected gift card successfully
09:58:52.444 [TestNG-test=Cucumber Tests-4] INFO  - Navigated to URL: https://www.pepperfry.com
09:58:52.445 [TestNG-test=Cucumber Tests-4] INFO  - Initializing the WebDriver and setting up the page objects
09:58:52.454 [TestNG-test=Cucumber Tests-4] INFO  - Starting test: searchStudyChairs
09:58:53.507 [TestNG-test=Cucumber Tests-2] INFO  - Search for 'bookshelves' performed successfully
09:58:53.511 [TestNG-test=Cucumber Tests-2] INFO  - Starting test: applyFilterTest
09:58:54.456 [TestNG-test=Cucumber Tests-4] INFO  - Search for 'study chairs' performed successfully
09:58:54.459 [TestNG-test=Cucumber Tests-4] INFO  - Starting test: applyFiltersTest
09:58:55.090 [TestNG-test=Cucumber Tests-3] INFO  - Starting test: fillGiftDetailsTest
09:58:56.414 [TestNG-test=Cucumber Tests-1] INFO  - Navigated to URL: https://www.pepperfry.com
09:58:56.418 [TestNG-test=Cucumber Tests-1] INFO  - Initializing WebDriver and setting up page objects
09:58:56.418 [TestNG-test=Cucumber Tests-2] INFO  - Price Filter applied successfully
09:58:56.422 [TestNG-test=Cucumber Tests-2] INFO  - Starting test: sortByLowestPriceTest
09:58:56.461 [TestNG-test=Cucumber Tests-1] INFO  - Starting test: MenuTest
09:58:58.138 [TestNG-test=Cucumber Tests-1] INFO  - Starting test: extractMenuItemsToExcel
09:58:59.256 [TestNG-test=Cucumber Tests-2] INFO  - Sort by Filter applied successfully
09:58:59.259 [TestNG-test=Cucumber Tests-2] INFO  - Starting test: extractBookshelfDetailsToExcelTest
09:58:59.356 [TestNG-test=Cucumber Tests-2] INFO  - Retrieved product names and prices successfully
09:58:59.356 [TestNG-test=Cucumber Tests-2] INFO  - Header added to excelData
09:58:59.742 [TestNG-test=Cucumber Tests-3] INFO  - All data filled successfully
09:58:59.744 [TestNG-test=Cucumber Tests-3] INFO  - Starting test: extractErrorMessagesToExcelTest
09:58:59.745 [TestNG-test=Cucumber Tests-3] INFO  - Retrieved error messages successfully
09:58:59.745 [TestNG-test=Cucumber Tests-3] INFO  - Header added to excelData succesfully
09:58:59.870 [TestNG-test=Cucumber Tests-1] INFO  - Retrieved sub menu data successfully
09:58:59.879 [TestNG-test=Cucumber Tests-2] INFO  - Data written to Excel file: Output_Excel/BookshelvesData.xlsx
09:58:59.880 [TestNG-test=Cucumber Tests-2] INFO  - Excel file verified successfully
09:58:59.885 [TestNG-test=Cucumber Tests-2] INFO  - Closing the WebDriver
09:58:59.896 [TestNG-test=Cucumber Tests-3] INFO  - Data written to Excel file: Output_Excel/GiftCardErrors.xlsx
09:58:59.896 [TestNG-test=Cucumber Tests-3] INFO  - Excel file verified successfully
09:59:00.523 [TestNG-test=Cucumber Tests-3] INFO  - Quiting the WebDriver
09:59:00.861 [TestNG-test=Cucumber Tests-1] INFO  - Data written to Excel file: Output_Excel/MenuData.xlsx
09:59:00.861 [TestNG-test=Cucumber Tests-1] INFO  - Excel file Verified Successfully
09:59:00.870 [TestNG-test=Cucumber Tests-1] INFO  - Quiting the WebDriver
09:59:04.920 [TestNG-test=Cucumber Tests-3] INFO  - Browser closed successfully
09:59:05.194 [TestNG-test=Cucumber Tests-1] INFO  - Browser closed successfully
09:59:06.251 [TestNG-test=Cucumber Tests-2] INFO  - Browser closed successfully
09:59:29.051 [TestNG-test=Cucumber Tests-4] INFO  - Price Filters applied successfully
09:59:29.056 [TestNG-test=Cucumber Tests-4] INFO  - Starting test: sortByCustomerRating
09:59:31.145 [TestNG-test=Cucumber Tests-4] INFO  - Sort By Filters applied successfully
09:59:31.148 [TestNG-test=Cucumber Tests-4] INFO  - Starting test: extractStudyChairsDetails
09:59:31.186 [TestNG-test=Cucumber Tests-4] INFO  - Product names and prices Retrieved successfully
09:59:31.186 [TestNG-test=Cucumber Tests-4] INFO  - Added Header to excelData
09:59:31.216 [TestNG-test=Cucumber Tests-4] INFO  - Written Data to Excel file: Output_Excel/StudyChairsData.xlsx
09:59:31.216 [TestNG-test=Cucumber Tests-4] INFO  - Successfully verified Excel file
09:59:31.218 [TestNG-test=Cucumber Tests-4] INFO  - Closing WebDriver
09:59:34.234 [TestNG-test=Cucumber Tests-4] INFO  - Browser closed successfully
16:34:51.118 [TestNG-test-Cucumber Tests-1] INFO  - Browser initialized: chrome
16:34:57.630 [TestNG-test-Cucumber Tests-1] INFO  - Navigated to URL: https://www.pepperfry.com
16:34:57.657 [TestNG-test-Cucumber Tests-1] INFO  - Initializing WebDriver and setting up the page objects
16:34:57.728 [TestNG-test-Cucumber Tests-1] INFO  - Starting test: searchBookshelvesTest
16:34:59.572 [TestNG-test-Cucumber Tests-1] INFO  - Search for 'bookshelves' performed successfully
16:34:59.577 [TestNG-test-Cucumber Tests-1] INFO  - Starting test: applyFilterTest
16:35:02.340 [TestNG-test-Cucumber Tests-1] INFO  - Price Filter applied successfully
16:35:02.345 [TestNG-test-Cucumber Tests-1] INFO  - Starting test: sortByLowestPriceTest
16:35:03.801 [TestNG-test-Cucumber Tests-1] INFO  - Sort by Filter applied successfully
16:35:03.803 [TestNG-test-Cucumber Tests-1] INFO  - Starting test: extractBookshelfDetailsToExcelTest
16:35:03.893 [TestNG-test-Cucumber Tests-1] INFO  - Retrieved product names and prices successfully
16:35:03.893 [TestNG-test-Cucumber Tests-1] INFO  - Header added to excelData
16:35:05.253 [TestNG-test-Cucumber Tests-1] INFO  - Data written to Excel file: Output_Excel/BookshelvesData.xlsx
16:35:05.254 [TestNG-test-Cucumber Tests-1] INFO  - Excel file verified successfully
16:35:05.256 [TestNG-test-Cucumber Tests-1] INFO  - Closing the WebDriver
16:35:05.640 [TestNG-test-Cucumber Tests-1] INFO  - Browser closed successfully
16:35:06.652 [TestNG-test-Cucumber Tests-1] INFO  - Browser initialized: chrome
16:35:17.308 [TestNG-test-Cucumber Tests-1] INFO  - Navigated to URL: https://www.pepperfry.com
16:35:17.313 [TestNG-test-Cucumber Tests-1] INFO  - Initializing WebDriver and setting up the page objects
16:35:17.322 [TestNG-test-Cucumber Tests-1] INFO  - Starting test: selectGiftCardTest
16:35:17.755 [TestNG-test-Cucumber Tests-1] INFO  - Selected gift card successfully
16:35:19.462 [TestNG-test-Cucumber Tests-1] INFO  - Starting test: fillGiftDetailsTest
16:35:21.411 [TestNG-test-Cucumber Tests-1] INFO  - All data filled successfully
16:35:21.415 [TestNG-test-Cucumber Tests-1] INFO  - Starting test: extractErrorMessagesToExcelTest
16:35:21.416 [TestNG-test-Cucumber Tests-1] INFO  - Retrieved error messages successfully
16:35:21.416 [TestNG-test-Cucumber Tests-1] INFO  - Header added to excelData succesfully
16:35:21.518 [TestNG-test-Cucumber Tests-1] INFO  - Data written to Excel file: Output_Excel/GiftCardErrors.xlsx
16:35:21.518 [TestNG-test-Cucumber Tests-1] INFO  - Excel file verified successfully
16:35:21.781 [TestNG-test-Cucumber Tests-1] INFO  - Quiting the WebDriver
16:35:22.161 [TestNG-test-Cucumber Tests-1] INFO  - Browser closed successfully
16:35:23.035 [TestNG-test-Cucumber Tests-1] INFO  - Browser initialized: chrome
16:35:45.353 [TestNG-test-Cucumber Tests-1] INFO  - Navigated to URL: https://www.pepperfry.com
16:35:45.355 [TestNG-test-Cucumber Tests-1] INFO  - Initializing WebDriver and setting up page objects
16:35:45.369 [TestNG-test-Cucumber Tests-1] INFO  - Starting test: MenuTest
16:35:46.669 [TestNG-test-Cucumber Tests-1] INFO  - Starting test: extractMenuItemsToExcel
16:35:57.565 [TestNG-test-Cucumber Tests-1] INFO  - Browser closed successfully
16:35:58.578 [TestNG-test-Cucumber Tests-1] INFO  - Browser initialized: chrome
16:36:21.162 [TestNG-test-Cucumber Tests-1] INFO  - Navigated to URL: https://www.pepperfry.com
16:36:21.165 [TestNG-test-Cucumber Tests-1] INFO  - Initializing the WebDriver and setting up the page objects
16:36:21.172 [TestNG-test-Cucumber Tests-1] INFO  - Starting test: searchStudyChairs
16:36:23.039 [TestNG-test-Cucumber Tests-1] INFO  - Search for 'study chairs' performed successfully
16:36:23.041 [TestNG-test-Cucumber Tests-1] INFO  - Starting test: applyFiltersTest
16:36:30.044 [TestNG-test-Cucumber Tests-1] INFO  - Price Filters applied successfully
16:36:30.048 [TestNG-test-Cucumber Tests-1] INFO  - Starting test: sortByCustomerRating
16:36:31.690 [TestNG-test-Cucumber Tests-1] INFO  - Sort By Filters applied successfully
16:36:31.691 [TestNG-test-Cucumber Tests-1] INFO  - Starting test: extractStudyChairsDetails
16:36:31.719 [TestNG-test-Cucumber Tests-1] INFO  - Product names and prices Retrieved successfully
16:36:31.720 [TestNG-test-Cucumber Tests-1] INFO  - Added Header to excelData
16:36:31.737 [TestNG-test-Cucumber Tests-1] INFO  - Written Data to Excel file: Output_Excel/StudyChairsData.xlsx
16:36:31.737 [TestNG-test-Cucumber Tests-1] INFO  - Successfully verified Excel file
16:36:31.738 [TestNG-test-Cucumber Tests-1] INFO  - Closing WebDriver
16:36:32.187 [TestNG-test-Cucumber Tests-1] INFO  - Browser closed successfully
16:37:34.791 [TestNG-test-Cucumber Tests-1] INFO  - Browser initialized: chrome
16:37:41.787 [TestNG-test-Cucumber Tests-1] INFO  - Navigated to URL: https://www.pepperfry.com
16:37:41.808 [TestNG-test-Cucumber Tests-1] INFO  - Initializing WebDriver and setting up the page objects
16:37:41.869 [TestNG-test-Cucumber Tests-1] INFO  - Starting test: searchBookshelvesTest
16:37:43.515 [TestNG-test-Cucumber Tests-1] INFO  - Search for 'bookshelves' performed successfully
16:37:43.518 [TestNG-test-Cucumber Tests-1] INFO  - Starting test: applyFilterTest
16:37:46.277 [TestNG-test-Cucumber Tests-1] INFO  - Price Filter applied successfully
16:37:46.286 [TestNG-test-Cucumber Tests-1] INFO  - Starting test: sortByLowestPriceTest
16:37:47.819 [TestNG-test-Cucumber Tests-1] INFO  - Sort by Filter applied successfully
16:37:47.820 [TestNG-test-Cucumber Tests-1] INFO  - Starting test: extractBookshelfDetailsToExcelTest
16:37:49.392 [TestNG-test-Cucumber Tests-1] INFO  - Retrieved product names and prices successfully
16:37:49.392 [TestNG-test-Cucumber Tests-1] INFO  - Header added to excelData
16:37:49.392 [TestNG-test-Cucumber Tests-1] INFO  - Added product: Trendlong Round Floating Book Shelf with price: ?999
16:37:49.393 [TestNG-test-Cucumber Tests-1] INFO  - Added product: Captiver Wall Mount Book Shelf In Dark Acazia Finish with price: ?1,389
16:37:49.393 [TestNG-test-Cucumber Tests-1] INFO  - Added product: Victor Book Shelf In Wenge Colour with price: ?1,389
16:37:50.619 [TestNG-test-Cucumber Tests-1] INFO  - Data written to Excel file: Output_Excel/BookshelvesData.xlsx
16:37:50.620 [TestNG-test-Cucumber Tests-1] INFO  - Excel file verified successfully
16:37:50.623 [TestNG-test-Cucumber Tests-1] INFO  - Closing the WebDriver
16:37:51.054 [TestNG-test-Cucumber Tests-1] INFO  - Browser closed successfully
16:37:52.179 [TestNG-test-Cucumber Tests-1] INFO  - Browser initialized: chrome
16:37:59.067 [TestNG-test-Cucumber Tests-1] INFO  - Navigated to URL: https://www.pepperfry.com
16:37:59.070 [TestNG-test-Cucumber Tests-1] INFO  - Initializing WebDriver and setting up the page objects
16:37:59.081 [TestNG-test-Cucumber Tests-1] INFO  - Starting test: selectGiftCardTest
16:37:59.507 [TestNG-test-Cucumber Tests-1] INFO  - Selected gift card successfully
16:38:01.312 [TestNG-test-Cucumber Tests-1] INFO  - Starting test: fillGiftDetailsTest
16:38:03.244 [TestNG-test-Cucumber Tests-1] INFO  - All data filled successfully
16:38:03.245 [TestNG-test-Cucumber Tests-1] INFO  - Starting test: extractErrorMessagesToExcelTest
16:38:03.245 [TestNG-test-Cucumber Tests-1] INFO  - Retrieved error messages successfully
16:38:03.245 [TestNG-test-Cucumber Tests-1] INFO  - Header added to excelData succesfully
16:38:03.398 [TestNG-test-Cucumber Tests-1] INFO  - Data written to Excel file: Output_Excel/GiftCardErrors.xlsx
16:38:03.398 [TestNG-test-Cucumber Tests-1] INFO  - Excel file verified successfully
16:38:03.678 [TestNG-test-Cucumber Tests-1] INFO  - Quiting the WebDriver
16:38:04.026 [TestNG-test-Cucumber Tests-1] INFO  - Browser closed successfully
16:38:05.035 [TestNG-test-Cucumber Tests-1] INFO  - Browser initialized: chrome
16:38:13.437 [TestNG-test-Cucumber Tests-1] INFO  - Navigated to URL: https://www.pepperfry.com
16:38:13.439 [TestNG-test-Cucumber Tests-1] INFO  - Initializing WebDriver and setting up page objects
16:38:13.453 [TestNG-test-Cucumber Tests-1] INFO  - Starting test: MenuTest
16:38:14.770 [TestNG-test-Cucumber Tests-1] INFO  - Starting test: extractMenuItemsToExcel
16:38:25.456 [TestNG-test-Cucumber Tests-1] INFO  - Browser closed successfully
16:38:26.459 [TestNG-test-Cucumber Tests-1] INFO  - Browser initialized: chrome
16:38:36.134 [TestNG-test-Cucumber Tests-1] INFO  - Navigated to URL: https://www.pepperfry.com
16:38:36.136 [TestNG-test-Cucumber Tests-1] INFO  - Initializing the WebDriver and setting up the page objects
16:38:36.142 [TestNG-test-Cucumber Tests-1] INFO  - Starting test: searchStudyChairs
16:38:38.058 [TestNG-test-Cucumber Tests-1] INFO  - Search for 'study chairs' performed successfully
16:38:38.061 [TestNG-test-Cucumber Tests-1] INFO  - Starting test: applyFiltersTest
16:38:43.728 [TestNG-test-Cucumber Tests-1] INFO  - Price Filters applied successfully
16:38:43.730 [TestNG-test-Cucumber Tests-1] INFO  - Starting test: sortByCustomerRating
16:38:45.673 [TestNG-test-Cucumber Tests-1] INFO  - Sort By Filters applied successfully
16:38:45.678 [TestNG-test-Cucumber Tests-1] INFO  - Starting test: extractStudyChairsDetails
16:38:45.992 [TestNG-test-Cucumber Tests-1] INFO  - Product names and prices Retrieved successfully
16:38:45.993 [TestNG-test-Cucumber Tests-1] INFO  - Added Header to excelData
16:38:45.993 [TestNG-test-Cucumber Tests-1] INFO  - Product: Insight Mid Back Ergonomic Chair with price: ?5,299
16:38:45.993 [TestNG-test-Cucumber Tests-1] INFO  - Product: Tauras Lite Breathable MeshMid Back Ergonomic Chair in Red Colour with price: ?5,499
16:38:45.993 [TestNG-test-Cucumber Tests-1] INFO  - Product: Amaze Breathable Mesh Guest Chair in Black Colour with price: ?3,900
16:38:46.040 [TestNG-test-Cucumber Tests-1] INFO  - Written Data to Excel file: Output_Excel/StudyChairsData.xlsx
16:38:46.041 [TestNG-test-Cucumber Tests-1] INFO  - Successfully verified Excel file
16:38:46.042 [TestNG-test-Cucumber Tests-1] INFO  - Closing WebDriver
16:38:46.470 [TestNG-test-Cucumber Tests-1] INFO  - Browser closed successfully
16:40:36.995 [TestNG-test=Cucumber Tests-1] INFO  - Browser initialized: chrome
16:40:38.295 [TestNG-test=Cucumber Tests-4] INFO  - Browser initialized: chrome
16:40:38.586 [TestNG-test=Cucumber Tests-3] INFO  - Browser initialized: chrome
16:40:39.068 [TestNG-test=Cucumber Tests-2] INFO  - Browser initialized: chrome
16:40:39.314 [TestNG-test=Cucumber Tests-3] INFO  - Navigated to URL: https://www.pepperfry.com
16:40:39.343 [TestNG-test=Cucumber Tests-3] INFO  - Initializing WebDriver and setting up the page objects
16:40:39.552 [TestNG-test=Cucumber Tests-3] INFO  - Starting test: selectGiftCardTest
16:41:12.745 [TestNG-test=Cucumber Tests-3] INFO  - Selected gift card successfully
16:41:13.360 [TestNG-test=Cucumber Tests-1] INFO  - Navigated to URL: https://www.pepperfry.com
16:41:13.363 [TestNG-test=Cucumber Tests-1] INFO  - Initializing WebDriver and setting up page objects
16:41:13.422 [TestNG-test=Cucumber Tests-1] INFO  - Starting test: MenuTest
16:41:14.081 [TestNG-test=Cucumber Tests-3] INFO  - Starting test: fillGiftDetailsTest
16:41:14.693 [TestNG-test=Cucumber Tests-1] INFO  - Starting test: extractMenuItemsToExcel
16:41:15.766 [TestNG-test=Cucumber Tests-1] INFO  - Retrieved sub menu data successfully
16:41:16.235 [TestNG-test=Cucumber Tests-2] INFO  - Navigated to URL: https://www.pepperfry.com
16:41:16.237 [TestNG-test=Cucumber Tests-2] INFO  - Initializing WebDriver and setting up the page objects
16:41:16.283 [TestNG-test=Cucumber Tests-2] INFO  - Starting test: searchBookshelvesTest
16:41:16.576 [TestNG-test=Cucumber Tests-4] INFO  - Navigated to URL: https://www.pepperfry.com
16:41:16.578 [TestNG-test=Cucumber Tests-4] INFO  - Initializing the WebDriver and setting up the page objects
16:41:16.611 [TestNG-test=Cucumber Tests-4] INFO  - Starting test: searchStudyChairs
16:41:16.770 [TestNG-test=Cucumber Tests-1] INFO  - Data written to Excel file: Output_Excel/MenuData.xlsx
16:41:16.771 [TestNG-test=Cucumber Tests-1] INFO  - Excel file Verified Successfully
16:41:16.780 [TestNG-test=Cucumber Tests-1] INFO  - Quiting the WebDriver
16:41:16.817 [TestNG-test=Cucumber Tests-3] INFO  - All data filled successfully
16:41:16.819 [TestNG-test=Cucumber Tests-3] INFO  - Starting test: extractErrorMessagesToExcelTest
16:41:16.819 [TestNG-test=Cucumber Tests-3] INFO  - Retrieved error messages successfully
16:41:16.819 [TestNG-test=Cucumber Tests-3] INFO  - Header added to excelData succesfully
16:41:16.997 [TestNG-test=Cucumber Tests-3] INFO  - Data written to Excel file: Output_Excel/GiftCardErrors.xlsx
16:41:16.998 [TestNG-test=Cucumber Tests-3] INFO  - Excel file verified successfully
16:41:17.382 [TestNG-test=Cucumber Tests-3] INFO  - Quiting the WebDriver
16:41:18.649 [TestNG-test=Cucumber Tests-2] INFO  - Search for 'bookshelves' performed successfully
16:41:18.651 [TestNG-test=Cucumber Tests-2] INFO  - Starting test: applyFilterTest
16:41:18.832 [TestNG-test=Cucumber Tests-4] INFO  - Search for 'study chairs' performed successfully
16:41:18.834 [TestNG-test=Cucumber Tests-4] INFO  - Starting test: applyFiltersTest
16:41:20.025 [TestNG-test=Cucumber Tests-1] INFO  - Browser closed successfully
16:41:20.578 [TestNG-test=Cucumber Tests-3] INFO  - Browser closed successfully
16:41:44.587 [TestNG-test=Cucumber Tests-2] INFO  - Browser closed successfully
16:41:52.991 [TestNG-test=Cucumber Tests-4] INFO  - Price Filters applied successfully
16:41:52.992 [TestNG-test=Cucumber Tests-4] INFO  - Starting test: sortByCustomerRating
16:41:54.369 [TestNG-test=Cucumber Tests-4] INFO  - Sort By Filters applied successfully
16:41:54.370 [TestNG-test=Cucumber Tests-4] INFO  - Starting test: extractStudyChairsDetails
16:41:54.390 [TestNG-test=Cucumber Tests-4] INFO  - Product names and prices Retrieved successfully
16:41:54.390 [TestNG-test=Cucumber Tests-4] INFO  - Added Header to excelData
16:41:54.402 [TestNG-test=Cucumber Tests-4] INFO  - Written Data to Excel file: Output_Excel/StudyChairsData.xlsx
16:41:54.403 [TestNG-test=Cucumber Tests-4] INFO  - Successfully verified Excel file
16:41:54.403 [TestNG-test=Cucumber Tests-4] INFO  - Closing WebDriver
16:41:58.416 [TestNG-test=Cucumber Tests-4] INFO  - Browser closed successfully
16:42:11.887 [TestNG-test=Cucumber Tests-2] INFO  - Browser initialized: chrome
16:42:13.165 [TestNG-test=Cucumber Tests-1] INFO  - Browser initialized: chrome
16:42:14.683 [TestNG-test=Cucumber Tests-3] INFO  - Browser initialized: chrome
16:42:15.641 [TestNG-test=Cucumber Tests-4] INFO  - Browser initialized: chrome
16:42:48.206 [TestNG-test=Cucumber Tests-3] INFO  - Navigated to URL: https://www.pepperfry.com
16:42:48.215 [TestNG-test=Cucumber Tests-3] INFO  - Initializing WebDriver and setting up the page objects
16:42:48.233 [TestNG-test=Cucumber Tests-3] INFO  - Starting test: selectGiftCardTest
16:42:48.791 [TestNG-test=Cucumber Tests-3] INFO  - Selected gift card successfully
16:42:49.157 [TestNG-test=Cucumber Tests-1] INFO  - Navigated to URL: https://www.pepperfry.com
16:42:49.159 [TestNG-test=Cucumber Tests-1] INFO  - Initializing WebDriver and setting up page objects
16:42:49.180 [TestNG-test=Cucumber Tests-1] INFO  - Starting test: MenuTest
16:42:49.212 [TestNG-test=Cucumber Tests-2] INFO  - Navigated to URL: https://www.pepperfry.com
16:42:49.214 [TestNG-test=Cucumber Tests-2] INFO  - Initializing WebDriver and setting up the page objects
16:42:49.234 [TestNG-test=Cucumber Tests-2] INFO  - Starting test: searchBookshelvesTest
16:42:50.663 [TestNG-test=Cucumber Tests-1] INFO  - Starting test: extractMenuItemsToExcel
16:42:51.027 [TestNG-test=Cucumber Tests-3] INFO  - Starting test: fillGiftDetailsTest
16:42:52.066 [TestNG-test=Cucumber Tests-2] INFO  - Search for 'bookshelves' performed successfully
16:42:52.071 [TestNG-test=Cucumber Tests-2] INFO  - Starting test: applyFilterTest
16:42:52.136 [TestNG-test=Cucumber Tests-1] INFO  - Retrieved sub menu data successfully
16:42:52.543 [TestNG-test=Cucumber Tests-4] INFO  - Navigated to URL: https://www.pepperfry.com
16:42:52.545 [TestNG-test=Cucumber Tests-4] INFO  - Initializing the WebDriver and setting up the page objects
16:42:52.553 [TestNG-test=Cucumber Tests-4] INFO  - Starting test: searchStudyChairs
16:42:53.083 [TestNG-test=Cucumber Tests-1] INFO  - Data written to Excel file: Output_Excel/MenuData.xlsx
16:42:53.084 [TestNG-test=Cucumber Tests-1] INFO  - Excel file Verified Successfully
16:42:53.091 [TestNG-test=Cucumber Tests-1] INFO  - Quiting the WebDriver
16:42:54.268 [TestNG-test=Cucumber Tests-2] INFO  - Price Filter applied successfully
16:42:54.271 [TestNG-test=Cucumber Tests-2] INFO  - Starting test: sortByLowestPriceTest
16:42:54.551 [TestNG-test=Cucumber Tests-3] INFO  - All data filled successfully
16:42:54.554 [TestNG-test=Cucumber Tests-3] INFO  - Starting test: extractErrorMessagesToExcelTest
16:42:54.554 [TestNG-test=Cucumber Tests-3] INFO  - Retrieved error messages successfully
16:42:54.554 [TestNG-test=Cucumber Tests-3] INFO  - Header added to excelData succesfully
16:42:54.690 [TestNG-test=Cucumber Tests-3] INFO  - Data written to Excel file: Output_Excel/GiftCardErrors.xlsx
16:42:54.690 [TestNG-test=Cucumber Tests-3] INFO  - Excel file verified successfully
16:42:54.762 [TestNG-test=Cucumber Tests-4] INFO  - Search for 'study chairs' performed successfully
16:42:54.769 [TestNG-test=Cucumber Tests-4] INFO  - Starting test: applyFiltersTest
16:42:55.053 [TestNG-test=Cucumber Tests-3] INFO  - Quiting the WebDriver
16:42:56.190 [TestNG-test=Cucumber Tests-2] INFO  - Sort by Filter applied successfully
16:42:56.192 [TestNG-test=Cucumber Tests-2] INFO  - Starting test: extractBookshelfDetailsToExcelTest
16:42:56.238 [TestNG-test=Cucumber Tests-2] INFO  - Retrieved product names and prices successfully
16:42:56.239 [TestNG-test=Cucumber Tests-2] INFO  - Header added to excelData
16:42:56.266 [TestNG-test=Cucumber Tests-2] INFO  - Data written to Excel file: Output_Excel/BookshelvesData.xlsx
16:42:56.266 [TestNG-test=Cucumber Tests-2] INFO  - Excel file verified successfully
16:42:56.269 [TestNG-test=Cucumber Tests-2] INFO  - Closing the WebDriver
16:42:56.643 [TestNG-test=Cucumber Tests-1] INFO  - Browser closed successfully
16:42:58.742 [TestNG-test=Cucumber Tests-2] INFO  - Browser closed successfully
16:42:59.355 [TestNG-test=Cucumber Tests-3] INFO  - Browser closed successfully
16:43:28.307 [TestNG-test=Cucumber Tests-4] INFO  - Price Filters applied successfully
16:43:28.309 [TestNG-test=Cucumber Tests-4] INFO  - Starting test: sortByCustomerRating
16:43:29.677 [TestNG-test=Cucumber Tests-4] INFO  - Sort By Filters applied successfully
16:43:29.678 [TestNG-test=Cucumber Tests-4] INFO  - Starting test: extractStudyChairsDetails
16:43:29.698 [TestNG-test=Cucumber Tests-4] INFO  - Product names and prices Retrieved successfully
16:43:29.698 [TestNG-test=Cucumber Tests-4] INFO  - Added Header to excelData
16:43:29.713 [TestNG-test=Cucumber Tests-4] INFO  - Written Data to Excel file: Output_Excel/StudyChairsData.xlsx
16:43:29.713 [TestNG-test=Cucumber Tests-4] INFO  - Successfully verified Excel file
16:43:29.714 [TestNG-test=Cucumber Tests-4] INFO  - Closing WebDriver
16:43:32.807 [TestNG-test=Cucumber Tests-4] INFO  - Browser closed successfully
08:57:24.304 [TestNG-test-Cucumber Tests-3] INFO  - Browser initialized: chrome
08:57:25.218 [TestNG-test-Cucumber Tests-1] INFO  - Browser initialized: chrome
08:57:26.285 [TestNG-test-Cucumber Tests-2] INFO  - Browser initialized: chrome
08:57:30.144 [TestNG-test-Cucumber Tests-4] INFO  - Browser initialized: chrome
08:58:01.421 [TestNG-test-Cucumber Tests-1] INFO  - Navigated to URL: https://www.pepperfry.com
08:58:01.442 [TestNG-test-Cucumber Tests-1] INFO  - Initializing WebDriver and setting up page objects
08:58:01.527 [TestNG-test-Cucumber Tests-1] INFO  - Starting test: MenuTest
08:58:02.572 [TestNG-test-Cucumber Tests-3] INFO  - Navigated to URL: https://www.pepperfry.com
08:58:02.576 [TestNG-test-Cucumber Tests-3] INFO  - Initializing WebDriver and setting up the page objects
08:58:02.589 [TestNG-test-Cucumber Tests-3] INFO  - Starting test: selectGiftCardTest
08:58:02.898 [TestNG-test-Cucumber Tests-2] INFO  - Navigated to URL: https://www.pepperfry.com
08:58:02.901 [TestNG-test-Cucumber Tests-2] INFO  - Initializing WebDriver and setting up the page objects
08:58:02.933 [TestNG-test-Cucumber Tests-2] INFO  - Starting test: searchBookshelvesTest
08:58:03.149 [TestNG-test-Cucumber Tests-1] INFO  - Starting test: extractMenuItemsToExcel
08:58:03.600 [TestNG-test-Cucumber Tests-3] INFO  - Selected gift card successfully
08:58:04.611 [TestNG-test-Cucumber Tests-1] INFO  - Retrieved sub menu data successfully
08:58:05.620 [TestNG-test-Cucumber Tests-3] INFO  - Starting test: fillGiftDetailsTest
08:58:05.638 [TestNG-test-Cucumber Tests-2] INFO  - Search for 'bookshelves' performed successfully
08:58:05.644 [TestNG-test-Cucumber Tests-2] INFO  - Starting test: applyFilterTest
08:58:06.167 [TestNG-test-Cucumber Tests-4] INFO  - Navigated to URL: https://www.pepperfry.com
08:58:06.169 [TestNG-test-Cucumber Tests-4] INFO  - Initializing the WebDriver and setting up the page objects
08:58:06.183 [TestNG-test-Cucumber Tests-4] INFO  - Starting test: searchStudyChairs
08:58:06.731 [TestNG-test-Cucumber Tests-1] INFO  - Data written to Excel file: Output_Excel/MenuData.xlsx
08:58:06.734 [TestNG-test-Cucumber Tests-1] INFO  - Excel file Verified Successfully
08:58:06.740 [TestNG-test-Cucumber Tests-1] INFO  - Quiting the WebDriver
08:58:08.710 [TestNG-test-Cucumber Tests-3] INFO  - All data filled successfully
08:58:08.712 [TestNG-test-Cucumber Tests-3] INFO  - Starting test: extractErrorMessagesToExcelTest
08:58:08.712 [TestNG-test-Cucumber Tests-3] INFO  - Retrieved error messages successfully
08:58:08.712 [TestNG-test-Cucumber Tests-3] INFO  - Header added to excelData succesfully
08:58:08.734 [TestNG-test-Cucumber Tests-4] INFO  - Search for 'study chairs' performed successfully
08:58:08.737 [TestNG-test-Cucumber Tests-4] INFO  - Starting test: applyFiltersTest
08:58:08.877 [TestNG-test-Cucumber Tests-3] INFO  - Data written to Excel file: Output_Excel/GiftCardErrors.xlsx
08:58:08.877 [TestNG-test-Cucumber Tests-3] INFO  - Excel file verified successfully
08:58:09.364 [TestNG-test-Cucumber Tests-2] INFO  - Price Filter applied successfully
08:58:09.366 [TestNG-test-Cucumber Tests-3] INFO  - Quiting the WebDriver
08:58:09.366 [TestNG-test-Cucumber Tests-2] INFO  - Starting test: sortByLowestPriceTest
08:58:11.179 [TestNG-test-Cucumber Tests-1] INFO  - Browser closed successfully
08:58:11.798 [TestNG-test-Cucumber Tests-2] INFO  - Sort by Filter applied successfully
08:58:12.339 [TestNG-test-Cucumber Tests-2] INFO  - Starting test: extractBookshelfDetailsToExcelTest
08:58:13.624 [TestNG-test-Cucumber Tests-3] INFO  - Browser closed successfully
08:58:14.017 [TestNG-test-Cucumber Tests-2] INFO  - Retrieved product names and prices successfully
08:58:14.017 [TestNG-test-Cucumber Tests-2] INFO  - Header added to excelData
08:58:14.017 [TestNG-test-Cucumber Tests-2] INFO  - Added product: Trendlong Round Floating Book Shelf with price: ?999
08:58:14.018 [TestNG-test-Cucumber Tests-2] INFO  - Added product: Captiver Wall Mount Book Shelf In Dark Acazia Finish with price: ?1,389
08:58:14.018 [TestNG-test-Cucumber Tests-2] INFO  - Added product: Victor Book Shelf In Wenge Colour with price: ?1,389
08:58:14.077 [TestNG-test-Cucumber Tests-2] INFO  - Data written to Excel file: Output_Excel/BookshelvesData.xlsx
08:58:14.078 [TestNG-test-Cucumber Tests-2] INFO  - Excel file verified successfully
08:58:14.080 [TestNG-test-Cucumber Tests-2] INFO  - Closing the WebDriver
08:58:16.876 [TestNG-test-Cucumber Tests-2] INFO  - Browser closed successfully
08:59:27.226 [TestNG-test-Cucumber Tests-4] INFO  - Price Filters applied successfully
08:59:27.227 [TestNG-test-Cucumber Tests-4] INFO  - Starting test: sortByCustomerRating
08:59:28.630 [TestNG-test-Cucumber Tests-4] INFO  - Sort By Filters applied successfully
08:59:28.631 [TestNG-test-Cucumber Tests-4] INFO  - Starting test: extractStudyChairsDetails
08:59:28.655 [TestNG-test-Cucumber Tests-4] INFO  - Product names and prices Retrieved successfully
08:59:28.656 [TestNG-test-Cucumber Tests-4] INFO  - Added Header to excelData
08:59:28.677 [TestNG-test-Cucumber Tests-4] INFO  - Written Data to Excel file: Output_Excel/StudyChairsData.xlsx
08:59:28.678 [TestNG-test-Cucumber Tests-4] INFO  - Successfully verified Excel file
08:59:28.678 [TestNG-test-Cucumber Tests-4] INFO  - Closing WebDriver
08:59:34.855 [TestNG-test-Cucumber Tests-4] INFO  - Browser closed successfully
12:28:04.623 [main] INFO  - Browser initialized: chrome
12:28:40.450 [main] INFO  - Navigated to URL: https://www.pepperfry.com
12:28:40.458 [main] INFO  - Initializing WebDriver and setting up the page objects
12:28:40.541 [main] INFO  - Starting test: searchBookshelvesTest
12:28:42.185 [main] INFO  - Search for 'bookshelves' performed successfully
12:28:42.189 [main] INFO  - Starting test: applyFilterTest
12:28:45.723 [main] INFO  - Browser closed successfully
12:28:47.590 [main] INFO  - Browser initialized: chrome
12:29:23.902 [main] INFO  - Navigated to URL: https://www.pepperfry.com
12:29:23.903 [main] INFO  - Initializing WebDriver and setting up the page objects
12:29:23.943 [main] INFO  - Starting test: selectGiftCardTest
12:29:24.483 [main] INFO  - Selected gift card successfully
12:29:26.174 [main] INFO  - Starting test: fillGiftDetailsTest
12:29:27.789 [main] INFO  - All data filled successfully
12:29:27.792 [main] INFO  - Starting test: extractErrorMessagesToExcelTest
12:29:27.792 [main] INFO  - Retrieved error messages successfully
12:29:27.792 [main] INFO  - Header added to excelData succesfully
12:29:28.051 [main] INFO  - Data written to Excel file: Output_Excel/GiftCardErrors.xlsx
12:29:28.051 [main] INFO  - Excel file verified successfully
12:29:28.210 [main] INFO  - Quiting the WebDriver
12:29:32.504 [main] INFO  - Browser closed successfully
12:29:34.531 [main] INFO  - Browser initialized: chrome
12:30:11.184 [main] INFO  - Navigated to URL: https://www.pepperfry.com
12:30:11.185 [main] INFO  - Initializing WebDriver and setting up page objects
12:30:11.212 [main] INFO  - Starting test: MenuTest
12:30:12.361 [main] INFO  - Starting test: extractMenuItemsToExcel
12:30:13.740 [main] INFO  - Retrieved sub menu data successfully
12:30:14.036 [main] INFO  - Data written to Excel file: Output_Excel/MenuData.xlsx
12:30:14.036 [main] INFO  - Excel file Verified Successfully
12:30:14.038 [main] INFO  - Quiting the WebDriver
12:30:16.733 [main] INFO  - Browser closed successfully
12:30:18.634 [main] INFO  - Browser initialized: chrome
12:30:50.506 [main] INFO  - Navigated to URL: https://www.pepperfry.com
12:30:50.507 [main] INFO  - Initializing the WebDriver and setting up the page objects
12:30:50.529 [main] INFO  - Starting test: searchStudyChairs
12:30:52.062 [main] INFO  - Search for 'study chairs' performed successfully
12:30:52.065 [main] INFO  - Starting test: applyFiltersTest
12:31:25.841 [main] INFO  - Price Filters applied successfully
12:31:25.845 [main] INFO  - Starting test: sortByCustomerRating
12:31:27.368 [main] INFO  - Sort By Filters applied successfully
12:31:27.372 [main] INFO  - Starting test: extractStudyChairsDetails
12:31:27.408 [main] INFO  - Product names and prices Retrieved successfully
12:31:27.408 [main] INFO  - Added Header to excelData
12:31:27.427 [main] INFO  - Written Data to Excel file: Output_Excel/StudyChairsData.xlsx
12:31:27.427 [main] INFO  - Successfully verified Excel file
12:31:27.430 [main] INFO  - Closing WebDriver
12:31:31.513 [main] INFO  - Browser closed successfully
12:32:19.738 [TestNG-test=Cucumber Tests-4] INFO  - Browser initialized: chrome
12:32:19.737 [TestNG-test=Cucumber Tests-2] INFO  - Browser initialized: chrome
12:32:20.976 [TestNG-test=Cucumber Tests-1] INFO  - Browser initialized: chrome
12:32:21.697 [TestNG-test=Cucumber Tests-2] INFO  - Navigated to URL: https://www.pepperfry.com
12:32:21.754 [TestNG-test=Cucumber Tests-2] INFO  - Initializing WebDriver and setting up the page objects
12:32:21.910 [TestNG-test=Cucumber Tests-2] INFO  - Starting test: searchBookshelvesTest
12:32:25.722 [TestNG-test=Cucumber Tests-3] INFO  - Browser initialized: chrome
12:32:52.708 [TestNG-test=Cucumber Tests-4] INFO  - Navigated to URL: https://www.pepperfry.com
12:32:52.710 [TestNG-test=Cucumber Tests-4] INFO  - Initializing the WebDriver and setting up the page objects
12:32:52.714 [TestNG-test=Cucumber Tests-4] INFO  - Starting test: searchStudyChairs
12:32:54.003 [TestNG-test=Cucumber Tests-1] INFO  - Navigated to URL: https://www.pepperfry.com
12:32:54.007 [TestNG-test=Cucumber Tests-1] INFO  - Initializing WebDriver and setting up page objects
12:32:54.012 [TestNG-test=Cucumber Tests-1] INFO  - Starting test: MenuTest
12:32:54.306 [TestNG-test=Cucumber Tests-4] INFO  - Search for 'study chairs' performed successfully
12:32:54.309 [TestNG-test=Cucumber Tests-4] INFO  - Starting test: applyFiltersTest
12:32:55.421 [TestNG-test=Cucumber Tests-1] INFO  - Starting test: extractMenuItemsToExcel
12:32:56.414 [TestNG-test=Cucumber Tests-1] INFO  - Retrieved sub menu data successfully
12:32:57.525 [TestNG-test=Cucumber Tests-1] INFO  - Data written to Excel file: Output_Excel/MenuData.xlsx
12:32:57.525 [TestNG-test=Cucumber Tests-1] INFO  - Excel file Verified Successfully
12:32:57.527 [TestNG-test=Cucumber Tests-1] INFO  - Quiting the WebDriver
12:32:59.626 [TestNG-test=Cucumber Tests-3] INFO  - Navigated to URL: https://www.pepperfry.com
12:32:59.627 [TestNG-test=Cucumber Tests-3] INFO  - Initializing WebDriver and setting up the page objects
12:32:59.630 [TestNG-test=Cucumber Tests-3] INFO  - Starting test: selectGiftCardTest
12:32:59.875 [TestNG-test=Cucumber Tests-2] INFO  - Search for 'bookshelves' performed successfully
12:32:59.878 [TestNG-test=Cucumber Tests-2] INFO  - Starting test: applyFilterTest
12:33:00.340 [TestNG-test=Cucumber Tests-1] INFO  - Browser closed successfully
12:33:00.343 [TestNG-test=Cucumber Tests-3] INFO  - Selected gift card successfully
12:33:02.497 [TestNG-test=Cucumber Tests-3] INFO  - Starting test: fillGiftDetailsTest
12:33:03.151 [TestNG-test=Cucumber Tests-2] INFO  - Price Filter applied successfully
12:33:03.156 [TestNG-test=Cucumber Tests-2] INFO  - Starting test: sortByLowestPriceTest
12:33:04.443 [TestNG-test=Cucumber Tests-3] INFO  - All data filled successfully
12:33:04.444 [TestNG-test=Cucumber Tests-3] INFO  - Starting test: extractErrorMessagesToExcelTest
12:33:04.444 [TestNG-test=Cucumber Tests-3] INFO  - Retrieved error messages successfully
12:33:04.444 [TestNG-test=Cucumber Tests-3] INFO  - Header added to excelData succesfully
12:33:04.567 [TestNG-test=Cucumber Tests-3] INFO  - Data written to Excel file: Output_Excel/GiftCardErrors.xlsx
12:33:04.567 [TestNG-test=Cucumber Tests-3] INFO  - Excel file verified successfully
12:33:04.827 [TestNG-test=Cucumber Tests-3] INFO  - Quiting the WebDriver
12:33:05.328 [TestNG-test=Cucumber Tests-2] INFO  - Sort by Filter applied successfully
12:33:05.331 [TestNG-test=Cucumber Tests-2] INFO  - Starting test: extractBookshelfDetailsToExcelTest
12:33:05.371 [TestNG-test=Cucumber Tests-2] INFO  - Retrieved product names and prices successfully
12:33:05.371 [TestNG-test=Cucumber Tests-2] INFO  - Header added to excelData
12:33:05.393 [TestNG-test=Cucumber Tests-2] INFO  - Data written to Excel file: Output_Excel/BookshelvesData.xlsx
12:33:05.393 [TestNG-test=Cucumber Tests-2] INFO  - Excel file verified successfully
12:33:05.395 [TestNG-test=Cucumber Tests-2] INFO  - Closing the WebDriver
12:33:07.366 [TestNG-test=Cucumber Tests-3] INFO  - Browser closed successfully
12:33:08.486 [TestNG-test=Cucumber Tests-2] INFO  - Browser closed successfully
12:33:28.014 [TestNG-test=Cucumber Tests-4] INFO  - Price Filters applied successfully
12:33:28.015 [TestNG-test=Cucumber Tests-4] INFO  - Starting test: sortByCustomerRating
12:33:29.316 [TestNG-test=Cucumber Tests-4] INFO  - Sort By Filters applied successfully
12:33:29.317 [TestNG-test=Cucumber Tests-4] INFO  - Starting test: extractStudyChairsDetails
12:33:29.340 [TestNG-test=Cucumber Tests-4] INFO  - Product names and prices Retrieved successfully
12:33:29.340 [TestNG-test=Cucumber Tests-4] INFO  - Added Header to excelData
12:33:29.354 [TestNG-test=Cucumber Tests-4] INFO  - Written Data to Excel file: Output_Excel/StudyChairsData.xlsx
12:33:29.355 [TestNG-test=Cucumber Tests-4] INFO  - Successfully verified Excel file
12:33:29.356 [TestNG-test=Cucumber Tests-4] INFO  - Closing WebDriver
12:33:32.537 [TestNG-test=Cucumber Tests-4] INFO  - Browser closed successfully
12:33:55.436 [main] INFO  - Browser initialized: chrome
12:34:27.032 [main] INFO  - Navigated to URL: https://www.pepperfry.com
12:34:27.049 [main] INFO  - Initializing WebDriver and setting up the page objects
12:34:27.074 [main] INFO  - Starting test: searchBookshelvesTest
12:34:28.802 [main] INFO  - Search for 'bookshelves' performed successfully
12:34:28.805 [main] INFO  - Starting test: applyFilterTest
12:34:30.199 [main] INFO  - Price Filter applied successfully
12:34:30.205 [main] INFO  - Starting test: sortByLowestPriceTest
12:34:31.445 [main] INFO  - Sort by Filter applied successfully
12:34:31.446 [main] INFO  - Starting test: extractBookshelfDetailsToExcelTest
12:34:31.672 [main] INFO  - Retrieved product names and prices successfully
12:34:31.673 [main] INFO  - Header added to excelData
12:34:31.673 [main] INFO  - Added product: Trendlong Round Floating Book Shelf with price: ₹999
12:34:31.673 [main] INFO  - Added product: Captiver Wall Mount Book Shelf In Dark Acazia Finish with price: ₹1,389
12:34:31.673 [main] INFO  - Added product: Victor Book Shelf In Wenge Colour with price: ₹1,389
12:34:32.266 [main] INFO  - Data written to Excel file: Output_Excel/BookshelvesData.xlsx
12:34:32.268 [main] INFO  - Excel file verified successfully
12:34:32.269 [main] INFO  - Closing the WebDriver
12:34:34.677 [main] INFO  - Browser closed successfully
12:34:36.625 [main] INFO  - Browser initialized: chrome
12:35:08.268 [main] INFO  - Navigated to URL: https://www.pepperfry.com
12:35:08.270 [main] INFO  - Initializing WebDriver and setting up the page objects
12:35:08.272 [main] INFO  - Starting test: selectGiftCardTest
12:35:08.693 [main] INFO  - Selected gift card successfully
12:35:09.813 [main] INFO  - Starting test: fillGiftDetailsTest
12:35:10.951 [main] INFO  - All data filled successfully
12:35:10.952 [main] INFO  - Starting test: extractErrorMessagesToExcelTest
12:35:10.952 [main] INFO  - Retrieved error messages successfully
12:35:10.953 [main] INFO  - Header added to excelData succesfully
12:35:11.043 [main] INFO  - Data written to Excel file: Output_Excel/GiftCardErrors.xlsx
12:35:11.043 [main] INFO  - Excel file verified successfully
12:35:11.226 [main] INFO  - Quiting the WebDriver
12:35:13.498 [main] INFO  - Browser closed successfully
12:35:15.399 [main] INFO  - Browser initialized: chrome
12:35:47.005 [main] INFO  - Navigated to URL: https://www.pepperfry.com
12:35:47.006 [main] INFO  - Initializing WebDriver and setting up page objects
12:35:47.010 [main] INFO  - Starting test: MenuTest
12:35:48.054 [main] INFO  - Starting test: extractMenuItemsToExcel
12:35:48.888 [main] INFO  - Retrieved sub menu data successfully
12:35:49.250 [main] INFO  - Data written to Excel file: Output_Excel/MenuData.xlsx
12:35:49.250 [main] INFO  - Excel file Verified Successfully
12:35:49.251 [main] INFO  - Quiting the WebDriver
12:35:51.971 [main] INFO  - Browser closed successfully
12:35:53.879 [main] INFO  - Browser initialized: chrome
12:36:25.804 [main] INFO  - Navigated to URL: https://www.pepperfry.com
12:36:25.805 [main] INFO  - Initializing the WebDriver and setting up the page objects
12:36:25.807 [main] INFO  - Starting test: searchStudyChairs
12:36:27.302 [main] INFO  - Search for 'study chairs' performed successfully
12:36:27.303 [main] INFO  - Starting test: applyFiltersTest
12:37:00.322 [main] INFO  - Price Filters applied successfully
12:37:00.323 [main] INFO  - Starting test: sortByCustomerRating
12:37:01.615 [main] INFO  - Sort By Filters applied successfully
12:37:01.616 [main] INFO  - Starting test: extractStudyChairsDetails
12:37:01.642 [main] INFO  - Product names and prices Retrieved successfully
12:37:01.643 [main] INFO  - Added Header to excelData
12:37:01.655 [main] INFO  - Written Data to Excel file: Output_Excel/StudyChairsData.xlsx
12:37:01.655 [main] INFO  - Successfully verified Excel file
12:37:01.657 [main] INFO  - Closing WebDriver
12:37:04.728 [main] INFO  - Browser closed successfully
19:28:09.250 [TestNG-test-Cucumber Tests-1] INFO  - Browser initialized: chrome
19:28:09.250 [TestNG-test-Cucumber Tests-4] INFO  - Browser initialized: chrome
19:28:09.363 [TestNG-test-Cucumber Tests-2] INFO  - Browser initialized: chrome
19:28:09.735 [TestNG-test-Cucumber Tests-4] INFO  - Navigated to URL: https://www.pepperfry.com
19:28:09.795 [TestNG-test-Cucumber Tests-1] INFO  - Navigated to URL: https://www.pepperfry.com
19:28:09.848 [TestNG-test-Cucumber Tests-1] INFO  - Initializing WebDriver and setting up page objects
19:28:09.865 [TestNG-test-Cucumber Tests-4] INFO  - Initializing the WebDriver and setting up the page objects
19:28:10.033 [TestNG-test-Cucumber Tests-1] INFO  - Starting test: MenuTest
19:28:10.046 [TestNG-test-Cucumber Tests-4] INFO  - Starting test: searchStudyChairs
19:28:10.579 [TestNG-test-Cucumber Tests-3] INFO  - Browser initialized: chrome
19:28:11.055 [TestNG-test-Cucumber Tests-3] INFO  - Navigated to URL: https://www.pepperfry.com
19:28:11.061 [TestNG-test-Cucumber Tests-3] INFO  - Initializing WebDriver and setting up the page objects
19:28:11.097 [TestNG-test-Cucumber Tests-3] INFO  - Starting test: selectGiftCardTest
19:28:23.322 [TestNG-test-Cucumber Tests-2] INFO  - Navigated to URL: https://www.pepperfry.com
19:28:23.329 [TestNG-test-Cucumber Tests-2] INFO  - Initializing WebDriver and setting up the page objects
19:28:23.356 [TestNG-test-Cucumber Tests-2] INFO  - Starting test: searchBookshelvesTest
19:28:25.190 [TestNG-test-Cucumber Tests-3] INFO  - Selected gift card successfully
19:28:27.098 [TestNG-test-Cucumber Tests-1] INFO  - Starting test: extractMenuItemsToExcel
19:28:28.005 [TestNG-test-Cucumber Tests-3] INFO  - Starting test: fillGiftDetailsTest
19:28:30.175 [TestNG-test-Cucumber Tests-2] INFO  - Search for 'bookshelves' performed successfully
19:28:30.181 [TestNG-test-Cucumber Tests-2] INFO  - Starting test: applyFilterTest
19:28:31.065 [TestNG-test-Cucumber Tests-4] INFO  - Search for 'study chairs' performed successfully
19:28:31.073 [TestNG-test-Cucumber Tests-4] INFO  - Starting test: applyFiltersTest
19:28:31.260 [TestNG-test-Cucumber Tests-1] INFO  - Retrieved sub menu data successfully
19:28:34.239 [TestNG-test-Cucumber Tests-1] INFO  - Data written to Excel file: Output_Excel/MenuData.xlsx
19:28:34.239 [TestNG-test-Cucumber Tests-1] INFO  - Excel file Verified Successfully
19:28:34.245 [TestNG-test-Cucumber Tests-1] INFO  - Quiting the WebDriver
19:28:36.449 [TestNG-test-Cucumber Tests-3] INFO  - All data filled successfully
19:28:36.457 [TestNG-test-Cucumber Tests-3] INFO  - Starting test: extractErrorMessagesToExcelTest
19:28:36.457 [TestNG-test-Cucumber Tests-3] INFO  - Retrieved error messages successfully
19:28:36.458 [TestNG-test-Cucumber Tests-3] INFO  - Header added to excelData succesfully
19:28:36.951 [TestNG-test-Cucumber Tests-3] INFO  - Data written to Excel file: Output_Excel/GiftCardErrors.xlsx
19:28:36.952 [TestNG-test-Cucumber Tests-3] INFO  - Excel file verified successfully
19:28:37.781 [TestNG-test-Cucumber Tests-3] INFO  - Quiting the WebDriver
19:28:45.509 [TestNG-test-Cucumber Tests-2] INFO  - Price Filter applied successfully
19:28:45.514 [TestNG-test-Cucumber Tests-2] INFO  - Starting test: sortByLowestPriceTest
19:28:46.826 [TestNG-test-Cucumber Tests-3] INFO  - Browser closed successfully
19:28:49.144 [TestNG-test-Cucumber Tests-2] INFO  - Sort by Filter applied successfully
19:28:49.149 [TestNG-test-Cucumber Tests-2] INFO  - Starting test: extractBookshelfDetailsToExcelTest
19:28:49.159 [TestNG-test-Cucumber Tests-4] INFO  - Browser closed successfully
19:28:49.164 [TestNG-test-Cucumber Tests-1] INFO  - Browser closed successfully
19:28:51.663 [TestNG-test-Cucumber Tests-2] INFO  - Retrieved product names and prices successfully
19:28:51.663 [TestNG-test-Cucumber Tests-2] INFO  - Header added to excelData
19:28:51.664 [TestNG-test-Cucumber Tests-2] INFO  - Added product: Trendlong Round Floating Book Shelf with price: ?999
19:28:51.664 [TestNG-test-Cucumber Tests-2] INFO  - Added product: Captiver Wall Mount Book Shelf In Dark Acazia Finish with price: ?1,389
19:28:51.664 [TestNG-test-Cucumber Tests-2] INFO  - Added product: Victor Book Shelf In Wenge Colour with price: ?1,389
19:28:51.746 [TestNG-test-Cucumber Tests-2] INFO  - Data written to Excel file: Output_Excel/BookshelvesData.xlsx
19:28:51.746 [TestNG-test-Cucumber Tests-2] INFO  - Excel file verified successfully
19:28:51.749 [TestNG-test-Cucumber Tests-2] INFO  - Closing the WebDriver
19:28:52.312 [TestNG-test-Cucumber Tests-2] INFO  - Browser closed successfully
19:33:57.066 [main] INFO  - Browser initialized: chrome
19:34:01.905 [main] INFO  - Navigated to URL: https://www.pepperfry.com
19:34:01.939 [main] INFO  - Initializing WebDriver and setting up the page objects
19:34:02.059 [main] INFO  - Starting test: searchBookshelvesTest
19:34:06.657 [main] INFO  - Search for 'bookshelves' performed successfully
19:34:06.670 [main] INFO  - Starting test: applyFilterTest
19:34:10.853 [main] INFO  - Price Filter applied successfully
19:34:10.866 [main] INFO  - Starting test: sortByLowestPriceTest
19:34:12.806 [main] INFO  - Sort by Filter applied successfully
19:34:12.813 [main] INFO  - Starting test: extractBookshelfDetailsToExcelTest
19:34:15.622 [main] INFO  - Retrieved product names and prices successfully
19:34:15.623 [main] INFO  - Header added to excelData
19:34:15.623 [main] INFO  - Added product: Trendlong Round Floating Book Shelf with price: ?999
19:34:15.624 [main] INFO  - Added product: Captiver Wall Mount Book Shelf In Dark Acazia Finish with price: ?1,389
19:34:15.625 [main] INFO  - Added product: Victor Book Shelf In Wenge Colour with price: ?1,389
19:34:17.971 [main] INFO  - Data written to Excel file: Output_Excel/BookshelvesData.xlsx
19:34:17.972 [main] INFO  - Excel file verified successfully
19:34:17.980 [main] INFO  - Closing the WebDriver
19:34:18.678 [main] INFO  - Browser closed successfully
19:34:21.207 [main] INFO  - Browser initialized: chrome
19:34:27.662 [main] INFO  - Navigated to URL: https://www.pepperfry.com
19:34:27.665 [main] INFO  - Initializing WebDriver and setting up the page objects
19:34:27.677 [main] INFO  - Starting test: selectGiftCardTest
19:34:28.453 [main] INFO  - Selected gift card successfully
19:34:30.700 [main] INFO  - Starting test: fillGiftDetailsTest
19:34:33.874 [main] INFO  - All data filled successfully
19:34:33.878 [main] INFO  - Starting test: extractErrorMessagesToExcelTest
19:34:33.878 [main] INFO  - Retrieved error messages successfully
19:34:33.879 [main] INFO  - Header added to excelData succesfully
19:34:34.113 [main] INFO  - Data written to Excel file: Output_Excel/GiftCardErrors.xlsx
19:34:34.113 [main] INFO  - Excel file verified successfully
19:34:34.680 [main] INFO  - Quiting the WebDriver
19:34:35.138 [main] INFO  - Browser closed successfully
19:34:38.264 [main] INFO  - Browser initialized: chrome
19:34:43.273 [main] INFO  - Navigated to URL: https://www.pepperfry.com
19:34:43.278 [main] INFO  - Initializing WebDriver and setting up page objects
19:34:43.306 [main] INFO  - Starting test: MenuTest
19:34:45.536 [main] INFO  - Starting test: extractMenuItemsToExcel
19:34:48.013 [main] INFO  - Retrieved sub menu data successfully
19:34:49.002 [main] INFO  - Data written to Excel file: Output_Excel/MenuData.xlsx
19:34:49.003 [main] INFO  - Excel file Verified Successfully
19:34:49.008 [main] INFO  - Quiting the WebDriver
19:34:49.583 [main] INFO  - Browser closed successfully
19:34:52.495 [main] INFO  - Browser initialized: chrome
