09:50:57.595 [main] TRACE - Reading unresolved handles for type system org.apache.xmlbeans.metadata.system.sXMLTOOLS
09:50:57.631 [main] TRACE - Finished loading type system org.apache.xmlbeans.metadata.system.sXMLTOOLS
09:50:57.632 [main] TRACE - Reading unresolved handles for type system org.apache.xmlbeans.metadata.system.sXMLSCHEMA
09:50:57.638 [main] TRACE - Finished loading type system org.apache.xmlbeans.metadata.system.sXMLSCHEMA
09:50:57.641 [main] TRACE - Reading unresolved handles for type system org.apache.xmlbeans.metadata.system.sXMLLANG
09:50:57.642 [main] TRACE - Finished loading type system org.apache.xmlbeans.metadata.system.sXMLLANG
09:50:57.643 [main] TRACE - Reading unresolved handles for type system org.apache.xmlbeans.metadata.system.sXMLCONFIG
09:50:57.644 [main] TRACE - Finished loading type system org.apache.xmlbeans.metadata.system.sXMLCONFIG
09:50:57.645 [main] TRACE - Reading unresolved handles for type system org.apache.poi.schemas.ooxml.system.ooxml
09:50:57.706 [main] TRACE - Finished loading type system org.apache.poi.schemas.ooxml.system.ooxml
09:50:57.708 [main] TRACE - Resolving type for handle ctworkbook83c3type
09:50:57.776 [main] TRACE - Resolving type for handle ctworkbookpr03a5type
09:50:57.788 [main] TRACE - Resolving type for handle ctbookviewsb864type
09:50:57.792 [main] TRACE - Resolving type for handle ctbookviewf677type
09:50:57.800 [main] TRACE - Resolving type for handle ctsheets49fdtype
09:50:57.803 [main] TRACE - Resolving type for handle propertiesee84doctype
09:50:57.810 [main] TRACE - Resolving type for handle ctproperties3f10type
09:50:57.816 [main] TRACE - Resolving type for handle properties288cdoctype
09:50:57.818 [main] TRACE - Resolving type for handle ctproperties2c18type
09:50:57.826 [main] TRACE - Resolving type for handle sstf81fdoctype
09:50:57.827 [main] TRACE - Resolving type for handle ctsst44f3type
09:50:57.834 [main] TRACE - Resolving type for handle stylesheet5d8bdoctype
09:50:57.835 [main] TRACE - Resolving type for handle ctstylesheet4257type
09:50:57.841 [main] TRACE - Resolving type for handle ctfont14d8type
09:50:57.849 [main] TRACE - Resolving type for handle ctfontsizeb3b9type
09:50:57.857 [main] TRACE - Resolving type for handle ctcolord2c2type
09:50:57.860 [main] TRACE - Resolving type for handle ctfontname2dc3type
09:50:57.863 [main] TRACE - Resolving type for handle stxstringf179type
09:50:57.866 [main] TRACE - Resolving type for handle ctfontfamily685ctype
09:50:57.869 [main] TRACE - Resolving type for handle stfontfamily9c6ctype
09:50:57.873 [main] TRACE - Resolving type for handle ctfontschemebf5dtype
09:50:57.877 [main] TRACE - Resolving type for handle stfontschemef36dtype
09:50:57.881 [main] TRACE - Resolving type for handle ctfill550ctype
09:50:57.883 [main] TRACE - Resolving type for handle ctpatternfill7452type
09:50:57.888 [main] TRACE - Resolving type for handle stpatterntype7939type
09:50:57.891 [main] TRACE - Resolving type for handle ctborderf935type
09:50:57.899 [main] TRACE - Resolving type for handle ctborderpre497type
09:50:57.906 [main] TRACE - Resolving type for handle ctxf97f7type
09:50:57.912 [main] TRACE - Resolving type for handle stnumfmtid76fbtype
09:50:57.914 [main] TRACE - Resolving type for handle stfontid9d63type
09:50:57.916 [main] TRACE - Resolving type for handle stfillida097type
09:50:57.918 [main] TRACE - Resolving type for handle stborderid1a80type
09:50:57.922 [main] TRACE - Resolving type for handle stcellstylexfid70c7type
09:50:57.929 [main] TRACE - Resolving type for handle ctsheet4dbetype
09:50:57.937 [main] TRACE - Resolving type for handle ctworksheet530dtype
09:50:57.948 [main] TRACE - Resolving type for handle ctsheetformatprdef7type
09:50:57.957 [main] TRACE - Resolving type for handle ctsheetviewsb918type
09:50:57.960 [main] TRACE - Resolving type for handle ctsheetview0f43type
09:50:57.976 [main] TRACE - Resolving type for handle ctsheetdimensiond310type
09:50:57.978 [main] TRACE - Resolving type for handle stref90a2type
09:50:57.981 [main] TRACE - Resolving type for handle ctsheetdata8408type
09:50:57.983 [main] TRACE - Resolving type for handle ctpagemargins5455type
09:50:57.995 [main] TRACE - Resolving type for handle ctcols627ctype
09:50:57.999 [main] TRACE - Resolving type for handle strelationshipid1e94type
09:50:58.003 [main] TRACE - Resolving type for handle ctrowdd39type
09:50:58.020 [main] TRACE - Resolving type for handle ctcell842btype
09:50:58.044 [main] TRACE - Resolving type for handle stcellrefe4e0type
09:50:58.052 [main] TRACE - Resolving type for handle ctrsta472type
09:50:58.065 [main] TRACE - Resolving type for handle stcelltypebf95type
09:50:58.143 [main] TRACE - Resolving type for handle ctnumfmtsb58btype
09:50:58.148 [main] TRACE - Resolving type for handle ctfonts6623type
09:50:58.158 [main] TRACE - Resolving type for handle ctfills2c6ftype
09:50:58.165 [main] TRACE - Resolving type for handle ctborders0d66type
09:50:58.175 [main] TRACE - Resolving type for handle ctcellxfs1322type
09:50:58.180 [main] TRACE - Resolving type for handle ctcellstylexfsa81ftype
09:50:58.248 [main] DEBUG - Save core properties part
09:50:58.249 [main] DEBUG - Save content types part
09:50:58.458 [main] DEBUG - Save package relationships
09:50:58.470 [main] DEBUG - Save part 'docProps/app.xml'
09:50:58.474 [main] DEBUG - Save part 'docProps/core.xml'
09:50:58.498 [main] DEBUG - Save part 'xl/sharedStrings.xml'
09:50:58.499 [main] DEBUG - Save part 'xl/styles.xml'
09:50:58.500 [main] DEBUG - Save part 'xl/workbook.xml'
09:50:58.504 [main] DEBUG - Save part 'xl/worksheets/sheet1.xml'
09:50:58.515 [main] DEBUG - Save content types part
09:50:58.520 [main] DEBUG - Save package relationships
09:50:58.523 [main] DEBUG - Save part 'docProps/app.xml'
09:50:58.524 [main] DEBUG - Save part 'docProps/core.xml'
09:50:58.528 [main] DEBUG - Save part 'xl/sharedStrings.xml'
09:50:58.529 [main] DEBUG - Save part 'xl/styles.xml'
09:50:58.530 [main] DEBUG - Save part 'xl/workbook.xml'
09:50:58.532 [main] DEBUG - Save part 'xl/worksheets/sheet1.xml'
09:56:17.008 [main] TRACE - Loading type system org.apache.poi.schemas.ooxml.system.ooxml
09:56:17.023 [main] TRACE - Loading type system org.apache.xmlbeans.metadata.system.sXMLCONFIG
09:56:17.024 [main] TRACE - Loading type system org.apache.xmlbeans.metadata.system.sXMLLANG
09:56:17.025 [main] TRACE - Loading type system org.apache.xmlbeans.metadata.system.sXMLSCHEMA
09:56:17.026 [main] TRACE - Loading type system org.apache.xmlbeans.metadata.system.sXMLTOOLS
09:56:17.028 [main] TRACE - Reading unresolved handles for type system org.apache.xmlbeans.metadata.system.sXMLTOOLS
09:56:17.043 [main] TRACE - Finished loading type system org.apache.xmlbeans.metadata.system.sXMLTOOLS
09:56:17.044 [main] TRACE - Reading unresolved handles for type system org.apache.xmlbeans.metadata.system.sXMLSCHEMA
09:56:17.054 [main] TRACE - Finished loading type system org.apache.xmlbeans.metadata.system.sXMLSCHEMA
09:56:17.057 [main] TRACE - Reading unresolved handles for type system org.apache.xmlbeans.metadata.system.sXMLLANG
09:56:17.058 [main] TRACE - Finished loading type system org.apache.xmlbeans.metadata.system.sXMLLANG
09:56:17.060 [main] TRACE - Reading unresolved handles for type system org.apache.xmlbeans.metadata.system.sXMLCONFIG
09:56:17.061 [main] TRACE - Finished loading type system org.apache.xmlbeans.metadata.system.sXMLCONFIG
09:56:17.062 [main] TRACE - Reading unresolved handles for type system org.apache.poi.schemas.ooxml.system.ooxml
09:56:17.154 [main] TRACE - Finished loading type system org.apache.poi.schemas.ooxml.system.ooxml
09:56:17.156 [main] TRACE - Resolving type for handle ctworkbook83c3type
09:56:17.202 [main] TRACE - Resolving type for handle ctworkbookpr03a5type
09:56:17.210 [main] TRACE - Resolving type for handle ctbookviewsb864type
09:56:17.213 [main] TRACE - Resolving type for handle ctbookviewf677type
09:56:17.224 [main] TRACE - Resolving type for handle ctsheets49fdtype
09:56:17.227 [main] TRACE - Resolving type for handle propertiesee84doctype
09:56:17.231 [main] TRACE - Resolving type for handle ctproperties3f10type
09:56:17.240 [main] TRACE - Resolving type for handle properties288cdoctype
09:56:17.243 [main] TRACE - Resolving type for handle ctproperties2c18type
09:56:17.255 [main] TRACE - Resolving type for handle sstf81fdoctype
09:56:17.257 [main] TRACE - Resolving type for handle ctsst44f3type
09:56:17.267 [main] TRACE - Resolving type for handle stylesheet5d8bdoctype
09:56:17.271 [main] TRACE - Resolving type for handle ctstylesheet4257type
09:56:17.276 [main] TRACE - Resolving type for handle ctfont14d8type
09:56:17.288 [main] TRACE - Resolving type for handle ctfontsizeb3b9type
09:56:17.293 [main] TRACE - Resolving type for handle ctcolord2c2type
09:56:17.296 [main] TRACE - Resolving type for handle ctfontname2dc3type
09:56:17.297 [main] TRACE - Resolving type for handle stxstringf179type
09:56:17.301 [main] TRACE - Resolving type for handle ctfontfamily685ctype
09:56:17.303 [main] TRACE - Resolving type for handle stfontfamily9c6ctype
09:56:17.312 [main] TRACE - Resolving type for handle ctfontschemebf5dtype
09:56:17.322 [main] TRACE - Resolving type for handle stfontschemef36dtype
09:56:17.329 [main] TRACE - Resolving type for handle ctfill550ctype
09:56:17.332 [main] TRACE - Resolving type for handle ctpatternfill7452type
09:56:17.340 [main] TRACE - Resolving type for handle stpatterntype7939type
09:56:17.344 [main] TRACE - Resolving type for handle ctborderf935type
09:56:17.349 [main] TRACE - Resolving type for handle ctborderpre497type
09:56:17.371 [main] TRACE - Resolving type for handle ctxf97f7type
09:56:17.378 [main] TRACE - Resolving type for handle stnumfmtid76fbtype
09:56:17.380 [main] TRACE - Resolving type for handle stfontid9d63type
09:56:17.382 [main] TRACE - Resolving type for handle stfillida097type
09:56:17.385 [main] TRACE - Resolving type for handle stborderid1a80type
09:56:17.388 [main] TRACE - Resolving type for handle stcellstylexfid70c7type
09:56:17.411 [main] TRACE - Resolving type for handle ctsheet4dbetype
09:56:17.426 [main] TRACE - Resolving type for handle ctworksheet530dtype
09:56:17.437 [main] TRACE - Resolving type for handle ctsheetformatprdef7type
09:56:17.445 [main] TRACE - Resolving type for handle ctsheetviewsb918type
09:56:17.454 [main] TRACE - Resolving type for handle ctsheetview0f43type
09:56:17.470 [main] TRACE - Resolving type for handle ctsheetdimensiond310type
09:56:17.475 [main] TRACE - Resolving type for handle stref90a2type
09:56:17.481 [main] TRACE - Resolving type for handle ctsheetdata8408type
09:56:17.500 [main] TRACE - Resolving type for handle ctpagemargins5455type
09:56:17.510 [main] TRACE - Resolving type for handle ctcols627ctype
09:56:17.514 [main] TRACE - Resolving type for handle strelationshipid1e94type
09:56:17.516 [main] TRACE - Resolving type for handle ctrowdd39type
09:56:17.523 [main] TRACE - Resolving type for handle ctcell842btype
09:56:17.532 [main] TRACE - Resolving type for handle stcellrefe4e0type
09:56:17.537 [main] TRACE - Resolving type for handle ctrsta472type
09:56:17.541 [main] TRACE - Resolving type for handle stcelltypebf95type
09:56:17.592 [main] TRACE - Resolving type for handle ctnumfmtsb58btype
09:56:17.595 [main] TRACE - Resolving type for handle ctfonts6623type
09:56:17.602 [main] TRACE - Resolving type for handle ctfills2c6ftype
09:56:17.607 [main] TRACE - Resolving type for handle ctborders0d66type
09:56:17.609 [main] TRACE - Resolving type for handle ctcellxfs1322type
09:56:17.612 [main] TRACE - Resolving type for handle ctcellstylexfsa81ftype
09:56:17.643 [main] DEBUG - Save core properties part
09:56:17.644 [main] DEBUG - Save content types part
09:56:17.771 [main] DEBUG - Save package relationships
09:56:17.777 [main] DEBUG - Save part 'docProps/app.xml'
09:56:17.781 [main] DEBUG - Save part 'docProps/core.xml'
09:56:17.791 [main] DEBUG - Save part 'xl/sharedStrings.xml'
09:56:17.792 [main] DEBUG - Save part 'xl/styles.xml'
09:56:17.793 [main] DEBUG - Save part 'xl/workbook.xml'
09:56:17.796 [main] DEBUG - Save part 'xl/worksheets/sheet1.xml'
09:56:17.800 [main] DEBUG - Save content types part
09:56:17.803 [main] DEBUG - Save package relationships
09:56:17.805 [main] DEBUG - Save part 'docProps/app.xml'
09:56:17.806 [main] DEBUG - Save part 'docProps/core.xml'
09:56:17.808 [main] DEBUG - Save part 'xl/sharedStrings.xml'
09:56:17.808 [main] DEBUG - Save part 'xl/styles.xml'
09:56:17.809 [main] DEBUG - Save part 'xl/workbook.xml'
09:56:17.812 [main] DEBUG - Save part 'xl/worksheets/sheet1.xml'
09:56:43.679 [main] DEBUG - Parsing relationship: /xl/_rels/workbook.xml.rels
09:56:43.685 [main] DEBUG - Parsing relationship: /_rels/.rels
09:56:43.752 [main] TRACE - Resolving type for handle themefd26doctype
09:56:43.821 [main] TRACE - Resolving type for handle ctdxfsb26atype
09:56:43.830 [main] TRACE - Resolving type for handle cttablestyles872ftype
09:56:43.855 [main] TRACE - Resolving type for handle workbookec17doctype
09:56:43.869 [main] TRACE - Resolving type for handle worksheetf539doctype
09:56:43.893 [main] TRACE - Resolving type for handle ctcola95ftype
09:56:46.594 [main] DEBUG - Save core properties part
09:56:46.594 [main] DEBUG - Save content types part
09:56:46.598 [main] DEBUG - Save package relationships
09:56:46.600 [main] DEBUG - Save part 'docProps/app.xml'
09:56:46.601 [main] DEBUG - Save part 'docProps/core.xml'
09:56:46.603 [main] DEBUG - Save part 'xl/sharedStrings.xml'
09:56:46.604 [main] DEBUG - Save part 'xl/styles.xml'
09:56:46.605 [main] DEBUG - Save part 'xl/workbook.xml'
09:56:46.610 [main] DEBUG - Save part 'xl/worksheets/sheet1.xml'
09:56:46.612 [main] DEBUG - Save content types part
09:56:46.615 [main] DEBUG - Save package relationships
09:56:46.618 [main] DEBUG - Save part 'docProps/app.xml'
09:56:46.618 [main] DEBUG - Save part 'docProps/core.xml'
09:56:46.622 [main] DEBUG - Save part 'xl/sharedStrings.xml'
09:56:46.623 [main] DEBUG - Save part 'xl/styles.xml'
09:56:46.624 [main] DEBUG - Save part 'xl/workbook.xml'
09:56:46.628 [main] DEBUG - Save part 'xl/worksheets/sheet1.xml'
09:57:08.774 [main] DEBUG - Save core properties part
09:57:08.774 [main] DEBUG - Save content types part
09:57:08.776 [main] DEBUG - Save package relationships
09:57:08.779 [main] DEBUG - Save part 'docProps/app.xml'
09:57:08.780 [main] DEBUG - Save part 'docProps/core.xml'
09:57:08.783 [main] DEBUG - Save part 'xl/sharedStrings.xml'
09:57:08.784 [main] DEBUG - Save part 'xl/styles.xml'
09:57:08.784 [main] DEBUG - Save part 'xl/workbook.xml'
09:57:08.786 [main] DEBUG - Save part 'xl/worksheets/sheet1.xml'
09:57:08.787 [main] DEBUG - Save content types part
09:57:08.788 [main] DEBUG - Save package relationships
09:57:08.789 [main] DEBUG - Save part 'docProps/app.xml'
09:57:08.789 [main] DEBUG - Save part 'docProps/core.xml'
09:57:08.791 [main] DEBUG - Save part 'xl/sharedStrings.xml'
09:57:08.792 [main] DEBUG - Save part 'xl/styles.xml'
09:57:08.792 [main] DEBUG - Save part 'xl/workbook.xml'
09:57:08.794 [main] DEBUG - Save part 'xl/worksheets/sheet1.xml'
11:21:43.706 [main] DEBUG - Parsing relationship: /xl/_rels/workbook.xml.rels
11:21:43.731 [main] DEBUG - Parsing relationship: /_rels/.rels
11:21:43.899 [main] TRACE - Loading type system org.apache.poi.schemas.ooxml.system.ooxml
11:21:43.901 [main] TRACE - Loading type system org.apache.xmlbeans.metadata.system.sXMLCONFIG
11:21:43.902 [main] TRACE - Loading type system org.apache.xmlbeans.metadata.system.sXMLLANG
11:21:43.902 [main] TRACE - Loading type system org.apache.xmlbeans.metadata.system.sXMLSCHEMA
11:21:43.902 [main] TRACE - Loading type system org.apache.xmlbeans.metadata.system.sXMLTOOLS
11:21:43.903 [main] TRACE - Reading unresolved handles for type system org.apache.xmlbeans.metadata.system.sXMLTOOLS
11:21:43.912 [main] TRACE - Finished loading type system org.apache.xmlbeans.metadata.system.sXMLTOOLS
11:21:43.913 [main] TRACE - Reading unresolved handles for type system org.apache.xmlbeans.metadata.system.sXMLSCHEMA
11:21:43.916 [main] TRACE - Finished loading type system org.apache.xmlbeans.metadata.system.sXMLSCHEMA
11:21:43.917 [main] TRACE - Reading unresolved handles for type system org.apache.xmlbeans.metadata.system.sXMLLANG
11:21:43.918 [main] TRACE - Finished loading type system org.apache.xmlbeans.metadata.system.sXMLLANG
11:21:43.918 [main] TRACE - Reading unresolved handles for type system org.apache.xmlbeans.metadata.system.sXMLCONFIG
11:21:43.919 [main] TRACE - Finished loading type system org.apache.xmlbeans.metadata.system.sXMLCONFIG
11:21:43.920 [main] TRACE - Reading unresolved handles for type system org.apache.poi.schemas.ooxml.system.ooxml
11:21:43.968 [main] TRACE - Finished loading type system org.apache.poi.schemas.ooxml.system.ooxml
11:21:43.968 [main] TRACE - Resolving type for handle themefd26doctype
11:21:44.044 [main] TRACE - Resolving type for handle stylesheet5d8bdoctype
11:21:44.058 [main] TRACE - Resolving type for handle ctstylesheet4257type
11:21:44.068 [main] TRACE - Resolving type for handle ctfonts6623type
11:21:44.071 [main] TRACE - Resolving type for handle ctfont14d8type
11:21:44.075 [main] TRACE - Resolving type for handle ctfills2c6ftype
11:21:44.077 [main] TRACE - Resolving type for handle ctfill550ctype
11:21:44.082 [main] TRACE - Resolving type for handle ctborders0d66type
11:21:44.086 [main] TRACE - Resolving type for handle ctborderf935type
11:21:44.090 [main] TRACE - Resolving type for handle ctcellxfs1322type
11:21:44.094 [main] TRACE - Resolving type for handle ctxf97f7type
11:21:44.100 [main] TRACE - Resolving type for handle ctcellstylexfsa81ftype
11:21:44.104 [main] TRACE - Resolving type for handle ctdxfsb26atype
11:21:44.108 [main] TRACE - Resolving type for handle cttablestyles872ftype
11:21:44.113 [main] TRACE - Resolving type for handle sstf81fdoctype
11:21:44.119 [main] TRACE - Resolving type for handle ctsst44f3type
11:21:44.134 [main] TRACE - Resolving type for handle ctrsta472type
11:21:44.150 [main] TRACE - Resolving type for handle workbookec17doctype
11:21:44.153 [main] TRACE - Resolving type for handle ctworkbook83c3type
11:21:44.156 [main] TRACE - Resolving type for handle ctsheets49fdtype
11:21:44.160 [main] TRACE - Resolving type for handle ctsheet4dbetype
11:21:44.164 [main] TRACE - Resolving type for handle strelationshipid1e94type
11:21:44.167 [main] TRACE - Resolving type for handle worksheetf539doctype
11:21:44.175 [main] TRACE - Resolving type for handle ctworksheet530dtype
11:21:44.180 [main] TRACE - Resolving type for handle ctsheetdata8408type
11:21:44.184 [main] TRACE - Resolving type for handle ctrowdd39type
11:21:44.190 [main] TRACE - Resolving type for handle ctcell842btype
11:21:44.203 [main] TRACE - Resolving type for handle stcellrefe4e0type
11:21:44.210 [main] TRACE - Resolving type for handle ctcols627ctype
11:21:44.216 [main] TRACE - Resolving type for handle ctcola95ftype
11:21:44.233 [main] TRACE - Resolving type for handle stxstringf179type
11:21:44.235 [main] TRACE - Resolving type for handle stcelltypebf95type
11:21:44.241 [main] TRACE - Resolving type for handle stcellstylexfid70c7type
11:21:44.243 [main] TRACE - Resolving type for handle stnumfmtid76fbtype
11:21:45.173 [main] TRACE - Resolving type for handle ctworkbookpr03a5type
11:21:45.176 [main] TRACE - Resolving type for handle ctbookviewsb864type
11:21:45.177 [main] TRACE - Resolving type for handle ctbookviewf677type
11:21:45.184 [main] TRACE - Resolving type for handle propertiesee84doctype
11:21:45.185 [main] TRACE - Resolving type for handle ctproperties3f10type
11:21:45.190 [main] TRACE - Resolving type for handle properties288cdoctype
11:21:45.191 [main] TRACE - Resolving type for handle ctproperties2c18type
11:21:45.195 [main] TRACE - Resolving type for handle ctfontsizeb3b9type
11:21:45.197 [main] TRACE - Resolving type for handle ctcolord2c2type
11:21:45.199 [main] TRACE - Resolving type for handle ctfontname2dc3type
11:21:45.202 [main] TRACE - Resolving type for handle ctfontfamily685ctype
11:21:45.204 [main] TRACE - Resolving type for handle stfontfamily9c6ctype
11:21:45.206 [main] TRACE - Resolving type for handle ctfontschemebf5dtype
11:21:45.207 [main] TRACE - Resolving type for handle stfontschemef36dtype
11:21:45.208 [main] TRACE - Resolving type for handle ctpatternfill7452type
11:21:45.210 [main] TRACE - Resolving type for handle stpatterntype7939type
11:21:45.211 [main] TRACE - Resolving type for handle ctborderpre497type
11:21:45.215 [main] TRACE - Resolving type for handle stfontid9d63type
11:21:45.219 [main] TRACE - Resolving type for handle stfillida097type
11:21:45.220 [main] TRACE - Resolving type for handle stborderid1a80type
11:21:45.222 [main] TRACE - Resolving type for handle ctsheetformatprdef7type
11:21:45.223 [main] TRACE - Resolving type for handle ctsheetviewsb918type
11:21:45.225 [main] TRACE - Resolving type for handle ctsheetview0f43type
11:21:45.232 [main] TRACE - Resolving type for handle ctsheetdimensiond310type
11:21:45.234 [main] TRACE - Resolving type for handle stref90a2type
11:21:45.235 [main] TRACE - Resolving type for handle ctpagemargins5455type
11:21:45.245 [main] TRACE - Resolving type for handle ctnumfmtsb58btype
11:21:45.259 [main] DEBUG - Save core properties part
11:21:45.259 [main] DEBUG - Save content types part
11:21:45.307 [main] DEBUG - Save package relationships
11:21:45.310 [main] DEBUG - Save part 'docProps/app.xml'
11:21:45.310 [main] DEBUG - Save part 'docProps/core.xml'
11:21:45.313 [main] DEBUG - Save part 'xl/sharedStrings.xml'
11:21:45.313 [main] DEBUG - Save part 'xl/styles.xml'
11:21:45.313 [main] DEBUG - Save part 'xl/workbook.xml'
11:21:45.315 [main] DEBUG - Save part 'xl/worksheets/sheet1.xml'
11:21:45.316 [main] DEBUG - Save content types part
11:21:45.317 [main] DEBUG - Save package relationships
11:21:45.317 [main] DEBUG - Save part 'docProps/app.xml'
11:21:45.318 [main] DEBUG - Save part 'docProps/core.xml'
11:21:45.318 [main] DEBUG - Save part 'xl/sharedStrings.xml'
11:21:45.318 [main] DEBUG - Save part 'xl/styles.xml'
11:21:45.319 [main] DEBUG - Save part 'xl/workbook.xml'
11:21:45.319 [main] DEBUG - Save part 'xl/worksheets/sheet1.xml'
11:22:08.977 [main] DEBUG - Save core properties part
11:22:08.977 [main] DEBUG - Save content types part
11:22:08.981 [main] DEBUG - Save package relationships
11:22:08.983 [main] DEBUG - Save part 'docProps/app.xml'
11:22:08.983 [main] DEBUG - Save part 'docProps/core.xml'
11:22:08.984 [main] DEBUG - Save part 'xl/sharedStrings.xml'
11:22:08.984 [main] DEBUG - Save part 'xl/styles.xml'
11:22:08.984 [main] DEBUG - Save part 'xl/workbook.xml'
11:22:08.988 [main] DEBUG - Save part 'xl/worksheets/sheet1.xml'
11:22:08.989 [main] DEBUG - Save content types part
11:22:08.992 [main] DEBUG - Save package relationships
11:22:08.994 [main] DEBUG - Save part 'docProps/app.xml'
11:22:08.995 [main] DEBUG - Save part 'docProps/core.xml'
11:22:08.997 [main] DEBUG - Save part 'xl/sharedStrings.xml'
11:22:08.997 [main] DEBUG - Save part 'xl/styles.xml'
11:22:08.998 [main] DEBUG - Save part 'xl/workbook.xml'
11:22:09.002 [main] DEBUG - Save part 'xl/worksheets/sheet1.xml'
11:26:33.515 [main] TRACE - Loading type system org.apache.poi.schemas.ooxml.system.ooxml
11:26:33.519 [main] TRACE - Loading type system org.apache.xmlbeans.metadata.system.sXMLCONFIG
11:26:33.519 [main] TRACE - Loading type system org.apache.xmlbeans.metadata.system.sXMLLANG
11:26:33.519 [main] TRACE - Loading type system org.apache.xmlbeans.metadata.system.sXMLSCHEMA
11:26:33.520 [main] TRACE - Loading type system org.apache.xmlbeans.metadata.system.sXMLTOOLS
11:26:33.522 [main] TRACE - Reading unresolved handles for type system org.apache.xmlbeans.metadata.system.sXMLTOOLS
11:26:33.532 [main] TRACE - Finished loading type system org.apache.xmlbeans.metadata.system.sXMLTOOLS
11:26:33.533 [main] TRACE - Reading unresolved handles for type system org.apache.xmlbeans.metadata.system.sXMLSCHEMA
11:26:33.536 [main] TRACE - Finished loading type system org.apache.xmlbeans.metadata.system.sXMLSCHEMA
11:26:33.539 [main] TRACE - Reading unresolved handles for type system org.apache.xmlbeans.metadata.system.sXMLLANG
11:26:33.540 [main] TRACE - Finished loading type system org.apache.xmlbeans.metadata.system.sXMLLANG
11:26:33.541 [main] TRACE - Reading unresolved handles for type system org.apache.xmlbeans.metadata.system.sXMLCONFIG
11:26:33.541 [main] TRACE - Finished loading type system org.apache.xmlbeans.metadata.system.sXMLCONFIG
11:26:33.542 [main] TRACE - Reading unresolved handles for type system org.apache.poi.schemas.ooxml.system.ooxml
11:26:33.580 [main] TRACE - Finished loading type system org.apache.poi.schemas.ooxml.system.ooxml
11:26:33.580 [main] TRACE - Resolving type for handle ctworkbook83c3type
11:26:33.609 [main] TRACE - Resolving type for handle ctworkbookpr03a5type
11:26:33.613 [main] TRACE - Resolving type for handle ctbookviewsb864type
11:26:33.614 [main] TRACE - Resolving type for handle ctbookviewf677type
11:26:33.617 [main] TRACE - Resolving type for handle ctsheets49fdtype
11:26:33.619 [main] TRACE - Resolving type for handle propertiesee84doctype
11:26:33.620 [main] TRACE - Resolving type for handle ctproperties3f10type
11:26:33.626 [main] TRACE - Resolving type for handle properties288cdoctype
11:26:33.627 [main] TRACE - Resolving type for handle ctproperties2c18type
11:26:33.631 [main] TRACE - Resolving type for handle sstf81fdoctype
11:26:33.633 [main] TRACE - Resolving type for handle ctsst44f3type
11:26:33.637 [main] TRACE - Resolving type for handle stylesheet5d8bdoctype
11:26:33.639 [main] TRACE - Resolving type for handle ctstylesheet4257type
11:26:33.645 [main] TRACE - Resolving type for handle ctfont14d8type
11:26:33.653 [main] TRACE - Resolving type for handle ctfontsizeb3b9type
11:26:33.661 [main] TRACE - Resolving type for handle ctcolord2c2type
11:26:33.663 [main] TRACE - Resolving type for handle ctfontname2dc3type
11:26:33.664 [main] TRACE - Resolving type for handle stxstringf179type
11:26:33.666 [main] TRACE - Resolving type for handle ctfontfamily685ctype
11:26:33.668 [main] TRACE - Resolving type for handle stfontfamily9c6ctype
11:26:33.671 [main] TRACE - Resolving type for handle ctfontschemebf5dtype
11:26:33.677 [main] TRACE - Resolving type for handle stfontschemef36dtype
11:26:33.681 [main] TRACE - Resolving type for handle ctfill550ctype
11:26:33.683 [main] TRACE - Resolving type for handle ctpatternfill7452type
11:26:33.687 [main] TRACE - Resolving type for handle stpatterntype7939type
11:26:33.693 [main] TRACE - Resolving type for handle ctborderf935type
11:26:33.696 [main] TRACE - Resolving type for handle ctborderpre497type
11:26:33.700 [main] TRACE - Resolving type for handle ctxf97f7type
11:26:33.702 [main] TRACE - Resolving type for handle stnumfmtid76fbtype
11:26:33.704 [main] TRACE - Resolving type for handle stfontid9d63type
11:26:33.708 [main] TRACE - Resolving type for handle stfillida097type
11:26:33.712 [main] TRACE - Resolving type for handle stborderid1a80type
11:26:33.715 [main] TRACE - Resolving type for handle stcellstylexfid70c7type
11:26:33.729 [main] TRACE - Resolving type for handle ctsheet4dbetype
11:26:33.735 [main] TRACE - Resolving type for handle ctworksheet530dtype
11:26:33.744 [main] TRACE - Resolving type for handle ctsheetformatprdef7type
11:26:33.750 [main] TRACE - Resolving type for handle ctsheetviewsb918type
11:26:33.752 [main] TRACE - Resolving type for handle ctsheetview0f43type
11:26:33.760 [main] TRACE - Resolving type for handle ctsheetdimensiond310type
11:26:33.762 [main] TRACE - Resolving type for handle stref90a2type
11:26:33.764 [main] TRACE - Resolving type for handle ctsheetdata8408type
11:26:33.767 [main] TRACE - Resolving type for handle ctpagemargins5455type
11:26:33.775 [main] TRACE - Resolving type for handle ctcols627ctype
11:26:33.780 [main] TRACE - Resolving type for handle strelationshipid1e94type
11:26:33.781 [main] TRACE - Resolving type for handle ctrowdd39type
11:26:33.787 [main] TRACE - Resolving type for handle ctcell842btype
11:26:33.799 [main] TRACE - Resolving type for handle stcellrefe4e0type
11:26:33.804 [main] TRACE - Resolving type for handle ctrsta472type
11:26:33.813 [main] TRACE - Resolving type for handle stcelltypebf95type
11:26:33.863 [main] TRACE - Resolving type for handle ctnumfmtsb58btype
11:26:33.866 [main] TRACE - Resolving type for handle ctfonts6623type
11:26:33.872 [main] TRACE - Resolving type for handle ctfills2c6ftype
11:26:33.877 [main] TRACE - Resolving type for handle ctborders0d66type
11:26:33.880 [main] TRACE - Resolving type for handle ctcellxfs1322type
11:26:33.883 [main] TRACE - Resolving type for handle ctcellstylexfsa81ftype
11:26:33.902 [main] DEBUG - Save core properties part
11:26:33.902 [main] DEBUG - Save content types part
11:26:33.980 [main] DEBUG - Save package relationships
11:26:33.984 [main] DEBUG - Save part 'docProps/app.xml'
11:26:33.986 [main] DEBUG - Save part 'docProps/core.xml'
11:26:33.994 [main] DEBUG - Save part 'xl/sharedStrings.xml'
11:26:33.995 [main] DEBUG - Save part 'xl/styles.xml'
11:26:33.995 [main] DEBUG - Save part 'xl/workbook.xml'
11:26:33.996 [main] DEBUG - Save part 'xl/worksheets/sheet1.xml'
11:26:33.999 [main] DEBUG - Save content types part
11:26:34.001 [main] DEBUG - Save package relationships
11:26:34.003 [main] DEBUG - Save part 'docProps/app.xml'
11:26:34.004 [main] DEBUG - Save part 'docProps/core.xml'
11:26:34.008 [main] DEBUG - Save part 'xl/sharedStrings.xml'
11:26:34.009 [main] DEBUG - Save part 'xl/styles.xml'
11:26:34.009 [main] DEBUG - Save part 'xl/workbook.xml'
11:26:34.011 [main] DEBUG - Save part 'xl/worksheets/sheet1.xml'
11:50:15.427 [main] TRACE - Loading type system org.apache.poi.schemas.ooxml.system.ooxml
11:50:15.432 [main] TRACE - Loading type system org.apache.xmlbeans.metadata.system.sXMLCONFIG
11:50:15.432 [main] TRACE - Loading type system org.apache.xmlbeans.metadata.system.sXMLLANG
11:50:15.433 [main] TRACE - Loading type system org.apache.xmlbeans.metadata.system.sXMLSCHEMA
11:50:15.433 [main] TRACE - Loading type system org.apache.xmlbeans.metadata.system.sXMLTOOLS
11:50:15.434 [main] TRACE - Reading unresolved handles for type system org.apache.xmlbeans.metadata.system.sXMLTOOLS
11:50:15.446 [main] TRACE - Finished loading type system org.apache.xmlbeans.metadata.system.sXMLTOOLS
11:50:15.447 [main] TRACE - Reading unresolved handles for type system org.apache.xmlbeans.metadata.system.sXMLSCHEMA
11:50:15.450 [main] TRACE - Finished loading type system org.apache.xmlbeans.metadata.system.sXMLSCHEMA
11:50:15.450 [main] TRACE - Reading unresolved handles for type system org.apache.xmlbeans.metadata.system.sXMLLANG
11:50:15.451 [main] TRACE - Finished loading type system org.apache.xmlbeans.metadata.system.sXMLLANG
11:50:15.451 [main] TRACE - Reading unresolved handles for type system org.apache.xmlbeans.metadata.system.sXMLCONFIG
11:50:15.452 [main] TRACE - Finished loading type system org.apache.xmlbeans.metadata.system.sXMLCONFIG
11:50:15.452 [main] TRACE - Reading unresolved handles for type system org.apache.poi.schemas.ooxml.system.ooxml
11:50:15.486 [main] TRACE - Finished loading type system org.apache.poi.schemas.ooxml.system.ooxml
11:50:15.487 [main] TRACE - Resolving type for handle ctworkbook83c3type
11:50:15.514 [main] TRACE - Resolving type for handle ctworkbookpr03a5type
11:50:15.523 [main] TRACE - Resolving type for handle ctbookviewsb864type
11:50:15.525 [main] TRACE - Resolving type for handle ctbookviewf677type
11:50:15.531 [main] TRACE - Resolving type for handle ctsheets49fdtype
11:50:15.533 [main] TRACE - Resolving type for handle propertiesee84doctype
11:50:15.534 [main] TRACE - Resolving type for handle ctproperties3f10type
11:50:15.537 [main] TRACE - Resolving type for handle properties288cdoctype
11:50:15.539 [main] TRACE - Resolving type for handle ctproperties2c18type
11:50:15.544 [main] TRACE - Resolving type for handle sstf81fdoctype
11:50:15.545 [main] TRACE - Resolving type for handle ctsst44f3type
11:50:15.550 [main] TRACE - Resolving type for handle stylesheet5d8bdoctype
11:50:15.551 [main] TRACE - Resolving type for handle ctstylesheet4257type
11:50:15.554 [main] TRACE - Resolving type for handle ctfont14d8type
11:50:15.560 [main] TRACE - Resolving type for handle ctfontsizeb3b9type
11:50:15.563 [main] TRACE - Resolving type for handle ctcolord2c2type
11:50:15.565 [main] TRACE - Resolving type for handle ctfontname2dc3type
11:50:15.567 [main] TRACE - Resolving type for handle stxstringf179type
11:50:15.569 [main] TRACE - Resolving type for handle ctfontfamily685ctype
11:50:15.572 [main] TRACE - Resolving type for handle stfontfamily9c6ctype
11:50:15.575 [main] TRACE - Resolving type for handle ctfontschemebf5dtype
11:50:15.578 [main] TRACE - Resolving type for handle stfontschemef36dtype
11:50:15.582 [main] TRACE - Resolving type for handle ctfill550ctype
11:50:15.584 [main] TRACE - Resolving type for handle ctpatternfill7452type
11:50:15.590 [main] TRACE - Resolving type for handle stpatterntype7939type
11:50:15.593 [main] TRACE - Resolving type for handle ctborderf935type
11:50:15.594 [main] TRACE - Resolving type for handle ctborderpre497type
11:50:15.598 [main] TRACE - Resolving type for handle ctxf97f7type
11:50:15.601 [main] TRACE - Resolving type for handle stnumfmtid76fbtype
11:50:15.601 [main] TRACE - Resolving type for handle stfontid9d63type
11:50:15.602 [main] TRACE - Resolving type for handle stfillida097type
11:50:15.603 [main] TRACE - Resolving type for handle stborderid1a80type
11:50:15.604 [main] TRACE - Resolving type for handle stcellstylexfid70c7type
11:50:15.608 [main] TRACE - Resolving type for handle ctsheet4dbetype
11:50:15.611 [main] TRACE - Resolving type for handle ctworksheet530dtype
11:50:15.616 [main] TRACE - Resolving type for handle ctsheetformatprdef7type
11:50:15.620 [main] TRACE - Resolving type for handle ctsheetviewsb918type
11:50:15.623 [main] TRACE - Resolving type for handle ctsheetview0f43type
11:50:15.628 [main] TRACE - Resolving type for handle ctsheetdimensiond310type
11:50:15.630 [main] TRACE - Resolving type for handle stref90a2type
11:50:15.632 [main] TRACE - Resolving type for handle ctsheetdata8408type
11:50:15.634 [main] TRACE - Resolving type for handle ctpagemargins5455type
11:50:15.640 [main] TRACE - Resolving type for handle ctcols627ctype
11:50:15.642 [main] TRACE - Resolving type for handle strelationshipid1e94type
11:50:15.643 [main] TRACE - Resolving type for handle ctrowdd39type
11:50:15.647 [main] TRACE - Resolving type for handle ctcell842btype
11:50:15.652 [main] TRACE - Resolving type for handle stcellrefe4e0type
11:50:15.654 [main] TRACE - Resolving type for handle ctrsta472type
11:50:15.657 [main] TRACE - Resolving type for handle stcelltypebf95type
11:50:15.683 [main] TRACE - Resolving type for handle ctnumfmtsb58btype
11:50:15.684 [main] TRACE - Resolving type for handle ctfonts6623type
11:50:15.687 [main] TRACE - Resolving type for handle ctfills2c6ftype
11:50:15.688 [main] TRACE - Resolving type for handle ctborders0d66type
11:50:15.690 [main] TRACE - Resolving type for handle ctcellxfs1322type
11:50:15.691 [main] TRACE - Resolving type for handle ctcellstylexfsa81ftype
11:50:15.706 [main] DEBUG - Save core properties part
11:50:15.706 [main] DEBUG - Save content types part
11:50:15.779 [main] DEBUG - Save package relationships
11:50:15.783 [main] DEBUG - Save part 'docProps/app.xml'
11:50:15.785 [main] DEBUG - Save part 'docProps/core.xml'
11:50:15.791 [main] DEBUG - Save part 'xl/sharedStrings.xml'
11:50:15.791 [main] DEBUG - Save part 'xl/styles.xml'
11:50:15.791 [main] DEBUG - Save part 'xl/workbook.xml'
11:50:15.792 [main] DEBUG - Save part 'xl/worksheets/sheet1.xml'
11:50:15.795 [main] DEBUG - Save content types part
11:50:15.796 [main] DEBUG - Save package relationships
11:50:15.799 [main] DEBUG - Save part 'docProps/app.xml'
11:50:15.799 [main] DEBUG - Save part 'docProps/core.xml'
11:50:15.802 [main] DEBUG - Save part 'xl/sharedStrings.xml'
11:50:15.802 [main] DEBUG - Save part 'xl/styles.xml'
11:50:15.802 [main] DEBUG - Save part 'xl/workbook.xml'
11:50:15.806 [main] DEBUG - Save part 'xl/worksheets/sheet1.xml'
11:51:07.957 [main] TRACE - Loading type system org.apache.poi.schemas.ooxml.system.ooxml
11:51:07.964 [main] TRACE - Loading type system org.apache.xmlbeans.metadata.system.sXMLCONFIG
11:51:07.965 [main] TRACE - Loading type system org.apache.xmlbeans.metadata.system.sXMLLANG
11:51:07.966 [main] TRACE - Loading type system org.apache.xmlbeans.metadata.system.sXMLSCHEMA
11:51:07.966 [main] TRACE - Loading type system org.apache.xmlbeans.metadata.system.sXMLTOOLS
11:51:07.967 [main] TRACE - Reading unresolved handles for type system org.apache.xmlbeans.metadata.system.sXMLTOOLS
11:51:07.977 [main] TRACE - Finished loading type system org.apache.xmlbeans.metadata.system.sXMLTOOLS
11:51:07.978 [main] TRACE - Reading unresolved handles for type system org.apache.xmlbeans.metadata.system.sXMLSCHEMA
11:51:07.982 [main] TRACE - Finished loading type system org.apache.xmlbeans.metadata.system.sXMLSCHEMA
11:51:07.983 [main] TRACE - Reading unresolved handles for type system org.apache.xmlbeans.metadata.system.sXMLLANG
11:51:07.984 [main] TRACE - Finished loading type system org.apache.xmlbeans.metadata.system.sXMLLANG
11:51:07.985 [main] TRACE - Reading unresolved handles for type system org.apache.xmlbeans.metadata.system.sXMLCONFIG
11:51:07.985 [main] TRACE - Finished loading type system org.apache.xmlbeans.metadata.system.sXMLCONFIG
11:51:07.986 [main] TRACE - Reading unresolved handles for type system org.apache.poi.schemas.ooxml.system.ooxml
11:51:08.025 [main] TRACE - Finished loading type system org.apache.poi.schemas.ooxml.system.ooxml
11:51:08.025 [main] TRACE - Resolving type for handle ctworkbook83c3type
11:51:08.056 [main] TRACE - Resolving type for handle ctworkbookpr03a5type
11:51:08.060 [main] TRACE - Resolving type for handle ctbookviewsb864type
11:51:08.063 [main] TRACE - Resolving type for handle ctbookviewf677type
11:51:08.067 [main] TRACE - Resolving type for handle ctsheets49fdtype
11:51:08.069 [main] TRACE - Resolving type for handle propertiesee84doctype
11:51:08.070 [main] TRACE - Resolving type for handle ctproperties3f10type
11:51:08.073 [main] TRACE - Resolving type for handle properties288cdoctype
11:51:08.074 [main] TRACE - Resolving type for handle ctproperties2c18type
11:51:08.077 [main] TRACE - Resolving type for handle sstf81fdoctype
11:51:08.078 [main] TRACE - Resolving type for handle ctsst44f3type
11:51:08.083 [main] TRACE - Resolving type for handle stylesheet5d8bdoctype
11:51:08.084 [main] TRACE - Resolving type for handle ctstylesheet4257type
11:51:08.086 [main] TRACE - Resolving type for handle ctfont14d8type
11:51:08.090 [main] TRACE - Resolving type for handle ctfontsizeb3b9type
11:51:08.094 [main] TRACE - Resolving type for handle ctcolord2c2type
11:51:08.095 [main] TRACE - Resolving type for handle ctfontname2dc3type
11:51:08.097 [main] TRACE - Resolving type for handle stxstringf179type
11:51:08.099 [main] TRACE - Resolving type for handle ctfontfamily685ctype
11:51:08.100 [main] TRACE - Resolving type for handle stfontfamily9c6ctype
11:51:08.102 [main] TRACE - Resolving type for handle ctfontschemebf5dtype
11:51:08.104 [main] TRACE - Resolving type for handle stfontschemef36dtype
11:51:08.106 [main] TRACE - Resolving type for handle ctfill550ctype
11:51:08.108 [main] TRACE - Resolving type for handle ctpatternfill7452type
11:51:08.110 [main] TRACE - Resolving type for handle stpatterntype7939type
11:51:08.113 [main] TRACE - Resolving type for handle ctborderf935type
11:51:08.115 [main] TRACE - Resolving type for handle ctborderpre497type
11:51:08.119 [main] TRACE - Resolving type for handle ctxf97f7type
11:51:08.122 [main] TRACE - Resolving type for handle stnumfmtid76fbtype
11:51:08.122 [main] TRACE - Resolving type for handle stfontid9d63type
11:51:08.123 [main] TRACE - Resolving type for handle stfillida097type
11:51:08.124 [main] TRACE - Resolving type for handle stborderid1a80type
11:51:08.125 [main] TRACE - Resolving type for handle stcellstylexfid70c7type
11:51:08.129 [main] TRACE - Resolving type for handle ctsheet4dbetype
11:51:08.133 [main] TRACE - Resolving type for handle ctworksheet530dtype
11:51:08.138 [main] TRACE - Resolving type for handle ctsheetformatprdef7type
11:51:08.141 [main] TRACE - Resolving type for handle ctsheetviewsb918type
11:51:08.142 [main] TRACE - Resolving type for handle ctsheetview0f43type
11:51:08.146 [main] TRACE - Resolving type for handle ctsheetdimensiond310type
11:51:08.146 [main] TRACE - Resolving type for handle stref90a2type
11:51:08.147 [main] TRACE - Resolving type for handle ctsheetdata8408type
11:51:08.149 [main] TRACE - Resolving type for handle ctpagemargins5455type
11:51:08.154 [main] TRACE - Resolving type for handle ctcols627ctype
11:51:08.156 [main] TRACE - Resolving type for handle strelationshipid1e94type
11:51:08.158 [main] TRACE - Resolving type for handle ctrowdd39type
11:51:08.166 [main] TRACE - Resolving type for handle ctcell842btype
11:51:08.172 [main] TRACE - Resolving type for handle stcellrefe4e0type
11:51:08.174 [main] TRACE - Resolving type for handle ctrsta472type
11:51:08.176 [main] TRACE - Resolving type for handle stcelltypebf95type
11:51:08.200 [main] TRACE - Resolving type for handle ctnumfmtsb58btype
11:51:08.202 [main] TRACE - Resolving type for handle ctfonts6623type
11:51:08.205 [main] TRACE - Resolving type for handle ctfills2c6ftype
11:51:08.207 [main] TRACE - Resolving type for handle ctborders0d66type
11:51:08.208 [main] TRACE - Resolving type for handle ctcellxfs1322type
11:51:08.210 [main] TRACE - Resolving type for handle ctcellstylexfsa81ftype
11:51:08.225 [main] DEBUG - Save core properties part
11:51:08.225 [main] DEBUG - Save content types part
11:51:08.287 [main] DEBUG - Save package relationships
11:51:08.291 [main] DEBUG - Save part 'docProps/app.xml'
11:51:08.293 [main] DEBUG - Save part 'docProps/core.xml'
11:51:08.299 [main] DEBUG - Save part 'xl/sharedStrings.xml'
11:51:08.300 [main] DEBUG - Save part 'xl/styles.xml'
11:51:08.300 [main] DEBUG - Save part 'xl/workbook.xml'
11:51:08.302 [main] DEBUG - Save part 'xl/worksheets/sheet1.xml'
11:51:08.305 [main] DEBUG - Save content types part
11:51:08.306 [main] DEBUG - Save package relationships
11:51:08.307 [main] DEBUG - Save part 'docProps/app.xml'
11:51:08.307 [main] DEBUG - Save part 'docProps/core.xml'
11:51:08.308 [main] DEBUG - Save part 'xl/sharedStrings.xml'
11:51:08.309 [main] DEBUG - Save part 'xl/styles.xml'
11:51:08.309 [main] DEBUG - Save part 'xl/workbook.xml'
11:51:08.310 [main] DEBUG - Save part 'xl/worksheets/sheet1.xml'
11:51:39.164 [main] DEBUG - Parsing relationship: /xl/_rels/workbook.xml.rels
11:51:39.165 [main] DEBUG - Parsing relationship: /_rels/.rels
11:51:39.179 [main] TRACE - Resolving type for handle themefd26doctype
11:51:39.196 [main] TRACE - Resolving type for handle ctdxfsb26atype
11:51:39.198 [main] TRACE - Resolving type for handle cttablestyles872ftype
11:51:39.210 [main] TRACE - Resolving type for handle workbookec17doctype
11:51:39.213 [main] TRACE - Resolving type for handle worksheetf539doctype
11:51:39.218 [main] TRACE - Resolving type for handle ctcola95ftype
11:51:40.266 [main] DEBUG - Save core properties part
11:51:40.266 [main] DEBUG - Save content types part
11:51:40.267 [main] DEBUG - Save package relationships
11:51:40.268 [main] DEBUG - Save part 'docProps/app.xml'
11:51:40.268 [main] DEBUG - Save part 'docProps/core.xml'
11:51:40.272 [main] DEBUG - Save part 'xl/sharedStrings.xml'
11:51:40.273 [main] DEBUG - Save part 'xl/styles.xml'
11:51:40.273 [main] DEBUG - Save part 'xl/workbook.xml'
11:51:40.275 [main] DEBUG - Save part 'xl/worksheets/sheet1.xml'
11:51:40.277 [main] DEBUG - Save content types part
11:51:40.279 [main] DEBUG - Save package relationships
11:51:40.280 [main] DEBUG - Save part 'docProps/app.xml'
11:51:40.281 [main] DEBUG - Save part 'docProps/core.xml'
11:51:40.282 [main] DEBUG - Save part 'xl/sharedStrings.xml'
11:51:40.282 [main] DEBUG - Save part 'xl/styles.xml'
11:51:40.282 [main] DEBUG - Save part 'xl/workbook.xml'
11:51:40.285 [main] DEBUG - Save part 'xl/worksheets/sheet1.xml'
11:51:58.680 [main] DEBUG - Save core properties part
11:51:58.680 [main] DEBUG - Save content types part
11:51:58.681 [main] DEBUG - Save package relationships
11:51:58.682 [main] DEBUG - Save part 'docProps/app.xml'
11:51:58.682 [main] DEBUG - Save part 'docProps/core.xml'
11:51:58.683 [main] DEBUG - Save part 'xl/sharedStrings.xml'
11:51:58.683 [main] DEBUG - Save part 'xl/styles.xml'
11:51:58.683 [main] DEBUG - Save part 'xl/workbook.xml'
11:51:58.684 [main] DEBUG - Save part 'xl/worksheets/sheet1.xml'
11:51:58.685 [main] DEBUG - Save content types part
11:51:58.685 [main] DEBUG - Save package relationships
11:51:58.686 [main] DEBUG - Save part 'docProps/app.xml'
11:51:58.686 [main] DEBUG - Save part 'docProps/core.xml'
11:51:58.687 [main] DEBUG - Save part 'xl/sharedStrings.xml'
11:51:58.687 [main] DEBUG - Save part 'xl/styles.xml'
11:51:58.687 [main] DEBUG - Save part 'xl/workbook.xml'
11:51:58.688 [main] DEBUG - Save part 'xl/worksheets/sheet1.xml'
11:56:47.808 [main] TRACE - Loading type system org.apache.poi.schemas.ooxml.system.ooxml
11:56:47.814 [main] TRACE - Loading type system org.apache.xmlbeans.metadata.system.sXMLCONFIG
11:56:47.815 [main] TRACE - Loading type system org.apache.xmlbeans.metadata.system.sXMLLANG
11:56:47.815 [main] TRACE - Loading type system org.apache.xmlbeans.metadata.system.sXMLSCHEMA
11:56:47.816 [main] TRACE - Loading type system org.apache.xmlbeans.metadata.system.sXMLTOOLS
11:56:47.818 [main] TRACE - Reading unresolved handles for type system org.apache.xmlbeans.metadata.system.sXMLTOOLS
11:56:47.827 [main] TRACE - Finished loading type system org.apache.xmlbeans.metadata.system.sXMLTOOLS
11:56:47.827 [main] TRACE - Reading unresolved handles for type system org.apache.xmlbeans.metadata.system.sXMLSCHEMA
11:56:47.831 [main] TRACE - Finished loading type system org.apache.xmlbeans.metadata.system.sXMLSCHEMA
11:56:47.832 [main] TRACE - Reading unresolved handles for type system org.apache.xmlbeans.metadata.system.sXMLLANG
11:56:47.833 [main] TRACE - Finished loading type system org.apache.xmlbeans.metadata.system.sXMLLANG
11:56:47.834 [main] TRACE - Reading unresolved handles for type system org.apache.xmlbeans.metadata.system.sXMLCONFIG
11:56:47.835 [main] TRACE - Finished loading type system org.apache.xmlbeans.metadata.system.sXMLCONFIG
11:56:47.835 [main] TRACE - Reading unresolved handles for type system org.apache.poi.schemas.ooxml.system.ooxml
11:56:47.871 [main] TRACE - Finished loading type system org.apache.poi.schemas.ooxml.system.ooxml
11:56:47.872 [main] TRACE - Resolving type for handle ctworkbook83c3type
11:56:47.906 [main] TRACE - Resolving type for handle ctworkbookpr03a5type
11:56:47.912 [main] TRACE - Resolving type for handle ctbookviewsb864type
11:56:47.913 [main] TRACE - Resolving type for handle ctbookviewf677type
11:56:47.916 [main] TRACE - Resolving type for handle ctsheets49fdtype
11:56:47.918 [main] TRACE - Resolving type for handle propertiesee84doctype
11:56:47.919 [main] TRACE - Resolving type for handle ctproperties3f10type
11:56:47.924 [main] TRACE - Resolving type for handle properties288cdoctype
11:56:47.925 [main] TRACE - Resolving type for handle ctproperties2c18type
11:56:47.929 [main] TRACE - Resolving type for handle sstf81fdoctype
11:56:47.931 [main] TRACE - Resolving type for handle ctsst44f3type
11:56:47.935 [main] TRACE - Resolving type for handle stylesheet5d8bdoctype
11:56:47.936 [main] TRACE - Resolving type for handle ctstylesheet4257type
11:56:47.943 [main] TRACE - Resolving type for handle ctfont14d8type
11:56:47.947 [main] TRACE - Resolving type for handle ctfontsizeb3b9type
11:56:47.950 [main] TRACE - Resolving type for handle ctcolord2c2type
11:56:47.952 [main] TRACE - Resolving type for handle ctfontname2dc3type
11:56:47.956 [main] TRACE - Resolving type for handle stxstringf179type
11:56:47.959 [main] TRACE - Resolving type for handle ctfontfamily685ctype
11:56:47.960 [main] TRACE - Resolving type for handle stfontfamily9c6ctype
11:56:47.962 [main] TRACE - Resolving type for handle ctfontschemebf5dtype
11:56:47.965 [main] TRACE - Resolving type for handle stfontschemef36dtype
11:56:47.968 [main] TRACE - Resolving type for handle ctfill550ctype
11:56:47.969 [main] TRACE - Resolving type for handle ctpatternfill7452type
11:56:47.973 [main] TRACE - Resolving type for handle stpatterntype7939type
11:56:47.975 [main] TRACE - Resolving type for handle ctborderf935type
11:56:47.977 [main] TRACE - Resolving type for handle ctborderpre497type
11:56:47.981 [main] TRACE - Resolving type for handle ctxf97f7type
11:56:47.984 [main] TRACE - Resolving type for handle stnumfmtid76fbtype
11:56:47.985 [main] TRACE - Resolving type for handle stfontid9d63type
11:56:47.988 [main] TRACE - Resolving type for handle stfillida097type
11:56:47.991 [main] TRACE - Resolving type for handle stborderid1a80type
11:56:47.993 [main] TRACE - Resolving type for handle stcellstylexfid70c7type
11:56:47.998 [main] TRACE - Resolving type for handle ctsheet4dbetype
