20:58:20.392 [TestNG-test=Cucumber Tests-2] DEBUG - Save package relationships
20:58:20.412 [TestNG-test=Cucumber Tests-2] DEBUG - Save part 'docProps/app.xml'
20:58:20.413 [TestNG-test=Cucumber Tests-2] DEBUG - Save part 'docProps/core.xml'
20:58:20.415 [TestNG-test=Cucumber Tests-2] DEBUG - Save part 'xl/sharedStrings.xml'
20:58:20.416 [TestNG-test=Cucumber Tests-2] DEBUG - Save part 'xl/styles.xml'
20:58:20.416 [TestNG-test=Cucumber Tests-2] DEBUG - Save part 'xl/workbook.xml'
20:58:20.420 [TestNG-test=Cucumber Tests-2] DEBUG - Save part 'xl/worksheets/sheet1.xml'
20:58:20.421 [TestNG-test=Cucumber Tests-2] DEBUG - Save content types part
20:58:20.424 [TestNG-test=Cucumber Tests-2] DEBUG - Save package relationships
20:58:20.426 [TestNG-test=Cucumber Tests-2] DEBUG - Save part 'docProps/app.xml'
20:58:20.427 [TestNG-test=Cucumber Tests-2] DEBUG - Save part 'docProps/core.xml'
20:58:20.429 [TestNG-test=Cucumber Tests-2] DEBUG - Save part 'xl/sharedStrings.xml'
20:58:20.430 [TestNG-test=Cucumber Tests-2] DEBUG - Save part 'xl/styles.xml'
20:58:20.430 [TestNG-test=Cucumber Tests-2] DEBUG - Save part 'xl/workbook.xml'
20:58:20.432 [TestNG-test=Cucumber Tests-2] DEBUG - Save part 'xl/worksheets/sheet1.xml'
20:58:28.460 [TestNG-test=Cucumber Tests-1] DEBUG - Save core properties part
20:58:28.461 [TestNG-test=Cucumber Tests-1] DEBUG - Save content types part
20:58:28.462 [TestNG-test=Cucumber Tests-1] DEBUG - Save package relationships
20:58:28.463 [TestNG-test=Cucumber Tests-1] DEBUG - Save part 'docProps/app.xml'
20:58:28.464 [TestNG-test=Cucumber Tests-1] DEBUG - Save part 'docProps/core.xml'
20:58:28.466 [TestNG-test=Cucumber Tests-1] DEBUG - Save part 'xl/sharedStrings.xml'
20:58:28.466 [TestNG-test=Cucumber Tests-1] DEBUG - Save part 'xl/styles.xml'
20:58:28.466 [TestNG-test=Cucumber Tests-1] DEBUG - Save part 'xl/workbook.xml'
20:58:28.467 [TestNG-test=Cucumber Tests-1] DEBUG - Save part 'xl/worksheets/sheet1.xml'
20:58:28.468 [TestNG-test=Cucumber Tests-1] DEBUG - Save content types part
20:58:28.469 [TestNG-test=Cucumber Tests-1] DEBUG - Save package relationships
20:58:28.469 [TestNG-test=Cucumber Tests-1] DEBUG - Save part 'docProps/app.xml'
20:58:28.470 [TestNG-test=Cucumber Tests-1] DEBUG - Save part 'docProps/core.xml'
20:58:28.470 [TestNG-test=Cucumber Tests-1] DEBUG - Save part 'xl/sharedStrings.xml'
20:58:28.470 [TestNG-test=Cucumber Tests-1] DEBUG - Save part 'xl/styles.xml'
20:58:28.471 [TestNG-test=Cucumber Tests-1] DEBUG - Save part 'xl/workbook.xml'
20:58:28.471 [TestNG-test=Cucumber Tests-1] DEBUG - Save part 'xl/worksheets/sheet1.xml'
11:25:25.133 [main] TRACE - Loading type system org.apache.poi.schemas.ooxml.system.ooxml
11:25:25.151 [main] TRACE - Loading type system org.apache.xmlbeans.metadata.system.sXMLCONFIG
11:25:25.152 [main] TRACE - Loading type system org.apache.xmlbeans.metadata.system.sXMLLANG
11:25:25.153 [main] TRACE - Loading type system org.apache.xmlbeans.metadata.system.sXMLSCHEMA
11:25:25.155 [main] TRACE - Loading type system org.apache.xmlbeans.metadata.system.sXMLTOOLS
11:25:25.158 [main] TRACE - Reading unresolved handles for type system org.apache.xmlbeans.metadata.system.sXMLTOOLS
11:25:25.182 [main] TRACE - Finished loading type system org.apache.xmlbeans.metadata.system.sXMLTOOLS
11:25:25.183 [main] TRACE - Reading unresolved handles for type system org.apache.xmlbeans.metadata.system.sXMLSCHEMA
11:25:25.196 [main] TRACE - Finished loading type system org.apache.xmlbeans.metadata.system.sXMLSCHEMA
11:25:25.198 [main] TRACE - Reading unresolved handles for type system org.apache.xmlbeans.metadata.system.sXMLLANG
11:25:25.199 [main] TRACE - Finished loading type system org.apache.xmlbeans.metadata.system.sXMLLANG
11:25:25.201 [main] TRACE - Reading unresolved handles for type system org.apache.xmlbeans.metadata.system.sXMLCONFIG
11:25:25.203 [main] TRACE - Finished loading type system org.apache.xmlbeans.metadata.system.sXMLCONFIG
11:25:25.205 [main] TRACE - Reading unresolved handles for type system org.apache.poi.schemas.ooxml.system.ooxml
11:25:25.301 [main] TRACE - Finished loading type system org.apache.poi.schemas.ooxml.system.ooxml
11:25:25.302 [main] TRACE - Resolving type for handle ctworkbook83c3type
11:25:25.378 [main] TRACE - Resolving type for handle ctworkbookpr03a5type
11:25:25.391 [main] TRACE - Resolving type for handle ctbookviewsb864type
11:25:25.393 [main] TRACE - Resolving type for handle ctbookviewf677type
11:25:25.406 [main] TRACE - Resolving type for handle ctsheets49fdtype
11:25:25.411 [main] TRACE - Resolving type for handle propertiesee84doctype
11:25:25.415 [main] TRACE - Resolving type for handle ctproperties3f10type
11:25:25.422 [main] TRACE - Resolving type for handle properties288cdoctype
11:25:25.429 [main] TRACE - Resolving type for handle ctproperties2c18type
11:25:25.438 [main] TRACE - Resolving type for handle sstf81fdoctype
11:25:25.440 [main] TRACE - Resolving type for handle ctsst44f3type
11:25:25.447 [main] TRACE - Resolving type for handle stylesheet5d8bdoctype
11:25:25.451 [main] TRACE - Resolving type for handle ctstylesheet4257type
11:25:25.456 [main] TRACE - Resolving type for handle ctfont14d8type
11:25:25.465 [main] TRACE - Resolving type for handle ctfontsizeb3b9type
11:25:25.469 [main] TRACE - Resolving type for handle ctcolord2c2type
11:25:25.472 [main] TRACE - Resolving type for handle ctfontname2dc3type
11:25:25.476 [main] TRACE - Resolving type for handle stxstringf179type
11:25:25.479 [main] TRACE - Resolving type for handle ctfontfamily685ctype
11:25:25.481 [main] TRACE - Resolving type for handle stfontfamily9c6ctype
11:25:25.486 [main] TRACE - Resolving type for handle ctfontschemebf5dtype
11:25:25.491 [main] TRACE - Resolving type for handle stfontschemef36dtype
11:25:25.497 [main] TRACE - Resolving type for handle ctfill550ctype
11:25:25.501 [main] TRACE - Resolving type for handle ctpatternfill7452type
11:25:25.505 [main] TRACE - Resolving type for handle stpatterntype7939type
11:25:25.509 [main] TRACE - Resolving type for handle ctborderf935type
11:25:25.513 [main] TRACE - Resolving type for handle ctborderpre497type
11:25:25.519 [main] TRACE - Resolving type for handle ctxf97f7type
11:25:25.524 [main] TRACE - Resolving type for handle stnumfmtid76fbtype
11:25:25.526 [main] TRACE - Resolving type for handle stfontid9d63type
11:25:25.528 [main] TRACE - Resolving type for handle stfillida097type
11:25:25.530 [main] TRACE - Resolving type for handle stborderid1a80type
11:25:25.532 [main] TRACE - Resolving type for handle stcellstylexfid70c7type
11:25:25.539 [main] TRACE - Resolving type for handle ctsheet4dbetype
11:25:25.547 [main] TRACE - Resolving type for handle ctworksheet530dtype
11:25:25.556 [main] TRACE - Resolving type for handle ctsheetformatprdef7type
11:25:25.564 [main] TRACE - Resolving type for handle ctsheetviewsb918type
11:25:25.568 [main] TRACE - Resolving type for handle ctsheetview0f43type
11:25:25.579 [main] TRACE - Resolving type for handle ctsheetdimensiond310type
11:25:25.582 [main] TRACE - Resolving type for handle stref90a2type
11:25:25.584 [main] TRACE - Resolving type for handle ctsheetdata8408type
11:25:25.587 [main] TRACE - Resolving type for handle ctpagemargins5455type
11:25:25.596 [main] TRACE - Resolving type for handle ctcols627ctype
11:25:25.599 [main] TRACE - Resolving type for handle strelationshipid1e94type
11:25:25.602 [main] TRACE - Resolving type for handle ctrowdd39type
11:25:25.612 [main] TRACE - Resolving type for handle ctcell842btype
11:25:25.624 [main] TRACE - Resolving type for handle stcellrefe4e0type
11:25:25.628 [main] TRACE - Resolving type for handle ctrsta472type
11:25:25.633 [main] TRACE - Resolving type for handle stcelltypebf95type
11:25:25.690 [main] TRACE - Resolving type for handle ctnumfmtsb58btype
11:25:25.693 [main] TRACE - Resolving type for handle ctfonts6623type
11:25:25.699 [main] TRACE - Resolving type for handle ctfills2c6ftype
11:25:25.704 [main] TRACE - Resolving type for handle ctborders0d66type
11:25:25.707 [main] TRACE - Resolving type for handle ctcellxfs1322type
11:25:25.711 [main] TRACE - Resolving type for handle ctcellstylexfsa81ftype
11:25:25.742 [main] DEBUG - Save core properties part
11:25:25.742 [main] DEBUG - Save content types part
11:25:25.886 [main] DEBUG - Save package relationships
11:25:25.896 [main] DEBUG - Save part 'docProps/app.xml'
11:25:25.901 [main] DEBUG - Save part 'docProps/core.xml'
11:25:25.913 [main] DEBUG - Save part 'xl/sharedStrings.xml'
11:25:25.913 [main] DEBUG - Save part 'xl/styles.xml'
11:25:25.914 [main] DEBUG - Save part 'xl/workbook.xml'
11:25:25.916 [main] DEBUG - Save part 'xl/worksheets/sheet1.xml'
11:25:25.921 [main] DEBUG - Save content types part
11:25:25.923 [main] DEBUG - Save package relationships
11:25:25.924 [main] DEBUG - Save part 'docProps/app.xml'
11:25:25.925 [main] DEBUG - Save part 'docProps/core.xml'
11:25:25.926 [main] DEBUG - Save part 'xl/sharedStrings.xml'
11:25:25.927 [main] DEBUG - Save part 'xl/styles.xml'
11:25:25.927 [main] DEBUG - Save part 'xl/workbook.xml'
11:25:25.928 [main] DEBUG - Save part 'xl/worksheets/sheet1.xml'
11:36:33.512 [main] TRACE - Loading type system org.apache.poi.schemas.ooxml.system.ooxml
11:36:33.525 [main] TRACE - Loading type system org.apache.xmlbeans.metadata.system.sXMLCONFIG
11:36:33.526 [main] TRACE - Loading type system org.apache.xmlbeans.metadata.system.sXMLLANG
11:36:33.527 [main] TRACE - Loading type system org.apache.xmlbeans.metadata.system.sXMLSCHEMA
11:36:33.528 [main] TRACE - Loading type system org.apache.xmlbeans.metadata.system.sXMLTOOLS
11:36:33.531 [main] TRACE - Reading unresolved handles for type system org.apache.xmlbeans.metadata.system.sXMLTOOLS
11:36:33.557 [main] TRACE - Finished loading type system org.apache.xmlbeans.metadata.system.sXMLTOOLS
11:36:33.559 [main] TRACE - Reading unresolved handles for type system org.apache.xmlbeans.metadata.system.sXMLSCHEMA
11:36:33.568 [main] TRACE - Finished loading type system org.apache.xmlbeans.metadata.system.sXMLSCHEMA
11:36:33.571 [main] TRACE - Reading unresolved handles for type system org.apache.xmlbeans.metadata.system.sXMLLANG
11:36:33.573 [main] TRACE - Finished loading type system org.apache.xmlbeans.metadata.system.sXMLLANG
11:36:33.575 [main] TRACE - Reading unresolved handles for type system org.apache.xmlbeans.metadata.system.sXMLCONFIG
11:36:33.577 [main] TRACE - Finished loading type system org.apache.xmlbeans.metadata.system.sXMLCONFIG
11:36:33.578 [main] TRACE - Reading unresolved handles for type system org.apache.poi.schemas.ooxml.system.ooxml
11:36:33.655 [main] TRACE - Finished loading type system org.apache.poi.schemas.ooxml.system.ooxml
11:36:33.657 [main] TRACE - Resolving type for handle ctworkbook83c3type
11:36:33.728 [main] TRACE - Resolving type for handle ctworkbookpr03a5type
11:36:33.743 [main] TRACE - Resolving type for handle ctbookviewsb864type
11:36:33.746 [main] TRACE - Resolving type for handle ctbookviewf677type
11:36:33.758 [main] TRACE - Resolving type for handle ctsheets49fdtype
11:36:33.763 [main] TRACE - Resolving type for handle propertiesee84doctype
11:36:33.772 [main] TRACE - Resolving type for handle ctproperties3f10type
11:36:33.780 [main] TRACE - Resolving type for handle properties288cdoctype
11:36:33.784 [main] TRACE - Resolving type for handle ctproperties2c18type
11:36:33.794 [main] TRACE - Resolving type for handle sstf81fdoctype
11:36:33.796 [main] TRACE - Resolving type for handle ctsst44f3type
11:36:33.804 [main] TRACE - Resolving type for handle stylesheet5d8bdoctype
11:36:33.806 [main] TRACE - Resolving type for handle ctstylesheet4257type
11:36:33.814 [main] TRACE - Resolving type for handle ctfont14d8type
11:36:33.828 [main] TRACE - Resolving type for handle ctfontsizeb3b9type
11:36:33.835 [main] TRACE - Resolving type for handle ctcolord2c2type
11:36:33.840 [main] TRACE - Resolving type for handle ctfontname2dc3type
11:36:33.843 [main] TRACE - Resolving type for handle stxstringf179type
11:36:33.847 [main] TRACE - Resolving type for handle ctfontfamily685ctype
11:36:33.851 [main] TRACE - Resolving type for handle stfontfamily9c6ctype
11:36:33.858 [main] TRACE - Resolving type for handle ctfontschemebf5dtype
11:36:33.863 [main] TRACE - Resolving type for handle stfontschemef36dtype
11:36:33.868 [main] TRACE - Resolving type for handle ctfill550ctype
11:36:33.871 [main] TRACE - Resolving type for handle ctpatternfill7452type
11:36:33.879 [main] TRACE - Resolving type for handle stpatterntype7939type
11:36:33.883 [main] TRACE - Resolving type for handle ctborderf935type
11:36:33.887 [main] TRACE - Resolving type for handle ctborderpre497type
11:36:33.894 [main] TRACE - Resolving type for handle ctxf97f7type
11:36:33.902 [main] TRACE - Resolving type for handle stnumfmtid76fbtype
11:36:33.904 [main] TRACE - Resolving type for handle stfontid9d63type
11:36:33.906 [main] TRACE - Resolving type for handle stfillida097type
11:36:33.908 [main] TRACE - Resolving type for handle stborderid1a80type
11:36:33.911 [main] TRACE - Resolving type for handle stcellstylexfid70c7type
11:36:33.920 [main] TRACE - Resolving type for handle ctsheet4dbetype
11:36:33.927 [main] TRACE - Resolving type for handle ctworksheet530dtype
11:36:33.932 [main] TRACE - Resolving type for handle ctsheetformatprdef7type
11:36:33.942 [main] TRACE - Resolving type for handle ctsheetviewsb918type
11:36:33.945 [main] TRACE - Resolving type for handle ctsheetview0f43type
11:36:33.953 [main] TRACE - Resolving type for handle ctsheetdimensiond310type
11:36:33.956 [main] TRACE - Resolving type for handle stref90a2type
11:36:33.958 [main] TRACE - Resolving type for handle ctsheetdata8408type
11:36:33.961 [main] TRACE - Resolving type for handle ctpagemargins5455type
11:36:33.971 [main] TRACE - Resolving type for handle ctcols627ctype
11:36:33.976 [main] TRACE - Resolving type for handle strelationshipid1e94type
11:36:33.978 [main] TRACE - Resolving type for handle ctrowdd39type
11:36:33.987 [main] TRACE - Resolving type for handle ctcell842btype
11:36:33.999 [main] TRACE - Resolving type for handle stcellrefe4e0type
11:36:34.005 [main] TRACE - Resolving type for handle ctrsta472type
11:36:34.009 [main] TRACE - Resolving type for handle stcelltypebf95type
11:36:34.063 [main] TRACE - Resolving type for handle ctnumfmtsb58btype
11:36:34.066 [main] TRACE - Resolving type for handle ctfonts6623type
11:36:34.073 [main] TRACE - Resolving type for handle ctfills2c6ftype
11:36:34.077 [main] TRACE - Resolving type for handle ctborders0d66type
11:36:34.080 [main] TRACE - Resolving type for handle ctcellxfs1322type
11:36:34.085 [main] TRACE - Resolving type for handle ctcellstylexfsa81ftype
11:36:34.121 [main] DEBUG - Save core properties part
11:36:34.121 [main] DEBUG - Save content types part
11:36:34.287 [main] DEBUG - Save package relationships
11:36:34.298 [main] DEBUG - Save part 'docProps/app.xml'
11:36:34.303 [main] DEBUG - Save part 'docProps/core.xml'
11:36:34.322 [main] DEBUG - Save part 'xl/sharedStrings.xml'
11:36:34.323 [main] DEBUG - Save part 'xl/styles.xml'
11:36:34.323 [main] DEBUG - Save part 'xl/workbook.xml'
11:36:34.326 [main] DEBUG - Save part 'xl/worksheets/sheet1.xml'
11:36:34.331 [main] DEBUG - Save content types part
11:36:34.333 [main] DEBUG - Save package relationships
11:36:34.336 [main] DEBUG - Save part 'docProps/app.xml'
11:36:34.337 [main] DEBUG - Save part 'docProps/core.xml'
11:36:34.339 [main] DEBUG - Save part 'xl/sharedStrings.xml'
11:36:34.340 [main] DEBUG - Save part 'xl/styles.xml'
11:36:34.340 [main] DEBUG - Save part 'xl/workbook.xml'
11:36:34.343 [main] DEBUG - Save part 'xl/worksheets/sheet1.xml'
12:16:59.140 [TestNG-test-Cucumber Tests-3] DEBUG - Parsing relationship: /xl/_rels/workbook.xml.rels
12:16:59.191 [TestNG-test-Cucumber Tests-3] DEBUG - Parsing relationship: /_rels/.rels
12:16:59.568 [TestNG-test-Cucumber Tests-3] TRACE - Loading type system org.apache.poi.schemas.ooxml.system.ooxml
12:16:59.572 [TestNG-test-Cucumber Tests-3] TRACE - Loading type system org.apache.xmlbeans.metadata.system.sXMLCONFIG
12:16:59.573 [TestNG-test-Cucumber Tests-3] TRACE - Loading type system org.apache.xmlbeans.metadata.system.sXMLLANG
12:16:59.574 [TestNG-test-Cucumber Tests-3] TRACE - Loading type system org.apache.xmlbeans.metadata.system.sXMLSCHEMA
12:16:59.575 [TestNG-test-Cucumber Tests-3] TRACE - Loading type system org.apache.xmlbeans.metadata.system.sXMLTOOLS
12:16:59.579 [TestNG-test-Cucumber Tests-3] TRACE - Reading unresolved handles for type system org.apache.xmlbeans.metadata.system.sXMLTOOLS
12:16:59.603 [TestNG-test-Cucumber Tests-3] TRACE - Finished loading type system org.apache.xmlbeans.metadata.system.sXMLTOOLS
12:16:59.606 [TestNG-test-Cucumber Tests-3] TRACE - Reading unresolved handles for type system org.apache.xmlbeans.metadata.system.sXMLSCHEMA
12:16:59.615 [TestNG-test-Cucumber Tests-3] TRACE - Finished loading type system org.apache.xmlbeans.metadata.system.sXMLSCHEMA
12:16:59.617 [TestNG-test-Cucumber Tests-3] TRACE - Reading unresolved handles for type system org.apache.xmlbeans.metadata.system.sXMLLANG
12:16:59.619 [TestNG-test-Cucumber Tests-3] TRACE - Finished loading type system org.apache.xmlbeans.metadata.system.sXMLLANG
12:16:59.623 [TestNG-test-Cucumber Tests-3] TRACE - Reading unresolved handles for type system org.apache.xmlbeans.metadata.system.sXMLCONFIG
12:16:59.625 [TestNG-test-Cucumber Tests-3] TRACE - Finished loading type system org.apache.xmlbeans.metadata.system.sXMLCONFIG
12:16:59.626 [TestNG-test-Cucumber Tests-3] TRACE - Reading unresolved handles for type system org.apache.poi.schemas.ooxml.system.ooxml
12:16:59.707 [TestNG-test-Cucumber Tests-3] TRACE - Finished loading type system org.apache.poi.schemas.ooxml.system.ooxml
12:16:59.708 [TestNG-test-Cucumber Tests-3] TRACE - Resolving type for handle themefd26doctype
12:16:59.825 [TestNG-test-Cucumber Tests-3] TRACE - Resolving type for handle stylesheet5d8bdoctype
12:16:59.835 [TestNG-test-Cucumber Tests-3] TRACE - Resolving type for handle ctstylesheet4257type
12:16:59.843 [TestNG-test-Cucumber Tests-3] TRACE - Resolving type for handle ctfonts6623type
12:16:59.850 [TestNG-test-Cucumber Tests-3] TRACE - Resolving type for handle ctfont14d8type
12:16:59.859 [TestNG-test-Cucumber Tests-3] TRACE - Resolving type for handle ctfills2c6ftype
12:16:59.865 [TestNG-test-Cucumber Tests-3] TRACE - Resolving type for handle ctfill550ctype
12:16:59.868 [TestNG-test-Cucumber Tests-3] TRACE - Resolving type for handle ctborders0d66type
12:16:59.872 [TestNG-test-Cucumber Tests-3] TRACE - Resolving type for handle ctborderf935type
12:16:59.880 [TestNG-test-Cucumber Tests-3] TRACE - Resolving type for handle ctcellxfs1322type
12:16:59.885 [TestNG-test-Cucumber Tests-3] TRACE - Resolving type for handle ctxf97f7type
12:16:59.889 [TestNG-test-Cucumber Tests-3] TRACE - Resolving type for handle ctcellstylexfsa81ftype
12:16:59.894 [TestNG-test-Cucumber Tests-3] TRACE - Resolving type for handle ctdxfsb26atype
12:16:59.900 [TestNG-test-Cucumber Tests-3] TRACE - Resolving type for handle cttablestyles872ftype
12:16:59.905 [TestNG-test-Cucumber Tests-3] TRACE - Resolving type for handle sstf81fdoctype
12:16:59.915 [TestNG-test-Cucumber Tests-3] TRACE - Resolving type for handle ctsst44f3type
12:16:59.932 [TestNG-test-Cucumber Tests-3] TRACE - Resolving type for handle ctrsta472type
12:16:59.969 [TestNG-test-Cucumber Tests-3] TRACE - Resolving type for handle workbookec17doctype
12:16:59.975 [TestNG-test-Cucumber Tests-3] TRACE - Resolving type for handle ctworkbook83c3type
12:16:59.985 [TestNG-test-Cucumber Tests-3] TRACE - Resolving type for handle ctsheets49fdtype
12:16:59.988 [TestNG-test-Cucumber Tests-3] TRACE - Resolving type for handle ctsheet4dbetype
12:16:59.990 [TestNG-test-Cucumber Tests-3] TRACE - Resolving type for handle strelationshipid1e94type
12:16:59.994 [TestNG-test-Cucumber Tests-3] TRACE - Resolving type for handle worksheetf539doctype
12:17:00.007 [TestNG-test-Cucumber Tests-3] TRACE - Resolving type for handle ctworksheet530dtype
12:17:00.018 [TestNG-test-Cucumber Tests-3] TRACE - Resolving type for handle ctsheetdata8408type
12:17:00.023 [TestNG-test-Cucumber Tests-3] TRACE - Resolving type for handle ctrowdd39type
12:17:00.033 [TestNG-test-Cucumber Tests-3] TRACE - Resolving type for handle ctcell842btype
12:17:00.049 [TestNG-test-Cucumber Tests-3] TRACE - Resolving type for handle stcellrefe4e0type
12:17:00.070 [TestNG-test-Cucumber Tests-3] TRACE - Resolving type for handle ctcols627ctype
12:17:00.082 [TestNG-test-Cucumber Tests-3] TRACE - Resolving type for handle ctcola95ftype
12:17:00.119 [TestNG-test-Cucumber Tests-3] TRACE - Resolving type for handle stxstringf179type
12:17:00.125 [TestNG-test-Cucumber Tests-3] TRACE - Resolving type for handle stcelltypebf95type
12:17:00.148 [TestNG-test-Cucumber Tests-3] TRACE - Resolving type for handle stcellstylexfid70c7type
12:17:00.152 [TestNG-test-Cucumber Tests-3] TRACE - Resolving type for handle stnumfmtid76fbtype
12:17:05.479 [TestNG-test-Cucumber Tests-3] TRACE - Resolving type for handle ctworkbookpr03a5type
12:17:05.486 [TestNG-test-Cucumber Tests-3] TRACE - Resolving type for handle ctbookviewsb864type
12:17:05.490 [TestNG-test-Cucumber Tests-3] TRACE - Resolving type for handle ctbookviewf677type
12:17:05.501 [TestNG-test-Cucumber Tests-3] TRACE - Resolving type for handle propertiesee84doctype
12:17:05.504 [TestNG-test-Cucumber Tests-3] TRACE - Resolving type for handle ctproperties3f10type
12:17:05.520 [TestNG-test-Cucumber Tests-3] TRACE - Resolving type for handle properties288cdoctype
12:17:05.524 [TestNG-test-Cucumber Tests-3] TRACE - Resolving type for handle ctproperties2c18type
12:17:05.536 [TestNG-test-Cucumber Tests-3] TRACE - Resolving type for handle ctfontsizeb3b9type
12:17:05.540 [TestNG-test-Cucumber Tests-3] TRACE - Resolving type for handle ctcolord2c2type
12:17:05.554 [TestNG-test-Cucumber Tests-3] TRACE - Resolving type for handle ctfontname2dc3type
12:17:05.558 [TestNG-test-Cucumber Tests-3] TRACE - Resolving type for handle ctfontfamily685ctype
12:17:05.566 [TestNG-test-Cucumber Tests-3] TRACE - Resolving type for handle stfontfamily9c6ctype
12:17:05.573 [TestNG-test-Cucumber Tests-3] TRACE - Resolving type for handle ctfontschemebf5dtype
12:17:05.579 [TestNG-test-Cucumber Tests-3] TRACE - Resolving type for handle stfontschemef36dtype
12:17:05.585 [TestNG-test-Cucumber Tests-3] TRACE - Resolving type for handle ctpatternfill7452type
12:17:05.590 [TestNG-test-Cucumber Tests-3] TRACE - Resolving type for handle stpatterntype7939type
12:17:05.600 [TestNG-test-Cucumber Tests-3] TRACE - Resolving type for handle ctborderpre497type
12:17:05.605 [TestNG-test-Cucumber Tests-3] TRACE - Resolving type for handle stfontid9d63type
12:17:05.611 [TestNG-test-Cucumber Tests-3] TRACE - Resolving type for handle stfillida097type
12:17:05.615 [TestNG-test-Cucumber Tests-3] TRACE - Resolving type for handle stborderid1a80type
12:17:05.623 [TestNG-test-Cucumber Tests-3] TRACE - Resolving type for handle ctsheetformatprdef7type
12:17:05.631 [TestNG-test-Cucumber Tests-3] TRACE - Resolving type for handle ctsheetviewsb918type
12:17:05.637 [TestNG-test-Cucumber Tests-3] TRACE - Resolving type for handle ctsheetview0f43type
12:17:05.650 [TestNG-test-Cucumber Tests-3] TRACE - Resolving type for handle ctsheetdimensiond310type
12:17:05.653 [TestNG-test-Cucumber Tests-3] TRACE - Resolving type for handle stref90a2type
12:17:05.657 [TestNG-test-Cucumber Tests-3] TRACE - Resolving type for handle ctpagemargins5455type
12:17:05.695 [TestNG-test-Cucumber Tests-3] TRACE - Resolving type for handle ctnumfmtsb58btype
12:17:05.720 [TestNG-test-Cucumber Tests-3] DEBUG - Save core properties part
12:17:05.720 [TestNG-test-Cucumber Tests-3] DEBUG - Save content types part
12:17:05.855 [TestNG-test-Cucumber Tests-3] DEBUG - Save package relationships
12:17:05.866 [TestNG-test-Cucumber Tests-3] DEBUG - Save part 'docProps/app.xml'
12:17:05.867 [TestNG-test-Cucumber Tests-3] DEBUG - Save part 'docProps/core.xml'
12:17:05.874 [TestNG-test-Cucumber Tests-3] DEBUG - Save part 'xl/sharedStrings.xml'
12:17:05.875 [TestNG-test-Cucumber Tests-3] DEBUG - Save part 'xl/styles.xml'
12:17:05.879 [TestNG-test-Cucumber Tests-3] DEBUG - Save part 'xl/workbook.xml'
12:17:05.884 [TestNG-test-Cucumber Tests-3] DEBUG - Save part 'xl/worksheets/sheet1.xml'
12:17:05.888 [TestNG-test-Cucumber Tests-3] DEBUG - Save content types part
12:17:05.890 [TestNG-test-Cucumber Tests-3] DEBUG - Save package relationships
12:17:05.898 [TestNG-test-Cucumber Tests-3] DEBUG - Save part 'docProps/app.xml'
12:17:05.899 [TestNG-test-Cucumber Tests-3] DEBUG - Save part 'docProps/core.xml'
12:17:05.900 [TestNG-test-Cucumber Tests-3] DEBUG - Save part 'xl/sharedStrings.xml'
12:17:05.902 [TestNG-test-Cucumber Tests-3] DEBUG - Save part 'xl/styles.xml'
12:17:05.902 [TestNG-test-Cucumber Tests-3] DEBUG - Save part 'xl/workbook.xml'
12:17:05.905 [TestNG-test-Cucumber Tests-3] DEBUG - Save part 'xl/worksheets/sheet1.xml'
12:17:09.104 [TestNG-test-Cucumber Tests-4] DEBUG - Save core properties part
12:17:09.105 [TestNG-test-Cucumber Tests-4] DEBUG - Save content types part
12:17:09.115 [TestNG-test-Cucumber Tests-4] DEBUG - Save package relationships
12:17:09.122 [TestNG-test-Cucumber Tests-4] DEBUG - Save part 'docProps/app.xml'
12:17:09.123 [TestNG-test-Cucumber Tests-4] DEBUG - Save part 'docProps/core.xml'
12:17:09.132 [TestNG-test-Cucumber Tests-4] DEBUG - Save part 'xl/sharedStrings.xml'
12:17:09.132 [TestNG-test-Cucumber Tests-4] DEBUG - Save part 'xl/styles.xml'
12:17:09.133 [TestNG-test-Cucumber Tests-4] DEBUG - Save part 'xl/workbook.xml'
12:17:09.136 [TestNG-test-Cucumber Tests-4] DEBUG - Save part 'xl/worksheets/sheet1.xml'
12:17:09.138 [TestNG-test-Cucumber Tests-4] DEBUG - Save content types part
12:17:09.146 [TestNG-test-Cucumber Tests-4] DEBUG - Save package relationships
12:17:09.150 [TestNG-test-Cucumber Tests-4] DEBUG - Save part 'docProps/app.xml'
12:17:09.150 [TestNG-test-Cucumber Tests-4] DEBUG - Save part 'docProps/core.xml'
12:17:09.158 [TestNG-test-Cucumber Tests-4] DEBUG - Save part 'xl/sharedStrings.xml'
12:17:09.161 [TestNG-test-Cucumber Tests-4] DEBUG - Save part 'xl/styles.xml'
12:17:09.165 [TestNG-test-Cucumber Tests-4] DEBUG - Save part 'xl/workbook.xml'
12:17:09.169 [TestNG-test-Cucumber Tests-4] DEBUG - Save part 'xl/worksheets/sheet1.xml'
12:18:06.543 [TestNG-test-Cucumber Tests-2] DEBUG - Save core properties part
12:18:06.543 [TestNG-test-Cucumber Tests-2] DEBUG - Save content types part
12:18:06.545 [TestNG-test-Cucumber Tests-2] DEBUG - Save package relationships
12:18:06.547 [TestNG-test-Cucumber Tests-2] DEBUG - Save part 'docProps/app.xml'
12:18:06.547 [TestNG-test-Cucumber Tests-2] DEBUG - Save part 'docProps/core.xml'
12:18:06.551 [TestNG-test-Cucumber Tests-2] DEBUG - Save part 'xl/sharedStrings.xml'
12:18:06.551 [TestNG-test-Cucumber Tests-2] DEBUG - Save part 'xl/styles.xml'
12:18:06.552 [TestNG-test-Cucumber Tests-2] DEBUG - Save part 'xl/workbook.xml'
12:18:06.554 [TestNG-test-Cucumber Tests-2] DEBUG - Save part 'xl/worksheets/sheet1.xml'
12:18:06.556 [TestNG-test-Cucumber Tests-2] DEBUG - Save content types part
12:18:06.559 [TestNG-test-Cucumber Tests-2] DEBUG - Save package relationships
12:18:06.560 [TestNG-test-Cucumber Tests-2] DEBUG - Save part 'docProps/app.xml'
12:18:06.560 [TestNG-test-Cucumber Tests-2] DEBUG - Save part 'docProps/core.xml'
12:18:06.563 [TestNG-test-Cucumber Tests-2] DEBUG - Save part 'xl/sharedStrings.xml'
12:18:06.563 [TestNG-test-Cucumber Tests-2] DEBUG - Save part 'xl/styles.xml'
12:18:06.563 [TestNG-test-Cucumber Tests-2] DEBUG - Save part 'xl/workbook.xml'
12:18:06.568 [TestNG-test-Cucumber Tests-2] DEBUG - Save part 'xl/worksheets/sheet1.xml'
12:31:27.330 [TestNG-test-Cucumber Tests-2] DEBUG - Parsing relationship: /xl/_rels/workbook.xml.rels
12:31:27.394 [TestNG-test-Cucumber Tests-2] DEBUG - Parsing relationship: /_rels/.rels
12:31:27.946 [TestNG-test-Cucumber Tests-2] TRACE - Loading type system org.apache.poi.schemas.ooxml.system.ooxml
12:31:27.952 [TestNG-test-Cucumber Tests-2] TRACE - Loading type system org.apache.xmlbeans.metadata.system.sXMLCONFIG
12:31:27.954 [TestNG-test-Cucumber Tests-2] TRACE - Loading type system org.apache.xmlbeans.metadata.system.sXMLLANG
12:31:27.960 [TestNG-test-Cucumber Tests-2] TRACE - Loading type system org.apache.xmlbeans.metadata.system.sXMLSCHEMA
12:31:27.962 [TestNG-test-Cucumber Tests-2] TRACE - Loading type system org.apache.xmlbeans.metadata.system.sXMLTOOLS
12:31:27.966 [TestNG-test-Cucumber Tests-2] TRACE - Reading unresolved handles for type system org.apache.xmlbeans.metadata.system.sXMLTOOLS
12:31:28.003 [TestNG-test-Cucumber Tests-2] TRACE - Finished loading type system org.apache.xmlbeans.metadata.system.sXMLTOOLS
12:31:28.006 [TestNG-test-Cucumber Tests-2] TRACE - Reading unresolved handles for type system org.apache.xmlbeans.metadata.system.sXMLSCHEMA
12:31:28.016 [TestNG-test-Cucumber Tests-2] TRACE - Finished loading type system org.apache.xmlbeans.metadata.system.sXMLSCHEMA
12:31:28.019 [TestNG-test-Cucumber Tests-2] TRACE - Reading unresolved handles for type system org.apache.xmlbeans.metadata.system.sXMLLANG
12:31:28.027 [TestNG-test-Cucumber Tests-2] TRACE - Finished loading type system org.apache.xmlbeans.metadata.system.sXMLLANG
12:31:28.028 [TestNG-test-Cucumber Tests-2] TRACE - Reading unresolved handles for type system org.apache.xmlbeans.metadata.system.sXMLCONFIG
12:31:28.048 [TestNG-test-Cucumber Tests-2] TRACE - Finished loading type system org.apache.xmlbeans.metadata.system.sXMLCONFIG
12:31:28.053 [TestNG-test-Cucumber Tests-2] TRACE - Reading unresolved handles for type system org.apache.poi.schemas.ooxml.system.ooxml
12:31:28.181 [TestNG-test-Cucumber Tests-2] TRACE - Finished loading type system org.apache.poi.schemas.ooxml.system.ooxml
12:31:28.182 [TestNG-test-Cucumber Tests-2] TRACE - Resolving type for handle themefd26doctype
12:31:28.334 [TestNG-test-Cucumber Tests-2] TRACE - Resolving type for handle stylesheet5d8bdoctype
12:31:28.348 [TestNG-test-Cucumber Tests-2] TRACE - Resolving type for handle ctstylesheet4257type
12:31:28.354 [TestNG-test-Cucumber Tests-2] TRACE - Resolving type for handle ctfonts6623type
12:31:28.361 [TestNG-test-Cucumber Tests-2] TRACE - Resolving type for handle ctfont14d8type
12:31:28.370 [TestNG-test-Cucumber Tests-2] TRACE - Resolving type for handle ctfills2c6ftype
12:31:28.377 [TestNG-test-Cucumber Tests-2] TRACE - Resolving type for handle ctfill550ctype
12:31:28.381 [TestNG-test-Cucumber Tests-2] TRACE - Resolving type for handle ctborders0d66type
12:31:28.386 [TestNG-test-Cucumber Tests-2] TRACE - Resolving type for handle ctborderf935type
12:31:28.395 [TestNG-test-Cucumber Tests-2] TRACE - Resolving type for handle ctcellxfs1322type
12:31:28.400 [TestNG-test-Cucumber Tests-2] TRACE - Resolving type for handle ctxf97f7type
12:31:28.405 [TestNG-test-Cucumber Tests-2] TRACE - Resolving type for handle ctcellstylexfsa81ftype
12:31:28.411 [TestNG-test-Cucumber Tests-2] TRACE - Resolving type for handle ctdxfsb26atype
12:31:28.416 [TestNG-test-Cucumber Tests-2] TRACE - Resolving type for handle cttablestyles872ftype
12:31:28.432 [TestNG-test-Cucumber Tests-2] TRACE - Resolving type for handle sstf81fdoctype
12:31:28.438 [TestNG-test-Cucumber Tests-2] TRACE - Resolving type for handle ctsst44f3type
12:31:28.465 [TestNG-test-Cucumber Tests-2] TRACE - Resolving type for handle ctrsta472type
12:31:28.504 [TestNG-test-Cucumber Tests-2] TRACE - Resolving type for handle workbookec17doctype
12:31:28.514 [TestNG-test-Cucumber Tests-2] TRACE - Resolving type for handle ctworkbook83c3type
12:31:28.522 [TestNG-test-Cucumber Tests-2] TRACE - Resolving type for handle ctsheets49fdtype
12:31:28.535 [TestNG-test-Cucumber Tests-2] TRACE - Resolving type for handle ctsheet4dbetype
12:31:28.546 [TestNG-test-Cucumber Tests-2] TRACE - Resolving type for handle strelationshipid1e94type
12:31:28.550 [TestNG-test-Cucumber Tests-2] TRACE - Resolving type for handle worksheetf539doctype
12:31:28.563 [TestNG-test-Cucumber Tests-2] TRACE - Resolving type for handle ctworksheet530dtype
12:31:28.571 [TestNG-test-Cucumber Tests-2] TRACE - Resolving type for handle ctsheetdata8408type
12:31:28.581 [TestNG-test-Cucumber Tests-2] TRACE - Resolving type for handle ctrowdd39type
12:31:28.588 [TestNG-test-Cucumber Tests-2] TRACE - Resolving type for handle ctcell842btype
12:31:28.601 [TestNG-test-Cucumber Tests-2] TRACE - Resolving type for handle stcellrefe4e0type
12:31:28.620 [TestNG-test-Cucumber Tests-2] TRACE - Resolving type for handle ctcols627ctype
12:31:28.632 [TestNG-test-Cucumber Tests-2] TRACE - Resolving type for handle ctcola95ftype
12:31:28.688 [TestNG-test-Cucumber Tests-2] TRACE - Resolving type for handle stxstringf179type
12:31:28.698 [TestNG-test-Cucumber Tests-2] TRACE - Resolving type for handle stcelltypebf95type
12:31:28.717 [TestNG-test-Cucumber Tests-2] TRACE - Resolving type for handle stcellstylexfid70c7type
12:31:28.729 [TestNG-test-Cucumber Tests-2] TRACE - Resolving type for handle stnumfmtid76fbtype
12:31:33.665 [TestNG-test-Cucumber Tests-2] TRACE - Resolving type for handle ctworkbookpr03a5type
12:31:33.676 [TestNG-test-Cucumber Tests-2] TRACE - Resolving type for handle ctbookviewsb864type
12:31:33.680 [TestNG-test-Cucumber Tests-2] TRACE - Resolving type for handle ctbookviewf677type
12:31:33.689 [TestNG-test-Cucumber Tests-2] TRACE - Resolving type for handle propertiesee84doctype
12:31:33.693 [TestNG-test-Cucumber Tests-2] TRACE - Resolving type for handle ctproperties3f10type
12:31:33.700 [TestNG-test-Cucumber Tests-2] TRACE - Resolving type for handle properties288cdoctype
12:31:33.702 [TestNG-test-Cucumber Tests-2] TRACE - Resolving type for handle ctproperties2c18type
12:31:33.714 [TestNG-test-Cucumber Tests-2] TRACE - Resolving type for handle ctfontsizeb3b9type
12:31:33.717 [TestNG-test-Cucumber Tests-2] TRACE - Resolving type for handle ctcolord2c2type
12:31:33.722 [TestNG-test-Cucumber Tests-2] TRACE - Resolving type for handle ctfontname2dc3type
12:31:33.728 [TestNG-test-Cucumber Tests-2] TRACE - Resolving type for handle ctfontfamily685ctype
12:31:33.731 [TestNG-test-Cucumber Tests-2] TRACE - Resolving type for handle stfontfamily9c6ctype
12:31:33.736 [TestNG-test-Cucumber Tests-2] TRACE - Resolving type for handle ctfontschemebf5dtype
12:31:33.742 [TestNG-test-Cucumber Tests-2] TRACE - Resolving type for handle stfontschemef36dtype
12:31:33.745 [TestNG-test-Cucumber Tests-2] TRACE - Resolving type for handle ctpatternfill7452type
12:31:33.749 [TestNG-test-Cucumber Tests-2] TRACE - Resolving type for handle stpatterntype7939type
12:31:33.752 [TestNG-test-Cucumber Tests-2] TRACE - Resolving type for handle ctborderpre497type
12:31:33.760 [TestNG-test-Cucumber Tests-2] TRACE - Resolving type for handle stfontid9d63type
12:31:33.764 [TestNG-test-Cucumber Tests-2] TRACE - Resolving type for handle stfillida097type
12:31:33.767 [TestNG-test-Cucumber Tests-2] TRACE - Resolving type for handle stborderid1a80type
12:31:33.773 [TestNG-test-Cucumber Tests-2] TRACE - Resolving type for handle ctsheetformatprdef7type
12:31:33.777 [TestNG-test-Cucumber Tests-2] TRACE - Resolving type for handle ctsheetviewsb918type
12:31:33.781 [TestNG-test-Cucumber Tests-2] TRACE - Resolving type for handle ctsheetview0f43type
12:31:33.791 [TestNG-test-Cucumber Tests-2] TRACE - Resolving type for handle ctsheetdimensiond310type
12:31:33.794 [TestNG-test-Cucumber Tests-2] TRACE - Resolving type for handle stref90a2type
12:31:33.797 [TestNG-test-Cucumber Tests-2] TRACE - Resolving type for handle ctpagemargins5455type
12:31:33.827 [TestNG-test-Cucumber Tests-2] TRACE - Resolving type for handle ctnumfmtsb58btype
12:31:33.849 [TestNG-test-Cucumber Tests-2] DEBUG - Save core properties part
12:31:33.849 [TestNG-test-Cucumber Tests-2] DEBUG - Save content types part
12:31:33.954 [TestNG-test-Cucumber Tests-2] DEBUG - Save package relationships
12:31:33.962 [TestNG-test-Cucumber Tests-2] DEBUG - Save part 'docProps/app.xml'
12:31:33.962 [TestNG-test-Cucumber Tests-2] DEBUG - Save part 'docProps/core.xml'
12:31:33.966 [TestNG-test-Cucumber Tests-2] DEBUG - Save part 'xl/sharedStrings.xml'
12:31:33.966 [TestNG-test-Cucumber Tests-2] DEBUG - Save part 'xl/styles.xml'
12:31:33.966 [TestNG-test-Cucumber Tests-2] DEBUG - Save part 'xl/workbook.xml'
12:31:33.968 [TestNG-test-Cucumber Tests-2] DEBUG - Save part 'xl/worksheets/sheet1.xml'
12:31:33.972 [TestNG-test-Cucumber Tests-2] DEBUG - Save content types part
12:31:33.977 [TestNG-test-Cucumber Tests-2] DEBUG - Save package relationships
12:31:33.980 [TestNG-test-Cucumber Tests-2] DEBUG - Save part 'docProps/app.xml'
12:31:33.980 [TestNG-test-Cucumber Tests-2] DEBUG - Save part 'docProps/core.xml'
12:31:33.983 [TestNG-test-Cucumber Tests-2] DEBUG - Save part 'xl/sharedStrings.xml'
12:31:33.984 [TestNG-test-Cucumber Tests-2] DEBUG - Save part 'xl/styles.xml'
12:31:33.984 [TestNG-test-Cucumber Tests-2] DEBUG - Save part 'xl/workbook.xml'
12:31:33.988 [TestNG-test-Cucumber Tests-2] DEBUG - Save part 'xl/worksheets/sheet1.xml'
12:34:03.620 [TestNG-test-Cucumber Tests-2] DEBUG - Parsing relationship: /xl/_rels/workbook.xml.rels
12:34:03.749 [TestNG-test-Cucumber Tests-2] DEBUG - Parsing relationship: /_rels/.rels
12:34:04.371 [TestNG-test-Cucumber Tests-2] TRACE - Loading type system org.apache.poi.schemas.ooxml.system.ooxml
12:34:04.383 [TestNG-test-Cucumber Tests-2] TRACE - Loading type system org.apache.xmlbeans.metadata.system.sXMLCONFIG
12:34:04.384 [TestNG-test-Cucumber Tests-2] TRACE - Loading type system org.apache.xmlbeans.metadata.system.sXMLLANG
12:34:04.385 [TestNG-test-Cucumber Tests-2] TRACE - Loading type system org.apache.xmlbeans.metadata.system.sXMLSCHEMA
12:34:04.386 [TestNG-test-Cucumber Tests-2] TRACE - Loading type system org.apache.xmlbeans.metadata.system.sXMLTOOLS
12:34:04.389 [TestNG-test-Cucumber Tests-2] TRACE - Reading unresolved handles for type system org.apache.xmlbeans.metadata.system.sXMLTOOLS
12:34:04.436 [TestNG-test-Cucumber Tests-2] TRACE - Finished loading type system org.apache.xmlbeans.metadata.system.sXMLTOOLS
12:34:04.438 [TestNG-test-Cucumber Tests-2] TRACE - Reading unresolved handles for type system org.apache.xmlbeans.metadata.system.sXMLSCHEMA
12:34:04.446 [TestNG-test-Cucumber Tests-2] TRACE - Finished loading type system org.apache.xmlbeans.metadata.system.sXMLSCHEMA
12:34:04.451 [TestNG-test-Cucumber Tests-2] TRACE - Reading unresolved handles for type system org.apache.xmlbeans.metadata.system.sXMLLANG
12:34:04.453 [TestNG-test-Cucumber Tests-2] TRACE - Finished loading type system org.apache.xmlbeans.metadata.system.sXMLLANG
12:34:04.455 [TestNG-test-Cucumber Tests-2] TRACE - Reading unresolved handles for type system org.apache.xmlbeans.metadata.system.sXMLCONFIG
12:34:04.480 [TestNG-test-Cucumber Tests-2] TRACE - Finished loading type system org.apache.xmlbeans.metadata.system.sXMLCONFIG
12:34:04.482 [TestNG-test-Cucumber Tests-2] TRACE - Reading unresolved handles for type system org.apache.poi.schemas.ooxml.system.ooxml
12:34:04.707 [TestNG-test-Cucumber Tests-2] TRACE - Finished loading type system org.apache.poi.schemas.ooxml.system.ooxml
12:34:04.709 [TestNG-test-Cucumber Tests-2] TRACE - Resolving type for handle themefd26doctype
12:34:04.711 [TestNG-test-Cucumber Tests-3] TRACE - Resolving type for handle ctworkbook83c3type
12:34:04.850 [TestNG-test-Cucumber Tests-2] TRACE - Resolving type for handle stylesheet5d8bdoctype
12:34:04.862 [TestNG-test-Cucumber Tests-2] TRACE - Resolving type for handle ctstylesheet4257type
12:34:04.867 [TestNG-test-Cucumber Tests-2] TRACE - Resolving type for handle ctfonts6623type
12:34:04.869 [TestNG-test-Cucumber Tests-3] TRACE - Resolving type for handle ctworkbookpr03a5type
12:34:04.877 [TestNG-test-Cucumber Tests-2] TRACE - Resolving type for handle ctfont14d8type
12:34:04.894 [TestNG-test-Cucumber Tests-2] TRACE - Resolving type for handle ctfills2c6ftype
12:34:04.897 [TestNG-test-Cucumber Tests-3] TRACE - Resolving type for handle ctbookviewsb864type
12:34:04.898 [TestNG-test-Cucumber Tests-2] TRACE - Resolving type for handle ctfill550ctype
12:34:04.899 [TestNG-test-Cucumber Tests-3] TRACE - Resolving type for handle ctbookviewf677type
12:34:04.903 [TestNG-test-Cucumber Tests-2] TRACE - Resolving type for handle ctborders0d66type
12:34:04.914 [TestNG-test-Cucumber Tests-2] TRACE - Resolving type for handle ctborderf935type
12:34:04.924 [TestNG-test-Cucumber Tests-3] TRACE - Resolving type for handle ctsheets49fdtype
12:34:04.968 [TestNG-test-Cucumber Tests-2] TRACE - Resolving type for handle ctcellxfs1322type
12:34:04.975 [TestNG-test-Cucumber Tests-2] TRACE - Resolving type for handle ctxf97f7type
12:34:05.052 [TestNG-test-Cucumber Tests-3] TRACE - Resolving type for handle propertiesee84doctype
12:34:05.060 [TestNG-test-Cucumber Tests-3] TRACE - Resolving type for handle ctproperties3f10type
12:34:05.069 [TestNG-test-Cucumber Tests-3] TRACE - Resolving type for handle properties288cdoctype
12:34:05.072 [TestNG-test-Cucumber Tests-3] TRACE - Resolving type for handle ctproperties2c18type
12:34:05.081 [TestNG-test-Cucumber Tests-3] TRACE - Resolving type for handle sstf81fdoctype
12:34:05.084 [TestNG-test-Cucumber Tests-3] TRACE - Resolving type for handle ctsst44f3type
12:34:05.089 [TestNG-test-Cucumber Tests-3] TRACE - Resolving type for handle ctfontsizeb3b9type
12:34:05.095 [TestNG-test-Cucumber Tests-2] TRACE - Resolving type for handle ctcellstylexfsa81ftype
12:34:05.097 [TestNG-test-Cucumber Tests-3] TRACE - Resolving type for handle ctcolord2c2type
12:34:05.125 [TestNG-test-Cucumber Tests-3] TRACE - Resolving type for handle ctfontname2dc3type
12:34:05.125 [TestNG-test-Cucumber Tests-2] TRACE - Resolving type for handle ctdxfsb26atype
12:34:05.129 [TestNG-test-Cucumber Tests-3] TRACE - Resolving type for handle stxstringf179type
12:34:05.133 [TestNG-test-Cucumber Tests-2] TRACE - Resolving type for handle cttablestyles872ftype
12:34:05.138 [TestNG-test-Cucumber Tests-3] TRACE - Resolving type for handle ctfontfamily685ctype
12:34:05.143 [TestNG-test-Cucumber Tests-3] TRACE - Resolving type for handle stfontfamily9c6ctype
12:34:05.149 [TestNG-test-Cucumber Tests-3] TRACE - Resolving type for handle ctfontschemebf5dtype
12:34:05.152 [TestNG-test-Cucumber Tests-2] TRACE - Resolving type for handle ctrsta472type
12:34:05.155 [TestNG-test-Cucumber Tests-3] TRACE - Resolving type for handle stfontschemef36dtype
12:34:05.163 [TestNG-test-Cucumber Tests-3] TRACE - Resolving type for handle ctpatternfill7452type
12:34:05.168 [TestNG-test-Cucumber Tests-3] TRACE - Resolving type for handle stpatterntype7939type
12:34:05.177 [TestNG-test-Cucumber Tests-3] TRACE - Resolving type for handle ctborderpre497type
12:34:05.183 [TestNG-test-Cucumber Tests-3] TRACE - Resolving type for handle stnumfmtid76fbtype
12:34:05.187 [TestNG-test-Cucumber Tests-3] TRACE - Resolving type for handle stfontid9d63type
12:34:05.192 [TestNG-test-Cucumber Tests-3] TRACE - Resolving type for handle stfillida097type
12:34:05.195 [TestNG-test-Cucumber Tests-3] TRACE - Resolving type for handle stborderid1a80type
12:34:05.200 [TestNG-test-Cucumber Tests-3] TRACE - Resolving type for handle stcellstylexfid70c7type
12:34:05.210 [TestNG-test-Cucumber Tests-3] TRACE - Resolving type for handle ctsheet4dbetype
12:34:05.216 [TestNG-test-Cucumber Tests-3] TRACE - Resolving type for handle ctworksheet530dtype
12:34:05.234 [TestNG-test-Cucumber Tests-3] TRACE - Resolving type for handle ctsheetformatprdef7type
12:34:05.245 [TestNG-test-Cucumber Tests-3] TRACE - Resolving type for handle ctsheetviewsb918type
12:34:05.251 [TestNG-test-Cucumber Tests-3] TRACE - Resolving type for handle ctsheetview0f43type
12:34:05.276 [TestNG-test-Cucumber Tests-3] TRACE - Resolving type for handle ctsheetdimensiond310type
12:34:05.298 [TestNG-test-Cucumber Tests-2] TRACE - Resolving type for handle workbookec17doctype
12:34:05.300 [TestNG-test-Cucumber Tests-3] TRACE - Resolving type for handle stref90a2type
12:34:05.312 [TestNG-test-Cucumber Tests-3] TRACE - Resolving type for handle ctsheetdata8408type
12:34:05.316 [TestNG-test-Cucumber Tests-3] TRACE - Resolving type for handle ctpagemargins5455type
12:34:05.327 [TestNG-test-Cucumber Tests-2] TRACE - Resolving type for handle strelationshipid1e94type
12:34:05.331 [TestNG-test-Cucumber Tests-2] TRACE - Resolving type for handle worksheetf539doctype
12:34:05.335 [TestNG-test-Cucumber Tests-3] TRACE - Resolving type for handle ctcols627ctype
12:34:05.343 [TestNG-test-Cucumber Tests-3] TRACE - Resolving type for handle ctrowdd39type
12:34:05.350 [TestNG-test-Cucumber Tests-2] TRACE - Resolving type for handle ctcell842btype
12:34:05.363 [TestNG-test-Cucumber Tests-2] TRACE - Resolving type for handle stcellrefe4e0type
12:34:05.384 [TestNG-test-Cucumber Tests-3] TRACE - Resolving type for handle stcelltypebf95type
12:34:05.398 [TestNG-test-Cucumber Tests-2] TRACE - Resolving type for handle ctcola95ftype
12:34:05.453 [TestNG-test-Cucumber Tests-3] TRACE - Resolving type for handle ctnumfmtsb58btype
12:34:05.480 [TestNG-test-Cucumber Tests-3] DEBUG - Save core properties part
12:34:05.480 [TestNG-test-Cucumber Tests-3] DEBUG - Save content types part
12:34:05.636 [TestNG-test-Cucumber Tests-3] DEBUG - Save package relationships
12:34:05.646 [TestNG-test-Cucumber Tests-3] DEBUG - Save part 'docProps/app.xml'
12:34:05.647 [TestNG-test-Cucumber Tests-3] DEBUG - Save part 'docProps/core.xml'
12:34:05.652 [TestNG-test-Cucumber Tests-3] DEBUG - Save part 'xl/sharedStrings.xml'
12:34:05.653 [TestNG-test-Cucumber Tests-3] DEBUG - Save part 'xl/styles.xml'
12:34:05.654 [TestNG-test-Cucumber Tests-3] DEBUG - Save part 'xl/workbook.xml'
12:34:05.659 [TestNG-test-Cucumber Tests-3] DEBUG - Save part 'xl/worksheets/sheet1.xml'
12:34:05.666 [TestNG-test-Cucumber Tests-3] DEBUG - Save content types part
12:34:05.671 [TestNG-test-Cucumber Tests-3] DEBUG - Save package relationships
12:34:05.676 [TestNG-test-Cucumber Tests-3] DEBUG - Save part 'docProps/app.xml'
12:34:05.677 [TestNG-test-Cucumber Tests-3] DEBUG - Save part 'docProps/core.xml'
12:34:05.680 [TestNG-test-Cucumber Tests-3] DEBUG - Save part 'xl/sharedStrings.xml'
12:34:05.680 [TestNG-test-Cucumber Tests-3] DEBUG - Save part 'xl/styles.xml'
12:34:05.680 [TestNG-test-Cucumber Tests-3] DEBUG - Save part 'xl/workbook.xml'
12:34:05.682 [TestNG-test-Cucumber Tests-3] DEBUG - Save part 'xl/worksheets/sheet1.xml'
12:34:05.883 [TestNG-test-Cucumber Tests-1] DEBUG - Save core properties part
12:34:05.883 [TestNG-test-Cucumber Tests-1] DEBUG - Save content types part
12:34:05.887 [TestNG-test-Cucumber Tests-1] DEBUG - Save package relationships
12:34:05.890 [TestNG-test-Cucumber Tests-1] DEBUG - Save part 'docProps/app.xml'
12:34:05.893 [TestNG-test-Cucumber Tests-1] DEBUG - Save part 'docProps/core.xml'
12:34:05.898 [TestNG-test-Cucumber Tests-1] DEBUG - Save part 'xl/sharedStrings.xml'
12:34:05.899 [TestNG-test-Cucumber Tests-1] DEBUG - Save part 'xl/styles.xml'
12:34:05.899 [TestNG-test-Cucumber Tests-1] DEBUG - Save part 'xl/workbook.xml'
12:34:05.902 [TestNG-test-Cucumber Tests-1] DEBUG - Save part 'xl/worksheets/sheet1.xml'
12:34:05.905 [TestNG-test-Cucumber Tests-1] DEBUG - Save content types part
12:34:05.911 [TestNG-test-Cucumber Tests-1] DEBUG - Save package relationships
12:34:05.914 [TestNG-test-Cucumber Tests-1] DEBUG - Save part 'docProps/app.xml'
12:34:05.916 [TestNG-test-Cucumber Tests-1] DEBUG - Save part 'docProps/core.xml'
12:34:05.918 [TestNG-test-Cucumber Tests-1] DEBUG - Save part 'xl/sharedStrings.xml'
12:34:05.920 [TestNG-test-Cucumber Tests-1] DEBUG - Save part 'xl/styles.xml'
12:34:05.920 [TestNG-test-Cucumber Tests-1] DEBUG - Save part 'xl/workbook.xml'
12:34:05.925 [TestNG-test-Cucumber Tests-1] DEBUG - Save part 'xl/worksheets/sheet1.xml'
12:34:10.364 [TestNG-test-Cucumber Tests-2] DEBUG - Save core properties part
12:34:10.364 [TestNG-test-Cucumber Tests-2] DEBUG - Save content types part
12:34:10.366 [TestNG-test-Cucumber Tests-2] DEBUG - Save package relationships
12:34:10.368 [TestNG-test-Cucumber Tests-2] DEBUG - Save part 'docProps/app.xml'
12:34:10.368 [TestNG-test-Cucumber Tests-2] DEBUG - Save part 'docProps/core.xml'
12:34:10.372 [TestNG-test-Cucumber Tests-2] DEBUG - Save part 'xl/sharedStrings.xml'
12:34:10.372 [TestNG-test-Cucumber Tests-2] DEBUG - Save part 'xl/styles.xml'
12:34:10.373 [TestNG-test-Cucumber Tests-2] DEBUG - Save part 'xl/workbook.xml'
12:34:10.375 [TestNG-test-Cucumber Tests-2] DEBUG - Save part 'xl/worksheets/sheet1.xml'
12:34:10.376 [TestNG-test-Cucumber Tests-2] DEBUG - Save content types part
12:34:10.378 [TestNG-test-Cucumber Tests-2] DEBUG - Save package relationships
12:34:10.380 [TestNG-test-Cucumber Tests-2] DEBUG - Save part 'docProps/app.xml'
12:34:10.380 [TestNG-test-Cucumber Tests-2] DEBUG - Save part 'docProps/core.xml'
12:34:10.382 [TestNG-test-Cucumber Tests-2] DEBUG - Save part 'xl/sharedStrings.xml'
12:34:10.382 [TestNG-test-Cucumber Tests-2] DEBUG - Save part 'xl/styles.xml'
12:34:10.382 [TestNG-test-Cucumber Tests-2] DEBUG - Save part 'xl/workbook.xml'
12:34:10.384 [TestNG-test-Cucumber Tests-2] DEBUG - Save part 'xl/worksheets/sheet1.xml'
15:58:49.015 [TestNG-test-Cucumber Tests-3] TRACE - Loading type system org.apache.poi.schemas.ooxml.system.ooxml
