19:38:28.845 [main] TRACE - Resolving type for handle ctworkbook83c3type
19:38:28.906 [main] TRACE - Resolving type for handle ctworkbookpr03a5type
19:38:28.913 [main] TRACE - Resolving type for handle ctbookviewsb864type
19:38:28.915 [main] TRACE - Resolving type for handle ctbookviewf677type
19:38:28.920 [main] TRACE - Resolving type for handle ctsheets49fdtype
19:38:28.922 [main] TRACE - Resolving type for handle propertiesee84doctype
19:38:28.923 [main] TRACE - Resolving type for handle ctproperties3f10type
19:38:28.928 [main] TRACE - Resolving type for handle properties288cdoctype
19:38:28.932 [main] TRACE - Resolving type for handle ctproperties2c18type
19:38:28.940 [main] TRACE - Resolving type for handle sstf81fdoctype
19:38:28.943 [main] TRACE - Resolving type for handle ctsst44f3type
19:38:28.951 [main] TRACE - Resolving type for handle stylesheet5d8bdoctype
19:38:28.952 [main] TRACE - Resolving type for handle ctstylesheet4257type
19:38:28.961 [main] TRACE - Resolving type for handle ctfont14d8type
19:38:28.971 [main] TRACE - Resolving type for handle ctfontsizeb3b9type
19:38:28.975 [main] TRACE - Resolving type for handle ctcolord2c2type
19:38:28.977 [main] TRACE - Resolving type for handle ctfontname2dc3type
19:38:28.980 [main] TRACE - Resolving type for handle stxstringf179type
19:38:28.985 [main] TRACE - Resolving type for handle ctfontfamily685ctype
19:38:28.988 [main] TRACE - Resolving type for handle stfontfamily9c6ctype
19:38:28.994 [main] TRACE - Resolving type for handle ctfontschemebf5dtype
19:38:28.997 [main] TRACE - Resolving type for handle stfontschemef36dtype
19:38:29.003 [main] TRACE - Resolving type for handle ctfill550ctype
19:38:29.005 [main] TRACE - Resolving type for handle ctpatternfill7452type
19:38:29.010 [main] TRACE - Resolving type for handle stpatterntype7939type
19:38:29.015 [main] TRACE - Resolving type for handle ctborderf935type
19:38:29.018 [main] TRACE - Resolving type for handle ctborderpre497type
19:38:29.025 [main] TRACE - Resolving type for handle ctxf97f7type
19:38:29.030 [main] TRACE - Resolving type for handle stnumfmtid76fbtype
19:38:29.031 [main] TRACE - Resolving type for handle stfontid9d63type
19:38:29.032 [main] TRACE - Resolving type for handle stfillida097type
19:38:29.033 [main] TRACE - Resolving type for handle stborderid1a80type
19:38:29.034 [main] TRACE - Resolving type for handle stcellstylexfid70c7type
19:38:29.040 [main] TRACE - Resolving type for handle ctsheet4dbetype
19:38:29.046 [main] TRACE - Resolving type for handle ctworksheet530dtype
19:38:29.055 [main] TRACE - Resolving type for handle ctsheetformatprdef7type
19:38:29.060 [main] TRACE - Resolving type for handle ctsheetviewsb918type
19:38:29.063 [main] TRACE - Resolving type for handle ctsheetview0f43type
19:38:29.071 [main] TRACE - Resolving type for handle ctsheetdimensiond310type
19:38:29.073 [main] TRACE - Resolving type for handle stref90a2type
19:38:29.076 [main] TRACE - Resolving type for handle ctsheetdata8408type
19:38:29.077 [main] TRACE - Resolving type for handle ctpagemargins5455type
19:38:29.085 [main] TRACE - Resolving type for handle ctcols627ctype
19:38:29.088 [main] TRACE - Resolving type for handle strelationshipid1e94type
19:38:29.091 [main] TRACE - Resolving type for handle ctrowdd39type
19:38:29.098 [main] TRACE - Resolving type for handle ctcell842btype
19:38:29.111 [main] TRACE - Resolving type for handle stcellrefe4e0type
19:38:29.116 [main] TRACE - Resolving type for handle ctrsta472type
19:38:29.120 [main] TRACE - Resolving type for handle stcelltypebf95type
19:38:29.162 [main] TRACE - Resolving type for handle ctnumfmtsb58btype
19:38:29.165 [main] TRACE - Resolving type for handle ctfonts6623type
19:38:29.168 [main] TRACE - Resolving type for handle ctfills2c6ftype
19:38:29.171 [main] TRACE - Resolving type for handle ctborders0d66type
19:38:29.173 [main] TRACE - Resolving type for handle ctcellxfs1322type
19:38:29.178 [main] TRACE - Resolving type for handle ctcellstylexfsa81ftype
19:38:29.199 [main] DEBUG - Save core properties part
19:38:29.200 [main] DEBUG - Save content types part
19:38:29.279 [main] DEBUG - Save package relationships
19:38:29.284 [main] DEBUG - Save part 'docProps/app.xml'
19:38:29.286 [main] DEBUG - Save part 'docProps/core.xml'
19:38:29.296 [main] DEBUG - Save part 'xl/sharedStrings.xml'
19:38:29.297 [main] DEBUG - Save part 'xl/styles.xml'
19:38:29.297 [main] DEBUG - Save part 'xl/workbook.xml'
19:38:29.299 [main] DEBUG - Save part 'xl/worksheets/sheet1.xml'
19:38:29.304 [main] DEBUG - Save content types part
19:38:29.305 [main] DEBUG - Save package relationships
19:38:29.306 [main] DEBUG - Save part 'docProps/app.xml'
19:38:29.306 [main] DEBUG - Save part 'docProps/core.xml'
19:38:29.307 [main] DEBUG - Save part 'xl/sharedStrings.xml'
19:38:29.307 [main] DEBUG - Save part 'xl/styles.xml'
19:38:29.307 [main] DEBUG - Save part 'xl/workbook.xml'
19:38:29.308 [main] DEBUG - Save part 'xl/worksheets/sheet1.xml'
19:38:43.182 [main] DEBUG - Parsing relationship: /xl/_rels/workbook.xml.rels
19:38:43.185 [main] DEBUG - Parsing relationship: /_rels/.rels
19:38:43.221 [main] TRACE - Resolving type for handle themefd26doctype
19:38:43.244 [main] TRACE - Resolving type for handle ctdxfsb26atype
19:38:43.248 [main] TRACE - Resolving type for handle cttablestyles872ftype
19:38:43.257 [main] TRACE - Resolving type for handle workbookec17doctype
19:38:43.264 [main] TRACE - Resolving type for handle worksheetf539doctype
19:38:43.278 [main] TRACE - Resolving type for handle ctcola95ftype
19:38:47.642 [main] DEBUG - Save core properties part
19:38:47.643 [main] DEBUG - Save content types part
19:38:47.644 [main] DEBUG - Save package relationships
19:38:47.645 [main] DEBUG - Save part 'docProps/app.xml'
19:38:47.645 [main] DEBUG - Save part 'docProps/core.xml'
19:38:47.646 [main] DEBUG - Save part 'xl/sharedStrings.xml'
19:38:47.646 [main] DEBUG - Save part 'xl/styles.xml'
19:38:47.646 [main] DEBUG - Save part 'xl/workbook.xml'
19:38:47.647 [main] DEBUG - Save part 'xl/worksheets/sheet1.xml'
19:38:47.648 [main] DEBUG - Save content types part
19:38:47.649 [main] DEBUG - Save package relationships
19:38:47.650 [main] DEBUG - Save part 'docProps/app.xml'
19:38:47.650 [main] DEBUG - Save part 'docProps/core.xml'
19:38:47.651 [main] DEBUG - Save part 'xl/sharedStrings.xml'
19:38:47.651 [main] DEBUG - Save part 'xl/styles.xml'
19:38:47.651 [main] DEBUG - Save part 'xl/workbook.xml'
19:38:47.653 [main] DEBUG - Save part 'xl/worksheets/sheet1.xml'
19:39:06.587 [main] DEBUG - Save core properties part
19:39:06.587 [main] DEBUG - Save content types part
19:39:06.589 [main] DEBUG - Save package relationships
19:39:06.591 [main] DEBUG - Save part 'docProps/app.xml'
19:39:06.592 [main] DEBUG - Save part 'docProps/core.xml'
19:39:06.594 [main] DEBUG - Save part 'xl/sharedStrings.xml'
19:39:06.595 [main] DEBUG - Save part 'xl/styles.xml'
19:39:06.595 [main] DEBUG - Save part 'xl/workbook.xml'
19:39:06.598 [main] DEBUG - Save part 'xl/worksheets/sheet1.xml'
19:39:06.600 [main] DEBUG - Save content types part
19:39:06.602 [main] DEBUG - Save package relationships
19:39:06.604 [main] DEBUG - Save part 'docProps/app.xml'
19:39:06.605 [main] DEBUG - Save part 'docProps/core.xml'
19:39:06.607 [main] DEBUG - Save part 'xl/sharedStrings.xml'
19:39:06.608 [main] DEBUG - Save part 'xl/styles.xml'
19:39:06.609 [main] DEBUG - Save part 'xl/workbook.xml'
19:39:06.611 [main] DEBUG - Save part 'xl/worksheets/sheet1.xml'
19:41:28.359 [TestNG-test=Cucumber Tests-1] TRACE - Loading type system org.apache.poi.schemas.ooxml.system.ooxml
19:41:28.367 [TestNG-test=Cucumber Tests-1] TRACE - Loading type system org.apache.xmlbeans.metadata.system.sXMLCONFIG
19:41:28.368 [TestNG-test=Cucumber Tests-1] TRACE - Loading type system org.apache.xmlbeans.metadata.system.sXMLLANG
19:41:28.368 [TestNG-test=Cucumber Tests-1] TRACE - Loading type system org.apache.xmlbeans.metadata.system.sXMLSCHEMA
19:41:28.370 [TestNG-test=Cucumber Tests-1] TRACE - Loading type system org.apache.xmlbeans.metadata.system.sXMLTOOLS
19:41:28.372 [TestNG-test=Cucumber Tests-1] TRACE - Reading unresolved handles for type system org.apache.xmlbeans.metadata.system.sXMLTOOLS
19:41:28.394 [TestNG-test=Cucumber Tests-1] TRACE - Finished loading type system org.apache.xmlbeans.metadata.system.sXMLTOOLS
19:41:28.396 [TestNG-test=Cucumber Tests-1] TRACE - Reading unresolved handles for type system org.apache.xmlbeans.metadata.system.sXMLSCHEMA
19:41:28.406 [TestNG-test=Cucumber Tests-1] TRACE - Finished loading type system org.apache.xmlbeans.metadata.system.sXMLSCHEMA
19:41:28.410 [TestNG-test=Cucumber Tests-1] TRACE - Reading unresolved handles for type system org.apache.xmlbeans.metadata.system.sXMLLANG
19:41:28.412 [TestNG-test=Cucumber Tests-1] TRACE - Finished loading type system org.apache.xmlbeans.metadata.system.sXMLLANG
19:41:28.415 [TestNG-test=Cucumber Tests-1] TRACE - Reading unresolved handles for type system org.apache.xmlbeans.metadata.system.sXMLCONFIG
19:41:28.417 [TestNG-test=Cucumber Tests-1] TRACE - Finished loading type system org.apache.xmlbeans.metadata.system.sXMLCONFIG
19:41:28.418 [TestNG-test=Cucumber Tests-1] TRACE - Reading unresolved handles for type system org.apache.poi.schemas.ooxml.system.ooxml
19:41:28.564 [TestNG-test=Cucumber Tests-1] TRACE - Finished loading type system org.apache.poi.schemas.ooxml.system.ooxml
19:41:28.565 [TestNG-test=Cucumber Tests-1] TRACE - Resolving type for handle ctworkbook83c3type
19:41:28.609 [TestNG-test=Cucumber Tests-1] TRACE - Resolving type for handle ctworkbookpr03a5type
19:41:28.620 [TestNG-test=Cucumber Tests-1] TRACE - Resolving type for handle ctbookviewsb864type
19:41:28.624 [TestNG-test=Cucumber Tests-1] TRACE - Resolving type for handle ctbookviewf677type
19:41:28.631 [TestNG-test=Cucumber Tests-1] TRACE - Resolving type for handle ctsheets49fdtype
19:41:28.633 [TestNG-test=Cucumber Tests-1] TRACE - Resolving type for handle propertiesee84doctype
19:41:28.635 [TestNG-test=Cucumber Tests-1] TRACE - Resolving type for handle ctproperties3f10type
19:41:28.641 [TestNG-test=Cucumber Tests-1] TRACE - Resolving type for handle properties288cdoctype
19:41:28.643 [TestNG-test=Cucumber Tests-1] TRACE - Resolving type for handle ctproperties2c18type
19:41:28.649 [TestNG-test=Cucumber Tests-1] TRACE - Resolving type for handle sstf81fdoctype
19:41:28.651 [TestNG-test=Cucumber Tests-1] TRACE - Resolving type for handle ctsst44f3type
19:41:28.659 [TestNG-test=Cucumber Tests-1] TRACE - Resolving type for handle stylesheet5d8bdoctype
19:41:28.661 [TestNG-test=Cucumber Tests-1] TRACE - Resolving type for handle ctstylesheet4257type
19:41:28.666 [TestNG-test=Cucumber Tests-1] TRACE - Resolving type for handle ctfont14d8type
19:41:28.676 [TestNG-test=Cucumber Tests-1] TRACE - Resolving type for handle ctfontsizeb3b9type
19:41:28.682 [TestNG-test=Cucumber Tests-1] TRACE - Resolving type for handle ctcolord2c2type
19:41:28.685 [TestNG-test=Cucumber Tests-1] TRACE - Resolving type for handle ctfontname2dc3type
19:41:28.688 [TestNG-test=Cucumber Tests-1] TRACE - Resolving type for handle stxstringf179type
19:41:28.691 [TestNG-test=Cucumber Tests-1] TRACE - Resolving type for handle ctfontfamily685ctype
19:41:28.694 [TestNG-test=Cucumber Tests-1] TRACE - Resolving type for handle stfontfamily9c6ctype
19:41:28.698 [TestNG-test=Cucumber Tests-1] TRACE - Resolving type for handle ctfontschemebf5dtype
19:41:28.700 [TestNG-test=Cucumber Tests-1] TRACE - Resolving type for handle stfontschemef36dtype
19:41:28.703 [TestNG-test=Cucumber Tests-1] TRACE - Resolving type for handle ctfill550ctype
19:41:28.706 [TestNG-test=Cucumber Tests-1] TRACE - Resolving type for handle ctpatternfill7452type
19:41:28.710 [TestNG-test=Cucumber Tests-1] TRACE - Resolving type for handle stpatterntype7939type
19:41:28.713 [TestNG-test=Cucumber Tests-1] TRACE - Resolving type for handle ctborderf935type
19:41:28.717 [TestNG-test=Cucumber Tests-1] TRACE - Resolving type for handle ctborderpre497type
19:41:28.723 [TestNG-test=Cucumber Tests-1] TRACE - Resolving type for handle ctxf97f7type
19:41:28.727 [TestNG-test=Cucumber Tests-1] TRACE - Resolving type for handle stnumfmtid76fbtype
19:41:28.729 [TestNG-test=Cucumber Tests-1] TRACE - Resolving type for handle stfontid9d63type
19:41:28.732 [TestNG-test=Cucumber Tests-1] TRACE - Resolving type for handle stfillida097type
19:41:28.734 [TestNG-test=Cucumber Tests-1] TRACE - Resolving type for handle stborderid1a80type
19:41:28.736 [TestNG-test=Cucumber Tests-1] TRACE - Resolving type for handle stcellstylexfid70c7type
19:41:28.744 [TestNG-test=Cucumber Tests-1] TRACE - Resolving type for handle ctsheet4dbetype
19:41:28.752 [TestNG-test=Cucumber Tests-1] TRACE - Resolving type for handle ctworksheet530dtype
19:41:28.760 [TestNG-test=Cucumber Tests-1] TRACE - Resolving type for handle ctsheetformatprdef7type
19:41:28.766 [TestNG-test=Cucumber Tests-1] TRACE - Resolving type for handle ctsheetviewsb918type
19:41:28.770 [TestNG-test=Cucumber Tests-1] TRACE - Resolving type for handle ctsheetview0f43type
19:41:28.780 [TestNG-test=Cucumber Tests-1] TRACE - Resolving type for handle ctsheetdimensiond310type
19:41:28.783 [TestNG-test=Cucumber Tests-1] TRACE - Resolving type for handle stref90a2type
19:41:28.786 [TestNG-test=Cucumber Tests-1] TRACE - Resolving type for handle ctsheetdata8408type
19:41:28.791 [TestNG-test=Cucumber Tests-1] TRACE - Resolving type for handle ctpagemargins5455type
19:41:28.799 [TestNG-test=Cucumber Tests-1] TRACE - Resolving type for handle ctcols627ctype
19:41:28.804 [TestNG-test=Cucumber Tests-1] TRACE - Resolving type for handle strelationshipid1e94type
19:41:28.807 [TestNG-test=Cucumber Tests-1] TRACE - Resolving type for handle ctrowdd39type
19:41:28.826 [TestNG-test=Cucumber Tests-1] TRACE - Resolving type for handle ctcell842btype
19:41:28.841 [TestNG-test=Cucumber Tests-1] TRACE - Resolving type for handle stcellrefe4e0type
19:41:28.846 [TestNG-test=Cucumber Tests-1] TRACE - Resolving type for handle ctrsta472type
19:41:28.851 [TestNG-test=Cucumber Tests-1] TRACE - Resolving type for handle stcelltypebf95type
19:41:28.896 [TestNG-test=Cucumber Tests-1] TRACE - Resolving type for handle ctnumfmtsb58btype
19:41:28.901 [TestNG-test=Cucumber Tests-1] TRACE - Resolving type for handle ctfonts6623type
19:41:28.908 [TestNG-test=Cucumber Tests-1] TRACE - Resolving type for handle ctfills2c6ftype
19:41:28.911 [TestNG-test=Cucumber Tests-1] TRACE - Resolving type for handle ctborders0d66type
19:41:28.914 [TestNG-test=Cucumber Tests-1] TRACE - Resolving type for handle ctcellxfs1322type
19:41:28.917 [TestNG-test=Cucumber Tests-1] TRACE - Resolving type for handle ctcellstylexfsa81ftype
19:41:28.943 [TestNG-test=Cucumber Tests-1] DEBUG - Save core properties part
19:41:28.943 [TestNG-test=Cucumber Tests-1] DEBUG - Save content types part
19:41:29.033 [TestNG-test=Cucumber Tests-1] DEBUG - Save package relationships
19:41:29.042 [TestNG-test=Cucumber Tests-1] DEBUG - Save part 'docProps/app.xml'
19:41:29.044 [TestNG-test=Cucumber Tests-1] DEBUG - Save part 'docProps/core.xml'
19:41:29.053 [TestNG-test=Cucumber Tests-1] DEBUG - Save part 'xl/sharedStrings.xml'
19:41:29.054 [TestNG-test=Cucumber Tests-1] DEBUG - Save part 'xl/styles.xml'
19:41:29.054 [TestNG-test=Cucumber Tests-1] DEBUG - Save part 'xl/workbook.xml'
19:41:29.056 [TestNG-test=Cucumber Tests-1] DEBUG - Save part 'xl/worksheets/sheet1.xml'
19:41:29.058 [TestNG-test=Cucumber Tests-1] DEBUG - Save content types part
19:41:29.060 [TestNG-test=Cucumber Tests-1] DEBUG - Save package relationships
19:41:29.062 [TestNG-test=Cucumber Tests-1] DEBUG - Save part 'docProps/app.xml'
19:41:29.062 [TestNG-test=Cucumber Tests-1] DEBUG - Save part 'docProps/core.xml'
19:41:29.064 [TestNG-test=Cucumber Tests-1] DEBUG - Save part 'xl/sharedStrings.xml'
19:41:29.064 [TestNG-test=Cucumber Tests-1] DEBUG - Save part 'xl/styles.xml'
19:41:29.064 [TestNG-test=Cucumber Tests-1] DEBUG - Save part 'xl/workbook.xml'
19:41:29.066 [TestNG-test=Cucumber Tests-1] DEBUG - Save part 'xl/worksheets/sheet1.xml'
19:41:42.840 [TestNG-test=Cucumber Tests-1] DEBUG - Parsing relationship: /xl/_rels/workbook.xml.rels
19:41:42.842 [TestNG-test=Cucumber Tests-1] DEBUG - Parsing relationship: /_rels/.rels
19:41:42.872 [TestNG-test=Cucumber Tests-1] TRACE - Resolving type for handle themefd26doctype
19:41:42.894 [TestNG-test=Cucumber Tests-1] TRACE - Resolving type for handle ctdxfsb26atype
19:41:42.897 [TestNG-test=Cucumber Tests-1] TRACE - Resolving type for handle cttablestyles872ftype
19:41:42.910 [TestNG-test=Cucumber Tests-1] TRACE - Resolving type for handle workbookec17doctype
19:41:42.918 [TestNG-test=Cucumber Tests-1] TRACE - Resolving type for handle worksheetf539doctype
19:41:42.929 [TestNG-test=Cucumber Tests-1] TRACE - Resolving type for handle ctcola95ftype
19:41:47.483 [TestNG-test=Cucumber Tests-1] DEBUG - Save core properties part
19:41:47.484 [TestNG-test=Cucumber Tests-1] DEBUG - Save content types part
19:41:47.485 [TestNG-test=Cucumber Tests-1] DEBUG - Save package relationships
19:41:47.486 [TestNG-test=Cucumber Tests-1] DEBUG - Save part 'docProps/app.xml'
19:41:47.486 [TestNG-test=Cucumber Tests-1] DEBUG - Save part 'docProps/core.xml'
19:41:47.487 [TestNG-test=Cucumber Tests-1] DEBUG - Save part 'xl/sharedStrings.xml'
19:41:47.487 [TestNG-test=Cucumber Tests-1] DEBUG - Save part 'xl/styles.xml'
19:41:47.487 [TestNG-test=Cucumber Tests-1] DEBUG - Save part 'xl/workbook.xml'
19:41:47.488 [TestNG-test=Cucumber Tests-1] DEBUG - Save part 'xl/worksheets/sheet1.xml'
19:41:47.490 [TestNG-test=Cucumber Tests-1] DEBUG - Save content types part
19:41:47.491 [TestNG-test=Cucumber Tests-1] DEBUG - Save package relationships
19:41:47.492 [TestNG-test=Cucumber Tests-1] DEBUG - Save part 'docProps/app.xml'
19:41:47.493 [TestNG-test=Cucumber Tests-1] DEBUG - Save part 'docProps/core.xml'
19:41:47.494 [TestNG-test=Cucumber Tests-1] DEBUG - Save part 'xl/sharedStrings.xml'
19:41:47.494 [TestNG-test=Cucumber Tests-1] DEBUG - Save part 'xl/styles.xml'
19:41:47.495 [TestNG-test=Cucumber Tests-1] DEBUG - Save part 'xl/workbook.xml'
19:41:47.497 [TestNG-test=Cucumber Tests-1] DEBUG - Save part 'xl/worksheets/sheet1.xml'
19:42:07.630 [TestNG-test=Cucumber Tests-1] DEBUG - Save core properties part
19:42:07.631 [TestNG-test=Cucumber Tests-1] DEBUG - Save content types part
19:42:07.632 [TestNG-test=Cucumber Tests-1] DEBUG - Save package relationships
19:42:07.636 [TestNG-test=Cucumber Tests-1] DEBUG - Save part 'docProps/app.xml'
19:42:07.636 [TestNG-test=Cucumber Tests-1] DEBUG - Save part 'docProps/core.xml'
19:42:07.639 [TestNG-test=Cucumber Tests-1] DEBUG - Save part 'xl/sharedStrings.xml'
19:42:07.640 [TestNG-test=Cucumber Tests-1] DEBUG - Save part 'xl/styles.xml'
19:42:07.640 [TestNG-test=Cucumber Tests-1] DEBUG - Save part 'xl/workbook.xml'
19:42:07.642 [TestNG-test=Cucumber Tests-1] DEBUG - Save part 'xl/worksheets/sheet1.xml'
19:42:07.644 [TestNG-test=Cucumber Tests-1] DEBUG - Save content types part
19:42:07.645 [TestNG-test=Cucumber Tests-1] DEBUG - Save package relationships
19:42:07.647 [TestNG-test=Cucumber Tests-1] DEBUG - Save part 'docProps/app.xml'
19:42:07.648 [TestNG-test=Cucumber Tests-1] DEBUG - Save part 'docProps/core.xml'
19:42:07.650 [TestNG-test=Cucumber Tests-1] DEBUG - Save part 'xl/sharedStrings.xml'
19:42:07.650 [TestNG-test=Cucumber Tests-1] DEBUG - Save part 'xl/styles.xml'
19:42:07.650 [TestNG-test=Cucumber Tests-1] DEBUG - Save part 'xl/workbook.xml'
19:42:07.653 [TestNG-test=Cucumber Tests-1] DEBUG - Save part 'xl/worksheets/sheet1.xml'
20:35:21.364 [TestNG-tests-1] TRACE - Loading type system org.apache.poi.schemas.ooxml.system.ooxml
20:35:21.374 [TestNG-tests-1] TRACE - Loading type system org.apache.xmlbeans.metadata.system.sXMLCONFIG
20:35:21.375 [TestNG-tests-1] TRACE - Loading type system org.apache.xmlbeans.metadata.system.sXMLLANG
20:35:21.376 [TestNG-tests-1] TRACE - Loading type system org.apache.xmlbeans.metadata.system.sXMLSCHEMA
20:35:21.377 [TestNG-tests-1] TRACE - Loading type system org.apache.xmlbeans.metadata.system.sXMLTOOLS
20:35:21.378 [TestNG-tests-1] TRACE - Reading unresolved handles for type system org.apache.xmlbeans.metadata.system.sXMLTOOLS
20:35:21.398 [TestNG-tests-1] TRACE - Finished loading type system org.apache.xmlbeans.metadata.system.sXMLTOOLS
20:35:21.399 [TestNG-tests-1] TRACE - Reading unresolved handles for type system org.apache.xmlbeans.metadata.system.sXMLSCHEMA
20:35:21.404 [TestNG-tests-1] TRACE - Finished loading type system org.apache.xmlbeans.metadata.system.sXMLSCHEMA
20:35:21.405 [TestNG-tests-1] TRACE - Reading unresolved handles for type system org.apache.xmlbeans.metadata.system.sXMLLANG
20:35:21.407 [TestNG-tests-1] TRACE - Finished loading type system org.apache.xmlbeans.metadata.system.sXMLLANG
20:35:21.408 [TestNG-tests-1] TRACE - Reading unresolved handles for type system org.apache.xmlbeans.metadata.system.sXMLCONFIG
20:35:21.409 [TestNG-tests-1] TRACE - Finished loading type system org.apache.xmlbeans.metadata.system.sXMLCONFIG
20:35:21.410 [TestNG-tests-1] TRACE - Reading unresolved handles for type system org.apache.poi.schemas.ooxml.system.ooxml
20:35:21.482 [TestNG-tests-1] TRACE - Finished loading type system org.apache.poi.schemas.ooxml.system.ooxml
20:35:21.483 [TestNG-tests-1] TRACE - Resolving type for handle ctworkbook83c3type
20:35:21.540 [TestNG-tests-1] TRACE - Resolving type for handle ctworkbookpr03a5type
20:35:21.551 [TestNG-tests-1] TRACE - Resolving type for handle ctbookviewsb864type
20:35:21.553 [TestNG-tests-1] TRACE - Resolving type for handle ctbookviewf677type
20:35:21.560 [TestNG-tests-1] TRACE - Resolving type for handle ctsheets49fdtype
20:35:21.564 [TestNG-tests-1] TRACE - Resolving type for handle propertiesee84doctype
20:35:21.566 [TestNG-tests-1] TRACE - Resolving type for handle ctproperties3f10type
20:35:21.571 [TestNG-tests-1] TRACE - Resolving type for handle properties288cdoctype
20:35:21.573 [TestNG-tests-1] TRACE - Resolving type for handle ctproperties2c18type
20:35:21.585 [TestNG-tests-1] TRACE - Resolving type for handle sstf81fdoctype
20:35:21.588 [TestNG-tests-1] TRACE - Resolving type for handle ctsst44f3type
20:35:21.597 [TestNG-tests-1] TRACE - Resolving type for handle stylesheet5d8bdoctype
20:35:21.599 [TestNG-tests-1] TRACE - Resolving type for handle ctstylesheet4257type
20:35:21.609 [TestNG-tests-1] TRACE - Resolving type for handle ctfont14d8type
20:35:21.621 [TestNG-tests-1] TRACE - Resolving type for handle ctfontsizeb3b9type
20:35:21.628 [TestNG-tests-1] TRACE - Resolving type for handle ctcolord2c2type
20:35:21.633 [TestNG-tests-1] TRACE - Resolving type for handle ctfontname2dc3type
20:35:21.636 [TestNG-tests-1] TRACE - Resolving type for handle stxstringf179type
20:35:21.640 [TestNG-tests-1] TRACE - Resolving type for handle ctfontfamily685ctype
20:35:21.643 [TestNG-tests-1] TRACE - Resolving type for handle stfontfamily9c6ctype
20:35:21.646 [TestNG-tests-1] TRACE - Resolving type for handle ctfontschemebf5dtype
20:35:21.649 [TestNG-tests-1] TRACE - Resolving type for handle stfontschemef36dtype
20:35:21.654 [TestNG-tests-1] TRACE - Resolving type for handle ctfill550ctype
20:35:21.656 [TestNG-tests-1] TRACE - Resolving type for handle ctpatternfill7452type
20:35:21.660 [TestNG-tests-1] TRACE - Resolving type for handle stpatterntype7939type
20:35:21.663 [TestNG-tests-1] TRACE - Resolving type for handle ctborderf935type
20:35:21.665 [TestNG-tests-1] TRACE - Resolving type for handle ctborderpre497type
20:35:21.669 [TestNG-tests-1] TRACE - Resolving type for handle ctxf97f7type
20:35:21.671 [TestNG-tests-1] TRACE - Resolving type for handle stnumfmtid76fbtype
20:35:21.672 [TestNG-tests-1] TRACE - Resolving type for handle stfontid9d63type
20:35:21.673 [TestNG-tests-1] TRACE - Resolving type for handle stfillida097type
20:35:21.674 [TestNG-tests-1] TRACE - Resolving type for handle stborderid1a80type
20:35:21.676 [TestNG-tests-1] TRACE - Resolving type for handle stcellstylexfid70c7type
20:35:21.681 [TestNG-tests-1] TRACE - Resolving type for handle ctsheet4dbetype
20:35:21.685 [TestNG-tests-1] TRACE - Resolving type for handle ctworksheet530dtype
20:35:21.688 [TestNG-tests-1] TRACE - Resolving type for handle ctsheetformatprdef7type
20:35:21.693 [TestNG-tests-1] TRACE - Resolving type for handle ctsheetviewsb918type
20:35:21.697 [TestNG-tests-1] TRACE - Resolving type for handle ctsheetview0f43type
20:35:21.702 [TestNG-tests-1] TRACE - Resolving type for handle ctsheetdimensiond310type
20:35:21.703 [TestNG-tests-1] TRACE - Resolving type for handle stref90a2type
20:35:21.703 [TestNG-tests-1] TRACE - Resolving type for handle ctsheetdata8408type
20:35:21.705 [TestNG-tests-1] TRACE - Resolving type for handle ctpagemargins5455type
20:35:21.711 [TestNG-tests-1] TRACE - Resolving type for handle ctcols627ctype
20:35:21.712 [TestNG-tests-1] TRACE - Resolving type for handle strelationshipid1e94type
20:35:21.714 [TestNG-tests-1] TRACE - Resolving type for handle ctrowdd39type
20:35:21.718 [TestNG-tests-1] TRACE - Resolving type for handle ctcell842btype
20:35:21.724 [TestNG-tests-1] TRACE - Resolving type for handle stcellrefe4e0type
20:35:21.730 [TestNG-tests-1] TRACE - Resolving type for handle ctrsta472type
20:35:21.732 [TestNG-tests-1] TRACE - Resolving type for handle stcelltypebf95type
20:35:21.757 [TestNG-tests-1] TRACE - Resolving type for handle ctnumfmtsb58btype
20:35:21.759 [TestNG-tests-1] TRACE - Resolving type for handle ctfonts6623type
20:35:21.762 [TestNG-tests-1] TRACE - Resolving type for handle ctfills2c6ftype
20:35:21.764 [TestNG-tests-1] TRACE - Resolving type for handle ctborders0d66type
20:35:21.765 [TestNG-tests-1] TRACE - Resolving type for handle ctcellxfs1322type
20:35:21.767 [TestNG-tests-1] TRACE - Resolving type for handle ctcellstylexfsa81ftype
20:35:21.784 [TestNG-tests-1] DEBUG - Save core properties part
20:35:21.785 [TestNG-tests-1] DEBUG - Save content types part
20:35:21.908 [TestNG-tests-1] DEBUG - Save package relationships
20:35:21.919 [TestNG-tests-1] DEBUG - Save part 'docProps/app.xml'
20:35:21.922 [TestNG-tests-1] DEBUG - Save part 'docProps/core.xml'
20:35:21.939 [TestNG-tests-1] DEBUG - Save part 'xl/sharedStrings.xml'
20:35:21.940 [TestNG-tests-1] DEBUG - Save part 'xl/styles.xml'
20:35:21.940 [TestNG-tests-1] DEBUG - Save part 'xl/workbook.xml'
20:35:21.943 [TestNG-tests-1] DEBUG - Save part 'xl/worksheets/sheet1.xml'
20:35:21.949 [TestNG-tests-1] DEBUG - Save content types part
20:35:21.951 [TestNG-tests-1] DEBUG - Save package relationships
20:35:21.953 [TestNG-tests-1] DEBUG - Save part 'docProps/app.xml'
20:35:21.954 [TestNG-tests-1] DEBUG - Save part 'docProps/core.xml'
20:35:21.956 [TestNG-tests-1] DEBUG - Save part 'xl/sharedStrings.xml'
20:35:21.956 [TestNG-tests-1] DEBUG - Save part 'xl/styles.xml'
20:35:21.956 [TestNG-tests-1] DEBUG - Save part 'xl/workbook.xml'
20:35:21.958 [TestNG-tests-1] DEBUG - Save part 'xl/worksheets/sheet1.xml'
20:36:20.407 [TestNG-tests-1] TRACE - Loading type system org.apache.poi.schemas.ooxml.system.ooxml
20:36:20.413 [TestNG-tests-1] TRACE - Loading type system org.apache.xmlbeans.metadata.system.sXMLCONFIG
20:36:20.413 [TestNG-tests-1] TRACE - Loading type system org.apache.xmlbeans.metadata.system.sXMLLANG
20:36:20.414 [TestNG-tests-1] TRACE - Loading type system org.apache.xmlbeans.metadata.system.sXMLSCHEMA
20:36:20.414 [TestNG-tests-1] TRACE - Loading type system org.apache.xmlbeans.metadata.system.sXMLTOOLS
20:36:20.416 [TestNG-tests-1] TRACE - Reading unresolved handles for type system org.apache.xmlbeans.metadata.system.sXMLTOOLS
20:36:20.431 [TestNG-tests-1] TRACE - Finished loading type system org.apache.xmlbeans.metadata.system.sXMLTOOLS
20:36:20.432 [TestNG-tests-1] TRACE - Reading unresolved handles for type system org.apache.xmlbeans.metadata.system.sXMLSCHEMA
20:36:20.438 [TestNG-tests-1] TRACE - Finished loading type system org.apache.xmlbeans.metadata.system.sXMLSCHEMA
20:36:20.439 [TestNG-tests-1] TRACE - Reading unresolved handles for type system org.apache.xmlbeans.metadata.system.sXMLLANG
20:36:20.440 [TestNG-tests-1] TRACE - Finished loading type system org.apache.xmlbeans.metadata.system.sXMLLANG
20:36:20.442 [TestNG-tests-1] TRACE - Reading unresolved handles for type system org.apache.xmlbeans.metadata.system.sXMLCONFIG
20:36:20.442 [TestNG-tests-1] TRACE - Finished loading type system org.apache.xmlbeans.metadata.system.sXMLCONFIG
20:36:20.442 [TestNG-tests-1] TRACE - Reading unresolved handles for type system org.apache.poi.schemas.ooxml.system.ooxml
20:36:20.479 [TestNG-tests-1] TRACE - Finished loading type system org.apache.poi.schemas.ooxml.system.ooxml
20:36:20.480 [TestNG-tests-1] TRACE - Resolving type for handle ctworkbook83c3type
20:36:20.517 [TestNG-tests-1] TRACE - Resolving type for handle ctworkbookpr03a5type
20:36:20.524 [TestNG-tests-1] TRACE - Resolving type for handle ctbookviewsb864type
20:36:20.525 [TestNG-tests-1] TRACE - Resolving type for handle ctbookviewf677type
20:36:20.530 [TestNG-tests-1] TRACE - Resolving type for handle ctsheets49fdtype
20:36:20.532 [TestNG-tests-1] TRACE - Resolving type for handle propertiesee84doctype
20:36:20.534 [TestNG-tests-1] TRACE - Resolving type for handle ctproperties3f10type
20:36:20.543 [TestNG-tests-1] TRACE - Resolving type for handle properties288cdoctype
20:36:20.543 [TestNG-tests-1] TRACE - Resolving type for handle ctproperties2c18type
20:36:20.552 [TestNG-tests-1] TRACE - Resolving type for handle sstf81fdoctype
20:36:20.554 [TestNG-tests-1] TRACE - Resolving type for handle ctsst44f3type
20:36:20.565 [TestNG-tests-1] TRACE - Resolving type for handle stylesheet5d8bdoctype
20:36:20.568 [TestNG-tests-1] TRACE - Resolving type for handle ctstylesheet4257type
20:36:20.573 [TestNG-tests-1] TRACE - Resolving type for handle ctfont14d8type
20:36:20.586 [TestNG-tests-1] TRACE - Resolving type for handle ctfontsizeb3b9type
20:36:20.592 [TestNG-tests-1] TRACE - Resolving type for handle ctcolord2c2type
20:36:20.597 [TestNG-tests-1] TRACE - Resolving type for handle ctfontname2dc3type
20:36:20.600 [TestNG-tests-1] TRACE - Resolving type for handle stxstringf179type
20:36:20.605 [TestNG-tests-1] TRACE - Resolving type for handle ctfontfamily685ctype
20:36:20.607 [TestNG-tests-1] TRACE - Resolving type for handle stfontfamily9c6ctype
20:36:20.611 [TestNG-tests-1] TRACE - Resolving type for handle ctfontschemebf5dtype
20:36:20.613 [TestNG-tests-1] TRACE - Resolving type for handle stfontschemef36dtype
20:36:20.616 [TestNG-tests-1] TRACE - Resolving type for handle ctfill550ctype
20:36:20.618 [TestNG-tests-1] TRACE - Resolving type for handle ctpatternfill7452type
20:36:20.621 [TestNG-tests-1] TRACE - Resolving type for handle stpatterntype7939type
20:36:20.624 [TestNG-tests-1] TRACE - Resolving type for handle ctborderf935type
20:36:20.628 [TestNG-tests-1] TRACE - Resolving type for handle ctborderpre497type
20:36:20.632 [TestNG-tests-1] TRACE - Resolving type for handle ctxf97f7type
20:36:20.635 [TestNG-tests-1] TRACE - Resolving type for handle stnumfmtid76fbtype
20:36:20.637 [TestNG-tests-1] TRACE - Resolving type for handle stfontid9d63type
20:36:20.639 [TestNG-tests-1] TRACE - Resolving type for handle stfillida097type
20:36:20.641 [TestNG-tests-1] TRACE - Resolving type for handle stborderid1a80type
20:36:20.642 [TestNG-tests-1] TRACE - Resolving type for handle stcellstylexfid70c7type
20:36:20.647 [TestNG-tests-1] TRACE - Resolving type for handle ctsheet4dbetype
20:36:20.651 [TestNG-tests-1] TRACE - Resolving type for handle ctworksheet530dtype
20:36:20.655 [TestNG-tests-1] TRACE - Resolving type for handle ctsheetformatprdef7type
20:36:20.659 [TestNG-tests-1] TRACE - Resolving type for handle ctsheetviewsb918type
20:36:20.661 [TestNG-tests-1] TRACE - Resolving type for handle ctsheetview0f43type
20:36:20.668 [TestNG-tests-1] TRACE - Resolving type for handle ctsheetdimensiond310type
20:36:20.670 [TestNG-tests-1] TRACE - Resolving type for handle stref90a2type
20:36:20.672 [TestNG-tests-1] TRACE - Resolving type for handle ctsheetdata8408type
20:36:20.673 [TestNG-tests-1] TRACE - Resolving type for handle ctpagemargins5455type
20:36:20.678 [TestNG-tests-1] TRACE - Resolving type for handle ctcols627ctype
20:36:20.680 [TestNG-tests-1] TRACE - Resolving type for handle strelationshipid1e94type
20:36:20.682 [TestNG-tests-1] TRACE - Resolving type for handle ctrowdd39type
20:36:20.689 [TestNG-tests-1] TRACE - Resolving type for handle ctcell842btype
20:36:20.697 [TestNG-tests-1] TRACE - Resolving type for handle stcellrefe4e0type
20:36:20.701 [TestNG-tests-1] TRACE - Resolving type for handle ctrsta472type
20:36:20.706 [TestNG-tests-1] TRACE - Resolving type for handle stcelltypebf95type
20:36:20.750 [TestNG-tests-1] TRACE - Resolving type for handle ctnumfmtsb58btype
20:36:20.756 [TestNG-tests-1] TRACE - Resolving type for handle ctfonts6623type
20:36:20.764 [TestNG-tests-1] TRACE - Resolving type for handle ctfills2c6ftype
20:36:20.769 [TestNG-tests-1] TRACE - Resolving type for handle ctborders0d66type
20:36:20.773 [TestNG-tests-1] TRACE - Resolving type for handle ctcellxfs1322type
20:36:20.776 [TestNG-tests-1] TRACE - Resolving type for handle ctcellstylexfsa81ftype
20:36:20.811 [TestNG-tests-1] DEBUG - Save core properties part
20:36:20.812 [TestNG-tests-1] DEBUG - Save content types part
20:36:20.924 [TestNG-tests-1] DEBUG - Save package relationships
20:36:20.929 [TestNG-tests-1] DEBUG - Save part 'docProps/app.xml'
20:36:20.931 [TestNG-tests-1] DEBUG - Save part 'docProps/core.xml'
20:36:20.940 [TestNG-tests-1] DEBUG - Save part 'xl/sharedStrings.xml'
20:36:20.941 [TestNG-tests-1] DEBUG - Save part 'xl/styles.xml'
20:36:20.941 [TestNG-tests-1] DEBUG - Save part 'xl/workbook.xml'
20:36:20.944 [TestNG-tests-1] DEBUG - Save part 'xl/worksheets/sheet1.xml'
20:36:20.947 [TestNG-tests-1] DEBUG - Save content types part
20:36:20.951 [TestNG-tests-1] DEBUG - Save package relationships
20:36:20.953 [TestNG-tests-1] DEBUG - Save part 'docProps/app.xml'
20:36:20.953 [TestNG-tests-1] DEBUG - Save part 'docProps/core.xml'
20:36:20.955 [TestNG-tests-1] DEBUG - Save part 'xl/sharedStrings.xml'
20:36:20.956 [TestNG-tests-1] DEBUG - Save part 'xl/styles.xml'
20:36:20.956 [TestNG-tests-1] DEBUG - Save part 'xl/workbook.xml'
20:36:20.958 [TestNG-tests-1] DEBUG - Save part 'xl/worksheets/sheet1.xml'
20:36:44.354 [TestNG-tests-1] DEBUG - Parsing relationship: /xl/_rels/workbook.xml.rels
20:36:44.359 [TestNG-tests-1] DEBUG - Parsing relationship: /_rels/.rels
20:36:44.391 [TestNG-tests-1] TRACE - Resolving type for handle themefd26doctype
20:36:44.420 [TestNG-tests-1] TRACE - Resolving type for handle ctdxfsb26atype
20:36:44.424 [TestNG-tests-1] TRACE - Resolving type for handle cttablestyles872ftype
20:36:44.443 [TestNG-tests-1] TRACE - Resolving type for handle workbookec17doctype
20:36:44.450 [TestNG-tests-1] TRACE - Resolving type for handle worksheetf539doctype
20:36:44.468 [TestNG-tests-1] TRACE - Resolving type for handle ctcola95ftype
20:36:48.974 [TestNG-tests-1] DEBUG - Save core properties part
20:36:48.974 [TestNG-tests-1] DEBUG - Save content types part
20:36:48.977 [TestNG-tests-1] DEBUG - Save package relationships
20:36:48.978 [TestNG-tests-1] DEBUG - Save part 'docProps/app.xml'
20:36:48.978 [TestNG-tests-1] DEBUG - Save part 'docProps/core.xml'
20:36:48.979 [TestNG-tests-1] DEBUG - Save part 'xl/sharedStrings.xml'
20:36:48.979 [TestNG-tests-1] DEBUG - Save part 'xl/styles.xml'
20:36:48.979 [TestNG-tests-1] DEBUG - Save part 'xl/workbook.xml'
20:36:48.980 [TestNG-tests-1] DEBUG - Save part 'xl/worksheets/sheet1.xml'
20:36:48.981 [TestNG-tests-1] DEBUG - Save content types part
20:36:48.982 [TestNG-tests-1] DEBUG - Save package relationships
20:36:48.983 [TestNG-tests-1] DEBUG - Save part 'docProps/app.xml'
20:36:48.984 [TestNG-tests-1] DEBUG - Save part 'docProps/core.xml'
20:36:48.985 [TestNG-tests-1] DEBUG - Save part 'xl/sharedStrings.xml'
20:36:48.986 [TestNG-tests-1] DEBUG - Save part 'xl/styles.xml'
20:36:48.986 [TestNG-tests-1] DEBUG - Save part 'xl/workbook.xml'
20:36:48.989 [TestNG-tests-1] DEBUG - Save part 'xl/worksheets/sheet1.xml'
20:37:07.627 [TestNG-tests-1] DEBUG - Save core properties part
20:37:07.627 [TestNG-tests-1] DEBUG - Save content types part
20:37:07.629 [TestNG-tests-1] DEBUG - Save package relationships
20:37:07.631 [TestNG-tests-1] DEBUG - Save part 'docProps/app.xml'
20:37:07.631 [TestNG-tests-1] DEBUG - Save part 'docProps/core.xml'
20:37:07.633 [TestNG-tests-1] DEBUG - Save part 'xl/sharedStrings.xml'
20:37:07.634 [TestNG-tests-1] DEBUG - Save part 'xl/styles.xml'
20:37:07.634 [TestNG-tests-1] DEBUG - Save part 'xl/workbook.xml'
20:37:07.636 [TestNG-tests-1] DEBUG - Save part 'xl/worksheets/sheet1.xml'
20:37:07.638 [TestNG-tests-1] DEBUG - Save content types part
20:37:07.641 [TestNG-tests-1] DEBUG - Save package relationships
20:37:07.643 [TestNG-tests-1] DEBUG - Save part 'docProps/app.xml'
20:37:07.643 [TestNG-tests-1] DEBUG - Save part 'docProps/core.xml'
20:37:07.644 [TestNG-tests-1] DEBUG - Save part 'xl/sharedStrings.xml'
20:37:07.645 [TestNG-tests-1] DEBUG - Save part 'xl/styles.xml'
20:37:07.645 [TestNG-tests-1] DEBUG - Save part 'xl/workbook.xml'
20:37:07.647 [TestNG-tests-1] DEBUG - Save part 'xl/worksheets/sheet1.xml'
20:37:39.920 [TestNG-tests-1] DEBUG - Save core properties part
20:37:39.920 [TestNG-tests-1] DEBUG - Save content types part
20:37:39.921 [TestNG-tests-1] DEBUG - Save package relationships
20:37:39.922 [TestNG-tests-1] DEBUG - Save part 'docProps/app.xml'
20:37:39.922 [TestNG-tests-1] DEBUG - Save part 'docProps/core.xml'
20:37:39.923 [TestNG-tests-1] DEBUG - Save part 'xl/sharedStrings.xml'
20:37:39.923 [TestNG-tests-1] DEBUG - Save part 'xl/styles.xml'
20:37:39.923 [TestNG-tests-1] DEBUG - Save part 'xl/workbook.xml'
20:37:39.924 [TestNG-tests-1] DEBUG - Save part 'xl/worksheets/sheet1.xml'
20:37:39.925 [TestNG-tests-1] DEBUG - Save content types part
20:37:39.926 [TestNG-tests-1] DEBUG - Save package relationships
20:37:39.927 [TestNG-tests-1] DEBUG - Save part 'docProps/app.xml'
20:37:39.927 [TestNG-tests-1] DEBUG - Save part 'docProps/core.xml'
20:37:39.928 [TestNG-tests-1] DEBUG - Save part 'xl/sharedStrings.xml'
20:37:39.928 [TestNG-tests-1] DEBUG - Save part 'xl/styles.xml'
20:37:39.928 [TestNG-tests-1] DEBUG - Save part 'xl/workbook.xml'
20:37:39.929 [TestNG-tests-1] DEBUG - Save part 'xl/worksheets/sheet1.xml'
20:58:08.760 [TestNG-test=Cucumber Tests-3] DEBUG - Parsing relationship: /xl/_rels/workbook.xml.rels
20:58:08.819 [TestNG-test=Cucumber Tests-3] DEBUG - Parsing relationship: /_rels/.rels
20:58:09.471 [TestNG-test=Cucumber Tests-3] TRACE - Loading type system org.apache.poi.schemas.ooxml.system.ooxml
20:58:09.481 [TestNG-test=Cucumber Tests-3] TRACE - Loading type system org.apache.xmlbeans.metadata.system.sXMLCONFIG
20:58:09.483 [TestNG-test=Cucumber Tests-3] TRACE - Loading type system org.apache.xmlbeans.metadata.system.sXMLLANG
20:58:09.484 [TestNG-test=Cucumber Tests-3] TRACE - Loading type system org.apache.xmlbeans.metadata.system.sXMLSCHEMA
20:58:09.485 [TestNG-test=Cucumber Tests-3] TRACE - Loading type system org.apache.xmlbeans.metadata.system.sXMLTOOLS
20:58:09.488 [TestNG-test=Cucumber Tests-3] TRACE - Reading unresolved handles for type system org.apache.xmlbeans.metadata.system.sXMLTOOLS
20:58:09.517 [TestNG-test=Cucumber Tests-3] TRACE - Finished loading type system org.apache.xmlbeans.metadata.system.sXMLTOOLS
20:58:09.520 [TestNG-test=Cucumber Tests-3] TRACE - Reading unresolved handles for type system org.apache.xmlbeans.metadata.system.sXMLSCHEMA
20:58:09.538 [TestNG-test=Cucumber Tests-3] TRACE - Finished loading type system org.apache.xmlbeans.metadata.system.sXMLSCHEMA
20:58:09.544 [TestNG-test=Cucumber Tests-3] TRACE - Reading unresolved handles for type system org.apache.xmlbeans.metadata.system.sXMLLANG
20:58:09.547 [TestNG-test=Cucumber Tests-3] TRACE - Finished loading type system org.apache.xmlbeans.metadata.system.sXMLLANG
20:58:09.550 [TestNG-test=Cucumber Tests-3] TRACE - Reading unresolved handles for type system org.apache.xmlbeans.metadata.system.sXMLCONFIG
20:58:09.552 [TestNG-test=Cucumber Tests-3] TRACE - Finished loading type system org.apache.xmlbeans.metadata.system.sXMLCONFIG
20:58:09.554 [TestNG-test=Cucumber Tests-3] TRACE - Reading unresolved handles for type system org.apache.poi.schemas.ooxml.system.ooxml
20:58:09.854 [TestNG-test=Cucumber Tests-3] TRACE - Finished loading type system org.apache.poi.schemas.ooxml.system.ooxml
20:58:09.857 [TestNG-test=Cucumber Tests-3] TRACE - Resolving type for handle themefd26doctype
20:58:10.147 [TestNG-test=Cucumber Tests-3] TRACE - Resolving type for handle stylesheet5d8bdoctype
20:58:10.161 [TestNG-test=Cucumber Tests-3] TRACE - Resolving type for handle ctstylesheet4257type
20:58:10.170 [TestNG-test=Cucumber Tests-3] TRACE - Resolving type for handle ctfonts6623type
20:58:10.185 [TestNG-test=Cucumber Tests-3] TRACE - Resolving type for handle ctfont14d8type
20:58:10.216 [TestNG-test=Cucumber Tests-3] TRACE - Resolving type for handle ctfills2c6ftype
20:58:10.221 [TestNG-test=Cucumber Tests-3] TRACE - Resolving type for handle ctfill550ctype
20:58:10.230 [TestNG-test=Cucumber Tests-3] TRACE - Resolving type for handle ctborders0d66type
20:58:10.234 [TestNG-test=Cucumber Tests-3] TRACE - Resolving type for handle ctborderf935type
20:58:10.244 [TestNG-test=Cucumber Tests-3] TRACE - Resolving type for handle ctcellxfs1322type
20:58:10.252 [TestNG-test=Cucumber Tests-3] TRACE - Resolving type for handle ctxf97f7type
20:58:10.270 [TestNG-test=Cucumber Tests-3] TRACE - Resolving type for handle ctcellstylexfsa81ftype
20:58:10.277 [TestNG-test=Cucumber Tests-3] TRACE - Resolving type for handle ctdxfsb26atype
20:58:10.283 [TestNG-test=Cucumber Tests-3] TRACE - Resolving type for handle cttablestyles872ftype
20:58:10.296 [TestNG-test=Cucumber Tests-3] TRACE - Resolving type for handle sstf81fdoctype
20:58:10.310 [TestNG-test=Cucumber Tests-3] TRACE - Resolving type for handle ctsst44f3type
20:58:10.337 [TestNG-test=Cucumber Tests-3] TRACE - Resolving type for handle ctrsta472type
20:58:10.411 [TestNG-test=Cucumber Tests-3] TRACE - Resolving type for handle workbookec17doctype
20:58:10.430 [TestNG-test=Cucumber Tests-3] TRACE - Resolving type for handle ctworkbook83c3type
20:58:10.436 [TestNG-test=Cucumber Tests-3] TRACE - Resolving type for handle ctsheets49fdtype
20:58:10.446 [TestNG-test=Cucumber Tests-3] TRACE - Resolving type for handle ctsheet4dbetype
20:58:10.451 [TestNG-test=Cucumber Tests-3] TRACE - Resolving type for handle strelationshipid1e94type
20:58:10.458 [TestNG-test=Cucumber Tests-3] TRACE - Resolving type for handle worksheetf539doctype
20:58:10.466 [TestNG-test=Cucumber Tests-3] TRACE - Resolving type for handle ctworksheet530dtype
20:58:10.481 [TestNG-test=Cucumber Tests-3] TRACE - Resolving type for handle ctsheetdata8408type
20:58:10.485 [TestNG-test=Cucumber Tests-3] TRACE - Resolving type for handle ctrowdd39type
20:58:10.495 [TestNG-test=Cucumber Tests-3] TRACE - Resolving type for handle ctcell842btype
20:58:10.517 [TestNG-test=Cucumber Tests-3] TRACE - Resolving type for handle stcellrefe4e0type
20:58:10.536 [TestNG-test=Cucumber Tests-3] TRACE - Resolving type for handle ctcols627ctype
20:58:10.549 [TestNG-test=Cucumber Tests-3] TRACE - Resolving type for handle ctcola95ftype
20:58:10.612 [TestNG-test=Cucumber Tests-3] TRACE - Resolving type for handle stxstringf179type
20:58:10.619 [TestNG-test=Cucumber Tests-3] TRACE - Resolving type for handle stcelltypebf95type
20:58:10.645 [TestNG-test=Cucumber Tests-3] TRACE - Resolving type for handle stcellstylexfid70c7type
20:58:10.653 [TestNG-test=Cucumber Tests-3] TRACE - Resolving type for handle stnumfmtid76fbtype
20:58:11.501 [TestNG-test=Cucumber Tests-4] TRACE - Resolving type for handle ctworkbookpr03a5type
20:58:11.511 [TestNG-test=Cucumber Tests-4] TRACE - Resolving type for handle ctbookviewsb864type
20:58:11.515 [TestNG-test=Cucumber Tests-4] TRACE - Resolving type for handle ctbookviewf677type
20:58:11.524 [TestNG-test=Cucumber Tests-4] TRACE - Resolving type for handle propertiesee84doctype
20:58:11.527 [TestNG-test=Cucumber Tests-4] TRACE - Resolving type for handle ctproperties3f10type
20:58:11.536 [TestNG-test=Cucumber Tests-4] TRACE - Resolving type for handle properties288cdoctype
20:58:11.539 [TestNG-test=Cucumber Tests-4] TRACE - Resolving type for handle ctproperties2c18type
20:58:11.552 [TestNG-test=Cucumber Tests-4] TRACE - Resolving type for handle ctfontsizeb3b9type
20:58:11.563 [TestNG-test=Cucumber Tests-4] TRACE - Resolving type for handle ctcolord2c2type
20:58:11.568 [TestNG-test=Cucumber Tests-4] TRACE - Resolving type for handle ctfontname2dc3type
20:58:11.575 [TestNG-test=Cucumber Tests-4] TRACE - Resolving type for handle ctfontfamily685ctype
20:58:11.580 [TestNG-test=Cucumber Tests-4] TRACE - Resolving type for handle stfontfamily9c6ctype
20:58:11.587 [TestNG-test=Cucumber Tests-4] TRACE - Resolving type for handle ctfontschemebf5dtype
20:58:11.594 [TestNG-test=Cucumber Tests-4] TRACE - Resolving type for handle stfontschemef36dtype
20:58:11.598 [TestNG-test=Cucumber Tests-4] TRACE - Resolving type for handle ctpatternfill7452type
20:58:11.615 [TestNG-test=Cucumber Tests-4] TRACE - Resolving type for handle stpatterntype7939type
20:58:11.626 [TestNG-test=Cucumber Tests-4] TRACE - Resolving type for handle ctborderpre497type
20:58:11.641 [TestNG-test=Cucumber Tests-4] TRACE - Resolving type for handle stfontid9d63type
20:58:11.647 [TestNG-test=Cucumber Tests-4] TRACE - Resolving type for handle stfillida097type
20:58:11.658 [TestNG-test=Cucumber Tests-4] TRACE - Resolving type for handle stborderid1a80type
20:58:11.665 [TestNG-test=Cucumber Tests-4] TRACE - Resolving type for handle ctsheetformatprdef7type
20:58:11.674 [TestNG-test=Cucumber Tests-4] TRACE - Resolving type for handle ctsheetviewsb918type
20:58:11.680 [TestNG-test=Cucumber Tests-4] TRACE - Resolving type for handle ctsheetview0f43type
20:58:11.688 [TestNG-test=Cucumber Tests-4] TRACE - Resolving type for handle ctsheetdimensiond310type
20:58:11.694 [TestNG-test=Cucumber Tests-4] TRACE - Resolving type for handle stref90a2type
20:58:11.698 [TestNG-test=Cucumber Tests-4] TRACE - Resolving type for handle ctpagemargins5455type
20:58:11.752 [TestNG-test=Cucumber Tests-4] TRACE - Resolving type for handle ctnumfmtsb58btype
20:58:11.781 [TestNG-test=Cucumber Tests-4] DEBUG - Save core properties part
20:58:11.782 [TestNG-test=Cucumber Tests-4] DEBUG - Save content types part
20:58:11.947 [TestNG-test=Cucumber Tests-4] DEBUG - Save package relationships
20:58:11.952 [TestNG-test=Cucumber Tests-4] DEBUG - Save part 'docProps/app.xml'
20:58:11.954 [TestNG-test=Cucumber Tests-4] DEBUG - Save part 'docProps/core.xml'
20:58:11.963 [TestNG-test=Cucumber Tests-4] DEBUG - Save part 'xl/sharedStrings.xml'
20:58:11.964 [TestNG-test=Cucumber Tests-4] DEBUG - Save part 'xl/styles.xml'
20:58:11.967 [TestNG-test=Cucumber Tests-4] DEBUG - Save part 'xl/workbook.xml'
20:58:11.983 [TestNG-test=Cucumber Tests-4] DEBUG - Save part 'xl/worksheets/sheet1.xml'
20:58:11.986 [TestNG-test=Cucumber Tests-4] DEBUG - Save content types part
20:58:11.989 [TestNG-test=Cucumber Tests-4] DEBUG - Save package relationships
20:58:11.994 [TestNG-test=Cucumber Tests-4] DEBUG - Save part 'docProps/app.xml'
20:58:11.996 [TestNG-test=Cucumber Tests-4] DEBUG - Save part 'docProps/core.xml'
20:58:11.998 [TestNG-test=Cucumber Tests-4] DEBUG - Save part 'xl/sharedStrings.xml'
20:58:11.999 [TestNG-test=Cucumber Tests-4] DEBUG - Save part 'xl/styles.xml'
20:58:12.000 [TestNG-test=Cucumber Tests-4] DEBUG - Save part 'xl/workbook.xml'
20:58:12.002 [TestNG-test=Cucumber Tests-4] DEBUG - Save part 'xl/worksheets/sheet1.xml'
20:58:16.376 [TestNG-test=Cucumber Tests-3] DEBUG - Save core properties part
20:58:16.376 [TestNG-test=Cucumber Tests-3] DEBUG - Save content types part
20:58:16.379 [TestNG-test=Cucumber Tests-3] DEBUG - Save package relationships
20:58:16.380 [TestNG-test=Cucumber Tests-3] DEBUG - Save part 'docProps/app.xml'
20:58:16.381 [TestNG-test=Cucumber Tests-3] DEBUG - Save part 'docProps/core.xml'
20:58:16.383 [TestNG-test=Cucumber Tests-3] DEBUG - Save part 'xl/sharedStrings.xml'
20:58:16.384 [TestNG-test=Cucumber Tests-3] DEBUG - Save part 'xl/styles.xml'
20:58:16.384 [TestNG-test=Cucumber Tests-3] DEBUG - Save part 'xl/workbook.xml'
20:58:16.388 [TestNG-test=Cucumber Tests-3] DEBUG - Save part 'xl/worksheets/sheet1.xml'
20:58:16.391 [TestNG-test=Cucumber Tests-3] DEBUG - Save content types part
20:58:16.395 [TestNG-test=Cucumber Tests-3] DEBUG - Save package relationships
20:58:16.397 [TestNG-test=Cucumber Tests-3] DEBUG - Save part 'docProps/app.xml'
20:58:16.397 [TestNG-test=Cucumber Tests-3] DEBUG - Save part 'docProps/core.xml'
20:58:16.399 [TestNG-test=Cucumber Tests-3] DEBUG - Save part 'xl/sharedStrings.xml'
20:58:16.400 [TestNG-test=Cucumber Tests-3] DEBUG - Save part 'xl/styles.xml'
20:58:16.400 [TestNG-test=Cucumber Tests-3] DEBUG - Save part 'xl/workbook.xml'
20:58:16.402 [TestNG-test=Cucumber Tests-3] DEBUG - Save part 'xl/worksheets/sheet1.xml'
20:58:20.389 [TestNG-test=Cucumber Tests-2] DEBUG - Save core properties part
20:58:20.389 [TestNG-test=Cucumber Tests-2] DEBUG - Save content types part
