18:18:38.591 [main] TRACE - Loading type system org.apache.poi.schemas.ooxml.system.ooxml
18:18:38.597 [main] TRACE - Loading type system org.apache.xmlbeans.metadata.system.sXMLCONFIG
18:18:38.598 [main] TRACE - Loading type system org.apache.xmlbeans.metadata.system.sXMLLANG
18:18:38.598 [main] TRACE - Loading type system org.apache.xmlbeans.metadata.system.sXMLSCHEMA
18:18:38.599 [main] TRACE - Loading type system org.apache.xmlbeans.metadata.system.sXMLTOOLS
18:18:38.600 [main] TRACE - Reading unresolved handles for type system org.apache.xmlbeans.metadata.system.sXMLTOOLS
18:18:38.617 [main] TRACE - Finished loading type system org.apache.xmlbeans.metadata.system.sXMLTOOLS
18:18:38.618 [main] TRACE - Reading unresolved handles for type system org.apache.xmlbeans.metadata.system.sXMLSCHEMA
18:18:38.624 [main] TRACE - Finished loading type system org.apache.xmlbeans.metadata.system.sXMLSCHEMA
18:18:38.625 [main] TRACE - Reading unresolved handles for type system org.apache.xmlbeans.metadata.system.sXMLLANG
18:18:38.626 [main] TRACE - Finished loading type system org.apache.xmlbeans.metadata.system.sXMLLANG
18:18:38.627 [main] TRACE - Reading unresolved handles for type system org.apache.xmlbeans.metadata.system.sXMLCONFIG
18:18:38.627 [main] TRACE - Finished loading type system org.apache.xmlbeans.metadata.system.sXMLCONFIG
18:18:38.628 [main] TRACE - Reading unresolved handles for type system org.apache.poi.schemas.ooxml.system.ooxml
18:18:38.660 [main] TRACE - Finished loading type system org.apache.poi.schemas.ooxml.system.ooxml
18:18:38.661 [main] TRACE - Resolving type for handle ctworkbook83c3type
18:18:38.692 [main] TRACE - Resolving type for handle ctworkbookpr03a5type
18:18:38.698 [main] TRACE - Resolving type for handle ctbookviewsb864type
18:18:38.699 [main] TRACE - Resolving type for handle ctbookviewf677type
18:18:38.704 [main] TRACE - Resolving type for handle ctsheets49fdtype
18:18:38.705 [main] TRACE - Resolving type for handle propertiesee84doctype
18:18:38.706 [main] TRACE - Resolving type for handle ctproperties3f10type
18:18:38.709 [main] TRACE - Resolving type for handle properties288cdoctype
18:18:38.709 [main] TRACE - Resolving type for handle ctproperties2c18type
18:18:38.712 [main] TRACE - Resolving type for handle sstf81fdoctype
18:18:38.713 [main] TRACE - Resolving type for handle ctsst44f3type
18:18:38.719 [main] TRACE - Resolving type for handle stylesheet5d8bdoctype
18:18:38.719 [main] TRACE - Resolving type for handle ctstylesheet4257type
18:18:38.723 [main] TRACE - Resolving type for handle ctfont14d8type
18:18:38.729 [main] TRACE - Resolving type for handle ctfontsizeb3b9type
18:18:38.733 [main] TRACE - Resolving type for handle ctcolord2c2type
18:18:38.736 [main] TRACE - Resolving type for handle ctfontname2dc3type
18:18:38.738 [main] TRACE - Resolving type for handle stxstringf179type
18:18:38.741 [main] TRACE - Resolving type for handle ctfontfamily685ctype
18:18:38.743 [main] TRACE - Resolving type for handle stfontfamily9c6ctype
18:18:38.746 [main] TRACE - Resolving type for handle ctfontschemebf5dtype
18:18:38.749 [main] TRACE - Resolving type for handle stfontschemef36dtype
18:18:38.751 [main] TRACE - Resolving type for handle ctfill550ctype
18:18:38.753 [main] TRACE - Resolving type for handle ctpatternfill7452type
18:18:38.756 [main] TRACE - Resolving type for handle stpatterntype7939type
18:18:38.759 [main] TRACE - Resolving type for handle ctborderf935type
18:18:38.761 [main] TRACE - Resolving type for handle ctborderpre497type
18:18:38.764 [main] TRACE - Resolving type for handle ctxf97f7type
18:18:38.767 [main] TRACE - Resolving type for handle stnumfmtid76fbtype
18:18:38.767 [main] TRACE - Resolving type for handle stfontid9d63type
18:18:38.768 [main] TRACE - Resolving type for handle stfillida097type
18:18:38.769 [main] TRACE - Resolving type for handle stborderid1a80type
18:18:38.770 [main] TRACE - Resolving type for handle stcellstylexfid70c7type
18:18:38.774 [main] TRACE - Resolving type for handle ctsheet4dbetype
18:18:38.776 [main] TRACE - Resolving type for handle ctworksheet530dtype
18:18:38.781 [main] TRACE - Resolving type for handle ctsheetformatprdef7type
18:18:38.786 [main] TRACE - Resolving type for handle ctsheetviewsb918type
18:18:38.788 [main] TRACE - Resolving type for handle ctsheetview0f43type
18:18:38.793 [main] TRACE - Resolving type for handle ctsheetdimensiond310type
18:18:38.794 [main] TRACE - Resolving type for handle stref90a2type
18:18:38.795 [main] TRACE - Resolving type for handle ctsheetdata8408type
18:18:38.796 [main] TRACE - Resolving type for handle ctpagemargins5455type
18:18:38.800 [main] TRACE - Resolving type for handle ctcols627ctype
18:18:38.801 [main] TRACE - Resolving type for handle strelationshipid1e94type
18:18:38.802 [main] TRACE - Resolving type for handle ctrowdd39type
18:18:38.806 [main] TRACE - Resolving type for handle ctcell842btype
18:18:38.813 [main] TRACE - Resolving type for handle stcellrefe4e0type
18:18:38.816 [main] TRACE - Resolving type for handle ctrsta472type
18:18:38.819 [main] TRACE - Resolving type for handle stcelltypebf95type
18:18:38.857 [main] TRACE - Resolving type for handle ctnumfmtsb58btype
18:18:38.860 [main] TRACE - Resolving type for handle ctfonts6623type
18:18:38.865 [main] TRACE - Resolving type for handle ctfills2c6ftype
18:18:38.867 [main] TRACE - Resolving type for handle ctborders0d66type
18:18:38.869 [main] TRACE - Resolving type for handle ctcellxfs1322type
18:18:38.871 [main] TRACE - Resolving type for handle ctcellstylexfsa81ftype
18:18:38.892 [main] DEBUG - Save core properties part
18:18:38.892 [main] DEBUG - Save content types part
18:18:38.982 [main] DEBUG - Save package relationships
18:18:38.990 [main] DEBUG - Save part 'docProps/app.xml'
18:18:38.995 [main] DEBUG - Save part 'docProps/core.xml'
18:18:39.000 [main] DEBUG - Save part 'xl/sharedStrings.xml'
18:18:39.001 [main] DEBUG - Save part 'xl/styles.xml'
18:18:39.001 [main] DEBUG - Save part 'xl/workbook.xml'
18:18:39.002 [main] DEBUG - Save part 'xl/worksheets/sheet1.xml'
18:18:39.006 [main] DEBUG - Save content types part
18:18:39.009 [main] DEBUG - Save package relationships
18:18:39.011 [main] DEBUG - Save part 'docProps/app.xml'
18:18:39.011 [main] DEBUG - Save part 'docProps/core.xml'
18:18:39.012 [main] DEBUG - Save part 'xl/sharedStrings.xml'
18:18:39.012 [main] DEBUG - Save part 'xl/styles.xml'
18:18:39.012 [main] DEBUG - Save part 'xl/workbook.xml'
18:18:39.014 [main] DEBUG - Save part 'xl/worksheets/sheet1.xml'
18:25:39.573 [main] TRACE - Loading type system org.apache.poi.schemas.ooxml.system.ooxml
18:25:39.581 [main] TRACE - Loading type system org.apache.xmlbeans.metadata.system.sXMLCONFIG
18:25:39.581 [main] TRACE - Loading type system org.apache.xmlbeans.metadata.system.sXMLLANG
18:25:39.582 [main] TRACE - Loading type system org.apache.xmlbeans.metadata.system.sXMLSCHEMA
18:25:39.582 [main] TRACE - Loading type system org.apache.xmlbeans.metadata.system.sXMLTOOLS
18:25:39.584 [main] TRACE - Reading unresolved handles for type system org.apache.xmlbeans.metadata.system.sXMLTOOLS
18:25:39.596 [main] TRACE - Finished loading type system org.apache.xmlbeans.metadata.system.sXMLTOOLS
18:25:39.597 [main] TRACE - Reading unresolved handles for type system org.apache.xmlbeans.metadata.system.sXMLSCHEMA
18:25:39.603 [main] TRACE - Finished loading type system org.apache.xmlbeans.metadata.system.sXMLSCHEMA
18:25:39.606 [main] TRACE - Reading unresolved handles for type system org.apache.xmlbeans.metadata.system.sXMLLANG
18:25:39.608 [main] TRACE - Finished loading type system org.apache.xmlbeans.metadata.system.sXMLLANG
18:25:39.610 [main] TRACE - Reading unresolved handles for type system org.apache.xmlbeans.metadata.system.sXMLCONFIG
18:25:39.611 [main] TRACE - Finished loading type system org.apache.xmlbeans.metadata.system.sXMLCONFIG
18:25:39.612 [main] TRACE - Reading unresolved handles for type system org.apache.poi.schemas.ooxml.system.ooxml
18:25:39.657 [main] TRACE - Finished loading type system org.apache.poi.schemas.ooxml.system.ooxml
18:25:39.660 [main] TRACE - Resolving type for handle ctworkbook83c3type
18:25:39.697 [main] TRACE - Resolving type for handle ctworkbookpr03a5type
18:25:39.701 [main] TRACE - Resolving type for handle ctbookviewsb864type
18:25:39.702 [main] TRACE - Resolving type for handle ctbookviewf677type
18:25:39.705 [main] TRACE - Resolving type for handle ctsheets49fdtype
18:25:39.707 [main] TRACE - Resolving type for handle propertiesee84doctype
18:25:39.711 [main] TRACE - Resolving type for handle ctproperties3f10type
18:25:39.715 [main] TRACE - Resolving type for handle properties288cdoctype
18:25:39.716 [main] TRACE - Resolving type for handle ctproperties2c18type
18:25:39.720 [main] TRACE - Resolving type for handle sstf81fdoctype
18:25:39.720 [main] TRACE - Resolving type for handle ctsst44f3type
18:25:39.723 [main] TRACE - Resolving type for handle stylesheet5d8bdoctype
18:25:39.724 [main] TRACE - Resolving type for handle ctstylesheet4257type
18:25:39.727 [main] TRACE - Resolving type for handle ctfont14d8type
18:25:39.732 [main] TRACE - Resolving type for handle ctfontsizeb3b9type
18:25:39.735 [main] TRACE - Resolving type for handle ctcolord2c2type
18:25:39.736 [main] TRACE - Resolving type for handle ctfontname2dc3type
18:25:39.737 [main] TRACE - Resolving type for handle stxstringf179type
18:25:39.739 [main] TRACE - Resolving type for handle ctfontfamily685ctype
18:25:39.745 [main] TRACE - Resolving type for handle stfontfamily9c6ctype
18:25:39.747 [main] TRACE - Resolving type for handle ctfontschemebf5dtype
18:25:39.748 [main] TRACE - Resolving type for handle stfontschemef36dtype
18:25:39.752 [main] TRACE - Resolving type for handle ctfill550ctype
18:25:39.753 [main] TRACE - Resolving type for handle ctpatternfill7452type
18:25:39.755 [main] TRACE - Resolving type for handle stpatterntype7939type
18:25:39.761 [main] TRACE - Resolving type for handle ctborderf935type
18:25:39.764 [main] TRACE - Resolving type for handle ctborderpre497type
18:25:39.769 [main] TRACE - Resolving type for handle ctxf97f7type
18:25:39.780 [main] TRACE - Resolving type for handle stnumfmtid76fbtype
18:25:39.783 [main] TRACE - Resolving type for handle stfontid9d63type
18:25:39.785 [main] TRACE - Resolving type for handle stfillida097type
18:25:39.786 [main] TRACE - Resolving type for handle stborderid1a80type
18:25:39.787 [main] TRACE - Resolving type for handle stcellstylexfid70c7type
18:25:39.790 [main] TRACE - Resolving type for handle ctsheet4dbetype
18:25:39.803 [main] TRACE - Resolving type for handle ctworksheet530dtype
18:25:39.806 [main] TRACE - Resolving type for handle ctsheetformatprdef7type
18:25:39.811 [main] TRACE - Resolving type for handle ctsheetviewsb918type
18:25:39.816 [main] TRACE - Resolving type for handle ctsheetview0f43type
18:25:39.821 [main] TRACE - Resolving type for handle ctsheetdimensiond310type
18:25:39.823 [main] TRACE - Resolving type for handle stref90a2type
18:25:39.825 [main] TRACE - Resolving type for handle ctsheetdata8408type
18:25:39.827 [main] TRACE - Resolving type for handle ctpagemargins5455type
18:25:39.832 [main] TRACE - Resolving type for handle ctcols627ctype
18:25:39.835 [main] TRACE - Resolving type for handle strelationshipid1e94type
18:25:39.836 [main] TRACE - Resolving type for handle ctrowdd39type
18:25:39.843 [main] TRACE - Resolving type for handle ctcell842btype
18:25:39.852 [main] TRACE - Resolving type for handle stcellrefe4e0type
18:25:39.856 [main] TRACE - Resolving type for handle ctrsta472type
18:25:39.860 [main] TRACE - Resolving type for handle stcelltypebf95type
18:25:39.894 [main] TRACE - Resolving type for handle ctnumfmtsb58btype
18:25:39.896 [main] TRACE - Resolving type for handle ctfonts6623type
18:25:39.901 [main] TRACE - Resolving type for handle ctfills2c6ftype
18:25:39.903 [main] TRACE - Resolving type for handle ctborders0d66type
18:25:39.906 [main] TRACE - Resolving type for handle ctcellxfs1322type
18:25:39.909 [main] TRACE - Resolving type for handle ctcellstylexfsa81ftype
18:25:39.930 [main] DEBUG - Save core properties part
18:25:39.930 [main] DEBUG - Save content types part
18:25:40.015 [main] DEBUG - Save package relationships
18:25:40.021 [main] DEBUG - Save part 'docProps/app.xml'
18:25:40.026 [main] DEBUG - Save part 'docProps/core.xml'
18:25:40.035 [main] DEBUG - Save part 'xl/sharedStrings.xml'
18:25:40.035 [main] DEBUG - Save part 'xl/styles.xml'
18:25:40.035 [main] DEBUG - Save part 'xl/workbook.xml'
18:25:40.037 [main] DEBUG - Save part 'xl/worksheets/sheet1.xml'
18:25:40.042 [main] DEBUG - Save content types part
18:25:40.043 [main] DEBUG - Save package relationships
18:25:40.045 [main] DEBUG - Save part 'docProps/app.xml'
18:25:40.045 [main] DEBUG - Save part 'docProps/core.xml'
18:25:40.046 [main] DEBUG - Save part 'xl/sharedStrings.xml'
18:25:40.046 [main] DEBUG - Save part 'xl/styles.xml'
18:25:40.046 [main] DEBUG - Save part 'xl/workbook.xml'
18:25:40.048 [main] DEBUG - Save part 'xl/worksheets/sheet1.xml'
18:36:12.190 [main] DEBUG - Parsing relationship: /xl/_rels/workbook.xml.rels
18:36:12.208 [main] DEBUG - Parsing relationship: /_rels/.rels
18:36:12.334 [main] TRACE - Loading type system org.apache.poi.schemas.ooxml.system.ooxml
18:36:12.336 [main] TRACE - Loading type system org.apache.xmlbeans.metadata.system.sXMLCONFIG
18:36:12.336 [main] TRACE - Loading type system org.apache.xmlbeans.metadata.system.sXMLLANG
18:36:12.337 [main] TRACE - Loading type system org.apache.xmlbeans.metadata.system.sXMLSCHEMA
18:36:12.337 [main] TRACE - Loading type system org.apache.xmlbeans.metadata.system.sXMLTOOLS
18:36:12.338 [main] TRACE - Reading unresolved handles for type system org.apache.xmlbeans.metadata.system.sXMLTOOLS
18:36:12.345 [main] TRACE - Finished loading type system org.apache.xmlbeans.metadata.system.sXMLTOOLS
18:36:12.345 [main] TRACE - Reading unresolved handles for type system org.apache.xmlbeans.metadata.system.sXMLSCHEMA
18:36:12.348 [main] TRACE - Finished loading type system org.apache.xmlbeans.metadata.system.sXMLSCHEMA
18:36:12.349 [main] TRACE - Reading unresolved handles for type system org.apache.xmlbeans.metadata.system.sXMLLANG
18:36:12.350 [main] TRACE - Finished loading type system org.apache.xmlbeans.metadata.system.sXMLLANG
18:36:12.351 [main] TRACE - Reading unresolved handles for type system org.apache.xmlbeans.metadata.system.sXMLCONFIG
18:36:12.352 [main] TRACE - Finished loading type system org.apache.xmlbeans.metadata.system.sXMLCONFIG
18:36:12.353 [main] TRACE - Reading unresolved handles for type system org.apache.poi.schemas.ooxml.system.ooxml
18:36:12.391 [main] TRACE - Finished loading type system org.apache.poi.schemas.ooxml.system.ooxml
18:36:12.392 [main] TRACE - Resolving type for handle themefd26doctype
18:36:12.438 [main] TRACE - Resolving type for handle stylesheet5d8bdoctype
18:36:12.441 [main] TRACE - Resolving type for handle ctstylesheet4257type
18:36:12.444 [main] TRACE - Resolving type for handle ctfonts6623type
18:36:12.446 [main] TRACE - Resolving type for handle ctfont14d8type
18:36:12.449 [main] TRACE - Resolving type for handle ctfills2c6ftype
18:36:12.450 [main] TRACE - Resolving type for handle ctfill550ctype
18:36:12.451 [main] TRACE - Resolving type for handle ctborders0d66type
18:36:12.453 [main] TRACE - Resolving type for handle ctborderf935type
18:36:12.455 [main] TRACE - Resolving type for handle ctcellxfs1322type
18:36:12.457 [main] TRACE - Resolving type for handle ctxf97f7type
18:36:12.459 [main] TRACE - Resolving type for handle ctcellstylexfsa81ftype
18:36:12.461 [main] TRACE - Resolving type for handle ctdxfsb26atype
18:36:12.463 [main] TRACE - Resolving type for handle cttablestyles872ftype
18:36:12.466 [main] TRACE - Resolving type for handle sstf81fdoctype
18:36:12.470 [main] TRACE - Resolving type for handle ctsst44f3type
18:36:12.480 [main] TRACE - Resolving type for handle ctrsta472type
18:36:12.493 [main] TRACE - Resolving type for handle workbookec17doctype
18:36:12.496 [main] TRACE - Resolving type for handle ctworkbook83c3type
18:36:12.498 [main] TRACE - Resolving type for handle ctsheets49fdtype
18:36:12.500 [main] TRACE - Resolving type for handle ctsheet4dbetype
18:36:12.501 [main] TRACE - Resolving type for handle strelationshipid1e94type
18:36:12.502 [main] TRACE - Resolving type for handle worksheetf539doctype
18:36:12.507 [main] TRACE - Resolving type for handle ctworksheet530dtype
18:36:12.511 [main] TRACE - Resolving type for handle ctsheetdata8408type
18:36:12.514 [main] TRACE - Resolving type for handle ctrowdd39type
18:36:12.522 [main] TRACE - Resolving type for handle ctcell842btype
18:36:12.526 [main] TRACE - Resolving type for handle stcellrefe4e0type
18:36:12.530 [main] TRACE - Resolving type for handle ctcols627ctype
18:36:12.533 [main] TRACE - Resolving type for handle ctcola95ftype
18:36:12.547 [main] TRACE - Resolving type for handle stxstringf179type
18:36:12.549 [main] TRACE - Resolving type for handle stcelltypebf95type
18:36:12.554 [main] TRACE - Resolving type for handle stcellstylexfid70c7type
18:36:12.556 [main] TRACE - Resolving type for handle stnumfmtid76fbtype
18:36:13.449 [main] TRACE - Resolving type for handle ctworkbookpr03a5type
18:36:13.451 [main] TRACE - Resolving type for handle ctbookviewsb864type
18:36:13.453 [main] TRACE - Resolving type for handle ctbookviewf677type
18:36:13.458 [main] TRACE - Resolving type for handle propertiesee84doctype
18:36:13.459 [main] TRACE - Resolving type for handle ctproperties3f10type
18:36:13.461 [main] TRACE - Resolving type for handle properties288cdoctype
18:36:13.462 [main] TRACE - Resolving type for handle ctproperties2c18type
18:36:13.464 [main] TRACE - Resolving type for handle ctfontsizeb3b9type
18:36:13.465 [main] TRACE - Resolving type for handle ctcolord2c2type
18:36:13.467 [main] TRACE - Resolving type for handle ctfontname2dc3type
18:36:13.468 [main] TRACE - Resolving type for handle ctfontfamily685ctype
18:36:13.470 [main] TRACE - Resolving type for handle stfontfamily9c6ctype
18:36:13.475 [main] TRACE - Resolving type for handle ctfontschemebf5dtype
18:36:13.476 [main] TRACE - Resolving type for handle stfontschemef36dtype
18:36:13.477 [main] TRACE - Resolving type for handle ctpatternfill7452type
18:36:13.479 [main] TRACE - Resolving type for handle stpatterntype7939type
18:36:13.481 [main] TRACE - Resolving type for handle ctborderpre497type
18:36:13.482 [main] TRACE - Resolving type for handle stfontid9d63type
18:36:13.483 [main] TRACE - Resolving type for handle stfillida097type
18:36:13.484 [main] TRACE - Resolving type for handle stborderid1a80type
18:36:13.485 [main] TRACE - Resolving type for handle ctsheetformatprdef7type
18:36:13.488 [main] TRACE - Resolving type for handle ctsheetviewsb918type
18:36:13.490 [main] TRACE - Resolving type for handle ctsheetview0f43type
18:36:13.494 [main] TRACE - Resolving type for handle ctsheetdimensiond310type
18:36:13.495 [main] TRACE - Resolving type for handle stref90a2type
18:36:13.495 [main] TRACE - Resolving type for handle ctpagemargins5455type
18:36:13.505 [main] TRACE - Resolving type for handle ctnumfmtsb58btype
18:36:13.513 [main] DEBUG - Save core properties part
18:36:13.514 [main] DEBUG - Save content types part
18:36:13.551 [main] DEBUG - Save package relationships
18:36:13.553 [main] DEBUG - Save part 'docProps/app.xml'
18:36:13.554 [main] DEBUG - Save part 'docProps/core.xml'
18:36:13.557 [main] DEBUG - Save part 'xl/sharedStrings.xml'
18:36:13.557 [main] DEBUG - Save part 'xl/styles.xml'
18:36:13.557 [main] DEBUG - Save part 'xl/workbook.xml'
18:36:13.558 [main] DEBUG - Save part 'xl/worksheets/sheet1.xml'
18:36:13.559 [main] DEBUG - Save content types part
18:36:13.560 [main] DEBUG - Save package relationships
18:36:13.560 [main] DEBUG - Save part 'docProps/app.xml'
18:36:13.560 [main] DEBUG - Save part 'docProps/core.xml'
18:36:13.561 [main] DEBUG - Save part 'xl/sharedStrings.xml'
18:36:13.561 [main] DEBUG - Save part 'xl/styles.xml'
18:36:13.561 [main] DEBUG - Save part 'xl/workbook.xml'
18:36:13.562 [main] DEBUG - Save part 'xl/worksheets/sheet1.xml'
19:39:07.276 [main] DEBUG - Parsing relationship: /xl/_rels/workbook.xml.rels
19:39:07.298 [main] DEBUG - Parsing relationship: /_rels/.rels
19:39:07.433 [main] TRACE - Loading type system org.apache.poi.schemas.ooxml.system.ooxml
19:39:07.435 [main] TRACE - Loading type system org.apache.xmlbeans.metadata.system.sXMLCONFIG
19:39:07.435 [main] TRACE - Loading type system org.apache.xmlbeans.metadata.system.sXMLLANG
19:39:07.435 [main] TRACE - Loading type system org.apache.xmlbeans.metadata.system.sXMLSCHEMA
19:39:07.436 [main] TRACE - Loading type system org.apache.xmlbeans.metadata.system.sXMLTOOLS
19:39:07.436 [main] TRACE - Reading unresolved handles for type system org.apache.xmlbeans.metadata.system.sXMLTOOLS
19:39:07.446 [main] TRACE - Finished loading type system org.apache.xmlbeans.metadata.system.sXMLTOOLS
19:39:07.447 [main] TRACE - Reading unresolved handles for type system org.apache.xmlbeans.metadata.system.sXMLSCHEMA
19:39:07.450 [main] TRACE - Finished loading type system org.apache.xmlbeans.metadata.system.sXMLSCHEMA
19:39:07.451 [main] TRACE - Reading unresolved handles for type system org.apache.xmlbeans.metadata.system.sXMLLANG
19:39:07.452 [main] TRACE - Finished loading type system org.apache.xmlbeans.metadata.system.sXMLLANG
19:39:07.452 [main] TRACE - Reading unresolved handles for type system org.apache.xmlbeans.metadata.system.sXMLCONFIG
19:39:07.453 [main] TRACE - Finished loading type system org.apache.xmlbeans.metadata.system.sXMLCONFIG
19:39:07.453 [main] TRACE - Reading unresolved handles for type system org.apache.poi.schemas.ooxml.system.ooxml
19:39:07.501 [main] TRACE - Finished loading type system org.apache.poi.schemas.ooxml.system.ooxml
19:39:07.501 [main] TRACE - Resolving type for handle themefd26doctype
19:39:07.545 [main] TRACE - Resolving type for handle stylesheet5d8bdoctype
19:39:07.548 [main] TRACE - Resolving type for handle ctstylesheet4257type
19:39:07.550 [main] TRACE - Resolving type for handle ctfonts6623type
19:39:07.552 [main] TRACE - Resolving type for handle ctfont14d8type
19:39:07.557 [main] TRACE - Resolving type for handle ctfills2c6ftype
19:39:07.558 [main] TRACE - Resolving type for handle ctfill550ctype
19:39:07.559 [main] TRACE - Resolving type for handle ctborders0d66type
19:39:07.561 [main] TRACE - Resolving type for handle ctborderf935type
19:39:07.563 [main] TRACE - Resolving type for handle ctcellxfs1322type
19:39:07.564 [main] TRACE - Resolving type for handle ctxf97f7type
19:39:07.570 [main] TRACE - Resolving type for handle ctcellstylexfsa81ftype
19:39:07.573 [main] TRACE - Resolving type for handle ctdxfsb26atype
19:39:07.575 [main] TRACE - Resolving type for handle cttablestyles872ftype
19:39:07.577 [main] TRACE - Resolving type for handle sstf81fdoctype
19:39:07.580 [main] TRACE - Resolving type for handle ctsst44f3type
19:39:07.591 [main] TRACE - Resolving type for handle ctrsta472type
19:39:07.612 [main] TRACE - Resolving type for handle workbookec17doctype
19:39:07.616 [main] TRACE - Resolving type for handle ctworkbook83c3type
19:39:07.619 [main] TRACE - Resolving type for handle ctsheets49fdtype
19:39:07.620 [main] TRACE - Resolving type for handle ctsheet4dbetype
19:39:07.621 [main] TRACE - Resolving type for handle strelationshipid1e94type
19:39:07.623 [main] TRACE - Resolving type for handle worksheetf539doctype
19:39:07.626 [main] TRACE - Resolving type for handle ctworksheet530dtype
19:39:07.631 [main] TRACE - Resolving type for handle ctsheetdata8408type
19:39:07.632 [main] TRACE - Resolving type for handle ctrowdd39type
19:39:07.640 [main] TRACE - Resolving type for handle ctcell842btype
19:39:07.644 [main] TRACE - Resolving type for handle stcellrefe4e0type
19:39:07.649 [main] TRACE - Resolving type for handle ctcols627ctype
19:39:07.651 [main] TRACE - Resolving type for handle ctcola95ftype
19:39:07.665 [main] TRACE - Resolving type for handle stxstringf179type
19:39:07.667 [main] TRACE - Resolving type for handle stcelltypebf95type
19:39:07.672 [main] TRACE - Resolving type for handle stcellstylexfid70c7type
19:39:07.674 [main] TRACE - Resolving type for handle stnumfmtid76fbtype
19:39:08.663 [main] TRACE - Resolving type for handle ctworkbookpr03a5type
19:39:08.666 [main] TRACE - Resolving type for handle ctbookviewsb864type
19:39:08.668 [main] TRACE - Resolving type for handle ctbookviewf677type
19:39:08.672 [main] TRACE - Resolving type for handle propertiesee84doctype
19:39:08.676 [main] TRACE - Resolving type for handle ctproperties3f10type
19:39:08.681 [main] TRACE - Resolving type for handle properties288cdoctype
19:39:08.682 [main] TRACE - Resolving type for handle ctproperties2c18type
19:39:08.687 [main] TRACE - Resolving type for handle ctfontsizeb3b9type
19:39:08.689 [main] TRACE - Resolving type for handle ctcolord2c2type
19:39:08.694 [main] TRACE - Resolving type for handle ctfontname2dc3type
19:39:08.696 [main] TRACE - Resolving type for handle ctfontfamily685ctype
19:39:08.697 [main] TRACE - Resolving type for handle stfontfamily9c6ctype
19:39:08.700 [main] TRACE - Resolving type for handle ctfontschemebf5dtype
19:39:08.701 [main] TRACE - Resolving type for handle stfontschemef36dtype
19:39:08.702 [main] TRACE - Resolving type for handle ctpatternfill7452type
19:39:08.704 [main] TRACE - Resolving type for handle stpatterntype7939type
19:39:08.706 [main] TRACE - Resolving type for handle ctborderpre497type
19:39:08.711 [main] TRACE - Resolving type for handle stfontid9d63type
19:39:08.712 [main] TRACE - Resolving type for handle stfillida097type
19:39:08.713 [main] TRACE - Resolving type for handle stborderid1a80type
19:39:08.715 [main] TRACE - Resolving type for handle ctsheetformatprdef7type
19:39:08.717 [main] TRACE - Resolving type for handle ctsheetviewsb918type
19:39:08.719 [main] TRACE - Resolving type for handle ctsheetview0f43type
19:39:08.721 [main] TRACE - Resolving type for handle ctsheetdimensiond310type
19:39:08.723 [main] TRACE - Resolving type for handle stref90a2type
19:39:08.727 [main] TRACE - Resolving type for handle ctpagemargins5455type
19:39:08.737 [main] TRACE - Resolving type for handle ctnumfmtsb58btype
19:39:08.747 [main] DEBUG - Save core properties part
19:39:08.747 [main] DEBUG - Save content types part
19:39:08.786 [main] DEBUG - Save package relationships
19:39:08.789 [main] DEBUG - Save part 'docProps/app.xml'
19:39:08.790 [main] DEBUG - Save part 'docProps/core.xml'
19:39:08.793 [main] DEBUG - Save part 'xl/sharedStrings.xml'
19:39:08.793 [main] DEBUG - Save part 'xl/styles.xml'
19:39:08.794 [main] DEBUG - Save part 'xl/workbook.xml'
19:39:08.795 [main] DEBUG - Save part 'xl/worksheets/sheet1.xml'
19:39:08.796 [main] DEBUG - Save content types part
19:39:08.797 [main] DEBUG - Save package relationships
19:39:08.798 [main] DEBUG - Save part 'docProps/app.xml'
19:39:08.798 [main] DEBUG - Save part 'docProps/core.xml'
19:39:08.799 [main] DEBUG - Save part 'xl/sharedStrings.xml'
19:39:08.799 [main] DEBUG - Save part 'xl/styles.xml'
19:39:08.799 [main] DEBUG - Save part 'xl/workbook.xml'
19:39:08.800 [main] DEBUG - Save part 'xl/worksheets/sheet1.xml'
20:01:04.004 [main] DEBUG - Parsing relationship: /xl/_rels/workbook.xml.rels
20:01:04.028 [main] DEBUG - Parsing relationship: /_rels/.rels
20:01:04.183 [main] TRACE - Loading type system org.apache.poi.schemas.ooxml.system.ooxml
20:01:04.185 [main] TRACE - Loading type system org.apache.xmlbeans.metadata.system.sXMLCONFIG
20:01:04.186 [main] TRACE - Loading type system org.apache.xmlbeans.metadata.system.sXMLLANG
20:01:04.186 [main] TRACE - Loading type system org.apache.xmlbeans.metadata.system.sXMLSCHEMA
20:01:04.186 [main] TRACE - Loading type system org.apache.xmlbeans.metadata.system.sXMLTOOLS
20:01:04.187 [main] TRACE - Reading unresolved handles for type system org.apache.xmlbeans.metadata.system.sXMLTOOLS
20:01:04.196 [main] TRACE - Finished loading type system org.apache.xmlbeans.metadata.system.sXMLTOOLS
20:01:04.196 [main] TRACE - Reading unresolved handles for type system org.apache.xmlbeans.metadata.system.sXMLSCHEMA
20:01:04.199 [main] TRACE - Finished loading type system org.apache.xmlbeans.metadata.system.sXMLSCHEMA
20:01:04.201 [main] TRACE - Reading unresolved handles for type system org.apache.xmlbeans.metadata.system.sXMLLANG
20:01:04.202 [main] TRACE - Finished loading type system org.apache.xmlbeans.metadata.system.sXMLLANG
20:01:04.202 [main] TRACE - Reading unresolved handles for type system org.apache.xmlbeans.metadata.system.sXMLCONFIG
20:01:04.203 [main] TRACE - Finished loading type system org.apache.xmlbeans.metadata.system.sXMLCONFIG
20:01:04.205 [main] TRACE - Reading unresolved handles for type system org.apache.poi.schemas.ooxml.system.ooxml
20:01:04.246 [main] TRACE - Finished loading type system org.apache.poi.schemas.ooxml.system.ooxml
20:01:04.247 [main] TRACE - Resolving type for handle themefd26doctype
20:01:04.287 [main] TRACE - Resolving type for handle stylesheet5d8bdoctype
20:01:04.290 [main] TRACE - Resolving type for handle ctstylesheet4257type
20:01:04.293 [main] TRACE - Resolving type for handle ctfonts6623type
20:01:04.296 [main] TRACE - Resolving type for handle ctfont14d8type
20:01:04.299 [main] TRACE - Resolving type for handle ctfills2c6ftype
20:01:04.300 [main] TRACE - Resolving type for handle ctfill550ctype
20:01:04.301 [main] TRACE - Resolving type for handle ctborders0d66type
20:01:04.304 [main] TRACE - Resolving type for handle ctborderf935type
20:01:04.307 [main] TRACE - Resolving type for handle ctcellxfs1322type
20:01:04.310 [main] TRACE - Resolving type for handle ctxf97f7type
20:01:04.313 [main] TRACE - Resolving type for handle ctcellstylexfsa81ftype
20:01:04.315 [main] TRACE - Resolving type for handle ctdxfsb26atype
20:01:04.317 [main] TRACE - Resolving type for handle cttablestyles872ftype
20:01:04.320 [main] TRACE - Resolving type for handle sstf81fdoctype
20:01:04.324 [main] TRACE - Resolving type for handle ctsst44f3type
20:01:04.338 [main] TRACE - Resolving type for handle ctrsta472type
20:01:04.354 [main] TRACE - Resolving type for handle workbookec17doctype
20:01:04.356 [main] TRACE - Resolving type for handle ctworkbook83c3type
20:01:04.359 [main] TRACE - Resolving type for handle ctsheets49fdtype
20:01:04.361 [main] TRACE - Resolving type for handle ctsheet4dbetype
20:01:04.363 [main] TRACE - Resolving type for handle strelationshipid1e94type
20:01:04.366 [main] TRACE - Resolving type for handle worksheetf539doctype
20:01:04.371 [main] TRACE - Resolving type for handle ctworksheet530dtype
20:01:04.379 [main] TRACE - Resolving type for handle ctsheetdata8408type
20:01:04.385 [main] TRACE - Resolving type for handle ctrowdd39type
20:01:04.388 [main] TRACE - Resolving type for handle ctcell842btype
20:01:04.394 [main] TRACE - Resolving type for handle stcellrefe4e0type
20:01:04.399 [main] TRACE - Resolving type for handle ctcols627ctype
20:01:04.402 [main] TRACE - Resolving type for handle ctcola95ftype
20:01:04.417 [main] TRACE - Resolving type for handle stxstringf179type
20:01:04.418 [main] TRACE - Resolving type for handle stcelltypebf95type
20:01:04.423 [main] TRACE - Resolving type for handle stcellstylexfid70c7type
20:01:04.425 [main] TRACE - Resolving type for handle stnumfmtid76fbtype
20:01:05.423 [main] TRACE - Resolving type for handle ctworkbookpr03a5type
20:01:05.426 [main] TRACE - Resolving type for handle ctbookviewsb864type
20:01:05.430 [main] TRACE - Resolving type for handle ctbookviewf677type
20:01:05.433 [main] TRACE - Resolving type for handle propertiesee84doctype
20:01:05.434 [main] TRACE - Resolving type for handle ctproperties3f10type
20:01:05.436 [main] TRACE - Resolving type for handle properties288cdoctype
20:01:05.437 [main] TRACE - Resolving type for handle ctproperties2c18type
20:01:05.439 [main] TRACE - Resolving type for handle ctfontsizeb3b9type
20:01:05.441 [main] TRACE - Resolving type for handle ctcolord2c2type
20:01:05.443 [main] TRACE - Resolving type for handle ctfontname2dc3type
20:01:05.448 [main] TRACE - Resolving type for handle ctfontfamily685ctype
20:01:05.449 [main] TRACE - Resolving type for handle stfontfamily9c6ctype
20:01:05.452 [main] TRACE - Resolving type for handle ctfontschemebf5dtype
20:01:05.453 [main] TRACE - Resolving type for handle stfontschemef36dtype
20:01:05.454 [main] TRACE - Resolving type for handle ctpatternfill7452type
20:01:05.457 [main] TRACE - Resolving type for handle stpatterntype7939type
20:01:05.458 [main] TRACE - Resolving type for handle ctborderpre497type
20:01:05.463 [main] TRACE - Resolving type for handle stfontid9d63type
20:01:05.465 [main] TRACE - Resolving type for handle stfillida097type
20:01:05.466 [main] TRACE - Resolving type for handle stborderid1a80type
20:01:05.468 [main] TRACE - Resolving type for handle ctsheetformatprdef7type
20:01:05.470 [main] TRACE - Resolving type for handle ctsheetviewsb918type
20:01:05.472 [main] TRACE - Resolving type for handle ctsheetview0f43type
20:01:05.475 [main] TRACE - Resolving type for handle ctsheetdimensiond310type
20:01:05.478 [main] TRACE - Resolving type for handle stref90a2type
20:01:05.480 [main] TRACE - Resolving type for handle ctpagemargins5455type
20:01:05.488 [main] TRACE - Resolving type for handle ctnumfmtsb58btype
20:01:05.499 [main] DEBUG - Save core properties part
20:01:05.499 [main] DEBUG - Save content types part
20:01:05.539 [main] DEBUG - Save package relationships
20:01:05.542 [main] DEBUG - Save part 'docProps/app.xml'
20:01:05.542 [main] DEBUG - Save part 'docProps/core.xml'
20:01:05.546 [main] DEBUG - Save part 'xl/sharedStrings.xml'
20:01:05.546 [main] DEBUG - Save part 'xl/styles.xml'
20:01:05.547 [main] DEBUG - Save part 'xl/workbook.xml'
20:01:05.548 [main] DEBUG - Save part 'xl/worksheets/sheet1.xml'
20:01:05.549 [main] DEBUG - Save content types part
20:01:05.549 [main] DEBUG - Save package relationships
20:01:05.550 [main] DEBUG - Save part 'docProps/app.xml'
20:01:05.550 [main] DEBUG - Save part 'docProps/core.xml'
20:01:05.551 [main] DEBUG - Save part 'xl/sharedStrings.xml'
20:01:05.551 [main] DEBUG - Save part 'xl/styles.xml'
20:01:05.551 [main] DEBUG - Save part 'xl/workbook.xml'
20:01:05.552 [main] DEBUG - Save part 'xl/worksheets/sheet1.xml'
20:02:31.329 [main] TRACE - Loading type system org.apache.poi.schemas.ooxml.system.ooxml
20:02:31.336 [main] TRACE - Loading type system org.apache.xmlbeans.metadata.system.sXMLCONFIG
20:02:31.337 [main] TRACE - Loading type system org.apache.xmlbeans.metadata.system.sXMLLANG
20:02:31.337 [main] TRACE - Loading type system org.apache.xmlbeans.metadata.system.sXMLSCHEMA
20:02:31.338 [main] TRACE - Loading type system org.apache.xmlbeans.metadata.system.sXMLTOOLS
20:02:31.343 [main] TRACE - Reading unresolved handles for type system org.apache.xmlbeans.metadata.system.sXMLTOOLS
20:02:31.358 [main] TRACE - Finished loading type system org.apache.xmlbeans.metadata.system.sXMLTOOLS
20:02:31.359 [main] TRACE - Reading unresolved handles for type system org.apache.xmlbeans.metadata.system.sXMLSCHEMA
20:02:31.365 [main] TRACE - Finished loading type system org.apache.xmlbeans.metadata.system.sXMLSCHEMA
20:02:31.366 [main] TRACE - Reading unresolved handles for type system org.apache.xmlbeans.metadata.system.sXMLLANG
20:02:31.367 [main] TRACE - Finished loading type system org.apache.xmlbeans.metadata.system.sXMLLANG
20:02:31.368 [main] TRACE - Reading unresolved handles for type system org.apache.xmlbeans.metadata.system.sXMLCONFIG
20:02:31.369 [main] TRACE - Finished loading type system org.apache.xmlbeans.metadata.system.sXMLCONFIG
20:02:31.369 [main] TRACE - Reading unresolved handles for type system org.apache.poi.schemas.ooxml.system.ooxml
20:02:31.404 [main] TRACE - Finished loading type system org.apache.poi.schemas.ooxml.system.ooxml
20:02:31.405 [main] TRACE - Resolving type for handle ctworkbook83c3type
20:02:31.442 [main] TRACE - Resolving type for handle ctworkbookpr03a5type
20:02:31.450 [main] TRACE - Resolving type for handle ctbookviewsb864type
20:02:31.452 [main] TRACE - Resolving type for handle ctbookviewf677type
20:02:31.461 [main] TRACE - Resolving type for handle ctsheets49fdtype
20:02:31.463 [main] TRACE - Resolving type for handle propertiesee84doctype
20:02:31.464 [main] TRACE - Resolving type for handle ctproperties3f10type
20:02:31.467 [main] TRACE - Resolving type for handle properties288cdoctype
20:02:31.469 [main] TRACE - Resolving type for handle ctproperties2c18type
20:02:31.473 [main] TRACE - Resolving type for handle sstf81fdoctype
20:02:31.475 [main] TRACE - Resolving type for handle ctsst44f3type
20:02:31.478 [main] TRACE - Resolving type for handle stylesheet5d8bdoctype
20:02:31.479 [main] TRACE - Resolving type for handle ctstylesheet4257type
20:02:31.484 [main] TRACE - Resolving type for handle ctfont14d8type
20:02:31.494 [main] TRACE - Resolving type for handle ctfontsizeb3b9type
20:02:31.498 [main] TRACE - Resolving type for handle ctcolord2c2type
20:02:31.502 [main] TRACE - Resolving type for handle ctfontname2dc3type
20:02:31.503 [main] TRACE - Resolving type for handle stxstringf179type
20:02:31.505 [main] TRACE - Resolving type for handle ctfontfamily685ctype
20:02:31.508 [main] TRACE - Resolving type for handle stfontfamily9c6ctype
20:02:31.511 [main] TRACE - Resolving type for handle ctfontschemebf5dtype
20:02:31.514 [main] TRACE - Resolving type for handle stfontschemef36dtype
20:02:31.517 [main] TRACE - Resolving type for handle ctfill550ctype
20:02:31.518 [main] TRACE - Resolving type for handle ctpatternfill7452type
20:02:31.522 [main] TRACE - Resolving type for handle stpatterntype7939type
20:02:31.527 [main] TRACE - Resolving type for handle ctborderf935type
20:02:31.530 [main] TRACE - Resolving type for handle ctborderpre497type
20:02:31.534 [main] TRACE - Resolving type for handle ctxf97f7type
20:02:31.537 [main] TRACE - Resolving type for handle stnumfmtid76fbtype
20:02:31.538 [main] TRACE - Resolving type for handle stfontid9d63type
20:02:31.538 [main] TRACE - Resolving type for handle stfillida097type
20:02:31.541 [main] TRACE - Resolving type for handle stborderid1a80type
20:02:31.542 [main] TRACE - Resolving type for handle stcellstylexfid70c7type
20:02:31.545 [main] TRACE - Resolving type for handle ctsheet4dbetype
20:02:31.549 [main] TRACE - Resolving type for handle ctworksheet530dtype
20:02:31.554 [main] TRACE - Resolving type for handle ctsheetformatprdef7type
20:02:31.559 [main] TRACE - Resolving type for handle ctsheetviewsb918type
20:02:31.561 [main] TRACE - Resolving type for handle ctsheetview0f43type
20:02:31.567 [main] TRACE - Resolving type for handle ctsheetdimensiond310type
20:02:31.568 [main] TRACE - Resolving type for handle stref90a2type
20:02:31.568 [main] TRACE - Resolving type for handle ctsheetdata8408type
20:02:31.570 [main] TRACE - Resolving type for handle ctpagemargins5455type
20:02:31.574 [main] TRACE - Resolving type for handle ctcols627ctype
20:02:31.576 [main] TRACE - Resolving type for handle strelationshipid1e94type
20:02:31.577 [main] TRACE - Resolving type for handle ctrowdd39type
20:02:31.580 [main] TRACE - Resolving type for handle ctcell842btype
20:02:31.585 [main] TRACE - Resolving type for handle stcellrefe4e0type
20:02:31.587 [main] TRACE - Resolving type for handle ctrsta472type
20:02:31.591 [main] TRACE - Resolving type for handle stcelltypebf95type
20:02:31.616 [main] TRACE - Resolving type for handle ctnumfmtsb58btype
20:02:31.619 [main] TRACE - Resolving type for handle ctfonts6623type
20:02:31.622 [main] TRACE - Resolving type for handle ctfills2c6ftype
20:02:31.625 [main] TRACE - Resolving type for handle ctborders0d66type
20:02:31.627 [main] TRACE - Resolving type for handle ctcellxfs1322type
20:02:31.628 [main] TRACE - Resolving type for handle ctcellstylexfsa81ftype
20:02:31.645 [main] DEBUG - Save core properties part
20:02:31.646 [main] DEBUG - Save content types part
20:02:31.735 [main] DEBUG - Save package relationships
20:02:31.743 [main] DEBUG - Save part 'docProps/app.xml'
20:02:31.745 [main] DEBUG - Save part 'docProps/core.xml'
20:02:31.753 [main] DEBUG - Save part 'xl/sharedStrings.xml'
20:02:31.753 [main] DEBUG - Save part 'xl/styles.xml'
20:02:31.754 [main] DEBUG - Save part 'xl/workbook.xml'
20:02:31.757 [main] DEBUG - Save part 'xl/worksheets/sheet1.xml'
20:02:31.761 [main] DEBUG - Save content types part
20:02:31.764 [main] DEBUG - Save package relationships
20:02:31.766 [main] DEBUG - Save part 'docProps/app.xml'
20:02:31.766 [main] DEBUG - Save part 'docProps/core.xml'
20:02:31.768 [main] DEBUG - Save part 'xl/sharedStrings.xml'
20:02:31.768 [main] DEBUG - Save part 'xl/styles.xml'
20:02:31.768 [main] DEBUG - Save part 'xl/workbook.xml'
20:02:31.770 [main] DEBUG - Save part 'xl/worksheets/sheet1.xml'
20:05:07.784 [main] DEBUG - Parsing relationship: /xl/_rels/workbook.xml.rels
20:05:07.809 [main] DEBUG - Parsing relationship: /_rels/.rels
20:05:07.985 [main] TRACE - Loading type system org.apache.poi.schemas.ooxml.system.ooxml
20:05:07.987 [main] TRACE - Loading type system org.apache.xmlbeans.metadata.system.sXMLCONFIG
20:05:07.988 [main] TRACE - Loading type system org.apache.xmlbeans.metadata.system.sXMLLANG
20:05:07.988 [main] TRACE - Loading type system org.apache.xmlbeans.metadata.system.sXMLSCHEMA
20:05:07.989 [main] TRACE - Loading type system org.apache.xmlbeans.metadata.system.sXMLTOOLS
20:05:07.990 [main] TRACE - Reading unresolved handles for type system org.apache.xmlbeans.metadata.system.sXMLTOOLS
20:05:07.998 [main] TRACE - Finished loading type system org.apache.xmlbeans.metadata.system.sXMLTOOLS
20:05:07.998 [main] TRACE - Reading unresolved handles for type system org.apache.xmlbeans.metadata.system.sXMLSCHEMA
20:05:08.002 [main] TRACE - Finished loading type system org.apache.xmlbeans.metadata.system.sXMLSCHEMA
20:05:08.004 [main] TRACE - Reading unresolved handles for type system org.apache.xmlbeans.metadata.system.sXMLLANG
20:05:08.005 [main] TRACE - Finished loading type system org.apache.xmlbeans.metadata.system.sXMLLANG
20:05:08.007 [main] TRACE - Reading unresolved handles for type system org.apache.xmlbeans.metadata.system.sXMLCONFIG
20:05:08.009 [main] TRACE - Finished loading type system org.apache.xmlbeans.metadata.system.sXMLCONFIG
20:05:08.010 [main] TRACE - Reading unresolved handles for type system org.apache.poi.schemas.ooxml.system.ooxml
20:05:08.065 [main] TRACE - Finished loading type system org.apache.poi.schemas.ooxml.system.ooxml
20:05:08.066 [main] TRACE - Resolving type for handle themefd26doctype
20:05:08.130 [main] TRACE - Resolving type for handle stylesheet5d8bdoctype
20:05:08.135 [main] TRACE - Resolving type for handle ctstylesheet4257type
20:05:08.142 [main] TRACE - Resolving type for handle ctfonts6623type
20:05:08.144 [main] TRACE - Resolving type for handle ctfont14d8type
20:05:08.150 [main] TRACE - Resolving type for handle ctfills2c6ftype
20:05:08.154 [main] TRACE - Resolving type for handle ctfill550ctype
20:05:08.160 [main] TRACE - Resolving type for handle ctborders0d66type
20:05:08.163 [main] TRACE - Resolving type for handle ctborderf935type
20:05:08.166 [main] TRACE - Resolving type for handle ctcellxfs1322type
20:05:08.170 [main] TRACE - Resolving type for handle ctxf97f7type
20:05:08.175 [main] TRACE - Resolving type for handle ctcellstylexfsa81ftype
20:05:08.178 [main] TRACE - Resolving type for handle ctdxfsb26atype
20:05:08.180 [main] TRACE - Resolving type for handle cttablestyles872ftype
20:05:08.182 [main] TRACE - Resolving type for handle sstf81fdoctype
20:05:08.187 [main] TRACE - Resolving type for handle ctsst44f3type
20:05:08.205 [main] TRACE - Resolving type for handle ctrsta472type
20:05:08.228 [main] TRACE - Resolving type for handle workbookec17doctype
20:05:08.232 [main] TRACE - Resolving type for handle ctworkbook83c3type
20:05:08.236 [main] TRACE - Resolving type for handle ctsheets49fdtype
20:05:08.238 [main] TRACE - Resolving type for handle ctsheet4dbetype
20:05:08.242 [main] TRACE - Resolving type for handle strelationshipid1e94type
20:05:08.244 [main] TRACE - Resolving type for handle worksheetf539doctype
20:05:08.246 [main] TRACE - Resolving type for handle ctworksheet530dtype
20:05:08.250 [main] TRACE - Resolving type for handle ctsheetdata8408type
20:05:08.251 [main] TRACE - Resolving type for handle ctrowdd39type
20:05:08.254 [main] TRACE - Resolving type for handle ctcell842btype
20:05:08.259 [main] TRACE - Resolving type for handle stcellrefe4e0type
20:05:08.263 [main] TRACE - Resolving type for handle ctcols627ctype
20:05:08.266 [main] TRACE - Resolving type for handle ctcola95ftype
20:05:08.282 [main] TRACE - Resolving type for handle stxstringf179type
20:05:08.284 [main] TRACE - Resolving type for handle stcelltypebf95type
20:05:08.291 [main] TRACE - Resolving type for handle stcellstylexfid70c7type
20:05:08.294 [main] TRACE - Resolving type for handle stnumfmtid76fbtype
20:05:09.426 [main] TRACE - Resolving type for handle ctworkbookpr03a5type
20:05:09.430 [main] TRACE - Resolving type for handle ctbookviewsb864type
20:05:09.431 [main] TRACE - Resolving type for handle ctbookviewf677type
20:05:09.435 [main] TRACE - Resolving type for handle propertiesee84doctype
20:05:09.436 [main] TRACE - Resolving type for handle ctproperties3f10type
20:05:09.441 [main] TRACE - Resolving type for handle properties288cdoctype
20:05:09.446 [main] TRACE - Resolving type for handle ctproperties2c18type
20:05:09.450 [main] TRACE - Resolving type for handle ctfontsizeb3b9type
20:05:09.452 [main] TRACE - Resolving type for handle ctcolord2c2type
20:05:09.454 [main] TRACE - Resolving type for handle ctfontname2dc3type
20:05:09.462 [main] TRACE - Resolving type for handle ctfontfamily685ctype
20:05:09.465 [main] TRACE - Resolving type for handle stfontfamily9c6ctype
20:05:09.468 [main] TRACE - Resolving type for handle ctfontschemebf5dtype
20:05:09.471 [main] TRACE - Resolving type for handle stfontschemef36dtype
20:05:09.476 [main] TRACE - Resolving type for handle ctpatternfill7452type
20:05:09.478 [main] TRACE - Resolving type for handle stpatterntype7939type
20:05:09.481 [main] TRACE - Resolving type for handle ctborderpre497type
20:05:09.483 [main] TRACE - Resolving type for handle stfontid9d63type
20:05:09.484 [main] TRACE - Resolving type for handle stfillida097type
20:05:09.485 [main] TRACE - Resolving type for handle stborderid1a80type
20:05:09.487 [main] TRACE - Resolving type for handle ctsheetformatprdef7type
20:05:09.490 [main] TRACE - Resolving type for handle ctsheetviewsb918type
20:05:09.495 [main] TRACE - Resolving type for handle ctsheetview0f43type
20:05:09.498 [main] TRACE - Resolving type for handle ctsheetdimensiond310type
20:05:09.499 [main] TRACE - Resolving type for handle stref90a2type
20:05:09.500 [main] TRACE - Resolving type for handle ctpagemargins5455type
20:05:09.515 [main] TRACE - Resolving type for handle ctnumfmtsb58btype
20:05:09.527 [main] DEBUG - Save core properties part
20:05:09.527 [main] DEBUG - Save content types part
20:05:09.571 [main] DEBUG - Save package relationships
20:05:09.575 [main] DEBUG - Save part 'docProps/app.xml'
20:05:09.576 [main] DEBUG - Save part 'docProps/core.xml'
20:05:09.578 [main] DEBUG - Save part 'xl/sharedStrings.xml'
20:05:09.578 [main] DEBUG - Save part 'xl/styles.xml'
20:05:09.578 [main] DEBUG - Save part 'xl/workbook.xml'
20:05:09.579 [main] DEBUG - Save part 'xl/worksheets/sheet1.xml'
20:05:09.580 [main] DEBUG - Save content types part
20:05:09.580 [main] DEBUG - Save package relationships
20:05:09.581 [main] DEBUG - Save part 'docProps/app.xml'
20:05:09.581 [main] DEBUG - Save part 'docProps/core.xml'
20:05:09.582 [main] DEBUG - Save part 'xl/sharedStrings.xml'
20:05:09.583 [main] DEBUG - Save part 'xl/styles.xml'
20:05:09.583 [main] DEBUG - Save part 'xl/workbook.xml'
20:05:09.584 [main] DEBUG - Save part 'xl/worksheets/sheet1.xml'
20:09:24.671 [main] TRACE - Loading type system org.apache.poi.schemas.ooxml.system.ooxml
20:09:24.676 [main] TRACE - Loading type system org.apache.xmlbeans.metadata.system.sXMLCONFIG
20:09:24.676 [main] TRACE - Loading type system org.apache.xmlbeans.metadata.system.sXMLLANG
20:09:24.677 [main] TRACE - Loading type system org.apache.xmlbeans.metadata.system.sXMLSCHEMA
20:09:24.677 [main] TRACE - Loading type system org.apache.xmlbeans.metadata.system.sXMLTOOLS
20:09:24.679 [main] TRACE - Reading unresolved handles for type system org.apache.xmlbeans.metadata.system.sXMLTOOLS
20:09:24.691 [main] TRACE - Finished loading type system org.apache.xmlbeans.metadata.system.sXMLTOOLS
20:09:24.691 [main] TRACE - Reading unresolved handles for type system org.apache.xmlbeans.metadata.system.sXMLSCHEMA
20:09:24.697 [main] TRACE - Finished loading type system org.apache.xmlbeans.metadata.system.sXMLSCHEMA
20:09:24.701 [main] TRACE - Reading unresolved handles for type system org.apache.xmlbeans.metadata.system.sXMLLANG
20:09:24.702 [main] TRACE - Finished loading type system org.apache.xmlbeans.metadata.system.sXMLLANG
20:09:24.703 [main] TRACE - Reading unresolved handles for type system org.apache.xmlbeans.metadata.system.sXMLCONFIG
20:09:24.704 [main] TRACE - Finished loading type system org.apache.xmlbeans.metadata.system.sXMLCONFIG
