13:13:40.191 [TestNG-test=Cucumber Tests-4] DEBUG - Save part 'docProps/core.xml'
13:13:40.202 [TestNG-test=Cucumber Tests-4] DEBUG - Save part 'xl/sharedStrings.xml'
13:13:40.202 [TestNG-test=Cucumber Tests-4] DEBUG - Save part 'xl/styles.xml'
13:13:40.202 [TestNG-test=Cucumber Tests-4] DEBUG - Save part 'xl/workbook.xml'
13:13:40.204 [TestNG-test=Cucumber Tests-4] DEBUG - Save part 'xl/worksheets/sheet1.xml'
13:13:40.205 [TestNG-test=Cucumber Tests-4] DEBUG - Save content types part
13:13:40.206 [TestNG-test=Cucumber Tests-4] DEBUG - Save package relationships
13:13:40.206 [TestNG-test=Cucumber Tests-4] DEBUG - Save part 'docProps/app.xml'
13:13:40.215 [TestNG-test=Cucumber Tests-4] DEBUG - Save part 'docProps/core.xml'
13:13:40.217 [TestNG-test=Cucumber Tests-4] DEBUG - Save part 'xl/sharedStrings.xml'
13:13:40.217 [TestNG-test=Cucumber Tests-4] DEBUG - Save part 'xl/styles.xml'
13:13:40.218 [TestNG-test=Cucumber Tests-4] DEBUG - Save part 'xl/workbook.xml'
13:13:40.219 [TestNG-test=Cucumber Tests-4] DEBUG - Save part 'xl/worksheets/sheet1.xml'
13:19:38.190 [TestNG-test=Cucumber Tests-4] INFO  - Browser initialized: chrome
13:19:39.218 [TestNG-test=Cucumber Tests-2] INFO  - Browser initialized: chrome
13:19:39.723 [TestNG-test=Cucumber Tests-1] INFO  - Browser initialized: chrome
13:19:50.579 [TestNG-test=Cucumber Tests-2] INFO  - Navigated to URL: https://www.pepperfry.com
13:19:51.677 [TestNG-test=Cucumber Tests-4] INFO  - Navigated to URL: https://www.pepperfry.com
13:19:55.428 [TestNG-test=Cucumber Tests-1] INFO  - Navigated to URL: https://www.pepperfry.com
13:21:19.762 [TestNG-test=Cucumber Tests-3] DEBUG - Parsing relationship: /xl/_rels/workbook.xml.rels
13:21:19.823 [TestNG-test=Cucumber Tests-3] DEBUG - Parsing relationship: /_rels/.rels
13:21:20.345 [TestNG-test=Cucumber Tests-3] TRACE - Loading type system org.apache.poi.schemas.ooxml.system.ooxml
13:21:20.354 [TestNG-test=Cucumber Tests-3] TRACE - Loading type system org.apache.xmlbeans.metadata.system.sXMLCONFIG
13:21:20.356 [TestNG-test=Cucumber Tests-3] TRACE - Loading type system org.apache.xmlbeans.metadata.system.sXMLLANG
13:21:20.358 [TestNG-test=Cucumber Tests-3] TRACE - Loading type system org.apache.xmlbeans.metadata.system.sXMLSCHEMA
13:21:20.359 [TestNG-test=Cucumber Tests-3] TRACE - Loading type system org.apache.xmlbeans.metadata.system.sXMLTOOLS
13:21:20.362 [TestNG-test=Cucumber Tests-3] TRACE - Reading unresolved handles for type system org.apache.xmlbeans.metadata.system.sXMLTOOLS
13:21:20.413 [TestNG-test=Cucumber Tests-3] TRACE - Finished loading type system org.apache.xmlbeans.metadata.system.sXMLTOOLS
13:21:20.415 [TestNG-test=Cucumber Tests-3] TRACE - Reading unresolved handles for type system org.apache.xmlbeans.metadata.system.sXMLSCHEMA
13:21:20.435 [TestNG-test=Cucumber Tests-3] TRACE - Finished loading type system org.apache.xmlbeans.metadata.system.sXMLSCHEMA
13:21:20.438 [TestNG-test=Cucumber Tests-3] TRACE - Reading unresolved handles for type system org.apache.xmlbeans.metadata.system.sXMLLANG
13:21:20.439 [TestNG-test=Cucumber Tests-3] TRACE - Finished loading type system org.apache.xmlbeans.metadata.system.sXMLLANG
13:21:20.441 [TestNG-test=Cucumber Tests-3] TRACE - Reading unresolved handles for type system org.apache.xmlbeans.metadata.system.sXMLCONFIG
13:21:20.442 [TestNG-test=Cucumber Tests-3] TRACE - Finished loading type system org.apache.xmlbeans.metadata.system.sXMLCONFIG
13:21:20.443 [TestNG-test=Cucumber Tests-3] TRACE - Reading unresolved handles for type system org.apache.poi.schemas.ooxml.system.ooxml
13:21:20.545 [TestNG-test=Cucumber Tests-3] TRACE - Finished loading type system org.apache.poi.schemas.ooxml.system.ooxml
13:21:20.547 [TestNG-test=Cucumber Tests-3] TRACE - Resolving type for handle themefd26doctype
13:21:20.733 [TestNG-test=Cucumber Tests-3] TRACE - Resolving type for handle stylesheet5d8bdoctype
13:21:20.743 [TestNG-test=Cucumber Tests-3] TRACE - Resolving type for handle ctstylesheet4257type
13:21:20.755 [TestNG-test=Cucumber Tests-3] TRACE - Resolving type for handle ctfonts6623type
13:21:20.763 [TestNG-test=Cucumber Tests-3] TRACE - Resolving type for handle ctfont14d8type
13:21:20.778 [TestNG-test=Cucumber Tests-3] TRACE - Resolving type for handle ctfills2c6ftype
13:21:20.788 [TestNG-test=Cucumber Tests-3] TRACE - Resolving type for handle ctfill550ctype
13:21:20.794 [TestNG-test=Cucumber Tests-3] TRACE - Resolving type for handle ctborders0d66type
13:21:20.803 [TestNG-test=Cucumber Tests-3] TRACE - Resolving type for handle ctborderf935type
13:21:20.809 [TestNG-test=Cucumber Tests-3] TRACE - Resolving type for handle ctcellxfs1322type
13:21:20.821 [TestNG-test=Cucumber Tests-3] TRACE - Resolving type for handle ctxf97f7type
13:21:20.825 [TestNG-test=Cucumber Tests-3] TRACE - Resolving type for handle ctcellstylexfsa81ftype
13:21:20.830 [TestNG-test=Cucumber Tests-3] TRACE - Resolving type for handle ctdxfsb26atype
13:21:20.837 [TestNG-test=Cucumber Tests-3] TRACE - Resolving type for handle cttablestyles872ftype
13:21:20.844 [TestNG-test=Cucumber Tests-3] TRACE - Resolving type for handle sstf81fdoctype
13:21:20.854 [TestNG-test=Cucumber Tests-3] TRACE - Resolving type for handle ctsst44f3type
13:21:20.881 [TestNG-test=Cucumber Tests-3] TRACE - Resolving type for handle ctrsta472type
13:21:20.942 [TestNG-test=Cucumber Tests-3] TRACE - Resolving type for handle workbookec17doctype
13:21:20.955 [TestNG-test=Cucumber Tests-3] TRACE - Resolving type for handle ctworkbook83c3type
13:21:20.969 [TestNG-test=Cucumber Tests-3] TRACE - Resolving type for handle ctsheets49fdtype
13:21:20.977 [TestNG-test=Cucumber Tests-3] TRACE - Resolving type for handle ctsheet4dbetype
13:21:20.981 [TestNG-test=Cucumber Tests-3] TRACE - Resolving type for handle strelationshipid1e94type
13:21:20.992 [TestNG-test=Cucumber Tests-3] TRACE - Resolving type for handle worksheetf539doctype
13:21:21.007 [TestNG-test=Cucumber Tests-3] TRACE - Resolving type for handle ctworksheet530dtype
13:21:21.020 [TestNG-test=Cucumber Tests-3] TRACE - Resolving type for handle ctsheetdata8408type
13:21:21.025 [TestNG-test=Cucumber Tests-3] TRACE - Resolving type for handle ctrowdd39type
13:21:21.040 [TestNG-test=Cucumber Tests-3] TRACE - Resolving type for handle ctcell842btype
13:21:21.058 [TestNG-test=Cucumber Tests-3] TRACE - Resolving type for handle stcellrefe4e0type
13:21:21.082 [TestNG-test=Cucumber Tests-3] TRACE - Resolving type for handle ctcols627ctype
13:21:21.094 [TestNG-test=Cucumber Tests-3] TRACE - Resolving type for handle ctcola95ftype
13:21:21.170 [TestNG-test=Cucumber Tests-3] TRACE - Resolving type for handle stxstringf179type
13:21:21.180 [TestNG-test=Cucumber Tests-3] TRACE - Resolving type for handle stcelltypebf95type
13:21:21.222 [TestNG-test=Cucumber Tests-3] TRACE - Resolving type for handle stcellstylexfid70c7type
13:21:21.236 [TestNG-test=Cucumber Tests-3] TRACE - Resolving type for handle stnumfmtid76fbtype
13:21:24.685 [TestNG-test=Cucumber Tests-3] TRACE - Resolving type for handle ctworkbookpr03a5type
13:21:24.708 [TestNG-test=Cucumber Tests-3] TRACE - Resolving type for handle ctbookviewsb864type
13:21:24.718 [TestNG-test=Cucumber Tests-3] TRACE - Resolving type for handle ctbookviewf677type
13:21:24.741 [TestNG-test=Cucumber Tests-3] TRACE - Resolving type for handle propertiesee84doctype
13:21:24.746 [TestNG-test=Cucumber Tests-3] TRACE - Resolving type for handle ctproperties3f10type
13:21:24.757 [TestNG-test=Cucumber Tests-3] TRACE - Resolving type for handle properties288cdoctype
13:21:24.764 [TestNG-test=Cucumber Tests-3] TRACE - Resolving type for handle ctproperties2c18type
13:21:24.778 [TestNG-test=Cucumber Tests-3] TRACE - Resolving type for handle ctfontsizeb3b9type
13:21:24.784 [TestNG-test=Cucumber Tests-3] TRACE - Resolving type for handle ctcolord2c2type
13:21:24.789 [TestNG-test=Cucumber Tests-3] TRACE - Resolving type for handle ctfontname2dc3type
13:21:24.798 [TestNG-test=Cucumber Tests-3] TRACE - Resolving type for handle ctfontfamily685ctype
13:21:24.804 [TestNG-test=Cucumber Tests-3] TRACE - Resolving type for handle stfontfamily9c6ctype
13:21:24.851 [TestNG-test=Cucumber Tests-3] TRACE - Resolving type for handle ctfontschemebf5dtype
13:21:24.857 [TestNG-test=Cucumber Tests-3] TRACE - Resolving type for handle stfontschemef36dtype
13:21:24.869 [TestNG-test=Cucumber Tests-3] TRACE - Resolving type for handle ctpatternfill7452type
13:21:24.876 [TestNG-test=Cucumber Tests-3] TRACE - Resolving type for handle stpatterntype7939type
13:21:24.882 [TestNG-test=Cucumber Tests-3] TRACE - Resolving type for handle ctborderpre497type
13:21:24.892 [TestNG-test=Cucumber Tests-3] TRACE - Resolving type for handle stfontid9d63type
13:21:24.898 [TestNG-test=Cucumber Tests-3] TRACE - Resolving type for handle stfillida097type
13:21:24.903 [TestNG-test=Cucumber Tests-3] TRACE - Resolving type for handle stborderid1a80type
13:21:24.916 [TestNG-test=Cucumber Tests-3] TRACE - Resolving type for handle ctsheetformatprdef7type
13:21:24.922 [TestNG-test=Cucumber Tests-3] TRACE - Resolving type for handle ctsheetviewsb918type
13:21:24.929 [TestNG-test=Cucumber Tests-3] TRACE - Resolving type for handle ctsheetview0f43type
13:21:24.939 [TestNG-test=Cucumber Tests-3] TRACE - Resolving type for handle ctsheetdimensiond310type
13:21:24.943 [TestNG-test=Cucumber Tests-3] TRACE - Resolving type for handle stref90a2type
13:21:24.950 [TestNG-test=Cucumber Tests-3] TRACE - Resolving type for handle ctpagemargins5455type
13:21:24.989 [TestNG-test=Cucumber Tests-3] TRACE - Resolving type for handle ctnumfmtsb58btype
13:21:25.059 [TestNG-test=Cucumber Tests-3] DEBUG - Save core properties part
13:21:25.060 [TestNG-test=Cucumber Tests-3] DEBUG - Save content types part
13:21:25.469 [TestNG-test=Cucumber Tests-3] DEBUG - Save package relationships
13:21:25.478 [TestNG-test=Cucumber Tests-3] DEBUG - Save part 'docProps/app.xml'
13:21:25.478 [TestNG-test=Cucumber Tests-3] DEBUG - Save part 'docProps/core.xml'
13:21:25.487 [TestNG-test=Cucumber Tests-3] DEBUG - Save part 'xl/sharedStrings.xml'
13:21:25.487 [TestNG-test=Cucumber Tests-3] DEBUG - Save part 'xl/styles.xml'
13:21:25.488 [TestNG-test=Cucumber Tests-3] DEBUG - Save part 'xl/workbook.xml'
13:21:25.490 [TestNG-test=Cucumber Tests-3] DEBUG - Save part 'xl/worksheets/sheet1.xml'
13:21:25.493 [TestNG-test=Cucumber Tests-3] DEBUG - Save content types part
13:21:25.501 [TestNG-test=Cucumber Tests-3] DEBUG - Save package relationships
13:21:25.503 [TestNG-test=Cucumber Tests-3] DEBUG - Save part 'docProps/app.xml'
13:21:25.504 [TestNG-test=Cucumber Tests-3] DEBUG - Save part 'docProps/core.xml'
13:21:25.507 [TestNG-test=Cucumber Tests-3] DEBUG - Save part 'xl/sharedStrings.xml'
13:21:25.509 [TestNG-test=Cucumber Tests-3] DEBUG - Save part 'xl/styles.xml'
13:21:25.510 [TestNG-test=Cucumber Tests-3] DEBUG - Save part 'xl/workbook.xml'
13:21:25.519 [TestNG-test=Cucumber Tests-3] DEBUG - Save part 'xl/worksheets/sheet1.xml'
13:21:29.265 [TestNG-test=Cucumber Tests-2] DEBUG - Save core properties part
13:21:29.265 [TestNG-test=Cucumber Tests-2] DEBUG - Save content types part
13:21:29.269 [TestNG-test=Cucumber Tests-2] DEBUG - Save package relationships
13:21:29.271 [TestNG-test=Cucumber Tests-2] DEBUG - Save part 'docProps/app.xml'
13:21:29.272 [TestNG-test=Cucumber Tests-2] DEBUG - Save part 'docProps/core.xml'
13:21:29.275 [TestNG-test=Cucumber Tests-2] DEBUG - Save part 'xl/sharedStrings.xml'
13:21:29.275 [TestNG-test=Cucumber Tests-2] DEBUG - Save part 'xl/styles.xml'
13:21:29.276 [TestNG-test=Cucumber Tests-2] DEBUG - Save part 'xl/workbook.xml'
13:21:29.283 [TestNG-test=Cucumber Tests-2] DEBUG - Save part 'xl/worksheets/sheet1.xml'
13:21:29.286 [TestNG-test=Cucumber Tests-2] DEBUG - Save content types part
13:21:29.289 [TestNG-test=Cucumber Tests-2] DEBUG - Save package relationships
13:21:29.292 [TestNG-test=Cucumber Tests-2] DEBUG - Save part 'docProps/app.xml'
13:21:29.293 [TestNG-test=Cucumber Tests-2] DEBUG - Save part 'docProps/core.xml'
13:21:29.296 [TestNG-test=Cucumber Tests-2] DEBUG - Save part 'xl/sharedStrings.xml'
13:21:29.296 [TestNG-test=Cucumber Tests-2] DEBUG - Save part 'xl/styles.xml'
13:21:29.297 [TestNG-test=Cucumber Tests-2] DEBUG - Save part 'xl/workbook.xml'
13:21:29.300 [TestNG-test=Cucumber Tests-2] DEBUG - Save part 'xl/worksheets/sheet1.xml'
13:21:29.744 [TestNG-test=Cucumber Tests-1] DEBUG - Save core properties part
13:21:29.745 [TestNG-test=Cucumber Tests-1] DEBUG - Save content types part
13:21:29.753 [TestNG-test=Cucumber Tests-1] DEBUG - Save package relationships
13:21:29.755 [TestNG-test=Cucumber Tests-1] DEBUG - Save part 'docProps/app.xml'
13:21:29.756 [TestNG-test=Cucumber Tests-1] DEBUG - Save part 'docProps/core.xml'
13:21:29.763 [TestNG-test=Cucumber Tests-1] DEBUG - Save part 'xl/sharedStrings.xml'
13:21:29.765 [TestNG-test=Cucumber Tests-1] DEBUG - Save part 'xl/styles.xml'
13:21:29.768 [TestNG-test=Cucumber Tests-1] DEBUG - Save part 'xl/workbook.xml'
13:21:29.772 [TestNG-test=Cucumber Tests-1] DEBUG - Save part 'xl/worksheets/sheet1.xml'
13:21:29.775 [TestNG-test=Cucumber Tests-1] DEBUG - Save content types part
13:21:29.782 [TestNG-test=Cucumber Tests-1] DEBUG - Save package relationships
13:21:29.785 [TestNG-test=Cucumber Tests-1] DEBUG - Save part 'docProps/app.xml'
13:21:29.786 [TestNG-test=Cucumber Tests-1] DEBUG - Save part 'docProps/core.xml'
13:21:29.789 [TestNG-test=Cucumber Tests-1] DEBUG - Save part 'xl/sharedStrings.xml'
13:21:29.790 [TestNG-test=Cucumber Tests-1] DEBUG - Save part 'xl/styles.xml'
13:21:29.793 [TestNG-test=Cucumber Tests-1] DEBUG - Save part 'xl/workbook.xml'
13:21:29.804 [TestNG-test=Cucumber Tests-1] DEBUG - Save part 'xl/worksheets/sheet1.xml'
13:21:35.947 [TestNG-test=Cucumber Tests-4] DEBUG - Save core properties part
13:21:35.947 [TestNG-test=Cucumber Tests-4] DEBUG - Save content types part
13:21:35.950 [TestNG-test=Cucumber Tests-4] DEBUG - Save package relationships
13:21:35.952 [TestNG-test=Cucumber Tests-4] DEBUG - Save part 'docProps/app.xml'
13:21:35.953 [TestNG-test=Cucumber Tests-4] DEBUG - Save part 'docProps/core.xml'
13:21:35.956 [TestNG-test=Cucumber Tests-4] DEBUG - Save part 'xl/sharedStrings.xml'
13:21:35.957 [TestNG-test=Cucumber Tests-4] DEBUG - Save part 'xl/styles.xml'
13:21:35.957 [TestNG-test=Cucumber Tests-4] DEBUG - Save part 'xl/workbook.xml'
13:21:35.962 [TestNG-test=Cucumber Tests-4] DEBUG - Save part 'xl/worksheets/sheet1.xml'
13:21:35.964 [TestNG-test=Cucumber Tests-4] DEBUG - Save content types part
13:21:35.968 [TestNG-test=Cucumber Tests-4] DEBUG - Save package relationships
13:21:35.970 [TestNG-test=Cucumber Tests-4] DEBUG - Save part 'docProps/app.xml'
13:21:35.970 [TestNG-test=Cucumber Tests-4] DEBUG - Save part 'docProps/core.xml'
13:21:35.973 [TestNG-test=Cucumber Tests-4] DEBUG - Save part 'xl/sharedStrings.xml'
13:21:35.973 [TestNG-test=Cucumber Tests-4] DEBUG - Save part 'xl/styles.xml'
13:21:35.973 [TestNG-test=Cucumber Tests-4] DEBUG - Save part 'xl/workbook.xml'
13:21:35.977 [TestNG-test=Cucumber Tests-4] DEBUG - Save part 'xl/worksheets/sheet1.xml'
13:29:47.047 [TestNG-test=Cucumber Tests-2] INFO  - Browser initialized: chrome
13:29:47.274 [TestNG-test=Cucumber Tests-1] INFO  - Browser initialized: chrome
13:29:47.937 [TestNG-test=Cucumber Tests-2] INFO  - Navigated to URL: https://www.pepperfry.com
13:29:48.137 [TestNG-test=Cucumber Tests-1] INFO  - Navigated to URL: https://www.pepperfry.com
13:30:31.012 [TestNG-test=Cucumber Tests-2] INFO  - Browser initialized: chrome
13:30:32.392 [TestNG-test=Cucumber Tests-4] INFO  - Browser initialized: chrome
13:30:34.525 [TestNG-test=Cucumber Tests-3] INFO  - Browser initialized: chrome
13:30:35.486 [TestNG-test=Cucumber Tests-1] INFO  - Browser initialized: chrome
13:30:50.547 [TestNG-test=Cucumber Tests-3] INFO  - Navigated to URL: https://www.pepperfry.com
13:30:51.603 [TestNG-test=Cucumber Tests-2] INFO  - Navigated to URL: https://www.pepperfry.com
13:30:51.831 [TestNG-test=Cucumber Tests-1] INFO  - Navigated to URL: https://www.pepperfry.com
13:30:51.928 [TestNG-test=Cucumber Tests-4] INFO  - Navigated to URL: https://www.pepperfry.com
13:30:55.582 [TestNG-test=Cucumber Tests-3] DEBUG - Parsing relationship: /xl/_rels/workbook.xml.rels
13:30:55.734 [TestNG-test=Cucumber Tests-3] DEBUG - Parsing relationship: /_rels/.rels
13:30:56.880 [TestNG-test=Cucumber Tests-3] TRACE - Loading type system org.apache.poi.schemas.ooxml.system.ooxml
13:30:56.896 [TestNG-test=Cucumber Tests-3] TRACE - Loading type system org.apache.xmlbeans.metadata.system.sXMLCONFIG
13:30:56.898 [TestNG-test=Cucumber Tests-3] TRACE - Loading type system org.apache.xmlbeans.metadata.system.sXMLLANG
13:30:56.900 [TestNG-test=Cucumber Tests-3] TRACE - Loading type system org.apache.xmlbeans.metadata.system.sXMLSCHEMA
13:30:56.901 [TestNG-test=Cucumber Tests-3] TRACE - Loading type system org.apache.xmlbeans.metadata.system.sXMLTOOLS
13:30:56.913 [TestNG-test=Cucumber Tests-3] TRACE - Reading unresolved handles for type system org.apache.xmlbeans.metadata.system.sXMLTOOLS
13:30:57.028 [TestNG-test=Cucumber Tests-3] TRACE - Finished loading type system org.apache.xmlbeans.metadata.system.sXMLTOOLS
13:30:57.034 [TestNG-test=Cucumber Tests-3] TRACE - Reading unresolved handles for type system org.apache.xmlbeans.metadata.system.sXMLSCHEMA
13:30:57.054 [TestNG-test=Cucumber Tests-3] TRACE - Finished loading type system org.apache.xmlbeans.metadata.system.sXMLSCHEMA
13:30:57.062 [TestNG-test=Cucumber Tests-3] TRACE - Reading unresolved handles for type system org.apache.xmlbeans.metadata.system.sXMLLANG
13:30:57.064 [TestNG-test=Cucumber Tests-3] TRACE - Finished loading type system org.apache.xmlbeans.metadata.system.sXMLLANG
13:30:57.067 [TestNG-test=Cucumber Tests-3] TRACE - Reading unresolved handles for type system org.apache.xmlbeans.metadata.system.sXMLCONFIG
13:30:57.076 [TestNG-test=Cucumber Tests-3] TRACE - Finished loading type system org.apache.xmlbeans.metadata.system.sXMLCONFIG
13:30:57.079 [TestNG-test=Cucumber Tests-3] TRACE - Reading unresolved handles for type system org.apache.poi.schemas.ooxml.system.ooxml
13:30:57.347 [TestNG-test=Cucumber Tests-3] TRACE - Finished loading type system org.apache.poi.schemas.ooxml.system.ooxml
13:30:57.349 [TestNG-test=Cucumber Tests-3] TRACE - Resolving type for handle themefd26doctype
13:30:57.606 [TestNG-test=Cucumber Tests-3] TRACE - Resolving type for handle stylesheet5d8bdoctype
13:30:57.625 [TestNG-test=Cucumber Tests-3] TRACE - Resolving type for handle ctstylesheet4257type
13:30:57.646 [TestNG-test=Cucumber Tests-3] TRACE - Resolving type for handle ctfonts6623type
13:30:57.664 [TestNG-test=Cucumber Tests-3] TRACE - Resolving type for handle ctfont14d8type
13:30:57.679 [TestNG-test=Cucumber Tests-3] TRACE - Resolving type for handle ctfills2c6ftype
13:30:57.689 [TestNG-test=Cucumber Tests-3] TRACE - Resolving type for handle ctfill550ctype
13:30:57.696 [TestNG-test=Cucumber Tests-3] TRACE - Resolving type for handle ctborders0d66type
13:30:57.705 [TestNG-test=Cucumber Tests-3] TRACE - Resolving type for handle ctborderf935type
13:30:57.713 [TestNG-test=Cucumber Tests-3] TRACE - Resolving type for handle ctcellxfs1322type
13:30:57.727 [TestNG-test=Cucumber Tests-3] TRACE - Resolving type for handle ctxf97f7type
13:30:57.734 [TestNG-test=Cucumber Tests-3] TRACE - Resolving type for handle ctcellstylexfsa81ftype
13:30:57.744 [TestNG-test=Cucumber Tests-3] TRACE - Resolving type for handle ctdxfsb26atype
13:30:57.758 [TestNG-test=Cucumber Tests-3] TRACE - Resolving type for handle cttablestyles872ftype
13:30:57.773 [TestNG-test=Cucumber Tests-3] TRACE - Resolving type for handle sstf81fdoctype
13:30:57.784 [TestNG-test=Cucumber Tests-3] TRACE - Resolving type for handle ctsst44f3type
13:30:57.813 [TestNG-test=Cucumber Tests-3] TRACE - Resolving type for handle ctrsta472type
13:30:57.877 [TestNG-test=Cucumber Tests-3] TRACE - Resolving type for handle workbookec17doctype
13:30:57.891 [TestNG-test=Cucumber Tests-3] TRACE - Resolving type for handle ctworkbook83c3type
13:30:57.903 [TestNG-test=Cucumber Tests-3] TRACE - Resolving type for handle ctsheets49fdtype
13:30:57.912 [TestNG-test=Cucumber Tests-3] TRACE - Resolving type for handle ctsheet4dbetype
13:30:57.918 [TestNG-test=Cucumber Tests-3] TRACE - Resolving type for handle strelationshipid1e94type
13:30:57.926 [TestNG-test=Cucumber Tests-3] TRACE - Resolving type for handle worksheetf539doctype
13:30:57.944 [TestNG-test=Cucumber Tests-3] TRACE - Resolving type for handle ctworksheet530dtype
13:30:57.960 [TestNG-test=Cucumber Tests-3] TRACE - Resolving type for handle ctsheetdata8408type
13:30:57.977 [TestNG-test=Cucumber Tests-3] TRACE - Resolving type for handle ctrowdd39type
13:30:57.989 [TestNG-test=Cucumber Tests-3] TRACE - Resolving type for handle ctcell842btype
13:30:58.009 [TestNG-test=Cucumber Tests-3] TRACE - Resolving type for handle stcellrefe4e0type
13:30:58.032 [TestNG-test=Cucumber Tests-3] TRACE - Resolving type for handle ctcols627ctype
13:30:58.049 [TestNG-test=Cucumber Tests-3] TRACE - Resolving type for handle ctcola95ftype
13:30:58.130 [TestNG-test=Cucumber Tests-3] TRACE - Resolving type for handle stxstringf179type
13:30:58.143 [TestNG-test=Cucumber Tests-3] TRACE - Resolving type for handle stcelltypebf95type
13:30:58.181 [TestNG-test=Cucumber Tests-3] TRACE - Resolving type for handle stcellstylexfid70c7type
13:30:58.199 [TestNG-test=Cucumber Tests-3] TRACE - Resolving type for handle stnumfmtid76fbtype
13:31:00.357 [TestNG-test=Cucumber Tests-1] TRACE - Resolving type for handle ctworkbookpr03a5type
13:31:00.378 [TestNG-test=Cucumber Tests-1] TRACE - Resolving type for handle ctbookviewsb864type
13:31:00.392 [TestNG-test=Cucumber Tests-1] TRACE - Resolving type for handle ctbookviewf677type
13:31:00.411 [TestNG-test=Cucumber Tests-1] TRACE - Resolving type for handle propertiesee84doctype
13:31:00.423 [TestNG-test=Cucumber Tests-1] TRACE - Resolving type for handle ctproperties3f10type
13:31:00.443 [TestNG-test=Cucumber Tests-1] TRACE - Resolving type for handle properties288cdoctype
13:31:00.447 [TestNG-test=Cucumber Tests-1] TRACE - Resolving type for handle ctproperties2c18type
13:31:00.472 [TestNG-test=Cucumber Tests-1] TRACE - Resolving type for handle ctfontsizeb3b9type
13:31:00.481 [TestNG-test=Cucumber Tests-1] TRACE - Resolving type for handle ctcolord2c2type
13:31:00.498 [TestNG-test=Cucumber Tests-1] TRACE - Resolving type for handle ctfontname2dc3type
13:31:00.512 [TestNG-test=Cucumber Tests-1] TRACE - Resolving type for handle ctfontfamily685ctype
13:31:00.528 [TestNG-test=Cucumber Tests-1] TRACE - Resolving type for handle stfontfamily9c6ctype
13:31:00.544 [TestNG-test=Cucumber Tests-1] TRACE - Resolving type for handle ctfontschemebf5dtype
13:31:00.558 [TestNG-test=Cucumber Tests-1] TRACE - Resolving type for handle stfontschemef36dtype
13:31:00.562 [TestNG-test=Cucumber Tests-1] TRACE - Resolving type for handle ctpatternfill7452type
13:31:00.579 [TestNG-test=Cucumber Tests-1] TRACE - Resolving type for handle stpatterntype7939type
13:31:00.588 [TestNG-test=Cucumber Tests-1] TRACE - Resolving type for handle ctborderpre497type
13:31:00.596 [TestNG-test=Cucumber Tests-1] TRACE - Resolving type for handle stfontid9d63type
13:31:00.608 [TestNG-test=Cucumber Tests-1] TRACE - Resolving type for handle stfillida097type
13:31:00.612 [TestNG-test=Cucumber Tests-1] TRACE - Resolving type for handle stborderid1a80type
13:31:00.625 [TestNG-test=Cucumber Tests-1] TRACE - Resolving type for handle ctsheetformatprdef7type
13:31:00.632 [TestNG-test=Cucumber Tests-1] TRACE - Resolving type for handle ctsheetviewsb918type
13:31:00.646 [TestNG-test=Cucumber Tests-1] TRACE - Resolving type for handle ctsheetview0f43type
13:31:00.675 [TestNG-test=Cucumber Tests-1] TRACE - Resolving type for handle ctsheetdimensiond310type
13:31:00.693 [TestNG-test=Cucumber Tests-1] TRACE - Resolving type for handle stref90a2type
13:31:00.699 [TestNG-test=Cucumber Tests-1] TRACE - Resolving type for handle ctpagemargins5455type
13:31:00.778 [TestNG-test=Cucumber Tests-1] TRACE - Resolving type for handle ctnumfmtsb58btype
13:31:00.824 [TestNG-test=Cucumber Tests-1] DEBUG - Save core properties part
13:31:00.824 [TestNG-test=Cucumber Tests-1] DEBUG - Save content types part
13:31:01.134 [TestNG-test=Cucumber Tests-1] DEBUG - Save package relationships
13:31:01.148 [TestNG-test=Cucumber Tests-1] DEBUG - Save part 'docProps/app.xml'
13:31:01.149 [TestNG-test=Cucumber Tests-1] DEBUG - Save part 'docProps/core.xml'
13:31:01.161 [TestNG-test=Cucumber Tests-1] DEBUG - Save part 'xl/sharedStrings.xml'
13:31:01.161 [TestNG-test=Cucumber Tests-1] DEBUG - Save part 'xl/styles.xml'
13:31:01.162 [TestNG-test=Cucumber Tests-1] DEBUG - Save part 'xl/workbook.xml'
13:31:01.165 [TestNG-test=Cucumber Tests-1] DEBUG - Save part 'xl/worksheets/sheet1.xml'
13:31:01.171 [TestNG-test=Cucumber Tests-1] DEBUG - Save content types part
13:31:01.177 [TestNG-test=Cucumber Tests-1] DEBUG - Save package relationships
13:31:01.180 [TestNG-test=Cucumber Tests-1] DEBUG - Save part 'docProps/app.xml'
13:31:01.181 [TestNG-test=Cucumber Tests-1] DEBUG - Save part 'docProps/core.xml'
13:31:01.192 [TestNG-test=Cucumber Tests-1] DEBUG - Save part 'xl/sharedStrings.xml'
13:31:01.192 [TestNG-test=Cucumber Tests-1] DEBUG - Save part 'xl/styles.xml'
13:31:01.193 [TestNG-test=Cucumber Tests-1] DEBUG - Save part 'xl/workbook.xml'
13:31:01.197 [TestNG-test=Cucumber Tests-1] DEBUG - Save part 'xl/worksheets/sheet1.xml'
13:31:01.679 [TestNG-test=Cucumber Tests-3] DEBUG - Save core properties part
13:31:01.679 [TestNG-test=Cucumber Tests-3] DEBUG - Save content types part
13:31:01.683 [TestNG-test=Cucumber Tests-3] DEBUG - Save package relationships
13:31:01.690 [TestNG-test=Cucumber Tests-3] DEBUG - Save part 'docProps/app.xml'
13:31:01.691 [TestNG-test=Cucumber Tests-3] DEBUG - Save part 'docProps/core.xml'
13:31:01.697 [TestNG-test=Cucumber Tests-3] DEBUG - Save part 'xl/sharedStrings.xml'
13:31:01.698 [TestNG-test=Cucumber Tests-3] DEBUG - Save part 'xl/styles.xml'
13:31:01.698 [TestNG-test=Cucumber Tests-3] DEBUG - Save part 'xl/workbook.xml'
13:31:01.709 [TestNG-test=Cucumber Tests-3] DEBUG - Save part 'xl/worksheets/sheet1.xml'
13:31:01.714 [TestNG-test=Cucumber Tests-3] DEBUG - Save content types part
13:31:01.721 [TestNG-test=Cucumber Tests-3] DEBUG - Save package relationships
13:31:01.728 [TestNG-test=Cucumber Tests-3] DEBUG - Save part 'docProps/app.xml'
13:31:01.728 [TestNG-test=Cucumber Tests-3] DEBUG - Save part 'docProps/core.xml'
13:31:01.731 [TestNG-test=Cucumber Tests-3] DEBUG - Save part 'xl/sharedStrings.xml'
13:31:01.732 [TestNG-test=Cucumber Tests-3] DEBUG - Save part 'xl/styles.xml'
13:31:01.732 [TestNG-test=Cucumber Tests-3] DEBUG - Save part 'xl/workbook.xml'
13:31:01.742 [TestNG-test=Cucumber Tests-3] DEBUG - Save part 'xl/worksheets/sheet1.xml'
13:31:07.206 [TestNG-test=Cucumber Tests-2] DEBUG - Save core properties part
13:31:07.206 [TestNG-test=Cucumber Tests-2] DEBUG - Save content types part
13:31:07.209 [TestNG-test=Cucumber Tests-2] DEBUG - Save package relationships
13:31:07.211 [TestNG-test=Cucumber Tests-2] DEBUG - Save part 'docProps/app.xml'
13:31:07.211 [TestNG-test=Cucumber Tests-2] DEBUG - Save part 'docProps/core.xml'
13:31:07.213 [TestNG-test=Cucumber Tests-2] DEBUG - Save part 'xl/sharedStrings.xml'
13:31:07.214 [TestNG-test=Cucumber Tests-2] DEBUG - Save part 'xl/styles.xml'
13:31:07.214 [TestNG-test=Cucumber Tests-2] DEBUG - Save part 'xl/workbook.xml'
13:31:07.223 [TestNG-test=Cucumber Tests-2] DEBUG - Save part 'xl/worksheets/sheet1.xml'
13:31:07.225 [TestNG-test=Cucumber Tests-2] DEBUG - Save content types part
13:31:07.227 [TestNG-test=Cucumber Tests-2] DEBUG - Save package relationships
13:31:07.230 [TestNG-test=Cucumber Tests-2] DEBUG - Save part 'docProps/app.xml'
13:31:07.231 [TestNG-test=Cucumber Tests-2] DEBUG - Save part 'docProps/core.xml'
13:31:07.235 [TestNG-test=Cucumber Tests-2] DEBUG - Save part 'xl/sharedStrings.xml'
13:31:07.236 [TestNG-test=Cucumber Tests-2] DEBUG - Save part 'xl/styles.xml'
13:31:07.236 [TestNG-test=Cucumber Tests-2] DEBUG - Save part 'xl/workbook.xml'
13:31:07.239 [TestNG-test=Cucumber Tests-2] DEBUG - Save part 'xl/worksheets/sheet1.xml'
13:31:09.183 [TestNG-test=Cucumber Tests-4] DEBUG - Save core properties part
13:31:09.184 [TestNG-test=Cucumber Tests-4] DEBUG - Save content types part
13:31:09.187 [TestNG-test=Cucumber Tests-4] DEBUG - Save package relationships
13:31:09.189 [TestNG-test=Cucumber Tests-4] DEBUG - Save part 'docProps/app.xml'
13:31:09.190 [TestNG-test=Cucumber Tests-4] DEBUG - Save part 'docProps/core.xml'
13:31:09.193 [TestNG-test=Cucumber Tests-4] DEBUG - Save part 'xl/sharedStrings.xml'
13:31:09.194 [TestNG-test=Cucumber Tests-4] DEBUG - Save part 'xl/styles.xml'
13:31:09.195 [TestNG-test=Cucumber Tests-4] DEBUG - Save part 'xl/workbook.xml'
13:31:09.198 [TestNG-test=Cucumber Tests-4] DEBUG - Save part 'xl/worksheets/sheet1.xml'
13:31:09.200 [TestNG-test=Cucumber Tests-4] DEBUG - Save content types part
13:31:09.203 [TestNG-test=Cucumber Tests-4] DEBUG - Save package relationships
13:31:09.206 [TestNG-test=Cucumber Tests-4] DEBUG - Save part 'docProps/app.xml'
13:31:09.206 [TestNG-test=Cucumber Tests-4] DEBUG - Save part 'docProps/core.xml'
13:31:09.209 [TestNG-test=Cucumber Tests-4] DEBUG - Save part 'xl/sharedStrings.xml'
13:31:09.210 [TestNG-test=Cucumber Tests-4] DEBUG - Save part 'xl/styles.xml'
13:31:09.210 [TestNG-test=Cucumber Tests-4] DEBUG - Save part 'xl/workbook.xml'
13:31:09.213 [TestNG-test=Cucumber Tests-4] DEBUG - Save part 'xl/worksheets/sheet1.xml'
18:08:54.738 [TestNG-test-Cucumber Tests-1] INFO  - Browser initialized: chrome
18:08:55.564 [TestNG-test-Cucumber Tests-4] INFO  - Browser initialized: chrome
18:08:55.713 [TestNG-test-Cucumber Tests-3] INFO  - Browser initialized: chrome
18:08:57.641 [TestNG-test-Cucumber Tests-2] INFO  - Browser initialized: chrome
18:09:27.778 [TestNG-test-Cucumber Tests-2] INFO  - Navigated to URL: https://www.pepperfry.com
18:09:27.948 [TestNG-test-Cucumber Tests-1] INFO  - Navigated to URL: https://www.pepperfry.com
18:09:33.935 [TestNG-test-Cucumber Tests-4] INFO  - Navigated to URL: https://www.pepperfry.com
18:09:37.048 [TestNG-test-Cucumber Tests-3] INFO  - Navigated to URL: https://www.pepperfry.com
18:09:45.061 [TestNG-test-Cucumber Tests-3] DEBUG - Parsing relationship: /xl/_rels/workbook.xml.rels
18:09:45.066 [TestNG-test-Cucumber Tests-3] DEBUG - Parsing relationship: /_rels/.rels
18:09:45.846 [TestNG-test-Cucumber Tests-1] TRACE - Loading type system org.apache.poi.schemas.ooxml.system.ooxml
18:09:45.872 [TestNG-test-Cucumber Tests-1] TRACE - Loading type system org.apache.xmlbeans.metadata.system.sXMLCONFIG
18:09:45.893 [TestNG-test-Cucumber Tests-1] TRACE - Loading type system org.apache.xmlbeans.metadata.system.sXMLLANG
18:09:45.909 [TestNG-test-Cucumber Tests-1] TRACE - Loading type system org.apache.xmlbeans.metadata.system.sXMLSCHEMA
18:09:45.912 [TestNG-test-Cucumber Tests-1] TRACE - Loading type system org.apache.xmlbeans.metadata.system.sXMLTOOLS
18:09:45.923 [TestNG-test-Cucumber Tests-1] TRACE - Reading unresolved handles for type system org.apache.xmlbeans.metadata.system.sXMLTOOLS
18:09:46.007 [TestNG-test-Cucumber Tests-1] TRACE - Finished loading type system org.apache.xmlbeans.metadata.system.sXMLTOOLS
18:09:46.014 [TestNG-test-Cucumber Tests-1] TRACE - Reading unresolved handles for type system org.apache.xmlbeans.metadata.system.sXMLSCHEMA
18:09:46.035 [TestNG-test-Cucumber Tests-1] TRACE - Finished loading type system org.apache.xmlbeans.metadata.system.sXMLSCHEMA
18:09:46.039 [TestNG-test-Cucumber Tests-1] TRACE - Reading unresolved handles for type system org.apache.xmlbeans.metadata.system.sXMLLANG
18:09:46.042 [TestNG-test-Cucumber Tests-1] TRACE - Finished loading type system org.apache.xmlbeans.metadata.system.sXMLLANG
18:09:46.046 [TestNG-test-Cucumber Tests-1] TRACE - Reading unresolved handles for type system org.apache.xmlbeans.metadata.system.sXMLCONFIG
18:09:46.056 [TestNG-test-Cucumber Tests-1] TRACE - Finished loading type system org.apache.xmlbeans.metadata.system.sXMLCONFIG
18:09:46.063 [TestNG-test-Cucumber Tests-1] TRACE - Reading unresolved handles for type system org.apache.poi.schemas.ooxml.system.ooxml
18:09:46.322 [TestNG-test-Cucumber Tests-1] TRACE - Finished loading type system org.apache.poi.schemas.ooxml.system.ooxml
18:09:46.326 [TestNG-test-Cucumber Tests-3] TRACE - Resolving type for handle themefd26doctype
18:09:46.327 [TestNG-test-Cucumber Tests-1] TRACE - Resolving type for handle ctworkbook83c3type
18:09:46.566 [TestNG-test-Cucumber Tests-1] TRACE - Resolving type for handle ctworkbookpr03a5type
18:09:46.625 [TestNG-test-Cucumber Tests-3] TRACE - Resolving type for handle stylesheet5d8bdoctype
18:09:46.644 [TestNG-test-Cucumber Tests-3] TRACE - Resolving type for handle ctstylesheet4257type
18:09:46.657 [TestNG-test-Cucumber Tests-1] TRACE - Resolving type for handle ctbookviewsb864type
18:09:46.674 [TestNG-test-Cucumber Tests-3] TRACE - Resolving type for handle ctfonts6623type
18:09:46.692 [TestNG-test-Cucumber Tests-1] TRACE - Resolving type for handle ctbookviewf677type
18:09:46.702 [TestNG-test-Cucumber Tests-3] TRACE - Resolving type for handle ctfont14d8type
18:09:46.730 [TestNG-test-Cucumber Tests-3] TRACE - Resolving type for handle ctfills2c6ftype
18:09:46.758 [TestNG-test-Cucumber Tests-3] TRACE - Resolving type for handle ctfill550ctype
18:09:46.859 [TestNG-test-Cucumber Tests-3] TRACE - Resolving type for handle ctborders0d66type
18:09:46.906 [TestNG-test-Cucumber Tests-3] TRACE - Resolving type for handle ctborderf935type
18:09:46.923 [TestNG-test-Cucumber Tests-3] TRACE - Resolving type for handle ctcellxfs1322type
18:09:46.993 [TestNG-test-Cucumber Tests-3] TRACE - Resolving type for handle ctxf97f7type
18:09:47.002 [TestNG-test-Cucumber Tests-3] TRACE - Resolving type for handle ctcellstylexfsa81ftype
18:09:47.007 [TestNG-test-Cucumber Tests-1] TRACE - Resolving type for handle ctsheets49fdtype
18:09:47.009 [TestNG-test-Cucumber Tests-3] TRACE - Resolving type for handle ctdxfsb26atype
18:09:47.024 [TestNG-test-Cucumber Tests-3] TRACE - Resolving type for handle cttablestyles872ftype
18:09:47.025 [TestNG-test-Cucumber Tests-1] TRACE - Resolving type for handle propertiesee84doctype
18:09:47.038 [TestNG-test-Cucumber Tests-3] TRACE - Resolving type for handle sstf81fdoctype
18:09:47.047 [TestNG-test-Cucumber Tests-1] TRACE - Resolving type for handle ctproperties3f10type
18:09:47.054 [TestNG-test-Cucumber Tests-3] TRACE - Resolving type for handle ctsst44f3type
18:09:47.076 [TestNG-test-Cucumber Tests-1] TRACE - Resolving type for handle properties288cdoctype
18:09:47.086 [TestNG-test-Cucumber Tests-1] TRACE - Resolving type for handle ctproperties2c18type
18:09:47.087 [TestNG-test-Cucumber Tests-3] TRACE - Resolving type for handle ctrsta472type
18:09:47.111 [TestNG-test-Cucumber Tests-1] TRACE - Resolving type for handle ctfontsizeb3b9type
18:09:47.127 [TestNG-test-Cucumber Tests-1] TRACE - Resolving type for handle ctcolord2c2type
18:09:47.138 [TestNG-test-Cucumber Tests-1] TRACE - Resolving type for handle ctfontname2dc3type
18:09:47.146 [TestNG-test-Cucumber Tests-1] TRACE - Resolving type for handle stxstringf179type
18:09:47.161 [TestNG-test-Cucumber Tests-1] TRACE - Resolving type for handle ctfontfamily685ctype
18:09:47.172 [TestNG-test-Cucumber Tests-1] TRACE - Resolving type for handle stfontfamily9c6ctype
18:09:47.196 [TestNG-test-Cucumber Tests-3] TRACE - Resolving type for handle workbookec17doctype
18:09:47.230 [TestNG-test-Cucumber Tests-3] TRACE - Resolving type for handle ctsheet4dbetype
18:09:47.245 [TestNG-test-Cucumber Tests-1] TRACE - Resolving type for handle ctfontschemebf5dtype
18:09:47.246 [TestNG-test-Cucumber Tests-3] TRACE - Resolving type for handle strelationshipid1e94type
18:09:47.257 [TestNG-test-Cucumber Tests-3] TRACE - Resolving type for handle worksheetf539doctype
18:09:47.260 [TestNG-test-Cucumber Tests-1] TRACE - Resolving type for handle stfontschemef36dtype
18:09:47.276 [TestNG-test-Cucumber Tests-3] TRACE - Resolving type for handle ctworksheet530dtype
18:09:47.280 [TestNG-test-Cucumber Tests-1] TRACE - Resolving type for handle ctpatternfill7452type
18:09:47.295 [TestNG-test-Cucumber Tests-3] TRACE - Resolving type for handle ctsheetdata8408type
18:09:47.308 [TestNG-test-Cucumber Tests-3] TRACE - Resolving type for handle ctrowdd39type
18:09:47.312 [TestNG-test-Cucumber Tests-1] TRACE - Resolving type for handle stpatterntype7939type
18:09:47.323 [TestNG-test-Cucumber Tests-1] TRACE - Resolving type for handle ctborderpre497type
18:09:47.327 [TestNG-test-Cucumber Tests-3] TRACE - Resolving type for handle ctcell842btype
18:09:47.337 [TestNG-test-Cucumber Tests-1] TRACE - Resolving type for handle stnumfmtid76fbtype
18:09:47.354 [TestNG-test-Cucumber Tests-1] TRACE - Resolving type for handle stfontid9d63type
18:09:47.367 [TestNG-test-Cucumber Tests-1] TRACE - Resolving type for handle stfillida097type
18:09:47.378 [TestNG-test-Cucumber Tests-3] TRACE - Resolving type for handle stcellrefe4e0type
18:09:47.380 [TestNG-test-Cucumber Tests-1] TRACE - Resolving type for handle stborderid1a80type
18:09:47.396 [TestNG-test-Cucumber Tests-1] TRACE - Resolving type for handle stcellstylexfid70c7type
18:09:47.439 [TestNG-test-Cucumber Tests-3] TRACE - Resolving type for handle ctcols627ctype
18:09:47.459 [TestNG-test-Cucumber Tests-1] TRACE - Resolving type for handle ctsheetformatprdef7type
18:09:47.467 [TestNG-test-Cucumber Tests-3] TRACE - Resolving type for handle ctcola95ftype
18:09:47.513 [TestNG-test-Cucumber Tests-1] TRACE - Resolving type for handle ctsheetviewsb918type
18:09:47.550 [TestNG-test-Cucumber Tests-1] TRACE - Resolving type for handle ctsheetview0f43type
18:09:47.570 [TestNG-test-Cucumber Tests-3] TRACE - Resolving type for handle stcelltypebf95type
18:09:47.575 [TestNG-test-Cucumber Tests-1] TRACE - Resolving type for handle ctsheetdimensiond310type
18:09:47.581 [TestNG-test-Cucumber Tests-1] TRACE - Resolving type for handle stref90a2type
18:09:47.591 [TestNG-test-Cucumber Tests-1] TRACE - Resolving type for handle ctpagemargins5455type
18:09:47.690 [TestNG-test-Cucumber Tests-1] TRACE - Resolving type for handle ctnumfmtsb58btype
18:09:47.771 [TestNG-test-Cucumber Tests-1] DEBUG - Save core properties part
18:09:47.773 [TestNG-test-Cucumber Tests-1] DEBUG - Save content types part
18:09:48.183 [TestNG-test-Cucumber Tests-1] DEBUG - Save package relationships
18:09:48.207 [TestNG-test-Cucumber Tests-1] DEBUG - Save part 'docProps/app.xml'
18:09:48.209 [TestNG-test-Cucumber Tests-1] DEBUG - Save part 'docProps/core.xml'
18:09:48.221 [TestNG-test-Cucumber Tests-1] DEBUG - Save part 'xl/sharedStrings.xml'
18:09:48.222 [TestNG-test-Cucumber Tests-1] DEBUG - Save part 'xl/styles.xml'
18:09:48.223 [TestNG-test-Cucumber Tests-1] DEBUG - Save part 'xl/workbook.xml'
18:09:48.250 [TestNG-test-Cucumber Tests-1] DEBUG - Save part 'xl/worksheets/sheet1.xml'
18:09:48.258 [TestNG-test-Cucumber Tests-1] DEBUG - Save content types part
18:09:48.263 [TestNG-test-Cucumber Tests-1] DEBUG - Save package relationships
18:09:48.271 [TestNG-test-Cucumber Tests-1] DEBUG - Save part 'docProps/app.xml'
18:09:48.272 [TestNG-test-Cucumber Tests-1] DEBUG - Save part 'docProps/core.xml'
18:09:48.278 [TestNG-test-Cucumber Tests-1] DEBUG - Save part 'xl/sharedStrings.xml'
18:09:48.279 [TestNG-test-Cucumber Tests-1] DEBUG - Save part 'xl/styles.xml'
18:09:48.279 [TestNG-test-Cucumber Tests-1] DEBUG - Save part 'xl/workbook.xml'
18:09:48.291 [TestNG-test-Cucumber Tests-1] DEBUG - Save part 'xl/worksheets/sheet1.xml'
18:09:54.260 [TestNG-test-Cucumber Tests-3] DEBUG - Save core properties part
18:09:54.262 [TestNG-test-Cucumber Tests-3] DEBUG - Save content types part
18:09:54.268 [TestNG-test-Cucumber Tests-3] DEBUG - Save package relationships
18:09:54.272 [TestNG-test-Cucumber Tests-3] DEBUG - Save part 'docProps/app.xml'
18:09:54.272 [TestNG-test-Cucumber Tests-3] DEBUG - Save part 'docProps/core.xml'
18:09:54.278 [TestNG-test-Cucumber Tests-3] DEBUG - Save part 'xl/sharedStrings.xml'
18:09:54.281 [TestNG-test-Cucumber Tests-3] DEBUG - Save part 'xl/styles.xml'
18:09:54.282 [TestNG-test-Cucumber Tests-3] DEBUG - Save part 'xl/workbook.xml'
18:09:54.287 [TestNG-test-Cucumber Tests-3] DEBUG - Save part 'xl/worksheets/sheet1.xml'
18:09:54.290 [TestNG-test-Cucumber Tests-3] DEBUG - Save content types part
18:09:54.301 [TestNG-test-Cucumber Tests-3] DEBUG - Save package relationships
18:09:54.305 [TestNG-test-Cucumber Tests-3] DEBUG - Save part 'docProps/app.xml'
18:09:54.306 [TestNG-test-Cucumber Tests-3] DEBUG - Save part 'docProps/core.xml'
18:09:54.314 [TestNG-test-Cucumber Tests-3] DEBUG - Save part 'xl/sharedStrings.xml'
18:09:54.315 [TestNG-test-Cucumber Tests-3] DEBUG - Save part 'xl/styles.xml'
18:09:54.316 [TestNG-test-Cucumber Tests-3] DEBUG - Save part 'xl/workbook.xml'
18:09:54.324 [TestNG-test-Cucumber Tests-3] DEBUG - Save part 'xl/worksheets/sheet1.xml'
18:09:59.416 [TestNG-test-Cucumber Tests-2] DEBUG - Save core properties part
18:09:59.417 [TestNG-test-Cucumber Tests-2] DEBUG - Save content types part
18:09:59.428 [TestNG-test-Cucumber Tests-2] DEBUG - Save package relationships
18:09:59.432 [TestNG-test-Cucumber Tests-2] DEBUG - Save part 'docProps/app.xml'
18:09:59.433 [TestNG-test-Cucumber Tests-2] DEBUG - Save part 'docProps/core.xml'
18:09:59.440 [TestNG-test-Cucumber Tests-2] DEBUG - Save part 'xl/sharedStrings.xml'
18:09:59.441 [TestNG-test-Cucumber Tests-2] DEBUG - Save part 'xl/styles.xml'
18:09:59.441 [TestNG-test-Cucumber Tests-2] DEBUG - Save part 'xl/workbook.xml'
18:09:59.448 [TestNG-test-Cucumber Tests-2] DEBUG - Save part 'xl/worksheets/sheet1.xml'
18:09:59.453 [TestNG-test-Cucumber Tests-2] DEBUG - Save content types part
18:09:59.468 [TestNG-test-Cucumber Tests-2] DEBUG - Save package relationships
18:09:59.482 [TestNG-test-Cucumber Tests-2] DEBUG - Save part 'docProps/app.xml'
18:09:59.484 [TestNG-test-Cucumber Tests-2] DEBUG - Save part 'docProps/core.xml'
18:09:59.490 [TestNG-test-Cucumber Tests-2] DEBUG - Save part 'xl/sharedStrings.xml'
18:09:59.491 [TestNG-test-Cucumber Tests-2] DEBUG - Save part 'xl/styles.xml'
18:09:59.492 [TestNG-test-Cucumber Tests-2] DEBUG - Save part 'xl/workbook.xml'
18:09:59.497 [TestNG-test-Cucumber Tests-2] DEBUG - Save part 'xl/worksheets/sheet1.xml'
18:10:06.603 [TestNG-test-Cucumber Tests-4] DEBUG - Save core properties part
18:10:06.604 [TestNG-test-Cucumber Tests-4] DEBUG - Save content types part
18:10:06.608 [TestNG-test-Cucumber Tests-4] DEBUG - Save package relationships
18:10:06.612 [TestNG-test-Cucumber Tests-4] DEBUG - Save part 'docProps/app.xml'
18:10:06.613 [TestNG-test-Cucumber Tests-4] DEBUG - Save part 'docProps/core.xml'
18:10:06.619 [TestNG-test-Cucumber Tests-4] DEBUG - Save part 'xl/sharedStrings.xml'
18:10:06.620 [TestNG-test-Cucumber Tests-4] DEBUG - Save part 'xl/styles.xml'
18:10:06.621 [TestNG-test-Cucumber Tests-4] DEBUG - Save part 'xl/workbook.xml'
18:10:06.624 [TestNG-test-Cucumber Tests-4] DEBUG - Save part 'xl/worksheets/sheet1.xml'
18:10:06.627 [TestNG-test-Cucumber Tests-4] DEBUG - Save content types part
18:10:06.630 [TestNG-test-Cucumber Tests-4] DEBUG - Save package relationships
18:10:06.633 [TestNG-test-Cucumber Tests-4] DEBUG - Save part 'docProps/app.xml'
18:10:06.634 [TestNG-test-Cucumber Tests-4] DEBUG - Save part 'docProps/core.xml'
18:10:06.639 [TestNG-test-Cucumber Tests-4] DEBUG - Save part 'xl/sharedStrings.xml'
18:10:06.640 [TestNG-test-Cucumber Tests-4] DEBUG - Save part 'xl/styles.xml'
18:10:06.641 [TestNG-test-Cucumber Tests-4] DEBUG - Save part 'xl/workbook.xml'
18:10:06.645 [TestNG-test-Cucumber Tests-4] DEBUG - Save part 'xl/worksheets/sheet1.xml'
20:13:05.947 [TestNG-test=Cucumber Tests-2] INFO  - Browser initialized: chrome
20:13:10.096 [TestNG-test=Cucumber Tests-2] INFO  - Navigated to URL: https://www.pepperfry.com
20:13:16.021 [TestNG-test=Cucumber Tests-2] TRACE - Loading type system org.apache.poi.schemas.ooxml.system.ooxml
20:13:16.025 [TestNG-test=Cucumber Tests-2] TRACE - Loading type system org.apache.xmlbeans.metadata.system.sXMLCONFIG
20:13:16.026 [TestNG-test=Cucumber Tests-2] TRACE - Loading type system org.apache.xmlbeans.metadata.system.sXMLLANG
20:13:16.027 [TestNG-test=Cucumber Tests-2] TRACE - Loading type system org.apache.xmlbeans.metadata.system.sXMLSCHEMA
20:13:16.028 [TestNG-test=Cucumber Tests-2] TRACE - Loading type system org.apache.xmlbeans.metadata.system.sXMLTOOLS
20:13:16.030 [TestNG-test=Cucumber Tests-2] TRACE - Reading unresolved handles for type system org.apache.xmlbeans.metadata.system.sXMLTOOLS
20:13:16.060 [TestNG-test=Cucumber Tests-2] TRACE - Finished loading type system org.apache.xmlbeans.metadata.system.sXMLTOOLS
20:13:16.062 [TestNG-test=Cucumber Tests-2] TRACE - Reading unresolved handles for type system org.apache.xmlbeans.metadata.system.sXMLSCHEMA
20:13:16.075 [TestNG-test=Cucumber Tests-2] TRACE - Finished loading type system org.apache.xmlbeans.metadata.system.sXMLSCHEMA
20:13:16.076 [TestNG-test=Cucumber Tests-2] TRACE - Reading unresolved handles for type system org.apache.xmlbeans.metadata.system.sXMLLANG
20:13:16.077 [TestNG-test=Cucumber Tests-2] TRACE - Finished loading type system org.apache.xmlbeans.metadata.system.sXMLLANG
20:13:16.079 [TestNG-test=Cucumber Tests-2] TRACE - Reading unresolved handles for type system org.apache.xmlbeans.metadata.system.sXMLCONFIG
20:13:16.080 [TestNG-test=Cucumber Tests-2] TRACE - Finished loading type system org.apache.xmlbeans.metadata.system.sXMLCONFIG
20:13:16.084 [TestNG-test=Cucumber Tests-2] TRACE - Reading unresolved handles for type system org.apache.poi.schemas.ooxml.system.ooxml
20:13:16.203 [TestNG-test=Cucumber Tests-2] TRACE - Finished loading type system org.apache.poi.schemas.ooxml.system.ooxml
20:13:16.207 [TestNG-test=Cucumber Tests-2] TRACE - Resolving type for handle ctworkbook83c3type
20:13:16.346 [TestNG-test=Cucumber Tests-2] TRACE - Resolving type for handle ctworkbookpr03a5type
20:13:16.375 [TestNG-test=Cucumber Tests-2] TRACE - Resolving type for handle ctbookviewsb864type
20:13:16.383 [TestNG-test=Cucumber Tests-2] TRACE - Resolving type for handle ctbookviewf677type
20:13:16.404 [TestNG-test=Cucumber Tests-2] TRACE - Resolving type for handle ctsheets49fdtype
20:13:16.410 [TestNG-test=Cucumber Tests-2] TRACE - Resolving type for handle propertiesee84doctype
20:13:16.413 [TestNG-test=Cucumber Tests-2] TRACE - Resolving type for handle ctproperties3f10type
20:13:16.423 [TestNG-test=Cucumber Tests-2] TRACE - Resolving type for handle properties288cdoctype
20:13:16.427 [TestNG-test=Cucumber Tests-2] TRACE - Resolving type for handle ctproperties2c18type
20:13:16.438 [TestNG-test=Cucumber Tests-2] TRACE - Resolving type for handle sstf81fdoctype
20:13:16.442 [TestNG-test=Cucumber Tests-2] TRACE - Resolving type for handle ctsst44f3type
20:13:16.455 [TestNG-test=Cucumber Tests-2] TRACE - Resolving type for handle stylesheet5d8bdoctype
20:13:16.459 [TestNG-test=Cucumber Tests-2] TRACE - Resolving type for handle ctstylesheet4257type
20:13:16.468 [TestNG-test=Cucumber Tests-2] TRACE - Resolving type for handle ctfont14d8type
20:13:16.478 [TestNG-test=Cucumber Tests-2] TRACE - Resolving type for handle ctfontsizeb3b9type
20:13:16.487 [TestNG-test=Cucumber Tests-2] TRACE - Resolving type for handle ctcolord2c2type
20:13:16.491 [TestNG-test=Cucumber Tests-2] TRACE - Resolving type for handle ctfontname2dc3type
20:13:16.493 [TestNG-test=Cucumber Tests-2] TRACE - Resolving type for handle stxstringf179type
20:13:16.499 [TestNG-test=Cucumber Tests-2] TRACE - Resolving type for handle ctfontfamily685ctype
20:13:16.503 [TestNG-test=Cucumber Tests-2] TRACE - Resolving type for handle stfontfamily9c6ctype
20:13:16.509 [TestNG-test=Cucumber Tests-2] TRACE - Resolving type for handle ctfontschemebf5dtype
20:13:16.516 [TestNG-test=Cucumber Tests-2] TRACE - Resolving type for handle stfontschemef36dtype
20:13:16.523 [TestNG-test=Cucumber Tests-2] TRACE - Resolving type for handle ctfill550ctype
20:13:16.526 [TestNG-test=Cucumber Tests-2] TRACE - Resolving type for handle ctpatternfill7452type
20:13:16.531 [TestNG-test=Cucumber Tests-2] TRACE - Resolving type for handle stpatterntype7939type
20:13:16.538 [TestNG-test=Cucumber Tests-2] TRACE - Resolving type for handle ctborderf935type
20:13:16.542 [TestNG-test=Cucumber Tests-2] TRACE - Resolving type for handle ctborderpre497type
20:13:16.550 [TestNG-test=Cucumber Tests-2] TRACE - Resolving type for handle ctxf97f7type
20:13:16.556 [TestNG-test=Cucumber Tests-2] TRACE - Resolving type for handle stnumfmtid76fbtype
20:13:16.559 [TestNG-test=Cucumber Tests-2] TRACE - Resolving type for handle stfontid9d63type
20:13:16.562 [TestNG-test=Cucumber Tests-2] TRACE - Resolving type for handle stfillida097type
20:13:16.567 [TestNG-test=Cucumber Tests-2] TRACE - Resolving type for handle stborderid1a80type
20:13:16.569 [TestNG-test=Cucumber Tests-2] TRACE - Resolving type for handle stcellstylexfid70c7type
20:13:16.578 [TestNG-test=Cucumber Tests-2] TRACE - Resolving type for handle ctsheet4dbetype
20:13:16.591 [TestNG-test=Cucumber Tests-2] TRACE - Resolving type for handle ctworksheet530dtype
20:13:16.602 [TestNG-test=Cucumber Tests-2] TRACE - Resolving type for handle ctsheetformatprdef7type
