19:10:14.679 [TestNG-test-Cucumber Tests-1] TRACE - Resolving type for handle ctproperties2c18type
19:10:14.685 [TestNG-test-Cucumber Tests-3] TRACE - Resolving type for handle ctxf97f7type
19:10:14.703 [TestNG-test-Cucumber Tests-3] TRACE - Resolving type for handle ctcellstylexfsa81ftype
19:10:14.709 [TestNG-test-Cucumber Tests-3] TRACE - Resolving type for handle ctdxfsb26atype
19:10:14.713 [TestNG-test-Cucumber Tests-1] TRACE - Resolving type for handle sstf81fdoctype
19:10:14.715 [TestNG-test-Cucumber Tests-3] TRACE - Resolving type for handle cttablestyles872ftype
19:10:14.716 [TestNG-test-Cucumber Tests-1] TRACE - Resolving type for handle ctsst44f3type
19:10:14.723 [TestNG-test-Cucumber Tests-1] TRACE - Resolving type for handle ctfontsizeb3b9type
19:10:14.729 [TestNG-test-Cucumber Tests-1] TRACE - Resolving type for handle ctcolord2c2type
19:10:14.738 [TestNG-test-Cucumber Tests-1] TRACE - Resolving type for handle ctfontname2dc3type
19:10:14.740 [TestNG-test-Cucumber Tests-3] TRACE - Resolving type for handle ctrsta472type
19:10:14.743 [TestNG-test-Cucumber Tests-1] TRACE - Resolving type for handle stxstringf179type
19:10:14.749 [TestNG-test-Cucumber Tests-1] TRACE - Resolving type for handle ctfontfamily685ctype
19:10:14.753 [TestNG-test-Cucumber Tests-1] TRACE - Resolving type for handle stfontfamily9c6ctype
19:10:14.761 [TestNG-test-Cucumber Tests-1] TRACE - Resolving type for handle ctfontschemebf5dtype
19:10:14.766 [TestNG-test-Cucumber Tests-1] TRACE - Resolving type for handle stfontschemef36dtype
19:10:14.776 [TestNG-test-Cucumber Tests-1] TRACE - Resolving type for handle ctpatternfill7452type
19:10:14.781 [TestNG-test-Cucumber Tests-3] TRACE - Resolving type for handle workbookec17doctype
19:10:14.784 [TestNG-test-Cucumber Tests-1] TRACE - Resolving type for handle stpatterntype7939type
19:10:14.790 [TestNG-test-Cucumber Tests-1] TRACE - Resolving type for handle ctborderpre497type
19:10:14.792 [TestNG-test-Cucumber Tests-3] TRACE - Resolving type for handle ctsheet4dbetype
19:10:14.796 [TestNG-test-Cucumber Tests-1] TRACE - Resolving type for handle stnumfmtid76fbtype
19:10:14.797 [TestNG-test-Cucumber Tests-3] TRACE - Resolving type for handle strelationshipid1e94type
19:10:14.800 [TestNG-test-Cucumber Tests-1] TRACE - Resolving type for handle stfontid9d63type
19:10:14.800 [TestNG-test-Cucumber Tests-3] TRACE - Resolving type for handle worksheetf539doctype
19:10:14.808 [TestNG-test-Cucumber Tests-1] TRACE - Resolving type for handle stfillida097type
19:10:14.813 [TestNG-test-Cucumber Tests-3] TRACE - Resolving type for handle ctworksheet530dtype
19:10:14.813 [TestNG-test-Cucumber Tests-1] TRACE - Resolving type for handle stborderid1a80type
19:10:14.817 [TestNG-test-Cucumber Tests-1] TRACE - Resolving type for handle stcellstylexfid70c7type
19:10:14.825 [TestNG-test-Cucumber Tests-3] TRACE - Resolving type for handle ctsheetdata8408type
19:10:14.834 [TestNG-test-Cucumber Tests-3] TRACE - Resolving type for handle ctrowdd39type
19:10:14.837 [TestNG-test-Cucumber Tests-1] TRACE - Resolving type for handle ctsheetformatprdef7type
19:10:14.846 [TestNG-test-Cucumber Tests-3] TRACE - Resolving type for handle ctcell842btype
19:10:14.849 [TestNG-test-Cucumber Tests-1] TRACE - Resolving type for handle ctsheetviewsb918type
19:10:14.859 [TestNG-test-Cucumber Tests-1] TRACE - Resolving type for handle ctsheetview0f43type
19:10:14.866 [TestNG-test-Cucumber Tests-3] TRACE - Resolving type for handle stcellrefe4e0type
19:10:14.879 [TestNG-test-Cucumber Tests-1] TRACE - Resolving type for handle ctsheetdimensiond310type
19:10:14.883 [TestNG-test-Cucumber Tests-1] TRACE - Resolving type for handle stref90a2type
19:10:14.884 [TestNG-test-Cucumber Tests-3] TRACE - Resolving type for handle ctcols627ctype
19:10:14.888 [TestNG-test-Cucumber Tests-1] TRACE - Resolving type for handle ctpagemargins5455type
19:10:14.899 [TestNG-test-Cucumber Tests-3] TRACE - Resolving type for handle ctcola95ftype
19:10:14.915 [TestNG-test-Cucumber Tests-1] TRACE - Resolving type for handle stcelltypebf95type
19:10:14.978 [TestNG-test-Cucumber Tests-1] TRACE - Resolving type for handle ctnumfmtsb58btype
19:10:15.015 [TestNG-test-Cucumber Tests-1] DEBUG - Save core properties part
19:10:15.016 [TestNG-test-Cucumber Tests-1] DEBUG - Save content types part
19:10:15.189 [TestNG-test-Cucumber Tests-1] DEBUG - Save package relationships
19:10:15.197 [TestNG-test-Cucumber Tests-1] DEBUG - Save part 'docProps/app.xml'
19:10:15.198 [TestNG-test-Cucumber Tests-1] DEBUG - Save part 'docProps/core.xml'
19:10:15.210 [TestNG-test-Cucumber Tests-1] DEBUG - Save part 'xl/sharedStrings.xml'
19:10:15.211 [TestNG-test-Cucumber Tests-1] DEBUG - Save part 'xl/styles.xml'
19:10:15.212 [TestNG-test-Cucumber Tests-1] DEBUG - Save part 'xl/workbook.xml'
19:10:15.217 [TestNG-test-Cucumber Tests-1] DEBUG - Save part 'xl/worksheets/sheet1.xml'
19:10:15.221 [TestNG-test-Cucumber Tests-1] DEBUG - Save content types part
19:10:15.225 [TestNG-test-Cucumber Tests-1] DEBUG - Save package relationships
19:10:15.230 [TestNG-test-Cucumber Tests-1] DEBUG - Save part 'docProps/app.xml'
19:10:15.231 [TestNG-test-Cucumber Tests-1] DEBUG - Save part 'docProps/core.xml'
19:10:15.233 [TestNG-test-Cucumber Tests-1] DEBUG - Save part 'xl/sharedStrings.xml'
19:10:15.234 [TestNG-test-Cucumber Tests-1] DEBUG - Save part 'xl/styles.xml'
19:10:15.234 [TestNG-test-Cucumber Tests-1] DEBUG - Save part 'xl/workbook.xml'
19:10:15.240 [TestNG-test-Cucumber Tests-1] DEBUG - Save part 'xl/worksheets/sheet1.xml'
19:10:18.031 [TestNG-test-Cucumber Tests-3] DEBUG - Save core properties part
19:10:18.031 [TestNG-test-Cucumber Tests-3] DEBUG - Save content types part
19:10:18.037 [TestNG-test-Cucumber Tests-3] DEBUG - Save package relationships
19:10:18.040 [TestNG-test-Cucumber Tests-3] DEBUG - Save part 'docProps/app.xml'
19:10:18.042 [TestNG-test-Cucumber Tests-3] DEBUG - Save part 'docProps/core.xml'
19:10:18.045 [TestNG-test-Cucumber Tests-3] DEBUG - Save part 'xl/sharedStrings.xml'
19:10:18.048 [TestNG-test-Cucumber Tests-3] DEBUG - Save part 'xl/styles.xml'
19:10:18.048 [TestNG-test-Cucumber Tests-3] DEBUG - Save part 'xl/workbook.xml'
19:10:18.057 [TestNG-test-Cucumber Tests-3] DEBUG - Save part 'xl/worksheets/sheet1.xml'
19:10:18.067 [TestNG-test-Cucumber Tests-3] DEBUG - Save content types part
19:10:18.083 [TestNG-test-Cucumber Tests-3] DEBUG - Save package relationships
19:10:18.090 [TestNG-test-Cucumber Tests-3] DEBUG - Save part 'docProps/app.xml'
19:10:18.092 [TestNG-test-Cucumber Tests-3] DEBUG - Save part 'docProps/core.xml'
19:10:18.096 [TestNG-test-Cucumber Tests-3] DEBUG - Save part 'xl/sharedStrings.xml'
19:10:18.097 [TestNG-test-Cucumber Tests-3] DEBUG - Save part 'xl/styles.xml'
19:10:18.098 [TestNG-test-Cucumber Tests-3] DEBUG - Save part 'xl/workbook.xml'
19:10:18.102 [TestNG-test-Cucumber Tests-3] DEBUG - Save part 'xl/worksheets/sheet1.xml'
19:10:25.750 [TestNG-test-Cucumber Tests-4] DEBUG - Save core properties part
19:10:25.750 [TestNG-test-Cucumber Tests-4] DEBUG - Save content types part
19:10:25.755 [TestNG-test-Cucumber Tests-4] DEBUG - Save package relationships
19:10:25.759 [TestNG-test-Cucumber Tests-4] DEBUG - Save part 'docProps/app.xml'
19:10:25.759 [TestNG-test-Cucumber Tests-4] DEBUG - Save part 'docProps/core.xml'
19:10:25.766 [TestNG-test-Cucumber Tests-4] DEBUG - Save part 'xl/sharedStrings.xml'
19:10:25.768 [TestNG-test-Cucumber Tests-4] DEBUG - Save part 'xl/styles.xml'
19:10:25.769 [TestNG-test-Cucumber Tests-4] DEBUG - Save part 'xl/workbook.xml'
19:10:25.776 [TestNG-test-Cucumber Tests-4] DEBUG - Save part 'xl/worksheets/sheet1.xml'
19:10:25.779 [TestNG-test-Cucumber Tests-4] DEBUG - Save content types part
19:10:25.786 [TestNG-test-Cucumber Tests-4] DEBUG - Save package relationships
19:10:25.792 [TestNG-test-Cucumber Tests-4] DEBUG - Save part 'docProps/app.xml'
19:10:25.794 [TestNG-test-Cucumber Tests-4] DEBUG - Save part 'docProps/core.xml'
19:10:25.802 [TestNG-test-Cucumber Tests-4] DEBUG - Save part 'xl/sharedStrings.xml'
19:10:25.804 [TestNG-test-Cucumber Tests-4] DEBUG - Save part 'xl/styles.xml'
19:10:25.806 [TestNG-test-Cucumber Tests-4] DEBUG - Save part 'xl/workbook.xml'
19:10:25.812 [TestNG-test-Cucumber Tests-4] DEBUG - Save part 'xl/worksheets/sheet1.xml'
19:10:32.958 [TestNG-test-Cucumber Tests-2] DEBUG - Save core properties part
19:10:32.958 [TestNG-test-Cucumber Tests-2] DEBUG - Save content types part
19:10:32.961 [TestNG-test-Cucumber Tests-2] DEBUG - Save package relationships
19:10:32.963 [TestNG-test-Cucumber Tests-2] DEBUG - Save part 'docProps/app.xml'
19:10:32.965 [TestNG-test-Cucumber Tests-2] DEBUG - Save part 'docProps/core.xml'
19:10:32.967 [TestNG-test-Cucumber Tests-2] DEBUG - Save part 'xl/sharedStrings.xml'
19:10:32.967 [TestNG-test-Cucumber Tests-2] DEBUG - Save part 'xl/styles.xml'
19:10:32.968 [TestNG-test-Cucumber Tests-2] DEBUG - Save part 'xl/workbook.xml'
19:10:32.970 [TestNG-test-Cucumber Tests-2] DEBUG - Save part 'xl/worksheets/sheet1.xml'
19:10:32.971 [TestNG-test-Cucumber Tests-2] DEBUG - Save content types part
19:10:32.972 [TestNG-test-Cucumber Tests-2] DEBUG - Save package relationships
19:10:32.974 [TestNG-test-Cucumber Tests-2] DEBUG - Save part 'docProps/app.xml'
19:10:32.974 [TestNG-test-Cucumber Tests-2] DEBUG - Save part 'docProps/core.xml'
19:10:32.977 [TestNG-test-Cucumber Tests-2] DEBUG - Save part 'xl/sharedStrings.xml'
19:10:32.978 [TestNG-test-Cucumber Tests-2] DEBUG - Save part 'xl/styles.xml'
19:10:32.978 [TestNG-test-Cucumber Tests-2] DEBUG - Save part 'xl/workbook.xml'
19:10:32.980 [TestNG-test-Cucumber Tests-2] DEBUG - Save part 'xl/worksheets/sheet1.xml'
19:42:31.483 [TestNG-test=Cucumber Tests-1] TRACE - Loading type system org.apache.poi.schemas.ooxml.system.ooxml
19:42:31.487 [TestNG-test=Cucumber Tests-1] TRACE - Loading type system org.apache.xmlbeans.metadata.system.sXMLCONFIG
19:42:31.487 [TestNG-test=Cucumber Tests-1] TRACE - Loading type system org.apache.xmlbeans.metadata.system.sXMLLANG
19:42:31.487 [TestNG-test=Cucumber Tests-1] TRACE - Loading type system org.apache.xmlbeans.metadata.system.sXMLSCHEMA
19:42:31.488 [TestNG-test=Cucumber Tests-1] TRACE - Loading type system org.apache.xmlbeans.metadata.system.sXMLTOOLS
19:42:31.489 [TestNG-test=Cucumber Tests-1] TRACE - Reading unresolved handles for type system org.apache.xmlbeans.metadata.system.sXMLTOOLS
19:42:31.507 [TestNG-test=Cucumber Tests-1] TRACE - Finished loading type system org.apache.xmlbeans.metadata.system.sXMLTOOLS
19:42:31.509 [TestNG-test=Cucumber Tests-1] TRACE - Reading unresolved handles for type system org.apache.xmlbeans.metadata.system.sXMLSCHEMA
19:42:31.515 [TestNG-test=Cucumber Tests-1] TRACE - Finished loading type system org.apache.xmlbeans.metadata.system.sXMLSCHEMA
19:42:31.516 [TestNG-test=Cucumber Tests-1] TRACE - Reading unresolved handles for type system org.apache.xmlbeans.metadata.system.sXMLLANG
19:42:31.517 [TestNG-test=Cucumber Tests-1] TRACE - Finished loading type system org.apache.xmlbeans.metadata.system.sXMLLANG
19:42:31.518 [TestNG-test=Cucumber Tests-1] TRACE - Reading unresolved handles for type system org.apache.xmlbeans.metadata.system.sXMLCONFIG
19:42:31.518 [TestNG-test=Cucumber Tests-1] TRACE - Finished loading type system org.apache.xmlbeans.metadata.system.sXMLCONFIG
19:42:31.519 [TestNG-test=Cucumber Tests-1] TRACE - Reading unresolved handles for type system org.apache.poi.schemas.ooxml.system.ooxml
19:42:31.560 [TestNG-test=Cucumber Tests-1] TRACE - Finished loading type system org.apache.poi.schemas.ooxml.system.ooxml
19:42:31.560 [TestNG-test=Cucumber Tests-1] TRACE - Resolving type for handle ctworkbook83c3type
19:42:31.595 [TestNG-test=Cucumber Tests-1] TRACE - Resolving type for handle ctworkbookpr03a5type
19:42:31.601 [TestNG-test=Cucumber Tests-1] TRACE - Resolving type for handle ctbookviewsb864type
19:42:31.602 [TestNG-test=Cucumber Tests-1] TRACE - Resolving type for handle ctbookviewf677type
19:42:31.606 [TestNG-test=Cucumber Tests-1] TRACE - Resolving type for handle ctsheets49fdtype
19:42:31.610 [TestNG-test=Cucumber Tests-1] TRACE - Resolving type for handle propertiesee84doctype
19:42:31.611 [TestNG-test=Cucumber Tests-1] TRACE - Resolving type for handle ctproperties3f10type
19:42:31.618 [TestNG-test=Cucumber Tests-1] TRACE - Resolving type for handle properties288cdoctype
19:42:31.619 [TestNG-test=Cucumber Tests-1] TRACE - Resolving type for handle ctproperties2c18type
19:42:31.627 [TestNG-test=Cucumber Tests-1] TRACE - Resolving type for handle sstf81fdoctype
19:42:31.628 [TestNG-test=Cucumber Tests-1] TRACE - Resolving type for handle ctsst44f3type
19:42:31.633 [TestNG-test=Cucumber Tests-1] TRACE - Resolving type for handle stylesheet5d8bdoctype
19:42:31.634 [TestNG-test=Cucumber Tests-1] TRACE - Resolving type for handle ctstylesheet4257type
19:42:31.636 [TestNG-test=Cucumber Tests-1] TRACE - Resolving type for handle ctfont14d8type
19:42:31.645 [TestNG-test=Cucumber Tests-1] TRACE - Resolving type for handle ctfontsizeb3b9type
19:42:31.649 [TestNG-test=Cucumber Tests-1] TRACE - Resolving type for handle ctcolord2c2type
19:42:31.651 [TestNG-test=Cucumber Tests-1] TRACE - Resolving type for handle ctfontname2dc3type
19:42:31.652 [TestNG-test=Cucumber Tests-1] TRACE - Resolving type for handle stxstringf179type
19:42:31.654 [TestNG-test=Cucumber Tests-1] TRACE - Resolving type for handle ctfontfamily685ctype
19:42:31.655 [TestNG-test=Cucumber Tests-1] TRACE - Resolving type for handle stfontfamily9c6ctype
19:42:31.660 [TestNG-test=Cucumber Tests-1] TRACE - Resolving type for handle ctfontschemebf5dtype
19:42:31.663 [TestNG-test=Cucumber Tests-1] TRACE - Resolving type for handle stfontschemef36dtype
19:42:31.668 [TestNG-test=Cucumber Tests-1] TRACE - Resolving type for handle ctfill550ctype
19:42:31.669 [TestNG-test=Cucumber Tests-1] TRACE - Resolving type for handle ctpatternfill7452type
19:42:31.673 [TestNG-test=Cucumber Tests-1] TRACE - Resolving type for handle stpatterntype7939type
19:42:31.676 [TestNG-test=Cucumber Tests-1] TRACE - Resolving type for handle ctborderf935type
19:42:31.681 [TestNG-test=Cucumber Tests-1] TRACE - Resolving type for handle ctborderpre497type
19:42:31.685 [TestNG-test=Cucumber Tests-1] TRACE - Resolving type for handle ctxf97f7type
19:42:31.688 [TestNG-test=Cucumber Tests-1] TRACE - Resolving type for handle stnumfmtid76fbtype
19:42:31.688 [TestNG-test=Cucumber Tests-1] TRACE - Resolving type for handle stfontid9d63type
19:42:31.689 [TestNG-test=Cucumber Tests-1] TRACE - Resolving type for handle stfillida097type
19:42:31.691 [TestNG-test=Cucumber Tests-1] TRACE - Resolving type for handle stborderid1a80type
19:42:31.693 [TestNG-test=Cucumber Tests-1] TRACE - Resolving type for handle stcellstylexfid70c7type
19:42:31.698 [TestNG-test=Cucumber Tests-1] TRACE - Resolving type for handle ctsheet4dbetype
19:42:31.703 [TestNG-test=Cucumber Tests-1] TRACE - Resolving type for handle ctworksheet530dtype
19:42:31.709 [TestNG-test=Cucumber Tests-1] TRACE - Resolving type for handle ctsheetformatprdef7type
19:42:31.713 [TestNG-test=Cucumber Tests-1] TRACE - Resolving type for handle ctsheetviewsb918type
19:42:31.716 [TestNG-test=Cucumber Tests-1] TRACE - Resolving type for handle ctsheetview0f43type
19:42:31.725 [TestNG-test=Cucumber Tests-1] TRACE - Resolving type for handle ctsheetdimensiond310type
19:42:31.727 [TestNG-test=Cucumber Tests-1] TRACE - Resolving type for handle stref90a2type
19:42:31.728 [TestNG-test=Cucumber Tests-1] TRACE - Resolving type for handle ctsheetdata8408type
19:42:31.731 [TestNG-test=Cucumber Tests-1] TRACE - Resolving type for handle ctpagemargins5455type
19:42:31.734 [TestNG-test=Cucumber Tests-1] TRACE - Resolving type for handle ctcols627ctype
19:42:31.736 [TestNG-test=Cucumber Tests-1] TRACE - Resolving type for handle strelationshipid1e94type
19:42:31.737 [TestNG-test=Cucumber Tests-1] TRACE - Resolving type for handle ctrowdd39type
19:42:31.741 [TestNG-test=Cucumber Tests-1] TRACE - Resolving type for handle ctcell842btype
19:42:31.747 [TestNG-test=Cucumber Tests-1] TRACE - Resolving type for handle stcellrefe4e0type
19:42:31.749 [TestNG-test=Cucumber Tests-1] TRACE - Resolving type for handle ctrsta472type
19:42:31.751 [TestNG-test=Cucumber Tests-1] TRACE - Resolving type for handle stcelltypebf95type
19:43:49.802 [TestNG-test=Cucumber Tests-1] TRACE - Loading type system org.apache.poi.schemas.ooxml.system.ooxml
19:43:49.807 [TestNG-test=Cucumber Tests-1] TRACE - Loading type system org.apache.xmlbeans.metadata.system.sXMLCONFIG
19:43:49.808 [TestNG-test=Cucumber Tests-1] TRACE - Loading type system org.apache.xmlbeans.metadata.system.sXMLLANG
19:43:49.808 [TestNG-test=Cucumber Tests-1] TRACE - Loading type system org.apache.xmlbeans.metadata.system.sXMLSCHEMA
19:43:49.809 [TestNG-test=Cucumber Tests-1] TRACE - Loading type system org.apache.xmlbeans.metadata.system.sXMLTOOLS
19:43:49.809 [TestNG-test=Cucumber Tests-1] TRACE - Reading unresolved handles for type system org.apache.xmlbeans.metadata.system.sXMLTOOLS
19:43:49.820 [TestNG-test=Cucumber Tests-1] TRACE - Finished loading type system org.apache.xmlbeans.metadata.system.sXMLTOOLS
19:43:49.821 [TestNG-test=Cucumber Tests-1] TRACE - Reading unresolved handles for type system org.apache.xmlbeans.metadata.system.sXMLSCHEMA
19:43:49.826 [TestNG-test=Cucumber Tests-1] TRACE - Finished loading type system org.apache.xmlbeans.metadata.system.sXMLSCHEMA
19:43:49.827 [TestNG-test=Cucumber Tests-1] TRACE - Reading unresolved handles for type system org.apache.xmlbeans.metadata.system.sXMLLANG
19:43:49.829 [TestNG-test=Cucumber Tests-1] TRACE - Finished loading type system org.apache.xmlbeans.metadata.system.sXMLLANG
19:43:49.830 [TestNG-test=Cucumber Tests-1] TRACE - Reading unresolved handles for type system org.apache.xmlbeans.metadata.system.sXMLCONFIG
19:43:49.831 [TestNG-test=Cucumber Tests-1] TRACE - Finished loading type system org.apache.xmlbeans.metadata.system.sXMLCONFIG
19:43:49.832 [TestNG-test=Cucumber Tests-1] TRACE - Reading unresolved handles for type system org.apache.poi.schemas.ooxml.system.ooxml
19:43:49.865 [TestNG-test=Cucumber Tests-1] TRACE - Finished loading type system org.apache.poi.schemas.ooxml.system.ooxml
19:43:49.866 [TestNG-test=Cucumber Tests-1] TRACE - Resolving type for handle ctworkbook83c3type
19:43:49.896 [TestNG-test=Cucumber Tests-1] TRACE - Resolving type for handle ctworkbookpr03a5type
19:43:49.900 [TestNG-test=Cucumber Tests-1] TRACE - Resolving type for handle ctbookviewsb864type
19:43:49.902 [TestNG-test=Cucumber Tests-1] TRACE - Resolving type for handle ctbookviewf677type
19:43:49.906 [TestNG-test=Cucumber Tests-1] TRACE - Resolving type for handle ctsheets49fdtype
19:43:49.910 [TestNG-test=Cucumber Tests-1] TRACE - Resolving type for handle propertiesee84doctype
19:43:49.912 [TestNG-test=Cucumber Tests-1] TRACE - Resolving type for handle ctproperties3f10type
19:43:49.915 [TestNG-test=Cucumber Tests-1] TRACE - Resolving type for handle properties288cdoctype
19:43:49.916 [TestNG-test=Cucumber Tests-1] TRACE - Resolving type for handle ctproperties2c18type
19:43:49.919 [TestNG-test=Cucumber Tests-1] TRACE - Resolving type for handle sstf81fdoctype
19:43:49.920 [TestNG-test=Cucumber Tests-1] TRACE - Resolving type for handle ctsst44f3type
19:43:49.926 [TestNG-test=Cucumber Tests-1] TRACE - Resolving type for handle stylesheet5d8bdoctype
19:43:49.927 [TestNG-test=Cucumber Tests-1] TRACE - Resolving type for handle ctstylesheet4257type
19:43:49.930 [TestNG-test=Cucumber Tests-1] TRACE - Resolving type for handle ctfont14d8type
19:43:49.935 [TestNG-test=Cucumber Tests-1] TRACE - Resolving type for handle ctfontsizeb3b9type
19:43:49.937 [TestNG-test=Cucumber Tests-1] TRACE - Resolving type for handle ctcolord2c2type
19:43:49.939 [TestNG-test=Cucumber Tests-1] TRACE - Resolving type for handle ctfontname2dc3type
19:43:49.940 [TestNG-test=Cucumber Tests-1] TRACE - Resolving type for handle stxstringf179type
19:43:49.944 [TestNG-test=Cucumber Tests-1] TRACE - Resolving type for handle ctfontfamily685ctype
19:43:49.946 [TestNG-test=Cucumber Tests-1] TRACE - Resolving type for handle stfontfamily9c6ctype
19:43:49.948 [TestNG-test=Cucumber Tests-1] TRACE - Resolving type for handle ctfontschemebf5dtype
19:43:49.950 [TestNG-test=Cucumber Tests-1] TRACE - Resolving type for handle stfontschemef36dtype
19:43:49.954 [TestNG-test=Cucumber Tests-1] TRACE - Resolving type for handle ctfill550ctype
19:43:49.955 [TestNG-test=Cucumber Tests-1] TRACE - Resolving type for handle ctpatternfill7452type
19:43:49.959 [TestNG-test=Cucumber Tests-1] TRACE - Resolving type for handle stpatterntype7939type
19:43:49.962 [TestNG-test=Cucumber Tests-1] TRACE - Resolving type for handle ctborderf935type
19:43:49.964 [TestNG-test=Cucumber Tests-1] TRACE - Resolving type for handle ctborderpre497type
19:43:49.968 [TestNG-test=Cucumber Tests-1] TRACE - Resolving type for handle ctxf97f7type
19:43:49.969 [TestNG-test=Cucumber Tests-1] TRACE - Resolving type for handle stnumfmtid76fbtype
19:43:49.970 [TestNG-test=Cucumber Tests-1] TRACE - Resolving type for handle stfontid9d63type
19:43:49.971 [TestNG-test=Cucumber Tests-1] TRACE - Resolving type for handle stfillida097type
19:43:49.973 [TestNG-test=Cucumber Tests-1] TRACE - Resolving type for handle stborderid1a80type
19:43:49.976 [TestNG-test=Cucumber Tests-1] TRACE - Resolving type for handle stcellstylexfid70c7type
19:43:49.981 [TestNG-test=Cucumber Tests-1] TRACE - Resolving type for handle ctsheet4dbetype
19:43:49.985 [TestNG-test=Cucumber Tests-1] TRACE - Resolving type for handle ctworksheet530dtype
19:43:49.989 [TestNG-test=Cucumber Tests-1] TRACE - Resolving type for handle ctsheetformatprdef7type
19:43:49.993 [TestNG-test=Cucumber Tests-1] TRACE - Resolving type for handle ctsheetviewsb918type
19:43:49.997 [TestNG-test=Cucumber Tests-1] TRACE - Resolving type for handle ctsheetview0f43type
19:43:50.000 [TestNG-test=Cucumber Tests-1] TRACE - Resolving type for handle ctsheetdimensiond310type
19:43:50.002 [TestNG-test=Cucumber Tests-1] TRACE - Resolving type for handle stref90a2type
19:43:50.002 [TestNG-test=Cucumber Tests-1] TRACE - Resolving type for handle ctsheetdata8408type
19:43:50.004 [TestNG-test=Cucumber Tests-1] TRACE - Resolving type for handle ctpagemargins5455type
19:43:50.010 [TestNG-test=Cucumber Tests-1] TRACE - Resolving type for handle ctcols627ctype
19:43:50.013 [TestNG-test=Cucumber Tests-1] TRACE - Resolving type for handle strelationshipid1e94type
19:43:50.015 [TestNG-test=Cucumber Tests-1] TRACE - Resolving type for handle ctrowdd39type
19:43:50.020 [TestNG-test=Cucumber Tests-1] TRACE - Resolving type for handle ctcell842btype
19:43:50.031 [TestNG-test=Cucumber Tests-1] TRACE - Resolving type for handle stcellrefe4e0type
19:43:50.034 [TestNG-test=Cucumber Tests-1] TRACE - Resolving type for handle ctrsta472type
19:43:50.037 [TestNG-test=Cucumber Tests-1] TRACE - Resolving type for handle stcelltypebf95type
19:43:50.075 [TestNG-test=Cucumber Tests-1] TRACE - Resolving type for handle ctnumfmtsb58btype
19:43:50.076 [TestNG-test=Cucumber Tests-1] TRACE - Resolving type for handle ctfonts6623type
19:43:50.080 [TestNG-test=Cucumber Tests-1] TRACE - Resolving type for handle ctfills2c6ftype
19:43:50.081 [TestNG-test=Cucumber Tests-1] TRACE - Resolving type for handle ctborders0d66type
19:43:50.083 [TestNG-test=Cucumber Tests-1] TRACE - Resolving type for handle ctcellxfs1322type
19:43:50.084 [TestNG-test=Cucumber Tests-1] TRACE - Resolving type for handle ctcellstylexfsa81ftype
19:43:50.099 [TestNG-test=Cucumber Tests-1] DEBUG - Save core properties part
19:43:50.100 [TestNG-test=Cucumber Tests-1] DEBUG - Save content types part
19:43:50.170 [TestNG-test=Cucumber Tests-1] DEBUG - Save package relationships
19:43:50.179 [TestNG-test=Cucumber Tests-1] DEBUG - Save part 'docProps/app.xml'
19:43:50.181 [TestNG-test=Cucumber Tests-1] DEBUG - Save part 'docProps/core.xml'
19:43:50.190 [TestNG-test=Cucumber Tests-1] DEBUG - Save part 'xl/sharedStrings.xml'
19:43:50.190 [TestNG-test=Cucumber Tests-1] DEBUG - Save part 'xl/styles.xml'
19:43:50.190 [TestNG-test=Cucumber Tests-1] DEBUG - Save part 'xl/workbook.xml'
19:43:50.193 [TestNG-test=Cucumber Tests-1] DEBUG - Save part 'xl/worksheets/sheet1.xml'
19:43:50.195 [TestNG-test=Cucumber Tests-1] DEBUG - Save content types part
19:43:50.197 [TestNG-test=Cucumber Tests-1] DEBUG - Save package relationships
19:43:50.198 [TestNG-test=Cucumber Tests-1] DEBUG - Save part 'docProps/app.xml'
19:43:50.198 [TestNG-test=Cucumber Tests-1] DEBUG - Save part 'docProps/core.xml'
19:43:50.199 [TestNG-test=Cucumber Tests-1] DEBUG - Save part 'xl/sharedStrings.xml'
19:43:50.200 [TestNG-test=Cucumber Tests-1] DEBUG - Save part 'xl/styles.xml'
19:43:50.200 [TestNG-test=Cucumber Tests-1] DEBUG - Save part 'xl/workbook.xml'
19:43:50.201 [TestNG-test=Cucumber Tests-1] DEBUG - Save part 'xl/worksheets/sheet1.xml'
07:29:04.613 [TestNG-test=Cucumber Tests-3] DEBUG - Parsing relationship: /xl/_rels/workbook.xml.rels
07:29:04.643 [TestNG-test=Cucumber Tests-3] DEBUG - Parsing relationship: /_rels/.rels
07:29:06.766 [TestNG-test=Cucumber Tests-1] TRACE - Loading type system org.apache.poi.schemas.ooxml.system.ooxml
07:29:06.777 [TestNG-test=Cucumber Tests-1] TRACE - Loading type system org.apache.xmlbeans.metadata.system.sXMLCONFIG
07:29:06.778 [TestNG-test=Cucumber Tests-1] TRACE - Loading type system org.apache.xmlbeans.metadata.system.sXMLLANG
07:29:06.787 [TestNG-test=Cucumber Tests-1] TRACE - Loading type system org.apache.xmlbeans.metadata.system.sXMLSCHEMA
07:29:06.818 [TestNG-test=Cucumber Tests-1] TRACE - Loading type system org.apache.xmlbeans.metadata.system.sXMLTOOLS
07:29:06.828 [TestNG-test=Cucumber Tests-1] TRACE - Reading unresolved handles for type system org.apache.xmlbeans.metadata.system.sXMLTOOLS
07:29:06.977 [TestNG-test=Cucumber Tests-1] TRACE - Finished loading type system org.apache.xmlbeans.metadata.system.sXMLTOOLS
07:29:06.985 [TestNG-test=Cucumber Tests-1] TRACE - Reading unresolved handles for type system org.apache.xmlbeans.metadata.system.sXMLSCHEMA
07:29:07.040 [TestNG-test=Cucumber Tests-1] TRACE - Finished loading type system org.apache.xmlbeans.metadata.system.sXMLSCHEMA
07:29:07.045 [TestNG-test=Cucumber Tests-1] TRACE - Reading unresolved handles for type system org.apache.xmlbeans.metadata.system.sXMLLANG
07:29:07.060 [TestNG-test=Cucumber Tests-1] TRACE - Finished loading type system org.apache.xmlbeans.metadata.system.sXMLLANG
07:29:07.069 [TestNG-test=Cucumber Tests-1] TRACE - Reading unresolved handles for type system org.apache.xmlbeans.metadata.system.sXMLCONFIG
07:29:07.073 [TestNG-test=Cucumber Tests-1] TRACE - Finished loading type system org.apache.xmlbeans.metadata.system.sXMLCONFIG
07:29:07.077 [TestNG-test=Cucumber Tests-1] TRACE - Reading unresolved handles for type system org.apache.poi.schemas.ooxml.system.ooxml
07:29:07.380 [TestNG-test=Cucumber Tests-1] TRACE - Finished loading type system org.apache.poi.schemas.ooxml.system.ooxml
07:29:07.383 [TestNG-test=Cucumber Tests-3] TRACE - Resolving type for handle themefd26doctype
07:29:07.384 [TestNG-test=Cucumber Tests-1] TRACE - Resolving type for handle ctworkbook83c3type
07:29:07.614 [TestNG-test=Cucumber Tests-1] TRACE - Resolving type for handle ctworkbookpr03a5type
07:29:07.691 [TestNG-test=Cucumber Tests-3] TRACE - Resolving type for handle stylesheet5d8bdoctype
07:29:07.704 [TestNG-test=Cucumber Tests-1] TRACE - Resolving type for handle ctbookviewsb864type
07:29:07.708 [TestNG-test=Cucumber Tests-3] TRACE - Resolving type for handle ctstylesheet4257type
07:29:07.711 [TestNG-test=Cucumber Tests-1] TRACE - Resolving type for handle ctbookviewf677type
07:29:07.727 [TestNG-test=Cucumber Tests-3] TRACE - Resolving type for handle ctfonts6623type
07:29:07.741 [TestNG-test=Cucumber Tests-3] TRACE - Resolving type for handle ctfont14d8type
07:29:07.749 [TestNG-test=Cucumber Tests-1] TRACE - Resolving type for handle ctsheets49fdtype
07:29:07.764 [TestNG-test=Cucumber Tests-3] TRACE - Resolving type for handle ctfills2c6ftype
07:29:07.768 [TestNG-test=Cucumber Tests-1] TRACE - Resolving type for handle propertiesee84doctype
07:29:07.774 [TestNG-test=Cucumber Tests-1] TRACE - Resolving type for handle ctproperties3f10type
07:29:07.775 [TestNG-test=Cucumber Tests-3] TRACE - Resolving type for handle ctfill550ctype
07:29:07.795 [TestNG-test=Cucumber Tests-3] TRACE - Resolving type for handle ctborders0d66type
07:29:07.804 [TestNG-test=Cucumber Tests-1] TRACE - Resolving type for handle properties288cdoctype
07:29:07.811 [TestNG-test=Cucumber Tests-1] TRACE - Resolving type for handle ctproperties2c18type
07:29:07.819 [TestNG-test=Cucumber Tests-3] TRACE - Resolving type for handle ctborderf935type
07:29:07.832 [TestNG-test=Cucumber Tests-3] TRACE - Resolving type for handle ctcellxfs1322type
07:29:07.837 [TestNG-test=Cucumber Tests-1] TRACE - Resolving type for handle sstf81fdoctype
07:29:07.843 [TestNG-test=Cucumber Tests-1] TRACE - Resolving type for handle ctsst44f3type
07:29:07.847 [TestNG-test=Cucumber Tests-3] TRACE - Resolving type for handle ctxf97f7type
07:29:07.861 [TestNG-test=Cucumber Tests-3] TRACE - Resolving type for handle ctcellstylexfsa81ftype
07:29:07.876 [TestNG-test=Cucumber Tests-1] TRACE - Resolving type for handle ctfontsizeb3b9type
07:29:07.890 [TestNG-test=Cucumber Tests-3] TRACE - Resolving type for handle ctdxfsb26atype
07:29:07.911 [TestNG-test=Cucumber Tests-1] TRACE - Resolving type for handle ctcolord2c2type
07:29:07.920 [TestNG-test=Cucumber Tests-3] TRACE - Resolving type for handle cttablestyles872ftype
07:29:07.926 [TestNG-test=Cucumber Tests-1] TRACE - Resolving type for handle ctfontname2dc3type
07:29:07.967 [TestNG-test=Cucumber Tests-1] TRACE - Resolving type for handle stxstringf179type
07:29:07.980 [TestNG-test=Cucumber Tests-1] TRACE - Resolving type for handle ctfontfamily685ctype
07:29:07.989 [TestNG-test=Cucumber Tests-1] TRACE - Resolving type for handle stfontfamily9c6ctype
07:29:08.040 [TestNG-test=Cucumber Tests-1] TRACE - Resolving type for handle ctfontschemebf5dtype
07:29:08.060 [TestNG-test=Cucumber Tests-3] TRACE - Resolving type for handle ctrsta472type
07:29:08.068 [TestNG-test=Cucumber Tests-1] TRACE - Resolving type for handle stfontschemef36dtype
07:29:08.084 [TestNG-test=Cucumber Tests-1] TRACE - Resolving type for handle ctpatternfill7452type
07:29:08.119 [TestNG-test=Cucumber Tests-1] TRACE - Resolving type for handle stpatterntype7939type
07:29:08.126 [TestNG-test=Cucumber Tests-1] TRACE - Resolving type for handle ctborderpre497type
07:29:08.141 [TestNG-test=Cucumber Tests-1] TRACE - Resolving type for handle stnumfmtid76fbtype
07:29:08.146 [TestNG-test=Cucumber Tests-1] TRACE - Resolving type for handle stfontid9d63type
07:29:08.160 [TestNG-test=Cucumber Tests-1] TRACE - Resolving type for handle stfillida097type
07:29:08.164 [TestNG-test=Cucumber Tests-3] TRACE - Resolving type for handle workbookec17doctype
07:29:08.173 [TestNG-test=Cucumber Tests-1] TRACE - Resolving type for handle stborderid1a80type
07:29:08.186 [TestNG-test=Cucumber Tests-1] TRACE - Resolving type for handle stcellstylexfid70c7type
07:29:08.190 [TestNG-test=Cucumber Tests-3] TRACE - Resolving type for handle ctsheet4dbetype
07:29:08.202 [TestNG-test=Cucumber Tests-3] TRACE - Resolving type for handle strelationshipid1e94type
07:29:08.209 [TestNG-test=Cucumber Tests-3] TRACE - Resolving type for handle worksheetf539doctype
07:29:08.211 [TestNG-test=Cucumber Tests-1] TRACE - Resolving type for handle ctworksheet530dtype
07:29:08.239 [TestNG-test=Cucumber Tests-3] TRACE - Resolving type for handle ctsheetdata8408type
07:29:08.240 [TestNG-test=Cucumber Tests-1] TRACE - Resolving type for handle ctsheetformatprdef7type
07:29:08.252 [TestNG-test=Cucumber Tests-3] TRACE - Resolving type for handle ctrowdd39type
07:29:08.261 [TestNG-test=Cucumber Tests-1] TRACE - Resolving type for handle ctsheetviewsb918type
07:29:08.273 [TestNG-test=Cucumber Tests-3] TRACE - Resolving type for handle ctcell842btype
07:29:08.274 [TestNG-test=Cucumber Tests-1] TRACE - Resolving type for handle ctsheetview0f43type
07:29:08.294 [TestNG-test=Cucumber Tests-1] TRACE - Resolving type for handle ctsheetdimensiond310type
07:29:08.308 [TestNG-test=Cucumber Tests-1] TRACE - Resolving type for handle stref90a2type
07:29:08.315 [TestNG-test=Cucumber Tests-3] TRACE - Resolving type for handle stcellrefe4e0type
07:29:08.320 [TestNG-test=Cucumber Tests-1] TRACE - Resolving type for handle ctpagemargins5455type
07:29:08.342 [TestNG-test=Cucumber Tests-1] TRACE - Resolving type for handle ctcols627ctype
07:29:08.368 [TestNG-test=Cucumber Tests-3] TRACE - Resolving type for handle ctcola95ftype
07:29:08.375 [TestNG-test=Cucumber Tests-1] TRACE - Resolving type for handle stcelltypebf95type
07:29:08.458 [TestNG-test=Cucumber Tests-1] TRACE - Resolving type for handle ctnumfmtsb58btype
07:29:08.523 [TestNG-test=Cucumber Tests-1] DEBUG - Save core properties part
07:29:08.525 [TestNG-test=Cucumber Tests-1] DEBUG - Save content types part
07:29:08.902 [TestNG-test=Cucumber Tests-1] DEBUG - Save package relationships
07:29:08.920 [TestNG-test=Cucumber Tests-1] DEBUG - Save part 'docProps/app.xml'
07:29:08.922 [TestNG-test=Cucumber Tests-1] DEBUG - Save part 'docProps/core.xml'
07:29:08.940 [TestNG-test=Cucumber Tests-1] DEBUG - Save part 'xl/sharedStrings.xml'
07:29:08.941 [TestNG-test=Cucumber Tests-1] DEBUG - Save part 'xl/styles.xml'
07:29:08.942 [TestNG-test=Cucumber Tests-1] DEBUG - Save part 'xl/workbook.xml'
07:29:08.952 [TestNG-test=Cucumber Tests-1] DEBUG - Save part 'xl/worksheets/sheet1.xml'
07:29:08.958 [TestNG-test=Cucumber Tests-1] DEBUG - Save content types part
07:29:08.967 [TestNG-test=Cucumber Tests-1] DEBUG - Save package relationships
07:29:08.971 [TestNG-test=Cucumber Tests-1] DEBUG - Save part 'docProps/app.xml'
07:29:08.972 [TestNG-test=Cucumber Tests-1] DEBUG - Save part 'docProps/core.xml'
07:29:08.977 [TestNG-test=Cucumber Tests-1] DEBUG - Save part 'xl/sharedStrings.xml'
07:29:08.977 [TestNG-test=Cucumber Tests-1] DEBUG - Save part 'xl/styles.xml'
07:29:08.980 [TestNG-test=Cucumber Tests-1] DEBUG - Save part 'xl/workbook.xml'
07:29:08.984 [TestNG-test=Cucumber Tests-1] DEBUG - Save part 'xl/worksheets/sheet1.xml'
07:29:15.035 [TestNG-test=Cucumber Tests-3] DEBUG - Save core properties part
07:29:15.036 [TestNG-test=Cucumber Tests-3] DEBUG - Save content types part
07:29:15.041 [TestNG-test=Cucumber Tests-3] DEBUG - Save package relationships
07:29:15.057 [TestNG-test=Cucumber Tests-3] DEBUG - Save part 'docProps/app.xml'
07:29:15.058 [TestNG-test=Cucumber Tests-3] DEBUG - Save part 'docProps/core.xml'
07:29:15.080 [TestNG-test=Cucumber Tests-3] DEBUG - Save part 'xl/sharedStrings.xml'
07:29:15.082 [TestNG-test=Cucumber Tests-3] DEBUG - Save part 'xl/styles.xml'
07:29:15.084 [TestNG-test=Cucumber Tests-3] DEBUG - Save part 'xl/workbook.xml'
07:29:15.101 [TestNG-test=Cucumber Tests-3] DEBUG - Save part 'xl/worksheets/sheet1.xml'
07:29:15.106 [TestNG-test=Cucumber Tests-3] DEBUG - Save content types part
07:29:15.118 [TestNG-test=Cucumber Tests-3] DEBUG - Save package relationships
07:29:15.150 [TestNG-test=Cucumber Tests-3] DEBUG - Save part 'docProps/app.xml'
07:29:15.155 [TestNG-test=Cucumber Tests-3] DEBUG - Save part 'docProps/core.xml'
07:29:15.164 [TestNG-test=Cucumber Tests-3] DEBUG - Save part 'xl/sharedStrings.xml'
07:29:15.166 [TestNG-test=Cucumber Tests-3] DEBUG - Save part 'xl/styles.xml'
07:29:15.167 [TestNG-test=Cucumber Tests-3] DEBUG - Save part 'xl/workbook.xml'
07:29:15.181 [TestNG-test=Cucumber Tests-3] DEBUG - Save part 'xl/worksheets/sheet1.xml'
07:29:24.956 [TestNG-test=Cucumber Tests-2] DEBUG - Save core properties part
07:29:24.958 [TestNG-test=Cucumber Tests-2] DEBUG - Save content types part
07:29:24.965 [TestNG-test=Cucumber Tests-2] DEBUG - Save package relationships
07:29:24.968 [TestNG-test=Cucumber Tests-2] DEBUG - Save part 'docProps/app.xml'
07:29:24.969 [TestNG-test=Cucumber Tests-2] DEBUG - Save part 'docProps/core.xml'
07:29:24.976 [TestNG-test=Cucumber Tests-2] DEBUG - Save part 'xl/sharedStrings.xml'
07:29:24.979 [TestNG-test=Cucumber Tests-2] DEBUG - Save part 'xl/styles.xml'
07:29:24.979 [TestNG-test=Cucumber Tests-2] DEBUG - Save part 'xl/workbook.xml'
07:29:24.990 [TestNG-test=Cucumber Tests-2] DEBUG - Save part 'xl/worksheets/sheet1.xml'
07:29:24.999 [TestNG-test=Cucumber Tests-2] DEBUG - Save content types part
07:29:25.014 [TestNG-test=Cucumber Tests-2] DEBUG - Save package relationships
07:29:25.020 [TestNG-test=Cucumber Tests-2] DEBUG - Save part 'docProps/app.xml'
07:29:25.022 [TestNG-test=Cucumber Tests-2] DEBUG - Save part 'docProps/core.xml'
07:29:25.026 [TestNG-test=Cucumber Tests-2] DEBUG - Save part 'xl/sharedStrings.xml'
07:29:25.028 [TestNG-test=Cucumber Tests-2] DEBUG - Save part 'xl/styles.xml'
07:29:25.029 [TestNG-test=Cucumber Tests-2] DEBUG - Save part 'xl/workbook.xml'
07:29:25.033 [TestNG-test=Cucumber Tests-2] DEBUG - Save part 'xl/worksheets/sheet1.xml'
07:29:26.966 [TestNG-test=Cucumber Tests-4] DEBUG - Save core properties part
07:29:26.968 [TestNG-test=Cucumber Tests-4] DEBUG - Save content types part
07:29:26.973 [TestNG-test=Cucumber Tests-4] DEBUG - Save package relationships
07:29:26.978 [TestNG-test=Cucumber Tests-4] DEBUG - Save part 'docProps/app.xml'
07:29:26.979 [TestNG-test=Cucumber Tests-4] DEBUG - Save part 'docProps/core.xml'
07:29:26.982 [TestNG-test=Cucumber Tests-4] DEBUG - Save part 'xl/sharedStrings.xml'
07:29:26.983 [TestNG-test=Cucumber Tests-4] DEBUG - Save part 'xl/styles.xml'
07:29:26.984 [TestNG-test=Cucumber Tests-4] DEBUG - Save part 'xl/workbook.xml'
07:29:26.991 [TestNG-test=Cucumber Tests-4] DEBUG - Save part 'xl/worksheets/sheet1.xml'
07:29:26.995 [TestNG-test=Cucumber Tests-4] DEBUG - Save content types part
07:29:26.998 [TestNG-test=Cucumber Tests-4] DEBUG - Save package relationships
07:29:27.001 [TestNG-test=Cucumber Tests-4] DEBUG - Save part 'docProps/app.xml'
07:29:27.002 [TestNG-test=Cucumber Tests-4] DEBUG - Save part 'docProps/core.xml'
07:29:27.006 [TestNG-test=Cucumber Tests-4] DEBUG - Save part 'xl/sharedStrings.xml'
07:29:27.007 [TestNG-test=Cucumber Tests-4] DEBUG - Save part 'xl/styles.xml'
07:29:27.007 [TestNG-test=Cucumber Tests-4] DEBUG - Save part 'xl/workbook.xml'
07:29:27.011 [TestNG-test=Cucumber Tests-4] DEBUG - Save part 'xl/worksheets/sheet1.xml'
10:17:37.060 [TestNG-test-Cucumber Tests-1] TRACE - Loading type system org.apache.poi.schemas.ooxml.system.ooxml
10:17:37.065 [TestNG-test-Cucumber Tests-1] TRACE - Loading type system org.apache.xmlbeans.metadata.system.sXMLCONFIG
10:17:37.066 [TestNG-test-Cucumber Tests-1] TRACE - Loading type system org.apache.xmlbeans.metadata.system.sXMLLANG
10:17:37.067 [TestNG-test-Cucumber Tests-1] TRACE - Loading type system org.apache.xmlbeans.metadata.system.sXMLSCHEMA
10:17:37.069 [TestNG-test-Cucumber Tests-1] TRACE - Loading type system org.apache.xmlbeans.metadata.system.sXMLTOOLS
10:17:37.071 [TestNG-test-Cucumber Tests-1] TRACE - Reading unresolved handles for type system org.apache.xmlbeans.metadata.system.sXMLTOOLS
10:17:37.084 [TestNG-test-Cucumber Tests-1] TRACE - Finished loading type system org.apache.xmlbeans.metadata.system.sXMLTOOLS
10:17:37.085 [TestNG-test-Cucumber Tests-1] TRACE - Reading unresolved handles for type system org.apache.xmlbeans.metadata.system.sXMLSCHEMA
10:17:37.089 [TestNG-test-Cucumber Tests-1] TRACE - Finished loading type system org.apache.xmlbeans.metadata.system.sXMLSCHEMA
10:17:37.097 [TestNG-test-Cucumber Tests-1] TRACE - Reading unresolved handles for type system org.apache.xmlbeans.metadata.system.sXMLLANG
10:17:37.099 [TestNG-test-Cucumber Tests-1] TRACE - Finished loading type system org.apache.xmlbeans.metadata.system.sXMLLANG
10:17:37.100 [TestNG-test-Cucumber Tests-1] TRACE - Reading unresolved handles for type system org.apache.xmlbeans.metadata.system.sXMLCONFIG
10:17:37.101 [TestNG-test-Cucumber Tests-1] TRACE - Finished loading type system org.apache.xmlbeans.metadata.system.sXMLCONFIG
10:17:37.102 [TestNG-test-Cucumber Tests-1] TRACE - Reading unresolved handles for type system org.apache.poi.schemas.ooxml.system.ooxml
10:17:37.147 [TestNG-test-Cucumber Tests-1] TRACE - Finished loading type system org.apache.poi.schemas.ooxml.system.ooxml
10:17:37.148 [TestNG-test-Cucumber Tests-1] TRACE - Resolving type for handle ctworkbook83c3type
10:17:37.189 [TestNG-test-Cucumber Tests-1] TRACE - Resolving type for handle ctworkbookpr03a5type
10:17:37.198 [TestNG-test-Cucumber Tests-1] TRACE - Resolving type for handle ctbookviewsb864type
10:17:37.200 [TestNG-test-Cucumber Tests-1] TRACE - Resolving type for handle ctbookviewf677type
10:17:37.207 [TestNG-test-Cucumber Tests-1] TRACE - Resolving type for handle ctsheets49fdtype
10:17:37.212 [TestNG-test-Cucumber Tests-1] TRACE - Resolving type for handle propertiesee84doctype
10:17:37.214 [TestNG-test-Cucumber Tests-1] TRACE - Resolving type for handle ctproperties3f10type
10:17:37.217 [TestNG-test-Cucumber Tests-1] TRACE - Resolving type for handle properties288cdoctype
10:17:37.218 [TestNG-test-Cucumber Tests-1] TRACE - Resolving type for handle ctproperties2c18type
10:17:37.227 [TestNG-test-Cucumber Tests-1] TRACE - Resolving type for handle sstf81fdoctype
10:17:37.228 [TestNG-test-Cucumber Tests-1] TRACE - Resolving type for handle ctsst44f3type
10:17:37.235 [TestNG-test-Cucumber Tests-1] TRACE - Resolving type for handle stylesheet5d8bdoctype
10:17:37.236 [TestNG-test-Cucumber Tests-1] TRACE - Resolving type for handle ctstylesheet4257type
10:17:37.242 [TestNG-test-Cucumber Tests-1] TRACE - Resolving type for handle ctfont14d8type
10:17:37.247 [TestNG-test-Cucumber Tests-1] TRACE - Resolving type for handle ctfontsizeb3b9type
10:17:37.251 [TestNG-test-Cucumber Tests-1] TRACE - Resolving type for handle ctcolord2c2type
10:17:37.253 [TestNG-test-Cucumber Tests-1] TRACE - Resolving type for handle ctfontname2dc3type
10:17:37.256 [TestNG-test-Cucumber Tests-1] TRACE - Resolving type for handle stxstringf179type
10:17:37.259 [TestNG-test-Cucumber Tests-1] TRACE - Resolving type for handle ctfontfamily685ctype
10:17:37.260 [TestNG-test-Cucumber Tests-1] TRACE - Resolving type for handle stfontfamily9c6ctype
10:17:37.262 [TestNG-test-Cucumber Tests-1] TRACE - Resolving type for handle ctfontschemebf5dtype
10:17:37.265 [TestNG-test-Cucumber Tests-1] TRACE - Resolving type for handle stfontschemef36dtype
10:17:37.269 [TestNG-test-Cucumber Tests-1] TRACE - Resolving type for handle ctfill550ctype
10:17:37.270 [TestNG-test-Cucumber Tests-1] TRACE - Resolving type for handle ctpatternfill7452type
10:17:37.283 [TestNG-test-Cucumber Tests-1] TRACE - Resolving type for handle stpatterntype7939type
10:17:37.288 [TestNG-test-Cucumber Tests-1] TRACE - Resolving type for handle ctborderf935type
10:17:37.293 [TestNG-test-Cucumber Tests-1] TRACE - Resolving type for handle ctborderpre497type
10:17:37.302 [TestNG-test-Cucumber Tests-1] TRACE - Resolving type for handle ctxf97f7type
10:17:37.306 [TestNG-test-Cucumber Tests-1] TRACE - Resolving type for handle stnumfmtid76fbtype
10:17:37.310 [TestNG-test-Cucumber Tests-1] TRACE - Resolving type for handle stfontid9d63type
10:17:37.313 [TestNG-test-Cucumber Tests-1] TRACE - Resolving type for handle stfillida097type
10:17:37.314 [TestNG-test-Cucumber Tests-1] TRACE - Resolving type for handle stborderid1a80type
10:17:37.314 [TestNG-test-Cucumber Tests-1] TRACE - Resolving type for handle stcellstylexfid70c7type
10:17:37.318 [TestNG-test-Cucumber Tests-1] TRACE - Resolving type for handle ctsheet4dbetype
10:17:37.327 [TestNG-test-Cucumber Tests-1] TRACE - Resolving type for handle ctworksheet530dtype
10:17:37.332 [TestNG-test-Cucumber Tests-1] TRACE - Resolving type for handle ctsheetformatprdef7type
10:17:37.337 [TestNG-test-Cucumber Tests-1] TRACE - Resolving type for handle ctsheetviewsb918type
10:17:37.343 [TestNG-test-Cucumber Tests-1] TRACE - Resolving type for handle ctsheetview0f43type
10:17:37.351 [TestNG-test-Cucumber Tests-1] TRACE - Resolving type for handle ctsheetdimensiond310type
10:17:37.355 [TestNG-test-Cucumber Tests-1] TRACE - Resolving type for handle stref90a2type
10:17:37.360 [TestNG-test-Cucumber Tests-1] TRACE - Resolving type for handle ctsheetdata8408type
10:17:37.362 [TestNG-test-Cucumber Tests-1] TRACE - Resolving type for handle ctpagemargins5455type
10:17:37.369 [TestNG-test-Cucumber Tests-1] TRACE - Resolving type for handle ctcols627ctype
10:17:37.372 [TestNG-test-Cucumber Tests-1] TRACE - Resolving type for handle strelationshipid1e94type
10:17:37.379 [TestNG-test-Cucumber Tests-1] TRACE - Resolving type for handle ctrowdd39type
10:17:37.384 [TestNG-test-Cucumber Tests-1] TRACE - Resolving type for handle ctcell842btype
10:17:37.396 [TestNG-test-Cucumber Tests-1] TRACE - Resolving type for handle stcellrefe4e0type
10:17:37.399 [TestNG-test-Cucumber Tests-1] TRACE - Resolving type for handle ctrsta472type
10:17:37.401 [TestNG-test-Cucumber Tests-1] TRACE - Resolving type for handle stcelltypebf95type
10:17:37.454 [TestNG-test-Cucumber Tests-1] TRACE - Resolving type for handle ctnumfmtsb58btype
10:17:37.459 [TestNG-test-Cucumber Tests-1] TRACE - Resolving type for handle ctfonts6623type
10:17:37.470 [TestNG-test-Cucumber Tests-1] TRACE - Resolving type for handle ctfills2c6ftype
10:17:37.478 [TestNG-test-Cucumber Tests-1] TRACE - Resolving type for handle ctborders0d66type
10:17:37.483 [TestNG-test-Cucumber Tests-1] TRACE - Resolving type for handle ctcellxfs1322type
10:17:37.495 [TestNG-test-Cucumber Tests-1] TRACE - Resolving type for handle ctcellstylexfsa81ftype
10:17:37.566 [TestNG-test-Cucumber Tests-1] DEBUG - Save core properties part
10:17:37.566 [TestNG-test-Cucumber Tests-1] DEBUG - Save content types part
10:17:37.853 [TestNG-test-Cucumber Tests-1] DEBUG - Save package relationships
10:17:37.878 [TestNG-test-Cucumber Tests-1] DEBUG - Save part 'docProps/app.xml'
10:17:37.883 [TestNG-test-Cucumber Tests-1] DEBUG - Save part 'docProps/core.xml'
10:17:37.899 [TestNG-test-Cucumber Tests-1] DEBUG - Save part 'xl/sharedStrings.xml'
10:17:37.899 [TestNG-test-Cucumber Tests-1] DEBUG - Save part 'xl/styles.xml'
10:17:37.900 [TestNG-test-Cucumber Tests-1] DEBUG - Save part 'xl/workbook.xml'
10:17:37.902 [TestNG-test-Cucumber Tests-1] DEBUG - Save part 'xl/worksheets/sheet1.xml'
10:17:37.911 [TestNG-test-Cucumber Tests-1] DEBUG - Save content types part
10:17:37.915 [TestNG-test-Cucumber Tests-1] DEBUG - Save package relationships
10:17:37.917 [TestNG-test-Cucumber Tests-1] DEBUG - Save part 'docProps/app.xml'
10:17:37.918 [TestNG-test-Cucumber Tests-1] DEBUG - Save part 'docProps/core.xml'
10:17:37.920 [TestNG-test-Cucumber Tests-1] DEBUG - Save part 'xl/sharedStrings.xml'
10:17:37.921 [TestNG-test-Cucumber Tests-1] DEBUG - Save part 'xl/styles.xml'
10:17:37.921 [TestNG-test-Cucumber Tests-1] DEBUG - Save part 'xl/workbook.xml'
10:17:37.925 [TestNG-test-Cucumber Tests-1] DEBUG - Save part 'xl/worksheets/sheet1.xml'
10:17:38.149 [TestNG-test-Cucumber Tests-3] DEBUG - Parsing relationship: /xl/_rels/workbook.xml.rels
10:17:38.151 [TestNG-test-Cucumber Tests-3] DEBUG - Parsing relationship: /_rels/.rels
10:17:38.221 [TestNG-test-Cucumber Tests-3] TRACE - Resolving type for handle themefd26doctype
10:17:38.268 [TestNG-test-Cucumber Tests-3] TRACE - Resolving type for handle ctdxfsb26atype
10:17:38.278 [TestNG-test-Cucumber Tests-3] TRACE - Resolving type for handle cttablestyles872ftype
10:17:38.299 [TestNG-test-Cucumber Tests-3] TRACE - Resolving type for handle workbookec17doctype
10:17:38.311 [TestNG-test-Cucumber Tests-3] TRACE - Resolving type for handle worksheetf539doctype
10:17:38.329 [TestNG-test-Cucumber Tests-3] TRACE - Resolving type for handle ctcola95ftype
10:17:40.480 [TestNG-test-Cucumber Tests-3] DEBUG - Save core properties part
10:17:40.480 [TestNG-test-Cucumber Tests-3] DEBUG - Save content types part
10:17:40.486 [TestNG-test-Cucumber Tests-3] DEBUG - Save package relationships
10:17:40.489 [TestNG-test-Cucumber Tests-3] DEBUG - Save part 'docProps/app.xml'
10:17:40.489 [TestNG-test-Cucumber Tests-3] DEBUG - Save part 'docProps/core.xml'
10:17:40.494 [TestNG-test-Cucumber Tests-3] DEBUG - Save part 'xl/sharedStrings.xml'
10:17:40.494 [TestNG-test-Cucumber Tests-3] DEBUG - Save part 'xl/styles.xml'
10:17:40.494 [TestNG-test-Cucumber Tests-3] DEBUG - Save part 'xl/workbook.xml'
10:17:40.497 [TestNG-test-Cucumber Tests-3] DEBUG - Save part 'xl/worksheets/sheet1.xml'
10:17:40.499 [TestNG-test-Cucumber Tests-3] DEBUG - Save content types part
10:17:40.501 [TestNG-test-Cucumber Tests-3] DEBUG - Save package relationships
10:17:40.503 [TestNG-test-Cucumber Tests-3] DEBUG - Save part 'docProps/app.xml'
10:17:40.504 [TestNG-test-Cucumber Tests-3] DEBUG - Save part 'docProps/core.xml'
10:17:40.510 [TestNG-test-Cucumber Tests-3] DEBUG - Save part 'xl/sharedStrings.xml'
10:17:40.510 [TestNG-test-Cucumber Tests-3] DEBUG - Save part 'xl/styles.xml'
10:17:40.511 [TestNG-test-Cucumber Tests-3] DEBUG - Save part 'xl/workbook.xml'
10:17:40.514 [TestNG-test-Cucumber Tests-3] DEBUG - Save part 'xl/worksheets/sheet1.xml'
10:17:44.005 [TestNG-test-Cucumber Tests-2] DEBUG - Save core properties part
10:17:44.006 [TestNG-test-Cucumber Tests-2] DEBUG - Save content types part
10:17:44.007 [TestNG-test-Cucumber Tests-2] DEBUG - Save package relationships
