16:10:39.778 [TestNG-test=Cucumber Tests-1] TRACE - Finished loading type system org.apache.poi.schemas.ooxml.system.ooxml
16:10:39.802 [TestNG-test=Cucumber Tests-3] TRACE - Resolving type for handle themefd26doctype
16:10:39.803 [TestNG-test=Cucumber Tests-1] TRACE - Resolving type for handle ctworkbook83c3type
16:10:39.934 [TestNG-test=Cucumber Tests-1] TRACE - Resolving type for handle ctworkbookpr03a5type
16:10:39.956 [TestNG-test=Cucumber Tests-3] TRACE - Resolving type for handle stylesheet5d8bdoctype
16:10:39.957 [TestNG-test=Cucumber Tests-1] TRACE - Resolving type for handle ctbookviewsb864type
16:10:39.964 [TestNG-test=Cucumber Tests-1] TRACE - Resolving type for handle ctbookviewf677type
16:10:39.969 [TestNG-test=Cucumber Tests-3] TRACE - Resolving type for handle ctstylesheet4257type
16:10:39.976 [TestNG-test=Cucumber Tests-3] TRACE - Resolving type for handle ctfonts6623type
16:10:39.984 [TestNG-test=Cucumber Tests-3] TRACE - Resolving type for handle ctfont14d8type
16:10:39.984 [TestNG-test=Cucumber Tests-1] TRACE - Resolving type for handle ctsheets49fdtype
16:10:39.991 [TestNG-test=Cucumber Tests-1] TRACE - Resolving type for handle propertiesee84doctype
16:10:39.995 [TestNG-test=Cucumber Tests-1] TRACE - Resolving type for handle ctproperties3f10type
16:10:40.000 [TestNG-test=Cucumber Tests-3] TRACE - Resolving type for handle ctfills2c6ftype
16:10:40.008 [TestNG-test=Cucumber Tests-3] TRACE - Resolving type for handle ctfill550ctype
16:10:40.008 [TestNG-test=Cucumber Tests-1] TRACE - Resolving type for handle properties288cdoctype
16:10:40.011 [TestNG-test=Cucumber Tests-1] TRACE - Resolving type for handle ctproperties2c18type
16:10:40.013 [TestNG-test=Cucumber Tests-3] TRACE - Resolving type for handle ctborders0d66type
16:10:40.019 [TestNG-test=Cucumber Tests-3] TRACE - Resolving type for handle ctborderf935type
16:10:40.023 [TestNG-test=Cucumber Tests-1] TRACE - Resolving type for handle sstf81fdoctype
16:10:40.027 [TestNG-test=Cucumber Tests-1] TRACE - Resolving type for handle ctsst44f3type
16:10:40.031 [TestNG-test=Cucumber Tests-3] TRACE - Resolving type for handle ctcellxfs1322type
16:10:40.035 [TestNG-test=Cucumber Tests-1] TRACE - Resolving type for handle ctfontsizeb3b9type
16:10:40.040 [TestNG-test=Cucumber Tests-3] TRACE - Resolving type for handle ctxf97f7type
16:10:40.049 [TestNG-test=Cucumber Tests-1] TRACE - Resolving type for handle ctcolord2c2type
16:10:40.052 [TestNG-test=Cucumber Tests-3] TRACE - Resolving type for handle ctcellstylexfsa81ftype
16:10:40.055 [TestNG-test=Cucumber Tests-1] TRACE - Resolving type for handle ctfontname2dc3type
16:10:40.058 [TestNG-test=Cucumber Tests-3] TRACE - Resolving type for handle ctdxfsb26atype
16:10:40.059 [TestNG-test=Cucumber Tests-1] TRACE - Resolving type for handle stxstringf179type
16:10:40.065 [TestNG-test=Cucumber Tests-3] TRACE - Resolving type for handle cttablestyles872ftype
16:10:40.067 [TestNG-test=Cucumber Tests-1] TRACE - Resolving type for handle ctfontfamily685ctype
16:10:40.072 [TestNG-test=Cucumber Tests-1] TRACE - Resolving type for handle stfontfamily9c6ctype
16:10:40.086 [TestNG-test=Cucumber Tests-1] TRACE - Resolving type for handle ctfontschemebf5dtype
16:10:40.093 [TestNG-test=Cucumber Tests-1] TRACE - Resolving type for handle stfontschemef36dtype
16:10:40.095 [TestNG-test=Cucumber Tests-3] TRACE - Resolving type for handle ctrsta472type
16:10:40.104 [TestNG-test=Cucumber Tests-1] TRACE - Resolving type for handle ctpatternfill7452type
16:10:40.118 [TestNG-test=Cucumber Tests-1] TRACE - Resolving type for handle stpatterntype7939type
16:10:40.124 [TestNG-test=Cucumber Tests-1] TRACE - Resolving type for handle ctborderpre497type
16:10:40.131 [TestNG-test=Cucumber Tests-1] TRACE - Resolving type for handle stnumfmtid76fbtype
16:10:40.137 [TestNG-test=Cucumber Tests-1] TRACE - Resolving type for handle stfontid9d63type
16:10:40.143 [TestNG-test=Cucumber Tests-1] TRACE - Resolving type for handle stfillida097type
16:10:40.147 [TestNG-test=Cucumber Tests-1] TRACE - Resolving type for handle stborderid1a80type
16:10:40.152 [TestNG-test=Cucumber Tests-1] TRACE - Resolving type for handle stcellstylexfid70c7type
16:10:40.159 [TestNG-test=Cucumber Tests-3] TRACE - Resolving type for handle workbookec17doctype
16:10:40.168 [TestNG-test=Cucumber Tests-1] TRACE - Resolving type for handle ctsheet4dbetype
16:10:40.175 [TestNG-test=Cucumber Tests-3] TRACE - Resolving type for handle strelationshipid1e94type
16:10:40.185 [TestNG-test=Cucumber Tests-1] TRACE - Resolving type for handle ctworksheet530dtype
16:10:40.192 [TestNG-test=Cucumber Tests-3] TRACE - Resolving type for handle worksheetf539doctype
16:10:40.204 [TestNG-test=Cucumber Tests-3] TRACE - Resolving type for handle ctsheetdata8408type
16:10:40.204 [TestNG-test=Cucumber Tests-1] TRACE - Resolving type for handle ctsheetformatprdef7type
16:10:40.212 [TestNG-test=Cucumber Tests-3] TRACE - Resolving type for handle ctrowdd39type
16:10:40.228 [TestNG-test=Cucumber Tests-3] TRACE - Resolving type for handle ctcell842btype
16:10:40.233 [TestNG-test=Cucumber Tests-1] TRACE - Resolving type for handle ctsheetviewsb918type
16:10:40.265 [TestNG-test=Cucumber Tests-1] TRACE - Resolving type for handle ctsheetview0f43type
16:10:40.269 [TestNG-test=Cucumber Tests-3] TRACE - Resolving type for handle stcellrefe4e0type
16:10:40.284 [TestNG-test=Cucumber Tests-1] TRACE - Resolving type for handle ctsheetdimensiond310type
16:10:40.290 [TestNG-test=Cucumber Tests-1] TRACE - Resolving type for handle stref90a2type
16:10:40.293 [TestNG-test=Cucumber Tests-1] TRACE - Resolving type for handle ctpagemargins5455type
16:10:40.299 [TestNG-test=Cucumber Tests-3] TRACE - Resolving type for handle ctcols627ctype
16:10:40.314 [TestNG-test=Cucumber Tests-3] TRACE - Resolving type for handle ctcola95ftype
16:10:40.320 [TestNG-test=Cucumber Tests-1] TRACE - Resolving type for handle stcelltypebf95type
16:10:40.393 [TestNG-test=Cucumber Tests-1] TRACE - Resolving type for handle ctnumfmtsb58btype
16:10:40.442 [TestNG-test=Cucumber Tests-1] DEBUG - Save core properties part
16:10:40.443 [TestNG-test=Cucumber Tests-1] DEBUG - Save content types part
16:10:40.655 [TestNG-test=Cucumber Tests-1] DEBUG - Save package relationships
16:10:40.665 [TestNG-test=Cucumber Tests-1] DEBUG - Save part 'docProps/app.xml'
16:10:40.666 [TestNG-test=Cucumber Tests-1] DEBUG - Save part 'docProps/core.xml'
16:10:40.673 [TestNG-test=Cucumber Tests-1] DEBUG - Save part 'xl/sharedStrings.xml'
16:10:40.674 [TestNG-test=Cucumber Tests-1] DEBUG - Save part 'xl/styles.xml'
16:10:40.674 [TestNG-test=Cucumber Tests-1] DEBUG - Save part 'xl/workbook.xml'
16:10:40.680 [TestNG-test=Cucumber Tests-1] DEBUG - Save part 'xl/worksheets/sheet1.xml'
16:10:40.685 [TestNG-test=Cucumber Tests-1] DEBUG - Save content types part
16:10:40.689 [TestNG-test=Cucumber Tests-1] DEBUG - Save package relationships
16:10:40.694 [TestNG-test=Cucumber Tests-1] DEBUG - Save part 'docProps/app.xml'
16:10:40.697 [TestNG-test=Cucumber Tests-1] DEBUG - Save part 'docProps/core.xml'
16:10:40.702 [TestNG-test=Cucumber Tests-1] DEBUG - Save part 'xl/sharedStrings.xml'
16:10:40.702 [TestNG-test=Cucumber Tests-1] DEBUG - Save part 'xl/styles.xml'
16:10:40.703 [TestNG-test=Cucumber Tests-1] DEBUG - Save part 'xl/workbook.xml'
16:10:40.709 [TestNG-test=Cucumber Tests-1] DEBUG - Save part 'xl/worksheets/sheet1.xml'
16:10:42.987 [TestNG-test=Cucumber Tests-3] DEBUG - Save core properties part
16:10:42.988 [TestNG-test=Cucumber Tests-3] DEBUG - Save content types part
16:10:42.990 [TestNG-test=Cucumber Tests-3] DEBUG - Save package relationships
16:10:42.994 [TestNG-test=Cucumber Tests-3] DEBUG - Save part 'docProps/app.xml'
16:10:42.995 [TestNG-test=Cucumber Tests-3] DEBUG - Save part 'docProps/core.xml'
16:10:42.998 [TestNG-test=Cucumber Tests-3] DEBUG - Save part 'xl/sharedStrings.xml'
16:10:42.999 [TestNG-test=Cucumber Tests-3] DEBUG - Save part 'xl/styles.xml'
16:10:42.999 [TestNG-test=Cucumber Tests-3] DEBUG - Save part 'xl/workbook.xml'
16:10:43.001 [TestNG-test=Cucumber Tests-3] DEBUG - Save part 'xl/worksheets/sheet1.xml'
16:10:43.003 [TestNG-test=Cucumber Tests-3] DEBUG - Save content types part
16:10:43.008 [TestNG-test=Cucumber Tests-3] DEBUG - Save package relationships
16:10:43.011 [TestNG-test=Cucumber Tests-3] DEBUG - Save part 'docProps/app.xml'
16:10:43.012 [TestNG-test=Cucumber Tests-3] DEBUG - Save part 'docProps/core.xml'
16:10:43.014 [TestNG-test=Cucumber Tests-3] DEBUG - Save part 'xl/sharedStrings.xml'
16:10:43.014 [TestNG-test=Cucumber Tests-3] DEBUG - Save part 'xl/styles.xml'
16:10:43.015 [TestNG-test=Cucumber Tests-3] DEBUG - Save part 'xl/workbook.xml'
16:10:43.018 [TestNG-test=Cucumber Tests-3] DEBUG - Save part 'xl/worksheets/sheet1.xml'
16:10:47.283 [TestNG-test=Cucumber Tests-4] DEBUG - Save core properties part
16:10:47.283 [TestNG-test=Cucumber Tests-4] DEBUG - Save content types part
16:10:47.284 [TestNG-test=Cucumber Tests-4] DEBUG - Save package relationships
16:10:47.286 [TestNG-test=Cucumber Tests-4] DEBUG - Save part 'docProps/app.xml'
16:10:47.286 [TestNG-test=Cucumber Tests-4] DEBUG - Save part 'docProps/core.xml'
16:10:47.288 [TestNG-test=Cucumber Tests-4] DEBUG - Save part 'xl/sharedStrings.xml'
16:10:47.288 [TestNG-test=Cucumber Tests-4] DEBUG - Save part 'xl/styles.xml'
16:10:47.288 [TestNG-test=Cucumber Tests-4] DEBUG - Save part 'xl/workbook.xml'
16:10:47.290 [TestNG-test=Cucumber Tests-4] DEBUG - Save part 'xl/worksheets/sheet1.xml'
16:10:47.292 [TestNG-test=Cucumber Tests-4] DEBUG - Save content types part
16:10:47.295 [TestNG-test=Cucumber Tests-4] DEBUG - Save package relationships
16:10:47.297 [TestNG-test=Cucumber Tests-4] DEBUG - Save part 'docProps/app.xml'
16:10:47.298 [TestNG-test=Cucumber Tests-4] DEBUG - Save part 'docProps/core.xml'
16:10:47.300 [TestNG-test=Cucumber Tests-4] DEBUG - Save part 'xl/sharedStrings.xml'
16:10:47.300 [TestNG-test=Cucumber Tests-4] DEBUG - Save part 'xl/styles.xml'
16:10:47.301 [TestNG-test=Cucumber Tests-4] DEBUG - Save part 'xl/workbook.xml'
16:10:47.302 [TestNG-test=Cucumber Tests-4] DEBUG - Save part 'xl/worksheets/sheet1.xml'
16:11:31.916 [TestNG-test=Cucumber Tests-1] INFO  - Browser initialized: chrome
16:11:34.210 [TestNG-test=Cucumber Tests-3] INFO  - Browser initialized: chrome
16:11:36.879 [TestNG-test=Cucumber Tests-2] INFO  - Browser initialized: chrome
16:11:37.322 [TestNG-test=Cucumber Tests-4] INFO  - Browser initialized: chrome
16:11:41.522 [TestNG-test=Cucumber Tests-3] INFO  - Navigated to URL: https://www.pepperfry.com
16:11:47.355 [TestNG-test=Cucumber Tests-3] DEBUG - Parsing relationship: /xl/_rels/workbook.xml.rels
16:11:47.479 [TestNG-test=Cucumber Tests-3] DEBUG - Parsing relationship: /_rels/.rels
16:11:48.326 [TestNG-test=Cucumber Tests-3] TRACE - Loading type system org.apache.poi.schemas.ooxml.system.ooxml
16:11:48.340 [TestNG-test=Cucumber Tests-3] TRACE - Loading type system org.apache.xmlbeans.metadata.system.sXMLCONFIG
16:11:48.342 [TestNG-test=Cucumber Tests-3] TRACE - Loading type system org.apache.xmlbeans.metadata.system.sXMLLANG
16:11:48.343 [TestNG-test=Cucumber Tests-3] TRACE - Loading type system org.apache.xmlbeans.metadata.system.sXMLSCHEMA
16:11:48.344 [TestNG-test=Cucumber Tests-3] TRACE - Loading type system org.apache.xmlbeans.metadata.system.sXMLTOOLS
16:11:48.346 [TestNG-test=Cucumber Tests-3] TRACE - Reading unresolved handles for type system org.apache.xmlbeans.metadata.system.sXMLTOOLS
16:11:48.390 [TestNG-test=Cucumber Tests-3] TRACE - Finished loading type system org.apache.xmlbeans.metadata.system.sXMLTOOLS
16:11:48.392 [TestNG-test=Cucumber Tests-3] TRACE - Reading unresolved handles for type system org.apache.xmlbeans.metadata.system.sXMLSCHEMA
16:11:48.401 [TestNG-test=Cucumber Tests-3] TRACE - Finished loading type system org.apache.xmlbeans.metadata.system.sXMLSCHEMA
16:11:48.406 [TestNG-test=Cucumber Tests-3] TRACE - Reading unresolved handles for type system org.apache.xmlbeans.metadata.system.sXMLLANG
16:11:48.409 [TestNG-test=Cucumber Tests-3] TRACE - Finished loading type system org.apache.xmlbeans.metadata.system.sXMLLANG
16:11:48.412 [TestNG-test=Cucumber Tests-3] TRACE - Reading unresolved handles for type system org.apache.xmlbeans.metadata.system.sXMLCONFIG
16:11:48.413 [TestNG-test=Cucumber Tests-3] TRACE - Finished loading type system org.apache.xmlbeans.metadata.system.sXMLCONFIG
16:11:48.420 [TestNG-test=Cucumber Tests-3] TRACE - Reading unresolved handles for type system org.apache.poi.schemas.ooxml.system.ooxml
16:11:48.554 [TestNG-test=Cucumber Tests-3] TRACE - Finished loading type system org.apache.poi.schemas.ooxml.system.ooxml
16:11:48.556 [TestNG-test=Cucumber Tests-3] TRACE - Resolving type for handle themefd26doctype
16:11:48.743 [TestNG-test=Cucumber Tests-3] TRACE - Resolving type for handle stylesheet5d8bdoctype
16:11:48.754 [TestNG-test=Cucumber Tests-3] TRACE - Resolving type for handle ctstylesheet4257type
16:11:48.760 [TestNG-test=Cucumber Tests-3] TRACE - Resolving type for handle ctfonts6623type
16:11:48.764 [TestNG-test=Cucumber Tests-3] TRACE - Resolving type for handle ctfont14d8type
16:11:48.776 [TestNG-test=Cucumber Tests-3] TRACE - Resolving type for handle ctfills2c6ftype
16:11:48.780 [TestNG-test=Cucumber Tests-3] TRACE - Resolving type for handle ctfill550ctype
16:11:48.789 [TestNG-test=Cucumber Tests-3] TRACE - Resolving type for handle ctborders0d66type
16:11:48.794 [TestNG-test=Cucumber Tests-3] TRACE - Resolving type for handle ctborderf935type
16:11:48.797 [TestNG-test=Cucumber Tests-3] TRACE - Resolving type for handle ctcellxfs1322type
16:11:48.809 [TestNG-test=Cucumber Tests-3] TRACE - Resolving type for handle ctxf97f7type
16:11:48.814 [TestNG-test=Cucumber Tests-3] TRACE - Resolving type for handle ctcellstylexfsa81ftype
16:11:48.822 [TestNG-test=Cucumber Tests-3] TRACE - Resolving type for handle ctdxfsb26atype
16:11:48.825 [TestNG-test=Cucumber Tests-3] TRACE - Resolving type for handle cttablestyles872ftype
16:11:48.828 [TestNG-test=Cucumber Tests-3] TRACE - Resolving type for handle sstf81fdoctype
16:11:48.840 [TestNG-test=Cucumber Tests-3] TRACE - Resolving type for handle ctsst44f3type
16:11:48.857 [TestNG-test=Cucumber Tests-3] TRACE - Resolving type for handle ctrsta472type
16:11:48.889 [TestNG-test=Cucumber Tests-3] TRACE - Resolving type for handle workbookec17doctype
16:11:48.895 [TestNG-test=Cucumber Tests-3] TRACE - Resolving type for handle ctworkbook83c3type
16:11:48.905 [TestNG-test=Cucumber Tests-3] TRACE - Resolving type for handle ctsheets49fdtype
16:11:48.911 [TestNG-test=Cucumber Tests-3] TRACE - Resolving type for handle ctsheet4dbetype
16:11:48.914 [TestNG-test=Cucumber Tests-3] TRACE - Resolving type for handle strelationshipid1e94type
16:11:48.926 [TestNG-test=Cucumber Tests-3] TRACE - Resolving type for handle worksheetf539doctype
16:11:48.941 [TestNG-test=Cucumber Tests-3] TRACE - Resolving type for handle ctworksheet530dtype
16:11:48.957 [TestNG-test=Cucumber Tests-3] TRACE - Resolving type for handle ctsheetdata8408type
16:11:48.962 [TestNG-test=Cucumber Tests-3] TRACE - Resolving type for handle ctrowdd39type
16:11:48.976 [TestNG-test=Cucumber Tests-3] TRACE - Resolving type for handle ctcell842btype
16:11:48.993 [TestNG-test=Cucumber Tests-3] TRACE - Resolving type for handle stcellrefe4e0type
16:11:49.010 [TestNG-test=Cucumber Tests-3] TRACE - Resolving type for handle ctcols627ctype
16:11:49.025 [TestNG-test=Cucumber Tests-3] TRACE - Resolving type for handle ctcola95ftype
16:11:49.079 [TestNG-test=Cucumber Tests-3] TRACE - Resolving type for handle stxstringf179type
16:11:49.089 [TestNG-test=Cucumber Tests-3] TRACE - Resolving type for handle stcelltypebf95type
16:11:49.112 [TestNG-test=Cucumber Tests-3] TRACE - Resolving type for handle stcellstylexfid70c7type
16:11:49.127 [TestNG-test=Cucumber Tests-3] TRACE - Resolving type for handle stnumfmtid76fbtype
16:11:50.157 [TestNG-test=Cucumber Tests-4] INFO  - Navigated to URL: https://www.pepperfry.com
16:11:50.702 [TestNG-test=Cucumber Tests-1] INFO  - Navigated to URL: https://www.pepperfry.com
16:11:51.712 [TestNG-test=Cucumber Tests-2] INFO  - Navigated to URL: https://www.pepperfry.com
16:11:52.272 [TestNG-test=Cucumber Tests-3] TRACE - Resolving type for handle ctworkbookpr03a5type
16:11:52.304 [TestNG-test=Cucumber Tests-3] TRACE - Resolving type for handle ctbookviewsb864type
16:11:52.309 [TestNG-test=Cucumber Tests-3] TRACE - Resolving type for handle ctbookviewf677type
16:11:52.325 [TestNG-test=Cucumber Tests-3] TRACE - Resolving type for handle propertiesee84doctype
16:11:52.334 [TestNG-test=Cucumber Tests-3] TRACE - Resolving type for handle ctproperties3f10type
16:11:52.345 [TestNG-test=Cucumber Tests-3] TRACE - Resolving type for handle properties288cdoctype
16:11:52.349 [TestNG-test=Cucumber Tests-3] TRACE - Resolving type for handle ctproperties2c18type
16:11:52.361 [TestNG-test=Cucumber Tests-3] TRACE - Resolving type for handle ctfontsizeb3b9type
16:11:52.370 [TestNG-test=Cucumber Tests-3] TRACE - Resolving type for handle ctcolord2c2type
16:11:52.376 [TestNG-test=Cucumber Tests-3] TRACE - Resolving type for handle ctfontname2dc3type
16:11:52.385 [TestNG-test=Cucumber Tests-3] TRACE - Resolving type for handle ctfontfamily685ctype
16:11:52.394 [TestNG-test=Cucumber Tests-3] TRACE - Resolving type for handle stfontfamily9c6ctype
16:11:52.413 [TestNG-test=Cucumber Tests-3] TRACE - Resolving type for handle ctfontschemebf5dtype
16:11:52.423 [TestNG-test=Cucumber Tests-3] TRACE - Resolving type for handle stfontschemef36dtype
16:11:52.428 [TestNG-test=Cucumber Tests-3] TRACE - Resolving type for handle ctpatternfill7452type
16:11:52.437 [TestNG-test=Cucumber Tests-3] TRACE - Resolving type for handle stpatterntype7939type
16:11:52.447 [TestNG-test=Cucumber Tests-3] TRACE - Resolving type for handle ctborderpre497type
16:11:52.461 [TestNG-test=Cucumber Tests-3] TRACE - Resolving type for handle stfontid9d63type
16:11:52.468 [TestNG-test=Cucumber Tests-3] TRACE - Resolving type for handle stfillida097type
16:11:52.473 [TestNG-test=Cucumber Tests-3] TRACE - Resolving type for handle stborderid1a80type
16:11:52.482 [TestNG-test=Cucumber Tests-3] TRACE - Resolving type for handle ctsheetformatprdef7type
16:11:52.491 [TestNG-test=Cucumber Tests-3] TRACE - Resolving type for handle ctsheetviewsb918type
16:11:52.506 [TestNG-test=Cucumber Tests-3] TRACE - Resolving type for handle ctsheetview0f43type
16:11:52.518 [TestNG-test=Cucumber Tests-3] TRACE - Resolving type for handle ctsheetdimensiond310type
16:11:52.527 [TestNG-test=Cucumber Tests-3] TRACE - Resolving type for handle stref90a2type
16:11:52.538 [TestNG-test=Cucumber Tests-3] TRACE - Resolving type for handle ctpagemargins5455type
16:11:52.591 [TestNG-test=Cucumber Tests-3] TRACE - Resolving type for handle ctnumfmtsb58btype
16:11:52.636 [TestNG-test=Cucumber Tests-3] DEBUG - Save core properties part
16:11:52.637 [TestNG-test=Cucumber Tests-3] DEBUG - Save content types part
16:11:52.891 [TestNG-test=Cucumber Tests-3] DEBUG - Save package relationships
16:11:52.925 [TestNG-test=Cucumber Tests-3] DEBUG - Save part 'docProps/app.xml'
16:11:52.927 [TestNG-test=Cucumber Tests-3] DEBUG - Save part 'docProps/core.xml'
16:11:52.948 [TestNG-test=Cucumber Tests-3] DEBUG - Save part 'xl/sharedStrings.xml'
16:11:52.950 [TestNG-test=Cucumber Tests-3] DEBUG - Save part 'xl/styles.xml'
16:11:52.951 [TestNG-test=Cucumber Tests-3] DEBUG - Save part 'xl/workbook.xml'
16:11:52.958 [TestNG-test=Cucumber Tests-3] DEBUG - Save part 'xl/worksheets/sheet1.xml'
16:11:52.962 [TestNG-test=Cucumber Tests-3] DEBUG - Save content types part
16:11:52.966 [TestNG-test=Cucumber Tests-3] DEBUG - Save package relationships
16:11:52.970 [TestNG-test=Cucumber Tests-3] DEBUG - Save part 'docProps/app.xml'
16:11:52.970 [TestNG-test=Cucumber Tests-3] DEBUG - Save part 'docProps/core.xml'
16:11:52.975 [TestNG-test=Cucumber Tests-3] DEBUG - Save part 'xl/sharedStrings.xml'
16:11:52.976 [TestNG-test=Cucumber Tests-3] DEBUG - Save part 'xl/styles.xml'
16:11:52.976 [TestNG-test=Cucumber Tests-3] DEBUG - Save part 'xl/workbook.xml'
16:11:52.981 [TestNG-test=Cucumber Tests-3] DEBUG - Save part 'xl/worksheets/sheet1.xml'
16:11:55.940 [TestNG-test=Cucumber Tests-1] DEBUG - Save core properties part
16:11:55.941 [TestNG-test=Cucumber Tests-1] DEBUG - Save content types part
16:11:55.951 [TestNG-test=Cucumber Tests-1] DEBUG - Save package relationships
16:11:55.968 [TestNG-test=Cucumber Tests-1] DEBUG - Save part 'docProps/app.xml'
16:11:55.970 [TestNG-test=Cucumber Tests-1] DEBUG - Save part 'docProps/core.xml'
16:11:55.978 [TestNG-test=Cucumber Tests-1] DEBUG - Save part 'xl/sharedStrings.xml'
16:11:55.980 [TestNG-test=Cucumber Tests-1] DEBUG - Save part 'xl/styles.xml'
16:11:55.983 [TestNG-test=Cucumber Tests-1] DEBUG - Save part 'xl/workbook.xml'
16:11:55.988 [TestNG-test=Cucumber Tests-1] DEBUG - Save part 'xl/worksheets/sheet1.xml'
16:11:55.992 [TestNG-test=Cucumber Tests-1] DEBUG - Save content types part
16:11:55.995 [TestNG-test=Cucumber Tests-1] DEBUG - Save package relationships
16:11:56.004 [TestNG-test=Cucumber Tests-1] DEBUG - Save part 'docProps/app.xml'
16:11:56.005 [TestNG-test=Cucumber Tests-1] DEBUG - Save part 'docProps/core.xml'
16:11:56.008 [TestNG-test=Cucumber Tests-1] DEBUG - Save part 'xl/sharedStrings.xml'
16:11:56.009 [TestNG-test=Cucumber Tests-1] DEBUG - Save part 'xl/styles.xml'
16:11:56.009 [TestNG-test=Cucumber Tests-1] DEBUG - Save part 'xl/workbook.xml'
16:11:56.019 [TestNG-test=Cucumber Tests-1] DEBUG - Save part 'xl/worksheets/sheet1.xml'
16:12:05.124 [TestNG-test=Cucumber Tests-2] DEBUG - Save core properties part
16:12:05.125 [TestNG-test=Cucumber Tests-2] DEBUG - Save content types part
16:12:05.128 [TestNG-test=Cucumber Tests-2] DEBUG - Save package relationships
16:12:05.130 [TestNG-test=Cucumber Tests-2] DEBUG - Save part 'docProps/app.xml'
16:12:05.131 [TestNG-test=Cucumber Tests-2] DEBUG - Save part 'docProps/core.xml'
16:12:05.134 [TestNG-test=Cucumber Tests-2] DEBUG - Save part 'xl/sharedStrings.xml'
16:12:05.135 [TestNG-test=Cucumber Tests-2] DEBUG - Save part 'xl/styles.xml'
16:12:05.135 [TestNG-test=Cucumber Tests-2] DEBUG - Save part 'xl/workbook.xml'
16:12:05.138 [TestNG-test=Cucumber Tests-2] DEBUG - Save part 'xl/worksheets/sheet1.xml'
16:12:05.140 [TestNG-test=Cucumber Tests-2] DEBUG - Save content types part
16:12:05.143 [TestNG-test=Cucumber Tests-2] DEBUG - Save package relationships
16:12:05.145 [TestNG-test=Cucumber Tests-2] DEBUG - Save part 'docProps/app.xml'
16:12:05.146 [TestNG-test=Cucumber Tests-2] DEBUG - Save part 'docProps/core.xml'
16:12:05.148 [TestNG-test=Cucumber Tests-2] DEBUG - Save part 'xl/sharedStrings.xml'
16:12:05.148 [TestNG-test=Cucumber Tests-2] DEBUG - Save part 'xl/styles.xml'
16:12:05.149 [TestNG-test=Cucumber Tests-2] DEBUG - Save part 'xl/workbook.xml'
16:12:05.151 [TestNG-test=Cucumber Tests-2] DEBUG - Save part 'xl/worksheets/sheet1.xml'
16:12:06.253 [TestNG-test=Cucumber Tests-4] DEBUG - Save core properties part
16:12:06.254 [TestNG-test=Cucumber Tests-4] DEBUG - Save content types part
16:12:06.258 [TestNG-test=Cucumber Tests-4] DEBUG - Save package relationships
16:12:06.261 [TestNG-test=Cucumber Tests-4] DEBUG - Save part 'docProps/app.xml'
16:12:06.262 [TestNG-test=Cucumber Tests-4] DEBUG - Save part 'docProps/core.xml'
16:12:06.265 [TestNG-test=Cucumber Tests-4] DEBUG - Save part 'xl/sharedStrings.xml'
16:12:06.266 [TestNG-test=Cucumber Tests-4] DEBUG - Save part 'xl/styles.xml'
16:12:06.267 [TestNG-test=Cucumber Tests-4] DEBUG - Save part 'xl/workbook.xml'
16:12:06.273 [TestNG-test=Cucumber Tests-4] DEBUG - Save part 'xl/worksheets/sheet1.xml'
16:12:06.274 [TestNG-test=Cucumber Tests-4] DEBUG - Save content types part
16:12:06.281 [TestNG-test=Cucumber Tests-4] DEBUG - Save package relationships
16:12:06.288 [TestNG-test=Cucumber Tests-4] DEBUG - Save part 'docProps/app.xml'
16:12:06.289 [TestNG-test=Cucumber Tests-4] DEBUG - Save part 'docProps/core.xml'
16:12:06.295 [TestNG-test=Cucumber Tests-4] DEBUG - Save part 'xl/sharedStrings.xml'
16:12:06.295 [TestNG-test=Cucumber Tests-4] DEBUG - Save part 'xl/styles.xml'
16:12:06.295 [TestNG-test=Cucumber Tests-4] DEBUG - Save part 'xl/workbook.xml'
16:12:06.300 [TestNG-test=Cucumber Tests-4] DEBUG - Save part 'xl/worksheets/sheet1.xml'
16:13:43.749 [TestNG-test=Cucumber Tests-2] INFO  - Browser initialized: chrome
16:13:44.329 [TestNG-test=Cucumber Tests-4] INFO  - Browser initialized: chrome
16:13:46.264 [TestNG-test=Cucumber Tests-3] INFO  - Browser initialized: chrome
16:13:49.255 [TestNG-test=Cucumber Tests-2] INFO  - Navigated to URL: https://www.pepperfry.com
16:13:50.074 [TestNG-test=Cucumber Tests-1] INFO  - Browser initialized: chrome
16:14:00.089 [TestNG-test=Cucumber Tests-3] INFO  - Navigated to URL: https://www.pepperfry.com
16:14:05.401 [TestNG-test=Cucumber Tests-3] DEBUG - Parsing relationship: /xl/_rels/workbook.xml.rels
16:14:05.489 [TestNG-test=Cucumber Tests-3] DEBUG - Parsing relationship: /_rels/.rels
16:14:05.566 [TestNG-test=Cucumber Tests-4] INFO  - Navigated to URL: https://www.pepperfry.com
16:14:06.147 [TestNG-test=Cucumber Tests-3] TRACE - Loading type system org.apache.poi.schemas.ooxml.system.ooxml
16:14:06.155 [TestNG-test=Cucumber Tests-3] TRACE - Loading type system org.apache.xmlbeans.metadata.system.sXMLCONFIG
16:14:06.158 [TestNG-test=Cucumber Tests-3] TRACE - Loading type system org.apache.xmlbeans.metadata.system.sXMLLANG
16:14:06.161 [TestNG-test=Cucumber Tests-3] TRACE - Loading type system org.apache.xmlbeans.metadata.system.sXMLSCHEMA
16:14:06.163 [TestNG-test=Cucumber Tests-3] TRACE - Loading type system org.apache.xmlbeans.metadata.system.sXMLTOOLS
16:14:06.168 [TestNG-test=Cucumber Tests-3] TRACE - Reading unresolved handles for type system org.apache.xmlbeans.metadata.system.sXMLTOOLS
16:14:06.220 [TestNG-test=Cucumber Tests-3] TRACE - Finished loading type system org.apache.xmlbeans.metadata.system.sXMLTOOLS
16:14:06.222 [TestNG-test=Cucumber Tests-3] TRACE - Reading unresolved handles for type system org.apache.xmlbeans.metadata.system.sXMLSCHEMA
16:14:06.231 [TestNG-test=Cucumber Tests-3] TRACE - Finished loading type system org.apache.xmlbeans.metadata.system.sXMLSCHEMA
16:14:06.235 [TestNG-test=Cucumber Tests-3] TRACE - Reading unresolved handles for type system org.apache.xmlbeans.metadata.system.sXMLLANG
16:14:06.237 [TestNG-test=Cucumber Tests-3] TRACE - Finished loading type system org.apache.xmlbeans.metadata.system.sXMLLANG
16:14:06.241 [TestNG-test=Cucumber Tests-3] TRACE - Reading unresolved handles for type system org.apache.xmlbeans.metadata.system.sXMLCONFIG
16:14:06.244 [TestNG-test=Cucumber Tests-3] TRACE - Finished loading type system org.apache.xmlbeans.metadata.system.sXMLCONFIG
16:14:06.246 [TestNG-test=Cucumber Tests-3] TRACE - Reading unresolved handles for type system org.apache.poi.schemas.ooxml.system.ooxml
16:14:06.439 [TestNG-test=Cucumber Tests-3] TRACE - Finished loading type system org.apache.poi.schemas.ooxml.system.ooxml
16:14:06.443 [TestNG-test=Cucumber Tests-3] TRACE - Resolving type for handle themefd26doctype
16:14:06.736 [TestNG-test=Cucumber Tests-3] TRACE - Resolving type for handle stylesheet5d8bdoctype
16:14:06.752 [TestNG-test=Cucumber Tests-3] TRACE - Resolving type for handle ctstylesheet4257type
16:14:06.769 [TestNG-test=Cucumber Tests-3] TRACE - Resolving type for handle ctfonts6623type
16:14:06.783 [TestNG-test=Cucumber Tests-3] TRACE - Resolving type for handle ctfont14d8type
16:14:06.800 [TestNG-test=Cucumber Tests-3] TRACE - Resolving type for handle ctfills2c6ftype
16:14:06.811 [TestNG-test=Cucumber Tests-3] TRACE - Resolving type for handle ctfill550ctype
16:14:06.821 [TestNG-test=Cucumber Tests-3] TRACE - Resolving type for handle ctborders0d66type
16:14:06.835 [TestNG-test=Cucumber Tests-3] TRACE - Resolving type for handle ctborderf935type
16:14:06.848 [TestNG-test=Cucumber Tests-3] TRACE - Resolving type for handle ctcellxfs1322type
16:14:06.857 [TestNG-test=Cucumber Tests-3] TRACE - Resolving type for handle ctxf97f7type
16:14:06.868 [TestNG-test=Cucumber Tests-3] TRACE - Resolving type for handle ctcellstylexfsa81ftype
16:14:06.875 [TestNG-test=Cucumber Tests-3] TRACE - Resolving type for handle ctdxfsb26atype
16:14:06.887 [TestNG-test=Cucumber Tests-3] TRACE - Resolving type for handle cttablestyles872ftype
16:14:06.902 [TestNG-test=Cucumber Tests-3] TRACE - Resolving type for handle sstf81fdoctype
16:14:06.919 [TestNG-test=Cucumber Tests-3] TRACE - Resolving type for handle ctsst44f3type
16:14:06.956 [TestNG-test=Cucumber Tests-3] TRACE - Resolving type for handle ctrsta472type
16:14:07.045 [TestNG-test=Cucumber Tests-3] TRACE - Resolving type for handle workbookec17doctype
16:14:07.055 [TestNG-test=Cucumber Tests-3] TRACE - Resolving type for handle ctworkbook83c3type
16:14:07.068 [TestNG-test=Cucumber Tests-3] TRACE - Resolving type for handle ctsheets49fdtype
16:14:07.072 [TestNG-test=Cucumber Tests-3] TRACE - Resolving type for handle ctsheet4dbetype
16:14:07.081 [TestNG-test=Cucumber Tests-3] TRACE - Resolving type for handle strelationshipid1e94type
16:14:07.087 [TestNG-test=Cucumber Tests-3] TRACE - Resolving type for handle worksheetf539doctype
16:14:07.102 [TestNG-test=Cucumber Tests-3] TRACE - Resolving type for handle ctworksheet530dtype
16:14:07.118 [TestNG-test=Cucumber Tests-3] TRACE - Resolving type for handle ctsheetdata8408type
16:14:07.128 [TestNG-test=Cucumber Tests-3] TRACE - Resolving type for handle ctrowdd39type
16:14:07.137 [TestNG-test=Cucumber Tests-3] TRACE - Resolving type for handle ctcell842btype
16:14:07.153 [TestNG-test=Cucumber Tests-3] TRACE - Resolving type for handle stcellrefe4e0type
16:14:07.178 [TestNG-test=Cucumber Tests-3] TRACE - Resolving type for handle ctcols627ctype
16:14:07.196 [TestNG-test=Cucumber Tests-3] TRACE - Resolving type for handle ctcola95ftype
16:14:07.279 [TestNG-test=Cucumber Tests-3] TRACE - Resolving type for handle stxstringf179type
16:14:07.288 [TestNG-test=Cucumber Tests-3] TRACE - Resolving type for handle stcelltypebf95type
16:14:07.334 [TestNG-test=Cucumber Tests-3] TRACE - Resolving type for handle stcellstylexfid70c7type
16:14:07.350 [TestNG-test=Cucumber Tests-3] TRACE - Resolving type for handle stnumfmtid76fbtype
16:14:11.546 [TestNG-test=Cucumber Tests-1] INFO  - Navigated to URL: https://www.pepperfry.com
16:14:12.627 [TestNG-test=Cucumber Tests-3] TRACE - Resolving type for handle ctworkbookpr03a5type
16:14:12.665 [TestNG-test=Cucumber Tests-3] TRACE - Resolving type for handle ctbookviewsb864type
16:14:12.696 [TestNG-test=Cucumber Tests-3] TRACE - Resolving type for handle ctbookviewf677type
16:14:12.717 [TestNG-test=Cucumber Tests-3] TRACE - Resolving type for handle propertiesee84doctype
16:14:12.732 [TestNG-test=Cucumber Tests-3] TRACE - Resolving type for handle ctproperties3f10type
16:14:12.772 [TestNG-test=Cucumber Tests-3] TRACE - Resolving type for handle properties288cdoctype
16:14:12.778 [TestNG-test=Cucumber Tests-3] TRACE - Resolving type for handle ctproperties2c18type
16:14:12.801 [TestNG-test=Cucumber Tests-3] TRACE - Resolving type for handle ctfontsizeb3b9type
16:14:12.814 [TestNG-test=Cucumber Tests-3] TRACE - Resolving type for handle ctcolord2c2type
16:14:12.825 [TestNG-test=Cucumber Tests-3] TRACE - Resolving type for handle ctfontname2dc3type
16:14:12.837 [TestNG-test=Cucumber Tests-3] TRACE - Resolving type for handle ctfontfamily685ctype
16:14:12.846 [TestNG-test=Cucumber Tests-3] TRACE - Resolving type for handle stfontfamily9c6ctype
16:14:12.862 [TestNG-test=Cucumber Tests-3] TRACE - Resolving type for handle ctfontschemebf5dtype
16:14:12.884 [TestNG-test=Cucumber Tests-3] TRACE - Resolving type for handle stfontschemef36dtype
16:14:12.894 [TestNG-test=Cucumber Tests-3] TRACE - Resolving type for handle ctpatternfill7452type
16:14:12.909 [TestNG-test=Cucumber Tests-3] TRACE - Resolving type for handle stpatterntype7939type
16:14:12.916 [TestNG-test=Cucumber Tests-3] TRACE - Resolving type for handle ctborderpre497type
16:14:12.926 [TestNG-test=Cucumber Tests-3] TRACE - Resolving type for handle stfontid9d63type
16:14:12.934 [TestNG-test=Cucumber Tests-3] TRACE - Resolving type for handle stfillida097type
16:14:12.940 [TestNG-test=Cucumber Tests-3] TRACE - Resolving type for handle stborderid1a80type
16:14:12.955 [TestNG-test=Cucumber Tests-3] TRACE - Resolving type for handle ctsheetformatprdef7type
16:14:12.969 [TestNG-test=Cucumber Tests-3] TRACE - Resolving type for handle ctsheetviewsb918type
16:14:12.976 [TestNG-test=Cucumber Tests-3] TRACE - Resolving type for handle ctsheetview0f43type
16:14:12.987 [TestNG-test=Cucumber Tests-3] TRACE - Resolving type for handle ctsheetdimensiond310type
16:14:12.995 [TestNG-test=Cucumber Tests-3] TRACE - Resolving type for handle stref90a2type
16:14:13.001 [TestNG-test=Cucumber Tests-3] TRACE - Resolving type for handle ctpagemargins5455type
16:14:13.065 [TestNG-test=Cucumber Tests-3] TRACE - Resolving type for handle ctnumfmtsb58btype
16:14:13.109 [TestNG-test=Cucumber Tests-3] DEBUG - Save core properties part
16:14:13.110 [TestNG-test=Cucumber Tests-3] DEBUG - Save content types part
16:14:13.297 [TestNG-test=Cucumber Tests-3] DEBUG - Save package relationships
16:14:13.309 [TestNG-test=Cucumber Tests-3] DEBUG - Save part 'docProps/app.xml'
16:14:13.310 [TestNG-test=Cucumber Tests-3] DEBUG - Save part 'docProps/core.xml'
16:14:13.317 [TestNG-test=Cucumber Tests-3] DEBUG - Save part 'xl/sharedStrings.xml'
16:14:13.318 [TestNG-test=Cucumber Tests-3] DEBUG - Save part 'xl/styles.xml'
16:14:13.319 [TestNG-test=Cucumber Tests-3] DEBUG - Save part 'xl/workbook.xml'
16:14:13.324 [TestNG-test=Cucumber Tests-3] DEBUG - Save part 'xl/worksheets/sheet1.xml'
16:14:13.327 [TestNG-test=Cucumber Tests-3] DEBUG - Save content types part
16:14:13.333 [TestNG-test=Cucumber Tests-3] DEBUG - Save package relationships
16:14:13.342 [TestNG-test=Cucumber Tests-3] DEBUG - Save part 'docProps/app.xml'
16:14:13.348 [TestNG-test=Cucumber Tests-3] DEBUG - Save part 'docProps/core.xml'
16:14:13.352 [TestNG-test=Cucumber Tests-3] DEBUG - Save part 'xl/sharedStrings.xml'
16:14:13.353 [TestNG-test=Cucumber Tests-3] DEBUG - Save part 'xl/styles.xml'
16:14:13.353 [TestNG-test=Cucumber Tests-3] DEBUG - Save part 'xl/workbook.xml'
16:14:13.357 [TestNG-test=Cucumber Tests-3] DEBUG - Save part 'xl/worksheets/sheet1.xml'
16:14:17.207 [TestNG-test=Cucumber Tests-1] DEBUG - Save core properties part
16:14:17.207 [TestNG-test=Cucumber Tests-1] DEBUG - Save content types part
16:14:17.211 [TestNG-test=Cucumber Tests-1] DEBUG - Save package relationships
16:14:17.216 [TestNG-test=Cucumber Tests-1] DEBUG - Save part 'docProps/app.xml'
16:14:17.216 [TestNG-test=Cucumber Tests-1] DEBUG - Save part 'docProps/core.xml'
16:14:17.222 [TestNG-test=Cucumber Tests-1] DEBUG - Save part 'xl/sharedStrings.xml'
16:14:17.223 [TestNG-test=Cucumber Tests-1] DEBUG - Save part 'xl/styles.xml'
16:14:17.224 [TestNG-test=Cucumber Tests-1] DEBUG - Save part 'xl/workbook.xml'
16:14:17.229 [TestNG-test=Cucumber Tests-1] DEBUG - Save part 'xl/worksheets/sheet1.xml'
16:14:17.233 [TestNG-test=Cucumber Tests-1] DEBUG - Save content types part
16:14:17.240 [TestNG-test=Cucumber Tests-1] DEBUG - Save package relationships
16:14:17.242 [TestNG-test=Cucumber Tests-1] DEBUG - Save part 'docProps/app.xml'
16:14:17.243 [TestNG-test=Cucumber Tests-1] DEBUG - Save part 'docProps/core.xml'
16:14:17.245 [TestNG-test=Cucumber Tests-1] DEBUG - Save part 'xl/sharedStrings.xml'
16:14:17.246 [TestNG-test=Cucumber Tests-1] DEBUG - Save part 'xl/styles.xml'
16:14:17.250 [TestNG-test=Cucumber Tests-1] DEBUG - Save part 'xl/workbook.xml'
16:14:17.256 [TestNG-test=Cucumber Tests-1] DEBUG - Save part 'xl/worksheets/sheet1.xml'
16:14:22.659 [TestNG-test=Cucumber Tests-2] DEBUG - Save core properties part
16:14:22.660 [TestNG-test=Cucumber Tests-2] DEBUG - Save content types part
16:14:22.663 [TestNG-test=Cucumber Tests-2] DEBUG - Save package relationships
16:14:22.666 [TestNG-test=Cucumber Tests-2] DEBUG - Save part 'docProps/app.xml'
16:14:22.668 [TestNG-test=Cucumber Tests-2] DEBUG - Save part 'docProps/core.xml'
16:14:22.672 [TestNG-test=Cucumber Tests-2] DEBUG - Save part 'xl/sharedStrings.xml'
16:14:22.673 [TestNG-test=Cucumber Tests-2] DEBUG - Save part 'xl/styles.xml'
16:14:22.674 [TestNG-test=Cucumber Tests-2] DEBUG - Save part 'xl/workbook.xml'
16:14:22.677 [TestNG-test=Cucumber Tests-2] DEBUG - Save part 'xl/worksheets/sheet1.xml'
16:14:22.681 [TestNG-test=Cucumber Tests-2] DEBUG - Save content types part
16:14:22.684 [TestNG-test=Cucumber Tests-2] DEBUG - Save package relationships
16:14:22.687 [TestNG-test=Cucumber Tests-2] DEBUG - Save part 'docProps/app.xml'
16:14:22.688 [TestNG-test=Cucumber Tests-2] DEBUG - Save part 'docProps/core.xml'
16:14:22.691 [TestNG-test=Cucumber Tests-2] DEBUG - Save part 'xl/sharedStrings.xml'
16:14:22.692 [TestNG-test=Cucumber Tests-2] DEBUG - Save part 'xl/styles.xml'
16:14:22.693 [TestNG-test=Cucumber Tests-2] DEBUG - Save part 'xl/workbook.xml'
16:14:22.696 [TestNG-test=Cucumber Tests-2] DEBUG - Save part 'xl/worksheets/sheet1.xml'
16:14:26.408 [TestNG-test=Cucumber Tests-4] DEBUG - Save core properties part
16:14:26.408 [TestNG-test=Cucumber Tests-4] DEBUG - Save content types part
16:14:26.411 [TestNG-test=Cucumber Tests-4] DEBUG - Save package relationships
16:14:26.414 [TestNG-test=Cucumber Tests-4] DEBUG - Save part 'docProps/app.xml'
16:14:26.415 [TestNG-test=Cucumber Tests-4] DEBUG - Save part 'docProps/core.xml'
16:14:26.418 [TestNG-test=Cucumber Tests-4] DEBUG - Save part 'xl/sharedStrings.xml'
16:14:26.419 [TestNG-test=Cucumber Tests-4] DEBUG - Save part 'xl/styles.xml'
16:14:26.419 [TestNG-test=Cucumber Tests-4] DEBUG - Save part 'xl/workbook.xml'
16:14:26.423 [TestNG-test=Cucumber Tests-4] DEBUG - Save part 'xl/worksheets/sheet1.xml'
16:14:26.424 [TestNG-test=Cucumber Tests-4] DEBUG - Save content types part
16:14:26.427 [TestNG-test=Cucumber Tests-4] DEBUG - Save package relationships
16:14:26.429 [TestNG-test=Cucumber Tests-4] DEBUG - Save part 'docProps/app.xml'
16:14:26.429 [TestNG-test=Cucumber Tests-4] DEBUG - Save part 'docProps/core.xml'
16:14:26.434 [TestNG-test=Cucumber Tests-4] DEBUG - Save part 'xl/sharedStrings.xml'
16:14:26.434 [TestNG-test=Cucumber Tests-4] DEBUG - Save part 'xl/styles.xml'
16:14:26.435 [TestNG-test=Cucumber Tests-4] DEBUG - Save part 'xl/workbook.xml'
16:14:26.437 [TestNG-test=Cucumber Tests-4] DEBUG - Save part 'xl/worksheets/sheet1.xml'
17:39:42.700 [TestNG-test=Cucumber Tests-4] INFO  - Browser initialized: chrome
17:39:44.096 [TestNG-test=Cucumber Tests-2] INFO  - Browser initialized: chrome
17:39:44.702 [TestNG-test=Cucumber Tests-1] INFO  - Browser initialized: chrome
17:39:46.228 [TestNG-test=Cucumber Tests-3] INFO  - Browser initialized: chrome
17:39:55.770 [TestNG-test=Cucumber Tests-4] INFO  - Navigated to URL: https://www.pepperfry.com
17:39:55.967 [TestNG-test=Cucumber Tests-1] INFO  - Navigated to URL: https://www.pepperfry.com
17:39:57.701 [TestNG-test=Cucumber Tests-2] INFO  - Navigated to URL: https://www.pepperfry.com
17:39:59.916 [TestNG-test=Cucumber Tests-3] INFO  - Navigated to URL: https://www.pepperfry.com
17:40:00.948 [TestNG-test=Cucumber Tests-1] TRACE - Loading type system org.apache.poi.schemas.ooxml.system.ooxml
17:40:00.964 [TestNG-test=Cucumber Tests-1] TRACE - Loading type system org.apache.xmlbeans.metadata.system.sXMLCONFIG
17:40:00.966 [TestNG-test=Cucumber Tests-1] TRACE - Loading type system org.apache.xmlbeans.metadata.system.sXMLLANG
17:40:00.968 [TestNG-test=Cucumber Tests-1] TRACE - Loading type system org.apache.xmlbeans.metadata.system.sXMLSCHEMA
17:40:00.970 [TestNG-test=Cucumber Tests-1] TRACE - Loading type system org.apache.xmlbeans.metadata.system.sXMLTOOLS
17:40:00.973 [TestNG-test=Cucumber Tests-1] TRACE - Reading unresolved handles for type system org.apache.xmlbeans.metadata.system.sXMLTOOLS
17:40:01.035 [TestNG-test=Cucumber Tests-1] TRACE - Finished loading type system org.apache.xmlbeans.metadata.system.sXMLTOOLS
17:40:01.038 [TestNG-test=Cucumber Tests-1] TRACE - Reading unresolved handles for type system org.apache.xmlbeans.metadata.system.sXMLSCHEMA
17:40:01.057 [TestNG-test=Cucumber Tests-1] TRACE - Finished loading type system org.apache.xmlbeans.metadata.system.sXMLSCHEMA
17:40:01.063 [TestNG-test=Cucumber Tests-1] TRACE - Reading unresolved handles for type system org.apache.xmlbeans.metadata.system.sXMLLANG
17:40:01.067 [TestNG-test=Cucumber Tests-1] TRACE - Finished loading type system org.apache.xmlbeans.metadata.system.sXMLLANG
17:40:01.069 [TestNG-test=Cucumber Tests-1] TRACE - Reading unresolved handles for type system org.apache.xmlbeans.metadata.system.sXMLCONFIG
17:40:01.072 [TestNG-test=Cucumber Tests-1] TRACE - Finished loading type system org.apache.xmlbeans.metadata.system.sXMLCONFIG
17:40:01.090 [TestNG-test=Cucumber Tests-1] TRACE - Reading unresolved handles for type system org.apache.poi.schemas.ooxml.system.ooxml
17:40:01.368 [TestNG-test=Cucumber Tests-1] TRACE - Finished loading type system org.apache.poi.schemas.ooxml.system.ooxml
17:40:01.372 [TestNG-test=Cucumber Tests-1] TRACE - Resolving type for handle ctworkbook83c3type
17:40:01.665 [TestNG-test=Cucumber Tests-1] TRACE - Resolving type for handle ctworkbookpr03a5type
17:40:01.698 [TestNG-test=Cucumber Tests-1] TRACE - Resolving type for handle ctbookviewsb864type
17:40:01.717 [TestNG-test=Cucumber Tests-1] TRACE - Resolving type for handle ctbookviewf677type
17:40:01.774 [TestNG-test=Cucumber Tests-1] TRACE - Resolving type for handle ctsheets49fdtype
17:40:01.790 [TestNG-test=Cucumber Tests-1] TRACE - Resolving type for handle propertiesee84doctype
17:40:01.801 [TestNG-test=Cucumber Tests-1] TRACE - Resolving type for handle ctproperties3f10type
17:40:01.815 [TestNG-test=Cucumber Tests-1] TRACE - Resolving type for handle properties288cdoctype
17:40:01.822 [TestNG-test=Cucumber Tests-1] TRACE - Resolving type for handle ctproperties2c18type
17:40:01.853 [TestNG-test=Cucumber Tests-1] TRACE - Resolving type for handle sstf81fdoctype
17:40:01.858 [TestNG-test=Cucumber Tests-1] TRACE - Resolving type for handle ctsst44f3type
17:40:01.873 [TestNG-test=Cucumber Tests-1] TRACE - Resolving type for handle stylesheet5d8bdoctype
17:40:01.880 [TestNG-test=Cucumber Tests-1] TRACE - Resolving type for handle ctstylesheet4257type
17:40:01.889 [TestNG-test=Cucumber Tests-1] TRACE - Resolving type for handle ctfont14d8type
17:40:01.903 [TestNG-test=Cucumber Tests-1] TRACE - Resolving type for handle ctfontsizeb3b9type
17:40:01.921 [TestNG-test=Cucumber Tests-1] TRACE - Resolving type for handle ctcolord2c2type
17:40:01.930 [TestNG-test=Cucumber Tests-1] TRACE - Resolving type for handle ctfontname2dc3type
17:40:01.935 [TestNG-test=Cucumber Tests-1] TRACE - Resolving type for handle stxstringf179type
17:40:01.940 [TestNG-test=Cucumber Tests-1] TRACE - Resolving type for handle ctfontfamily685ctype
17:40:01.947 [TestNG-test=Cucumber Tests-1] TRACE - Resolving type for handle stfontfamily9c6ctype
17:40:01.953 [TestNG-test=Cucumber Tests-1] TRACE - Resolving type for handle ctfontschemebf5dtype
17:40:01.963 [TestNG-test=Cucumber Tests-1] TRACE - Resolving type for handle stfontschemef36dtype
17:40:01.971 [TestNG-test=Cucumber Tests-1] TRACE - Resolving type for handle ctfill550ctype
17:40:01.980 [TestNG-test=Cucumber Tests-1] TRACE - Resolving type for handle ctpatternfill7452type
17:40:01.996 [TestNG-test=Cucumber Tests-1] TRACE - Resolving type for handle stpatterntype7939type
17:40:02.004 [TestNG-test=Cucumber Tests-1] TRACE - Resolving type for handle ctborderf935type
17:40:02.018 [TestNG-test=Cucumber Tests-1] TRACE - Resolving type for handle ctborderpre497type
17:40:02.033 [TestNG-test=Cucumber Tests-1] TRACE - Resolving type for handle ctxf97f7type
17:40:02.062 [TestNG-test=Cucumber Tests-1] TRACE - Resolving type for handle stnumfmtid76fbtype
17:40:02.072 [TestNG-test=Cucumber Tests-1] TRACE - Resolving type for handle stfontid9d63type
17:40:02.086 [TestNG-test=Cucumber Tests-1] TRACE - Resolving type for handle stfillida097type
17:40:02.095 [TestNG-test=Cucumber Tests-1] TRACE - Resolving type for handle stborderid1a80type
17:40:02.102 [TestNG-test=Cucumber Tests-1] TRACE - Resolving type for handle stcellstylexfid70c7type
17:40:02.122 [TestNG-test=Cucumber Tests-1] TRACE - Resolving type for handle ctsheet4dbetype
17:40:02.172 [TestNG-test=Cucumber Tests-1] TRACE - Resolving type for handle ctworksheet530dtype
17:40:02.204 [TestNG-test=Cucumber Tests-1] TRACE - Resolving type for handle ctsheetformatprdef7type
17:40:02.233 [TestNG-test=Cucumber Tests-1] TRACE - Resolving type for handle ctsheetviewsb918type
17:40:02.237 [TestNG-test=Cucumber Tests-1] TRACE - Resolving type for handle ctsheetview0f43type
17:40:02.252 [TestNG-test=Cucumber Tests-1] TRACE - Resolving type for handle ctsheetdimensiond310type
17:40:02.257 [TestNG-test=Cucumber Tests-1] TRACE - Resolving type for handle stref90a2type
17:40:02.271 [TestNG-test=Cucumber Tests-1] TRACE - Resolving type for handle ctsheetdata8408type
17:40:02.281 [TestNG-test=Cucumber Tests-1] TRACE - Resolving type for handle ctpagemargins5455type
17:40:02.312 [TestNG-test=Cucumber Tests-1] TRACE - Resolving type for handle ctcols627ctype
17:40:02.320 [TestNG-test=Cucumber Tests-1] TRACE - Resolving type for handle strelationshipid1e94type
17:40:02.329 [TestNG-test=Cucumber Tests-1] TRACE - Resolving type for handle ctrowdd39type
17:40:02.340 [TestNG-test=Cucumber Tests-1] TRACE - Resolving type for handle ctcell842btype
17:40:02.372 [TestNG-test=Cucumber Tests-1] TRACE - Resolving type for handle stcellrefe4e0type
17:40:02.383 [TestNG-test=Cucumber Tests-1] TRACE - Resolving type for handle ctrsta472type
17:40:02.395 [TestNG-test=Cucumber Tests-1] TRACE - Resolving type for handle stcelltypebf95type
17:40:02.585 [TestNG-test=Cucumber Tests-1] TRACE - Resolving type for handle ctnumfmtsb58btype
17:40:02.605 [TestNG-test=Cucumber Tests-1] TRACE - Resolving type for handle ctfonts6623type
17:40:02.629 [TestNG-test=Cucumber Tests-1] TRACE - Resolving type for handle ctfills2c6ftype
17:40:02.636 [TestNG-test=Cucumber Tests-1] TRACE - Resolving type for handle ctborders0d66type
17:40:02.645 [TestNG-test=Cucumber Tests-1] TRACE - Resolving type for handle ctcellxfs1322type
17:40:02.650 [TestNG-test=Cucumber Tests-1] TRACE - Resolving type for handle ctcellstylexfsa81ftype
17:40:02.723 [TestNG-test=Cucumber Tests-1] DEBUG - Save core properties part
17:40:02.724 [TestNG-test=Cucumber Tests-1] DEBUG - Save content types part
17:40:03.064 [TestNG-test=Cucumber Tests-1] DEBUG - Save package relationships
17:40:03.080 [TestNG-test=Cucumber Tests-1] DEBUG - Save part 'docProps/app.xml'
17:40:03.087 [TestNG-test=Cucumber Tests-1] DEBUG - Save part 'docProps/core.xml'
17:40:03.101 [TestNG-test=Cucumber Tests-1] DEBUG - Save part 'xl/sharedStrings.xml'
17:40:03.102 [TestNG-test=Cucumber Tests-1] DEBUG - Save part 'xl/styles.xml'
17:40:03.102 [TestNG-test=Cucumber Tests-1] DEBUG - Save part 'xl/workbook.xml'
17:40:03.107 [TestNG-test=Cucumber Tests-1] DEBUG - Save part 'xl/worksheets/sheet1.xml'
17:40:03.117 [TestNG-test=Cucumber Tests-1] DEBUG - Save content types part
17:40:03.120 [TestNG-test=Cucumber Tests-1] DEBUG - Save package relationships
17:40:03.122 [TestNG-test=Cucumber Tests-1] DEBUG - Save part 'docProps/app.xml'
17:40:03.124 [TestNG-test=Cucumber Tests-1] DEBUG - Save part 'docProps/core.xml'
17:40:03.129 [TestNG-test=Cucumber Tests-1] DEBUG - Save part 'xl/sharedStrings.xml'
17:40:03.129 [TestNG-test=Cucumber Tests-1] DEBUG - Save part 'xl/styles.xml'
17:40:03.129 [TestNG-test=Cucumber Tests-1] DEBUG - Save part 'xl/workbook.xml'
17:40:03.134 [TestNG-test=Cucumber Tests-1] DEBUG - Save part 'xl/worksheets/sheet1.xml'
17:40:03.868 [TestNG-test=Cucumber Tests-3] DEBUG - Parsing relationship: /xl/_rels/workbook.xml.rels
17:40:03.871 [TestNG-test=Cucumber Tests-3] DEBUG - Parsing relationship: /_rels/.rels
17:40:03.960 [TestNG-test=Cucumber Tests-3] TRACE - Resolving type for handle themefd26doctype
17:40:04.033 [TestNG-test=Cucumber Tests-3] TRACE - Resolving type for handle ctdxfsb26atype
17:40:04.048 [TestNG-test=Cucumber Tests-3] TRACE - Resolving type for handle cttablestyles872ftype
17:40:04.071 [TestNG-test=Cucumber Tests-3] TRACE - Resolving type for handle workbookec17doctype
17:40:04.088 [TestNG-test=Cucumber Tests-3] TRACE - Resolving type for handle worksheetf539doctype
17:40:04.121 [TestNG-test=Cucumber Tests-3] TRACE - Resolving type for handle ctcola95ftype
17:40:07.305 [TestNG-test=Cucumber Tests-3] DEBUG - Save core properties part
17:40:07.310 [TestNG-test=Cucumber Tests-3] DEBUG - Save content types part
17:40:07.314 [TestNG-test=Cucumber Tests-3] DEBUG - Save package relationships
17:40:07.317 [TestNG-test=Cucumber Tests-3] DEBUG - Save part 'docProps/app.xml'
17:40:07.317 [TestNG-test=Cucumber Tests-3] DEBUG - Save part 'docProps/core.xml'
17:40:07.320 [TestNG-test=Cucumber Tests-3] DEBUG - Save part 'xl/sharedStrings.xml'
17:40:07.321 [TestNG-test=Cucumber Tests-3] DEBUG - Save part 'xl/styles.xml'
17:40:07.321 [TestNG-test=Cucumber Tests-3] DEBUG - Save part 'xl/workbook.xml'
17:40:07.330 [TestNG-test=Cucumber Tests-3] DEBUG - Save part 'xl/worksheets/sheet1.xml'
17:40:07.333 [TestNG-test=Cucumber Tests-3] DEBUG - Save content types part
